<?xml version="1.0" encoding="UTF-8"?>
<!-- Generated by org.testng.reporters.JUnitReportReporter -->
<testsuite skipped="12" hostname="Z3GAVSP1PU0041" name="driver.Driver" tests="25" failures="0" timestamp="2021-02-12T21:54:39 IST" time="28.723" errors="13">
  <testcase name="executeTestcase" time="2.079" classname="driver.Driver">
    <error type="org.openqa.selenium.SessionNotCreatedException" message="session not created: This version of ChromeDriver only supports Chrome version 86
Current browser version is 88.0.4324.150 with binary path C:\Program Files (x86)\Google\Chrome\Application\chrome.exe
Build info: version: &#039;4.0.0-alpha-1&#039;, revision: &#039;d1d3728cae&#039;, time: &#039;2019-04-24T13:42:21&#039;
System info: host: &#039;Z3GAVSP1PU0041&#039;, ip: &#039;10.99.37.191&#039;, os.name: &#039;Windows 10&#039;, os.arch: &#039;amd64&#039;, os.version: &#039;10.0&#039;, java.version: &#039;1.8.0_231&#039;
Driver info: driver.version: Driver
remote stacktrace: Backtrace:
	Ordinal0 [0x0120C013+3194899]
	Ordinal0 [0x010F6021+2056225]
	Ordinal0 [0x00F8F608+587272]
	Ordinal0 [0x00F11BF3+72691]
	Ordinal0 [0x00F0E229+57897]
	Ordinal0 [0x00F0C64A+50762]
	Ordinal0 [0x00F31EE9+204521]
	Ordinal0 [0x00F31D0D+204045]
	Ordinal0 [0x00F2FC1B+195611]
	Ordinal0 [0x00F13B7F+80767]
	Ordinal0 [0x00F14B4E+84814]
	Ordinal0 [0x00F14AD9+84697]
	Ordinal0 [0x0110CE64+2149988]
	GetHandleVerifier [0x0137BE95+1400773]
	GetHandleVerifier [0x0137BB61+1399953]
	GetHandleVerifier [0x013831FA+1430314]
	GetHandleVerifier [0x0137C69F+1402831]
	Ordinal0 [0x01103D61+2112865]
	Ordinal0 [0x0110E5CB+2155979]
	Ordinal0 [0x0110E6F5+2156277]
	Ordinal0 [0x0111F26E+2224750]
	BaseThreadInitThunk [0x77896359+25]
	RtlGetAppContainerNamedObjectPath [0x77CE8944+228]
	RtlGetAppContainerNamedObjectPath [0x77CE8914+180]
">
      <![CDATA[org.openqa.selenium.SessionNotCreatedException: session not created: This version of ChromeDriver only supports Chrome version 86
Current browser version is 88.0.4324.150 with binary path C:\Program Files (x86)\Google\Chrome\Application\chrome.exe
Build info: version: '4.0.0-alpha-1', revision: 'd1d3728cae', time: '2019-04-24T13:42:21'
System info: host: 'Z3GAVSP1PU0041', ip: '10.99.37.191', os.name: 'Windows 10', os.arch: 'amd64', os.version: '10.0', java.version: '1.8.0_231'
Driver info: driver.version: Driver
remote stacktrace: Backtrace:
Ordinal0 [0x0120C013+3194899]
Ordinal0 [0x010F6021+2056225]
Ordinal0 [0x00F8F608+587272]
Ordinal0 [0x00F11BF3+72691]
Ordinal0 [0x00F0E229+57897]
Ordinal0 [0x00F0C64A+50762]
Ordinal0 [0x00F31EE9+204521]
Ordinal0 [0x00F31D0D+204045]
Ordinal0 [0x00F2FC1B+195611]
Ordinal0 [0x00F13B7F+80767]
Ordinal0 [0x00F14B4E+84814]
Ordinal0 [0x00F14AD9+84697]
Ordinal0 [0x0110CE64+2149988]
GetHandleVerifier [0x0137BE95+1400773]
GetHandleVerifier [0x0137BB61+1399953]
GetHandleVerifier [0x013831FA+1430314]
GetHandleVerifier [0x0137C69F+1402831]
Ordinal0 [0x01103D61+2112865]
Ordinal0 [0x0110E5CB+2155979]
Ordinal0 [0x0110E6F5+2156277]
Ordinal0 [0x0111F26E+2224750]
BaseThreadInitThunk [0x77896359+25]
RtlGetAppContainerNamedObjectPath [0x77CE8944+228]
RtlGetAppContainerNamedObjectPath [0x77CE8914+180]

at sun.reflect.NativeConstructorAccessorImpl.newInstance0(Native Method)
at sun.reflect.NativeConstructorAccessorImpl.newInstance(Unknown Source)
at sun.reflect.DelegatingConstructorAccessorImpl.newInstance(Unknown Source)
at java.lang.reflect.Constructor.newInstance(Unknown Source)
at org.openqa.selenium.remote.W3CHandshakeResponse.lambda$errorHandler$0(W3CHandshakeResponse.java:62)
at org.openqa.selenium.remote.HandshakeResponse.lambda$getResponseFunction$0(HandshakeResponse.java:30)
at org.openqa.selenium.remote.ProtocolHandshake.lambda$createSession$0(ProtocolHandshake.java:126)
at java.util.stream.ReferencePipeline$3$1.accept(Unknown Source)
at java.util.Spliterators$ArraySpliterator.tryAdvance(Unknown Source)
at java.util.stream.ReferencePipeline.forEachWithCancel(Unknown Source)
at java.util.stream.AbstractPipeline.copyIntoWithCancel(Unknown Source)
at java.util.stream.AbstractPipeline.copyInto(Unknown Source)
at java.util.stream.AbstractPipeline.wrapAndCopyInto(Unknown Source)
at java.util.stream.FindOps$FindOp.evaluateSequential(Unknown Source)
at java.util.stream.AbstractPipeline.evaluate(Unknown Source)
at java.util.stream.ReferencePipeline.findFirst(Unknown Source)
at org.openqa.selenium.remote.ProtocolHandshake.createSession(ProtocolHandshake.java:128)
at org.openqa.selenium.remote.ProtocolHandshake.createSession(ProtocolHandshake.java:74)
at org.openqa.selenium.remote.HttpCommandExecutor.execute(HttpCommandExecutor.java:139)
at org.openqa.selenium.remote.service.DriverCommandExecutor.execute(DriverCommandExecutor.java:83)
at org.openqa.selenium.remote.RemoteWebDriver.execute(RemoteWebDriver.java:577)
at org.openqa.selenium.remote.RemoteWebDriver.startSession(RemoteWebDriver.java:211)
at org.openqa.selenium.remote.RemoteWebDriver.<init>(RemoteWebDriver.java:131)
at org.openqa.selenium.chrome.ChromeDriver.<init>(ChromeDriver.java:189)
at org.openqa.selenium.chrome.ChromeDriver.<init>(ChromeDriver.java:176)
at org.openqa.selenium.chrome.ChromeDriver.<init>(ChromeDriver.java:165)
at base.PreAndPost.beforeMethod(PreAndPost.java:85)
at driver.Driver.executeTestcase(Driver.java:68)
at sun.reflect.GeneratedMethodAccessor1.invoke(Unknown Source)
at sun.reflect.DelegatingMethodAccessorImpl.invoke(Unknown Source)
at java.lang.reflect.Method.invoke(Unknown Source)
at org.testng.internal.MethodInvocationHelper.invokeMethod(MethodInvocationHelper.java:135)
at org.testng.internal.TestInvoker.invokeMethod(TestInvoker.java:598)
at org.testng.internal.TestInvoker.invokeTestMethod(TestInvoker.java:174)
at org.testng.internal.MethodRunner.runInSequence(MethodRunner.java:46)
at org.testng.internal.TestInvoker$MethodInvocationAgent.invoke(TestInvoker.java:821)
at org.testng.internal.TestInvoker.invokeTestMethods(TestInvoker.java:147)
at org.testng.internal.TestMethodWorker.invokeTestMethods(TestMethodWorker.java:146)
at org.testng.internal.TestMethodWorker.run(TestMethodWorker.java:128)
at java.util.ArrayList.forEach(Unknown Source)
at org.testng.TestRunner.privateRun(TestRunner.java:767)
at org.testng.TestRunner.run(TestRunner.java:588)
at org.testng.SuiteRunner.runTest(SuiteRunner.java:384)
at org.testng.SuiteRunner.runSequentially(SuiteRunner.java:378)
at org.testng.SuiteRunner.privateRun(SuiteRunner.java:337)
at org.testng.SuiteRunner.run(SuiteRunner.java:286)
at org.testng.SuiteRunnerWorker.runSuite(SuiteRunnerWorker.java:53)
at org.testng.SuiteRunnerWorker.run(SuiteRunnerWorker.java:96)
at org.testng.TestNG.runSuitesSequentially(TestNG.java:1214)
at org.testng.TestNG.runSuitesLocally(TestNG.java:1136)
at org.testng.TestNG.runSuites(TestNG.java:1066)
at org.testng.TestNG.run(TestNG.java:1034)
at org.testng.remote.AbstractRemoteTestNG.run(AbstractRemoteTestNG.java:115)
at org.testng.remote.RemoteTestNG.initAndRun(RemoteTestNG.java:251)
at org.testng.remote.RemoteTestNG.main(RemoteTestNG.java:77)
]]>
    </error>
  </testcase> <!-- executeTestcase -->
  <system-out/>
  <testcase name="executeTestcase" time="2.005" classname="driver.Driver">
    <error type="org.openqa.selenium.SessionNotCreatedException" message="session not created: This version of ChromeDriver only supports Chrome version 86
Current browser version is 88.0.4324.150 with binary path C:\Program Files (x86)\Google\Chrome\Application\chrome.exe
Build info: version: &#039;4.0.0-alpha-1&#039;, revision: &#039;d1d3728cae&#039;, time: &#039;2019-04-24T13:42:21&#039;
System info: host: &#039;Z3GAVSP1PU0041&#039;, ip: &#039;10.99.37.191&#039;, os.name: &#039;Windows 10&#039;, os.arch: &#039;amd64&#039;, os.version: &#039;10.0&#039;, java.version: &#039;1.8.0_231&#039;
Driver info: driver.version: Driver
remote stacktrace: Backtrace:
	Ordinal0 [0x0120C013+3194899]
	Ordinal0 [0x010F6021+2056225]
	Ordinal0 [0x00F8F608+587272]
	Ordinal0 [0x00F11BF3+72691]
	Ordinal0 [0x00F0E229+57897]
	Ordinal0 [0x00F0C64A+50762]
	Ordinal0 [0x00F31EE9+204521]
	Ordinal0 [0x00F31D0D+204045]
	Ordinal0 [0x00F2FC1B+195611]
	Ordinal0 [0x00F13B7F+80767]
	Ordinal0 [0x00F14B4E+84814]
	Ordinal0 [0x00F14AD9+84697]
	Ordinal0 [0x0110CE64+2149988]
	GetHandleVerifier [0x0137BE95+1400773]
	GetHandleVerifier [0x0137BB61+1399953]
	GetHandleVerifier [0x013831FA+1430314]
	GetHandleVerifier [0x0137C69F+1402831]
	Ordinal0 [0x01103D61+2112865]
	Ordinal0 [0x0110E5CB+2155979]
	Ordinal0 [0x0110E6F5+2156277]
	Ordinal0 [0x0111F26E+2224750]
	BaseThreadInitThunk [0x77896359+25]
	RtlGetAppContainerNamedObjectPath [0x77CE8944+228]
	RtlGetAppContainerNamedObjectPath [0x77CE8914+180]
">
      <![CDATA[org.openqa.selenium.SessionNotCreatedException: session not created: This version of ChromeDriver only supports Chrome version 86
Current browser version is 88.0.4324.150 with binary path C:\Program Files (x86)\Google\Chrome\Application\chrome.exe
Build info: version: '4.0.0-alpha-1', revision: 'd1d3728cae', time: '2019-04-24T13:42:21'
System info: host: 'Z3GAVSP1PU0041', ip: '10.99.37.191', os.name: 'Windows 10', os.arch: 'amd64', os.version: '10.0', java.version: '1.8.0_231'
Driver info: driver.version: Driver
remote stacktrace: Backtrace:
Ordinal0 [0x0120C013+3194899]
Ordinal0 [0x010F6021+2056225]
Ordinal0 [0x00F8F608+587272]
Ordinal0 [0x00F11BF3+72691]
Ordinal0 [0x00F0E229+57897]
Ordinal0 [0x00F0C64A+50762]
Ordinal0 [0x00F31EE9+204521]
Ordinal0 [0x00F31D0D+204045]
Ordinal0 [0x00F2FC1B+195611]
Ordinal0 [0x00F13B7F+80767]
Ordinal0 [0x00F14B4E+84814]
Ordinal0 [0x00F14AD9+84697]
Ordinal0 [0x0110CE64+2149988]
GetHandleVerifier [0x0137BE95+1400773]
GetHandleVerifier [0x0137BB61+1399953]
GetHandleVerifier [0x013831FA+1430314]
GetHandleVerifier [0x0137C69F+1402831]
Ordinal0 [0x01103D61+2112865]
Ordinal0 [0x0110E5CB+2155979]
Ordinal0 [0x0110E6F5+2156277]
Ordinal0 [0x0111F26E+2224750]
BaseThreadInitThunk [0x77896359+25]
RtlGetAppContainerNamedObjectPath [0x77CE8944+228]
RtlGetAppContainerNamedObjectPath [0x77CE8914+180]

at sun.reflect.NativeConstructorAccessorImpl.newInstance0(Native Method)
at sun.reflect.NativeConstructorAccessorImpl.newInstance(Unknown Source)
at sun.reflect.DelegatingConstructorAccessorImpl.newInstance(Unknown Source)
at java.lang.reflect.Constructor.newInstance(Unknown Source)
at org.openqa.selenium.remote.W3CHandshakeResponse.lambda$errorHandler$0(W3CHandshakeResponse.java:62)
at org.openqa.selenium.remote.HandshakeResponse.lambda$getResponseFunction$0(HandshakeResponse.java:30)
at org.openqa.selenium.remote.ProtocolHandshake.lambda$createSession$0(ProtocolHandshake.java:126)
at java.util.stream.ReferencePipeline$3$1.accept(Unknown Source)
at java.util.Spliterators$ArraySpliterator.tryAdvance(Unknown Source)
at java.util.stream.ReferencePipeline.forEachWithCancel(Unknown Source)
at java.util.stream.AbstractPipeline.copyIntoWithCancel(Unknown Source)
at java.util.stream.AbstractPipeline.copyInto(Unknown Source)
at java.util.stream.AbstractPipeline.wrapAndCopyInto(Unknown Source)
at java.util.stream.FindOps$FindOp.evaluateSequential(Unknown Source)
at java.util.stream.AbstractPipeline.evaluate(Unknown Source)
at java.util.stream.ReferencePipeline.findFirst(Unknown Source)
at org.openqa.selenium.remote.ProtocolHandshake.createSession(ProtocolHandshake.java:128)
at org.openqa.selenium.remote.ProtocolHandshake.createSession(ProtocolHandshake.java:74)
at org.openqa.selenium.remote.HttpCommandExecutor.execute(HttpCommandExecutor.java:139)
at org.openqa.selenium.remote.service.DriverCommandExecutor.execute(DriverCommandExecutor.java:83)
at org.openqa.selenium.remote.RemoteWebDriver.execute(RemoteWebDriver.java:577)
at org.openqa.selenium.remote.RemoteWebDriver.startSession(RemoteWebDriver.java:211)
at org.openqa.selenium.remote.RemoteWebDriver.<init>(RemoteWebDriver.java:131)
at org.openqa.selenium.chrome.ChromeDriver.<init>(ChromeDriver.java:189)
at org.openqa.selenium.chrome.ChromeDriver.<init>(ChromeDriver.java:176)
at org.openqa.selenium.chrome.ChromeDriver.<init>(ChromeDriver.java:165)
at base.PreAndPost.beforeMethod(PreAndPost.java:85)
at driver.Driver.executeTestcase(Driver.java:68)
at sun.reflect.GeneratedMethodAccessor1.invoke(Unknown Source)
at sun.reflect.DelegatingMethodAccessorImpl.invoke(Unknown Source)
at java.lang.reflect.Method.invoke(Unknown Source)
at org.testng.internal.MethodInvocationHelper.invokeMethod(MethodInvocationHelper.java:135)
at org.testng.internal.TestInvoker.invokeMethod(TestInvoker.java:598)
at org.testng.internal.TestInvoker.invokeTestMethod(TestInvoker.java:174)
at org.testng.internal.MethodRunner.runInSequence(MethodRunner.java:46)
at org.testng.internal.TestInvoker$MethodInvocationAgent.invoke(TestInvoker.java:821)
at org.testng.internal.TestInvoker.invokeTestMethods(TestInvoker.java:147)
at org.testng.internal.TestMethodWorker.invokeTestMethods(TestMethodWorker.java:146)
at org.testng.internal.TestMethodWorker.run(TestMethodWorker.java:128)
at java.util.ArrayList.forEach(Unknown Source)
at org.testng.TestRunner.privateRun(TestRunner.java:767)
at org.testng.TestRunner.run(TestRunner.java:588)
at org.testng.SuiteRunner.runTest(SuiteRunner.java:384)
at org.testng.SuiteRunner.runSequentially(SuiteRunner.java:378)
at org.testng.SuiteRunner.privateRun(SuiteRunner.java:337)
at org.testng.SuiteRunner.run(SuiteRunner.java:286)
at org.testng.SuiteRunnerWorker.runSuite(SuiteRunnerWorker.java:53)
at org.testng.SuiteRunnerWorker.run(SuiteRunnerWorker.java:96)
at org.testng.TestNG.runSuitesSequentially(TestNG.java:1214)
at org.testng.TestNG.runSuitesLocally(TestNG.java:1136)
at org.testng.TestNG.runSuites(TestNG.java:1066)
at org.testng.TestNG.run(TestNG.java:1034)
at org.testng.remote.AbstractRemoteTestNG.run(AbstractRemoteTestNG.java:115)
at org.testng.remote.RemoteTestNG.initAndRun(RemoteTestNG.java:251)
at org.testng.remote.RemoteTestNG.main(RemoteTestNG.java:77)
]]>
    </error>
  </testcase> <!-- executeTestcase -->
  <system-out/>
  <testcase name="executeTestcase" time="0.050" classname="driver.Driver">
    <skipped/>
  </testcase> <!-- executeTestcase -->
  <system-out/>
  <testcase name="executeTestcase" time="0.053" classname="driver.Driver">
    <skipped/>
  </testcase> <!-- executeTestcase -->
  <system-out/>
  <testcase name="executeTestcase" time="2.085" classname="driver.Driver">
    <error type="org.openqa.selenium.SessionNotCreatedException" message="session not created: This version of ChromeDriver only supports Chrome version 86
Current browser version is 88.0.4324.150 with binary path C:\Program Files (x86)\Google\Chrome\Application\chrome.exe
Build info: version: &#039;4.0.0-alpha-1&#039;, revision: &#039;d1d3728cae&#039;, time: &#039;2019-04-24T13:42:21&#039;
System info: host: &#039;Z3GAVSP1PU0041&#039;, ip: &#039;10.99.37.191&#039;, os.name: &#039;Windows 10&#039;, os.arch: &#039;amd64&#039;, os.version: &#039;10.0&#039;, java.version: &#039;1.8.0_231&#039;
Driver info: driver.version: Driver
remote stacktrace: Backtrace:
	Ordinal0 [0x0120C013+3194899]
	Ordinal0 [0x010F6021+2056225]
	Ordinal0 [0x00F8F608+587272]
	Ordinal0 [0x00F11BF3+72691]
	Ordinal0 [0x00F0E229+57897]
	Ordinal0 [0x00F0C64A+50762]
	Ordinal0 [0x00F31EE9+204521]
	Ordinal0 [0x00F31D0D+204045]
	Ordinal0 [0x00F2FC1B+195611]
	Ordinal0 [0x00F13B7F+80767]
	Ordinal0 [0x00F14B4E+84814]
	Ordinal0 [0x00F14AD9+84697]
	Ordinal0 [0x0110CE64+2149988]
	GetHandleVerifier [0x0137BE95+1400773]
	GetHandleVerifier [0x0137BB61+1399953]
	GetHandleVerifier [0x013831FA+1430314]
	GetHandleVerifier [0x0137C69F+1402831]
	Ordinal0 [0x01103D61+2112865]
	Ordinal0 [0x0110E5CB+2155979]
	Ordinal0 [0x0110E6F5+2156277]
	Ordinal0 [0x0111F26E+2224750]
	BaseThreadInitThunk [0x77896359+25]
	RtlGetAppContainerNamedObjectPath [0x77CE8944+228]
	RtlGetAppContainerNamedObjectPath [0x77CE8914+180]
">
      <![CDATA[org.openqa.selenium.SessionNotCreatedException: session not created: This version of ChromeDriver only supports Chrome version 86
Current browser version is 88.0.4324.150 with binary path C:\Program Files (x86)\Google\Chrome\Application\chrome.exe
Build info: version: '4.0.0-alpha-1', revision: 'd1d3728cae', time: '2019-04-24T13:42:21'
System info: host: 'Z3GAVSP1PU0041', ip: '10.99.37.191', os.name: 'Windows 10', os.arch: 'amd64', os.version: '10.0', java.version: '1.8.0_231'
Driver info: driver.version: Driver
remote stacktrace: Backtrace:
Ordinal0 [0x0120C013+3194899]
Ordinal0 [0x010F6021+2056225]
Ordinal0 [0x00F8F608+587272]
Ordinal0 [0x00F11BF3+72691]
Ordinal0 [0x00F0E229+57897]
Ordinal0 [0x00F0C64A+50762]
Ordinal0 [0x00F31EE9+204521]
Ordinal0 [0x00F31D0D+204045]
Ordinal0 [0x00F2FC1B+195611]
Ordinal0 [0x00F13B7F+80767]
Ordinal0 [0x00F14B4E+84814]
Ordinal0 [0x00F14AD9+84697]
Ordinal0 [0x0110CE64+2149988]
GetHandleVerifier [0x0137BE95+1400773]
GetHandleVerifier [0x0137BB61+1399953]
GetHandleVerifier [0x013831FA+1430314]
GetHandleVerifier [0x0137C69F+1402831]
Ordinal0 [0x01103D61+2112865]
Ordinal0 [0x0110E5CB+2155979]
Ordinal0 [0x0110E6F5+2156277]
Ordinal0 [0x0111F26E+2224750]
BaseThreadInitThunk [0x77896359+25]
RtlGetAppContainerNamedObjectPath [0x77CE8944+228]
RtlGetAppContainerNamedObjectPath [0x77CE8914+180]

at sun.reflect.NativeConstructorAccessorImpl.newInstance0(Native Method)
at sun.reflect.NativeConstructorAccessorImpl.newInstance(Unknown Source)
at sun.reflect.DelegatingConstructorAccessorImpl.newInstance(Unknown Source)
at java.lang.reflect.Constructor.newInstance(Unknown Source)
at org.openqa.selenium.remote.W3CHandshakeResponse.lambda$errorHandler$0(W3CHandshakeResponse.java:62)
at org.openqa.selenium.remote.HandshakeResponse.lambda$getResponseFunction$0(HandshakeResponse.java:30)
at org.openqa.selenium.remote.ProtocolHandshake.lambda$createSession$0(ProtocolHandshake.java:126)
at java.util.stream.ReferencePipeline$3$1.accept(Unknown Source)
at java.util.Spliterators$ArraySpliterator.tryAdvance(Unknown Source)
at java.util.stream.ReferencePipeline.forEachWithCancel(Unknown Source)
at java.util.stream.AbstractPipeline.copyIntoWithCancel(Unknown Source)
at java.util.stream.AbstractPipeline.copyInto(Unknown Source)
at java.util.stream.AbstractPipeline.wrapAndCopyInto(Unknown Source)
at java.util.stream.FindOps$FindOp.evaluateSequential(Unknown Source)
at java.util.stream.AbstractPipeline.evaluate(Unknown Source)
at java.util.stream.ReferencePipeline.findFirst(Unknown Source)
at org.openqa.selenium.remote.ProtocolHandshake.createSession(ProtocolHandshake.java:128)
at org.openqa.selenium.remote.ProtocolHandshake.createSession(ProtocolHandshake.java:74)
at org.openqa.selenium.remote.HttpCommandExecutor.execute(HttpCommandExecutor.java:139)
at org.openqa.selenium.remote.service.DriverCommandExecutor.execute(DriverCommandExecutor.java:83)
at org.openqa.selenium.remote.RemoteWebDriver.execute(RemoteWebDriver.java:577)
at org.openqa.selenium.remote.RemoteWebDriver.startSession(RemoteWebDriver.java:211)
at org.openqa.selenium.remote.RemoteWebDriver.<init>(RemoteWebDriver.java:131)
at org.openqa.selenium.chrome.ChromeDriver.<init>(ChromeDriver.java:189)
at org.openqa.selenium.chrome.ChromeDriver.<init>(ChromeDriver.java:176)
at org.openqa.selenium.chrome.ChromeDriver.<init>(ChromeDriver.java:165)
at base.PreAndPost.beforeMethod(PreAndPost.java:85)
at driver.Driver.executeTestcase(Driver.java:68)
at sun.reflect.NativeMethodAccessorImpl.invoke0(Native Method)
at sun.reflect.NativeMethodAccessorImpl.invoke(Unknown Source)
at sun.reflect.DelegatingMethodAccessorImpl.invoke(Unknown Source)
at java.lang.reflect.Method.invoke(Unknown Source)
at org.testng.internal.MethodInvocationHelper.invokeMethod(MethodInvocationHelper.java:135)
at org.testng.internal.TestInvoker.invokeMethod(TestInvoker.java:598)
at org.testng.internal.TestInvoker.invokeTestMethod(TestInvoker.java:174)
at org.testng.internal.MethodRunner.runInSequence(MethodRunner.java:46)
at org.testng.internal.TestInvoker$MethodInvocationAgent.invoke(TestInvoker.java:821)
at org.testng.internal.TestInvoker.invokeTestMethods(TestInvoker.java:147)
at org.testng.internal.TestMethodWorker.invokeTestMethods(TestMethodWorker.java:146)
at org.testng.internal.TestMethodWorker.run(TestMethodWorker.java:128)
at java.util.ArrayList.forEach(Unknown Source)
at org.testng.TestRunner.privateRun(TestRunner.java:767)
at org.testng.TestRunner.run(TestRunner.java:588)
at org.testng.SuiteRunner.runTest(SuiteRunner.java:384)
at org.testng.SuiteRunner.runSequentially(SuiteRunner.java:378)
at org.testng.SuiteRunner.privateRun(SuiteRunner.java:337)
at org.testng.SuiteRunner.run(SuiteRunner.java:286)
at org.testng.SuiteRunnerWorker.runSuite(SuiteRunnerWorker.java:53)
at org.testng.SuiteRunnerWorker.run(SuiteRunnerWorker.java:96)
at org.testng.TestNG.runSuitesSequentially(TestNG.java:1214)
at org.testng.TestNG.runSuitesLocally(TestNG.java:1136)
at org.testng.TestNG.runSuites(TestNG.java:1066)
at org.testng.TestNG.run(TestNG.java:1034)
at org.testng.remote.AbstractRemoteTestNG.run(AbstractRemoteTestNG.java:115)
at org.testng.remote.RemoteTestNG.initAndRun(RemoteTestNG.java:251)
at org.testng.remote.RemoteTestNG.main(RemoteTestNG.java:77)
]]>
    </error>
  </testcase> <!-- executeTestcase -->
  <system-out/>
  <testcase name="executeTestcase" time="0.062" classname="driver.Driver">
    <skipped/>
  </testcase> <!-- executeTestcase -->
  <system-out/>
  <testcase name="executeTestcase" time="2.182" classname="driver.Driver">
    <error type="org.openqa.selenium.SessionNotCreatedException" message="session not created: This version of ChromeDriver only supports Chrome version 86
Current browser version is 88.0.4324.150 with binary path C:\Program Files (x86)\Google\Chrome\Application\chrome.exe
Build info: version: &#039;4.0.0-alpha-1&#039;, revision: &#039;d1d3728cae&#039;, time: &#039;2019-04-24T13:42:21&#039;
System info: host: &#039;Z3GAVSP1PU0041&#039;, ip: &#039;10.99.37.191&#039;, os.name: &#039;Windows 10&#039;, os.arch: &#039;amd64&#039;, os.version: &#039;10.0&#039;, java.version: &#039;1.8.0_231&#039;
Driver info: driver.version: Driver
remote stacktrace: Backtrace:
	Ordinal0 [0x0120C013+3194899]
	Ordinal0 [0x010F6021+2056225]
	Ordinal0 [0x00F8F608+587272]
	Ordinal0 [0x00F11BF3+72691]
	Ordinal0 [0x00F0E229+57897]
	Ordinal0 [0x00F0C64A+50762]
	Ordinal0 [0x00F31EE9+204521]
	Ordinal0 [0x00F31D0D+204045]
	Ordinal0 [0x00F2FC1B+195611]
	Ordinal0 [0x00F13B7F+80767]
	Ordinal0 [0x00F14B4E+84814]
	Ordinal0 [0x00F14AD9+84697]
	Ordinal0 [0x0110CE64+2149988]
	GetHandleVerifier [0x0137BE95+1400773]
	GetHandleVerifier [0x0137BB61+1399953]
	GetHandleVerifier [0x013831FA+1430314]
	GetHandleVerifier [0x0137C69F+1402831]
	Ordinal0 [0x01103D61+2112865]
	Ordinal0 [0x0110E5CB+2155979]
	Ordinal0 [0x0110E6F5+2156277]
	Ordinal0 [0x0111F26E+2224750]
	BaseThreadInitThunk [0x77896359+25]
	RtlGetAppContainerNamedObjectPath [0x77CE8944+228]
	RtlGetAppContainerNamedObjectPath [0x77CE8914+180]
">
      <![CDATA[org.openqa.selenium.SessionNotCreatedException: session not created: This version of ChromeDriver only supports Chrome version 86
Current browser version is 88.0.4324.150 with binary path C:\Program Files (x86)\Google\Chrome\Application\chrome.exe
Build info: version: '4.0.0-alpha-1', revision: 'd1d3728cae', time: '2019-04-24T13:42:21'
System info: host: 'Z3GAVSP1PU0041', ip: '10.99.37.191', os.name: 'Windows 10', os.arch: 'amd64', os.version: '10.0', java.version: '1.8.0_231'
Driver info: driver.version: Driver
remote stacktrace: Backtrace:
Ordinal0 [0x0120C013+3194899]
Ordinal0 [0x010F6021+2056225]
Ordinal0 [0x00F8F608+587272]
Ordinal0 [0x00F11BF3+72691]
Ordinal0 [0x00F0E229+57897]
Ordinal0 [0x00F0C64A+50762]
Ordinal0 [0x00F31EE9+204521]
Ordinal0 [0x00F31D0D+204045]
Ordinal0 [0x00F2FC1B+195611]
Ordinal0 [0x00F13B7F+80767]
Ordinal0 [0x00F14B4E+84814]
Ordinal0 [0x00F14AD9+84697]
Ordinal0 [0x0110CE64+2149988]
GetHandleVerifier [0x0137BE95+1400773]
GetHandleVerifier [0x0137BB61+1399953]
GetHandleVerifier [0x013831FA+1430314]
GetHandleVerifier [0x0137C69F+1402831]
Ordinal0 [0x01103D61+2112865]
Ordinal0 [0x0110E5CB+2155979]
Ordinal0 [0x0110E6F5+2156277]
Ordinal0 [0x0111F26E+2224750]
BaseThreadInitThunk [0x77896359+25]
RtlGetAppContainerNamedObjectPath [0x77CE8944+228]
RtlGetAppContainerNamedObjectPath [0x77CE8914+180]

at sun.reflect.NativeConstructorAccessorImpl.newInstance0(Native Method)
at sun.reflect.NativeConstructorAccessorImpl.newInstance(Unknown Source)
at sun.reflect.DelegatingConstructorAccessorImpl.newInstance(Unknown Source)
at java.lang.reflect.Constructor.newInstance(Unknown Source)
at org.openqa.selenium.remote.W3CHandshakeResponse.lambda$errorHandler$0(W3CHandshakeResponse.java:62)
at org.openqa.selenium.remote.HandshakeResponse.lambda$getResponseFunction$0(HandshakeResponse.java:30)
at org.openqa.selenium.remote.ProtocolHandshake.lambda$createSession$0(ProtocolHandshake.java:126)
at java.util.stream.ReferencePipeline$3$1.accept(Unknown Source)
at java.util.Spliterators$ArraySpliterator.tryAdvance(Unknown Source)
at java.util.stream.ReferencePipeline.forEachWithCancel(Unknown Source)
at java.util.stream.AbstractPipeline.copyIntoWithCancel(Unknown Source)
at java.util.stream.AbstractPipeline.copyInto(Unknown Source)
at java.util.stream.AbstractPipeline.wrapAndCopyInto(Unknown Source)
at java.util.stream.FindOps$FindOp.evaluateSequential(Unknown Source)
at java.util.stream.AbstractPipeline.evaluate(Unknown Source)
at java.util.stream.ReferencePipeline.findFirst(Unknown Source)
at org.openqa.selenium.remote.ProtocolHandshake.createSession(ProtocolHandshake.java:128)
at org.openqa.selenium.remote.ProtocolHandshake.createSession(ProtocolHandshake.java:74)
at org.openqa.selenium.remote.HttpCommandExecutor.execute(HttpCommandExecutor.java:139)
at org.openqa.selenium.remote.service.DriverCommandExecutor.execute(DriverCommandExecutor.java:83)
at org.openqa.selenium.remote.RemoteWebDriver.execute(RemoteWebDriver.java:577)
at org.openqa.selenium.remote.RemoteWebDriver.startSession(RemoteWebDriver.java:211)
at org.openqa.selenium.remote.RemoteWebDriver.<init>(RemoteWebDriver.java:131)
at org.openqa.selenium.chrome.ChromeDriver.<init>(ChromeDriver.java:189)
at org.openqa.selenium.chrome.ChromeDriver.<init>(ChromeDriver.java:176)
at org.openqa.selenium.chrome.ChromeDriver.<init>(ChromeDriver.java:165)
at base.PreAndPost.beforeMethod(PreAndPost.java:85)
at driver.Driver.executeTestcase(Driver.java:68)
at sun.reflect.NativeMethodAccessorImpl.invoke0(Native Method)
at sun.reflect.NativeMethodAccessorImpl.invoke(Unknown Source)
at sun.reflect.DelegatingMethodAccessorImpl.invoke(Unknown Source)
at java.lang.reflect.Method.invoke(Unknown Source)
at org.testng.internal.MethodInvocationHelper.invokeMethod(MethodInvocationHelper.java:135)
at org.testng.internal.TestInvoker.invokeMethod(TestInvoker.java:598)
at org.testng.internal.TestInvoker.invokeTestMethod(TestInvoker.java:174)
at org.testng.internal.MethodRunner.runInSequence(MethodRunner.java:46)
at org.testng.internal.TestInvoker$MethodInvocationAgent.invoke(TestInvoker.java:821)
at org.testng.internal.TestInvoker.invokeTestMethods(TestInvoker.java:147)
at org.testng.internal.TestMethodWorker.invokeTestMethods(TestMethodWorker.java:146)
at org.testng.internal.TestMethodWorker.run(TestMethodWorker.java:128)
at java.util.ArrayList.forEach(Unknown Source)
at org.testng.TestRunner.privateRun(TestRunner.java:767)
at org.testng.TestRunner.run(TestRunner.java:588)
at org.testng.SuiteRunner.runTest(SuiteRunner.java:384)
at org.testng.SuiteRunner.runSequentially(SuiteRunner.java:378)
at org.testng.SuiteRunner.privateRun(SuiteRunner.java:337)
at org.testng.SuiteRunner.run(SuiteRunner.java:286)
at org.testng.SuiteRunnerWorker.runSuite(SuiteRunnerWorker.java:53)
at org.testng.SuiteRunnerWorker.run(SuiteRunnerWorker.java:96)
at org.testng.TestNG.runSuitesSequentially(TestNG.java:1214)
at org.testng.TestNG.runSuitesLocally(TestNG.java:1136)
at org.testng.TestNG.runSuites(TestNG.java:1066)
at org.testng.TestNG.run(TestNG.java:1034)
at org.testng.remote.AbstractRemoteTestNG.run(AbstractRemoteTestNG.java:115)
at org.testng.remote.RemoteTestNG.initAndRun(RemoteTestNG.java:251)
at org.testng.remote.RemoteTestNG.main(RemoteTestNG.java:77)
]]>
    </error>
  </testcase> <!-- executeTestcase -->
  <system-out/>
  <testcase name="executeTestcase" time="2.011" classname="driver.Driver">
    <error type="org.openqa.selenium.SessionNotCreatedException" message="session not created: This version of ChromeDriver only supports Chrome version 86
Current browser version is 88.0.4324.150 with binary path C:\Program Files (x86)\Google\Chrome\Application\chrome.exe
Build info: version: &#039;4.0.0-alpha-1&#039;, revision: &#039;d1d3728cae&#039;, time: &#039;2019-04-24T13:42:21&#039;
System info: host: &#039;Z3GAVSP1PU0041&#039;, ip: &#039;10.99.37.191&#039;, os.name: &#039;Windows 10&#039;, os.arch: &#039;amd64&#039;, os.version: &#039;10.0&#039;, java.version: &#039;1.8.0_231&#039;
Driver info: driver.version: Driver
remote stacktrace: Backtrace:
	Ordinal0 [0x0120C013+3194899]
	Ordinal0 [0x010F6021+2056225]
	Ordinal0 [0x00F8F608+587272]
	Ordinal0 [0x00F11BF3+72691]
	Ordinal0 [0x00F0E229+57897]
	Ordinal0 [0x00F0C64A+50762]
	Ordinal0 [0x00F31EE9+204521]
	Ordinal0 [0x00F31D0D+204045]
	Ordinal0 [0x00F2FC1B+195611]
	Ordinal0 [0x00F13B7F+80767]
	Ordinal0 [0x00F14B4E+84814]
	Ordinal0 [0x00F14AD9+84697]
	Ordinal0 [0x0110CE64+2149988]
	GetHandleVerifier [0x0137BE95+1400773]
	GetHandleVerifier [0x0137BB61+1399953]
	GetHandleVerifier [0x013831FA+1430314]
	GetHandleVerifier [0x0137C69F+1402831]
	Ordinal0 [0x01103D61+2112865]
	Ordinal0 [0x0110E5CB+2155979]
	Ordinal0 [0x0110E6F5+2156277]
	Ordinal0 [0x0111F26E+2224750]
	BaseThreadInitThunk [0x77896359+25]
	RtlGetAppContainerNamedObjectPath [0x77CE8944+228]
	RtlGetAppContainerNamedObjectPath [0x77CE8914+180]
">
      <![CDATA[org.openqa.selenium.SessionNotCreatedException: session not created: This version of ChromeDriver only supports Chrome version 86
Current browser version is 88.0.4324.150 with binary path C:\Program Files (x86)\Google\Chrome\Application\chrome.exe
Build info: version: '4.0.0-alpha-1', revision: 'd1d3728cae', time: '2019-04-24T13:42:21'
System info: host: 'Z3GAVSP1PU0041', ip: '10.99.37.191', os.name: 'Windows 10', os.arch: 'amd64', os.version: '10.0', java.version: '1.8.0_231'
Driver info: driver.version: Driver
remote stacktrace: Backtrace:
Ordinal0 [0x0120C013+3194899]
Ordinal0 [0x010F6021+2056225]
Ordinal0 [0x00F8F608+587272]
Ordinal0 [0x00F11BF3+72691]
Ordinal0 [0x00F0E229+57897]
Ordinal0 [0x00F0C64A+50762]
Ordinal0 [0x00F31EE9+204521]
Ordinal0 [0x00F31D0D+204045]
Ordinal0 [0x00F2FC1B+195611]
Ordinal0 [0x00F13B7F+80767]
Ordinal0 [0x00F14B4E+84814]
Ordinal0 [0x00F14AD9+84697]
Ordinal0 [0x0110CE64+2149988]
GetHandleVerifier [0x0137BE95+1400773]
GetHandleVerifier [0x0137BB61+1399953]
GetHandleVerifier [0x013831FA+1430314]
GetHandleVerifier [0x0137C69F+1402831]
Ordinal0 [0x01103D61+2112865]
Ordinal0 [0x0110E5CB+2155979]
Ordinal0 [0x0110E6F5+2156277]
Ordinal0 [0x0111F26E+2224750]
BaseThreadInitThunk [0x77896359+25]
RtlGetAppContainerNamedObjectPath [0x77CE8944+228]
RtlGetAppContainerNamedObjectPath [0x77CE8914+180]

at sun.reflect.NativeConstructorAccessorImpl.newInstance0(Native Method)
at sun.reflect.NativeConstructorAccessorImpl.newInstance(Unknown Source)
at sun.reflect.DelegatingConstructorAccessorImpl.newInstance(Unknown Source)
at java.lang.reflect.Constructor.newInstance(Unknown Source)
at org.openqa.selenium.remote.W3CHandshakeResponse.lambda$errorHandler$0(W3CHandshakeResponse.java:62)
at org.openqa.selenium.remote.HandshakeResponse.lambda$getResponseFunction$0(HandshakeResponse.java:30)
at org.openqa.selenium.remote.ProtocolHandshake.lambda$createSession$0(ProtocolHandshake.java:126)
at java.util.stream.ReferencePipeline$3$1.accept(Unknown Source)
at java.util.Spliterators$ArraySpliterator.tryAdvance(Unknown Source)
at java.util.stream.ReferencePipeline.forEachWithCancel(Unknown Source)
at java.util.stream.AbstractPipeline.copyIntoWithCancel(Unknown Source)
at java.util.stream.AbstractPipeline.copyInto(Unknown Source)
at java.util.stream.AbstractPipeline.wrapAndCopyInto(Unknown Source)
at java.util.stream.FindOps$FindOp.evaluateSequential(Unknown Source)
at java.util.stream.AbstractPipeline.evaluate(Unknown Source)
at java.util.stream.ReferencePipeline.findFirst(Unknown Source)
at org.openqa.selenium.remote.ProtocolHandshake.createSession(ProtocolHandshake.java:128)
at org.openqa.selenium.remote.ProtocolHandshake.createSession(ProtocolHandshake.java:74)
at org.openqa.selenium.remote.HttpCommandExecutor.execute(HttpCommandExecutor.java:139)
at org.openqa.selenium.remote.service.DriverCommandExecutor.execute(DriverCommandExecutor.java:83)
at org.openqa.selenium.remote.RemoteWebDriver.execute(RemoteWebDriver.java:577)
at org.openqa.selenium.remote.RemoteWebDriver.startSession(RemoteWebDriver.java:211)
at org.openqa.selenium.remote.RemoteWebDriver.<init>(RemoteWebDriver.java:131)
at org.openqa.selenium.chrome.ChromeDriver.<init>(ChromeDriver.java:189)
at org.openqa.selenium.chrome.ChromeDriver.<init>(ChromeDriver.java:176)
at org.openqa.selenium.chrome.ChromeDriver.<init>(ChromeDriver.java:165)
at base.PreAndPost.beforeMethod(PreAndPost.java:85)
at driver.Driver.executeTestcase(Driver.java:68)
at sun.reflect.NativeMethodAccessorImpl.invoke0(Native Method)
at sun.reflect.NativeMethodAccessorImpl.invoke(Unknown Source)
at sun.reflect.DelegatingMethodAccessorImpl.invoke(Unknown Source)
at java.lang.reflect.Method.invoke(Unknown Source)
at org.testng.internal.MethodInvocationHelper.invokeMethod(MethodInvocationHelper.java:135)
at org.testng.internal.TestInvoker.invokeMethod(TestInvoker.java:598)
at org.testng.internal.TestInvoker.invokeTestMethod(TestInvoker.java:174)
at org.testng.internal.MethodRunner.runInSequence(MethodRunner.java:46)
at org.testng.internal.TestInvoker$MethodInvocationAgent.invoke(TestInvoker.java:821)
at org.testng.internal.TestInvoker.invokeTestMethods(TestInvoker.java:147)
at org.testng.internal.TestMethodWorker.invokeTestMethods(TestMethodWorker.java:146)
at org.testng.internal.TestMethodWorker.run(TestMethodWorker.java:128)
at java.util.ArrayList.forEach(Unknown Source)
at org.testng.TestRunner.privateRun(TestRunner.java:767)
at org.testng.TestRunner.run(TestRunner.java:588)
at org.testng.SuiteRunner.runTest(SuiteRunner.java:384)
at org.testng.SuiteRunner.runSequentially(SuiteRunner.java:378)
at org.testng.SuiteRunner.privateRun(SuiteRunner.java:337)
at org.testng.SuiteRunner.run(SuiteRunner.java:286)
at org.testng.SuiteRunnerWorker.runSuite(SuiteRunnerWorker.java:53)
at org.testng.SuiteRunnerWorker.run(SuiteRunnerWorker.java:96)
at org.testng.TestNG.runSuitesSequentially(TestNG.java:1214)
at org.testng.TestNG.runSuitesLocally(TestNG.java:1136)
at org.testng.TestNG.runSuites(TestNG.java:1066)
at org.testng.TestNG.run(TestNG.java:1034)
at org.testng.remote.AbstractRemoteTestNG.run(AbstractRemoteTestNG.java:115)
at org.testng.remote.RemoteTestNG.initAndRun(RemoteTestNG.java:251)
at org.testng.remote.RemoteTestNG.main(RemoteTestNG.java:77)
]]>
    </error>
  </testcase> <!-- executeTestcase -->
  <system-out/>
  <testcase name="executeTestcase" time="0.048" classname="driver.Driver">
    <skipped/>
  </testcase> <!-- executeTestcase -->
  <system-out/>
  <testcase name="executeTestcase" time="0.043" classname="driver.Driver">
    <skipped/>
  </testcase> <!-- executeTestcase -->
  <system-out/>
  <testcase name="executeTestcase" time="2.037" classname="driver.Driver">
    <error type="org.openqa.selenium.SessionNotCreatedException" message="session not created: This version of ChromeDriver only supports Chrome version 86
Current browser version is 88.0.4324.150 with binary path C:\Program Files (x86)\Google\Chrome\Application\chrome.exe
Build info: version: &#039;4.0.0-alpha-1&#039;, revision: &#039;d1d3728cae&#039;, time: &#039;2019-04-24T13:42:21&#039;
System info: host: &#039;Z3GAVSP1PU0041&#039;, ip: &#039;10.99.37.191&#039;, os.name: &#039;Windows 10&#039;, os.arch: &#039;amd64&#039;, os.version: &#039;10.0&#039;, java.version: &#039;1.8.0_231&#039;
Driver info: driver.version: Driver
remote stacktrace: Backtrace:
	Ordinal0 [0x0120C013+3194899]
	Ordinal0 [0x010F6021+2056225]
	Ordinal0 [0x00F8F608+587272]
	Ordinal0 [0x00F11BF3+72691]
	Ordinal0 [0x00F0E229+57897]
	Ordinal0 [0x00F0C64A+50762]
	Ordinal0 [0x00F31EE9+204521]
	Ordinal0 [0x00F31D0D+204045]
	Ordinal0 [0x00F2FC1B+195611]
	Ordinal0 [0x00F13B7F+80767]
	Ordinal0 [0x00F14B4E+84814]
	Ordinal0 [0x00F14AD9+84697]
	Ordinal0 [0x0110CE64+2149988]
	GetHandleVerifier [0x0137BE95+1400773]
	GetHandleVerifier [0x0137BB61+1399953]
	GetHandleVerifier [0x013831FA+1430314]
	GetHandleVerifier [0x0137C69F+1402831]
	Ordinal0 [0x01103D61+2112865]
	Ordinal0 [0x0110E5CB+2155979]
	Ordinal0 [0x0110E6F5+2156277]
	Ordinal0 [0x0111F26E+2224750]
	BaseThreadInitThunk [0x77896359+25]
	RtlGetAppContainerNamedObjectPath [0x77CE8944+228]
	RtlGetAppContainerNamedObjectPath [0x77CE8914+180]
">
      <![CDATA[org.openqa.selenium.SessionNotCreatedException: session not created: This version of ChromeDriver only supports Chrome version 86
Current browser version is 88.0.4324.150 with binary path C:\Program Files (x86)\Google\Chrome\Application\chrome.exe
Build info: version: '4.0.0-alpha-1', revision: 'd1d3728cae', time: '2019-04-24T13:42:21'
System info: host: 'Z3GAVSP1PU0041', ip: '10.99.37.191', os.name: 'Windows 10', os.arch: 'amd64', os.version: '10.0', java.version: '1.8.0_231'
Driver info: driver.version: Driver
remote stacktrace: Backtrace:
Ordinal0 [0x0120C013+3194899]
Ordinal0 [0x010F6021+2056225]
Ordinal0 [0x00F8F608+587272]
Ordinal0 [0x00F11BF3+72691]
Ordinal0 [0x00F0E229+57897]
Ordinal0 [0x00F0C64A+50762]
Ordinal0 [0x00F31EE9+204521]
Ordinal0 [0x00F31D0D+204045]
Ordinal0 [0x00F2FC1B+195611]
Ordinal0 [0x00F13B7F+80767]
Ordinal0 [0x00F14B4E+84814]
Ordinal0 [0x00F14AD9+84697]
Ordinal0 [0x0110CE64+2149988]
GetHandleVerifier [0x0137BE95+1400773]
GetHandleVerifier [0x0137BB61+1399953]
GetHandleVerifier [0x013831FA+1430314]
GetHandleVerifier [0x0137C69F+1402831]
Ordinal0 [0x01103D61+2112865]
Ordinal0 [0x0110E5CB+2155979]
Ordinal0 [0x0110E6F5+2156277]
Ordinal0 [0x0111F26E+2224750]
BaseThreadInitThunk [0x77896359+25]
RtlGetAppContainerNamedObjectPath [0x77CE8944+228]
RtlGetAppContainerNamedObjectPath [0x77CE8914+180]

at sun.reflect.NativeConstructorAccessorImpl.newInstance0(Native Method)
at sun.reflect.NativeConstructorAccessorImpl.newInstance(Unknown Source)
at sun.reflect.DelegatingConstructorAccessorImpl.newInstance(Unknown Source)
at java.lang.reflect.Constructor.newInstance(Unknown Source)
at org.openqa.selenium.remote.W3CHandshakeResponse.lambda$errorHandler$0(W3CHandshakeResponse.java:62)
at org.openqa.selenium.remote.HandshakeResponse.lambda$getResponseFunction$0(HandshakeResponse.java:30)
at org.openqa.selenium.remote.ProtocolHandshake.lambda$createSession$0(ProtocolHandshake.java:126)
at java.util.stream.ReferencePipeline$3$1.accept(Unknown Source)
at java.util.Spliterators$ArraySpliterator.tryAdvance(Unknown Source)
at java.util.stream.ReferencePipeline.forEachWithCancel(Unknown Source)
at java.util.stream.AbstractPipeline.copyIntoWithCancel(Unknown Source)
at java.util.stream.AbstractPipeline.copyInto(Unknown Source)
at java.util.stream.AbstractPipeline.wrapAndCopyInto(Unknown Source)
at java.util.stream.FindOps$FindOp.evaluateSequential(Unknown Source)
at java.util.stream.AbstractPipeline.evaluate(Unknown Source)
at java.util.stream.ReferencePipeline.findFirst(Unknown Source)
at org.openqa.selenium.remote.ProtocolHandshake.createSession(ProtocolHandshake.java:128)
at org.openqa.selenium.remote.ProtocolHandshake.createSession(ProtocolHandshake.java:74)
at org.openqa.selenium.remote.HttpCommandExecutor.execute(HttpCommandExecutor.java:139)
at org.openqa.selenium.remote.service.DriverCommandExecutor.execute(DriverCommandExecutor.java:83)
at org.openqa.selenium.remote.RemoteWebDriver.execute(RemoteWebDriver.java:577)
at org.openqa.selenium.remote.RemoteWebDriver.startSession(RemoteWebDriver.java:211)
at org.openqa.selenium.remote.RemoteWebDriver.<init>(RemoteWebDriver.java:131)
at org.openqa.selenium.chrome.ChromeDriver.<init>(ChromeDriver.java:189)
at org.openqa.selenium.chrome.ChromeDriver.<init>(ChromeDriver.java:176)
at org.openqa.selenium.chrome.ChromeDriver.<init>(ChromeDriver.java:165)
at base.PreAndPost.beforeMethod(PreAndPost.java:85)
at driver.Driver.executeTestcase(Driver.java:68)
at sun.reflect.GeneratedMethodAccessor1.invoke(Unknown Source)
at sun.reflect.DelegatingMethodAccessorImpl.invoke(Unknown Source)
at java.lang.reflect.Method.invoke(Unknown Source)
at org.testng.internal.MethodInvocationHelper.invokeMethod(MethodInvocationHelper.java:135)
at org.testng.internal.TestInvoker.invokeMethod(TestInvoker.java:598)
at org.testng.internal.TestInvoker.invokeTestMethod(TestInvoker.java:174)
at org.testng.internal.MethodRunner.runInSequence(MethodRunner.java:46)
at org.testng.internal.TestInvoker$MethodInvocationAgent.invoke(TestInvoker.java:821)
at org.testng.internal.TestInvoker.invokeTestMethods(TestInvoker.java:147)
at org.testng.internal.TestMethodWorker.invokeTestMethods(TestMethodWorker.java:146)
at org.testng.internal.TestMethodWorker.run(TestMethodWorker.java:128)
at java.util.ArrayList.forEach(Unknown Source)
at org.testng.TestRunner.privateRun(TestRunner.java:767)
at org.testng.TestRunner.run(TestRunner.java:588)
at org.testng.SuiteRunner.runTest(SuiteRunner.java:384)
at org.testng.SuiteRunner.runSequentially(SuiteRunner.java:378)
at org.testng.SuiteRunner.privateRun(SuiteRunner.java:337)
at org.testng.SuiteRunner.run(SuiteRunner.java:286)
at org.testng.SuiteRunnerWorker.runSuite(SuiteRunnerWorker.java:53)
at org.testng.SuiteRunnerWorker.run(SuiteRunnerWorker.java:96)
at org.testng.TestNG.runSuitesSequentially(TestNG.java:1214)
at org.testng.TestNG.runSuitesLocally(TestNG.java:1136)
at org.testng.TestNG.runSuites(TestNG.java:1066)
at org.testng.TestNG.run(TestNG.java:1034)
at org.testng.remote.AbstractRemoteTestNG.run(AbstractRemoteTestNG.java:115)
at org.testng.remote.RemoteTestNG.initAndRun(RemoteTestNG.java:251)
at org.testng.remote.RemoteTestNG.main(RemoteTestNG.java:77)
]]>
    </error>
  </testcase> <!-- executeTestcase -->
  <system-out/>
  <testcase name="executeTestcase" time="0.055" classname="driver.Driver">
    <skipped/>
  </testcase> <!-- executeTestcase -->
  <system-out/>
  <testcase name="executeTestcase" time="0.037" classname="driver.Driver">
    <skipped/>
  </testcase> <!-- executeTestcase -->
  <system-out/>
  <testcase name="executeTestcase" time="3.228" classname="driver.Driver">
    <error type="org.openqa.selenium.SessionNotCreatedException" message="session not created: This version of ChromeDriver only supports Chrome version 86
Current browser version is 88.0.4324.150 with binary path C:\Program Files (x86)\Google\Chrome\Application\chrome.exe
Build info: version: &#039;4.0.0-alpha-1&#039;, revision: &#039;d1d3728cae&#039;, time: &#039;2019-04-24T13:42:21&#039;
System info: host: &#039;Z3GAVSP1PU0041&#039;, ip: &#039;10.99.37.191&#039;, os.name: &#039;Windows 10&#039;, os.arch: &#039;amd64&#039;, os.version: &#039;10.0&#039;, java.version: &#039;1.8.0_231&#039;
Driver info: driver.version: Driver
remote stacktrace: Backtrace:
	Ordinal0 [0x0120C013+3194899]
	Ordinal0 [0x010F6021+2056225]
	Ordinal0 [0x00F8F608+587272]
	Ordinal0 [0x00F11BF3+72691]
	Ordinal0 [0x00F0E229+57897]
	Ordinal0 [0x00F0C64A+50762]
	Ordinal0 [0x00F31EE9+204521]
	Ordinal0 [0x00F31D0D+204045]
	Ordinal0 [0x00F2FC1B+195611]
	Ordinal0 [0x00F13B7F+80767]
	Ordinal0 [0x00F14B4E+84814]
	Ordinal0 [0x00F14AD9+84697]
	Ordinal0 [0x0110CE64+2149988]
	GetHandleVerifier [0x0137BE95+1400773]
	GetHandleVerifier [0x0137BB61+1399953]
	GetHandleVerifier [0x013831FA+1430314]
	GetHandleVerifier [0x0137C69F+1402831]
	Ordinal0 [0x01103D61+2112865]
	Ordinal0 [0x0110E5CB+2155979]
	Ordinal0 [0x0110E6F5+2156277]
	Ordinal0 [0x0111F26E+2224750]
	BaseThreadInitThunk [0x77896359+25]
	RtlGetAppContainerNamedObjectPath [0x77CE8944+228]
	RtlGetAppContainerNamedObjectPath [0x77CE8914+180]
">
      <![CDATA[org.openqa.selenium.SessionNotCreatedException: session not created: This version of ChromeDriver only supports Chrome version 86
Current browser version is 88.0.4324.150 with binary path C:\Program Files (x86)\Google\Chrome\Application\chrome.exe
Build info: version: '4.0.0-alpha-1', revision: 'd1d3728cae', time: '2019-04-24T13:42:21'
System info: host: 'Z3GAVSP1PU0041', ip: '10.99.37.191', os.name: 'Windows 10', os.arch: 'amd64', os.version: '10.0', java.version: '1.8.0_231'
Driver info: driver.version: Driver
remote stacktrace: Backtrace:
Ordinal0 [0x0120C013+3194899]
Ordinal0 [0x010F6021+2056225]
Ordinal0 [0x00F8F608+587272]
Ordinal0 [0x00F11BF3+72691]
Ordinal0 [0x00F0E229+57897]
Ordinal0 [0x00F0C64A+50762]
Ordinal0 [0x00F31EE9+204521]
Ordinal0 [0x00F31D0D+204045]
Ordinal0 [0x00F2FC1B+195611]
Ordinal0 [0x00F13B7F+80767]
Ordinal0 [0x00F14B4E+84814]
Ordinal0 [0x00F14AD9+84697]
Ordinal0 [0x0110CE64+2149988]
GetHandleVerifier [0x0137BE95+1400773]
GetHandleVerifier [0x0137BB61+1399953]
GetHandleVerifier [0x013831FA+1430314]
GetHandleVerifier [0x0137C69F+1402831]
Ordinal0 [0x01103D61+2112865]
Ordinal0 [0x0110E5CB+2155979]
Ordinal0 [0x0110E6F5+2156277]
Ordinal0 [0x0111F26E+2224750]
BaseThreadInitThunk [0x77896359+25]
RtlGetAppContainerNamedObjectPath [0x77CE8944+228]
RtlGetAppContainerNamedObjectPath [0x77CE8914+180]

at sun.reflect.NativeConstructorAccessorImpl.newInstance0(Native Method)
at sun.reflect.NativeConstructorAccessorImpl.newInstance(Unknown Source)
at sun.reflect.DelegatingConstructorAccessorImpl.newInstance(Unknown Source)
at java.lang.reflect.Constructor.newInstance(Unknown Source)
at org.openqa.selenium.remote.W3CHandshakeResponse.lambda$errorHandler$0(W3CHandshakeResponse.java:62)
at org.openqa.selenium.remote.HandshakeResponse.lambda$getResponseFunction$0(HandshakeResponse.java:30)
at org.openqa.selenium.remote.ProtocolHandshake.lambda$createSession$0(ProtocolHandshake.java:126)
at java.util.stream.ReferencePipeline$3$1.accept(Unknown Source)
at java.util.Spliterators$ArraySpliterator.tryAdvance(Unknown Source)
at java.util.stream.ReferencePipeline.forEachWithCancel(Unknown Source)
at java.util.stream.AbstractPipeline.copyIntoWithCancel(Unknown Source)
at java.util.stream.AbstractPipeline.copyInto(Unknown Source)
at java.util.stream.AbstractPipeline.wrapAndCopyInto(Unknown Source)
at java.util.stream.FindOps$FindOp.evaluateSequential(Unknown Source)
at java.util.stream.AbstractPipeline.evaluate(Unknown Source)
at java.util.stream.ReferencePipeline.findFirst(Unknown Source)
at org.openqa.selenium.remote.ProtocolHandshake.createSession(ProtocolHandshake.java:128)
at org.openqa.selenium.remote.ProtocolHandshake.createSession(ProtocolHandshake.java:74)
at org.openqa.selenium.remote.HttpCommandExecutor.execute(HttpCommandExecutor.java:139)
at org.openqa.selenium.remote.service.DriverCommandExecutor.execute(DriverCommandExecutor.java:83)
at org.openqa.selenium.remote.RemoteWebDriver.execute(RemoteWebDriver.java:577)
at org.openqa.selenium.remote.RemoteWebDriver.startSession(RemoteWebDriver.java:211)
at org.openqa.selenium.remote.RemoteWebDriver.<init>(RemoteWebDriver.java:131)
at org.openqa.selenium.chrome.ChromeDriver.<init>(ChromeDriver.java:189)
at org.openqa.selenium.chrome.ChromeDriver.<init>(ChromeDriver.java:176)
at org.openqa.selenium.chrome.ChromeDriver.<init>(ChromeDriver.java:165)
at base.PreAndPost.beforeMethod(PreAndPost.java:85)
at driver.Driver.executeTestcase(Driver.java:68)
at sun.reflect.NativeMethodAccessorImpl.invoke0(Native Method)
at sun.reflect.NativeMethodAccessorImpl.invoke(Unknown Source)
at sun.reflect.DelegatingMethodAccessorImpl.invoke(Unknown Source)
at java.lang.reflect.Method.invoke(Unknown Source)
at org.testng.internal.MethodInvocationHelper.invokeMethod(MethodInvocationHelper.java:135)
at org.testng.internal.TestInvoker.invokeMethod(TestInvoker.java:598)
at org.testng.internal.TestInvoker.invokeTestMethod(TestInvoker.java:174)
at org.testng.internal.MethodRunner.runInSequence(MethodRunner.java:46)
at org.testng.internal.TestInvoker$MethodInvocationAgent.invoke(TestInvoker.java:821)
at org.testng.internal.TestInvoker.invokeTestMethods(TestInvoker.java:147)
at org.testng.internal.TestMethodWorker.invokeTestMethods(TestMethodWorker.java:146)
at org.testng.internal.TestMethodWorker.run(TestMethodWorker.java:128)
at java.util.ArrayList.forEach(Unknown Source)
at org.testng.TestRunner.privateRun(TestRunner.java:767)
at org.testng.TestRunner.run(TestRunner.java:588)
at org.testng.SuiteRunner.runTest(SuiteRunner.java:384)
at org.testng.SuiteRunner.runSequentially(SuiteRunner.java:378)
at org.testng.SuiteRunner.privateRun(SuiteRunner.java:337)
at org.testng.SuiteRunner.run(SuiteRunner.java:286)
at org.testng.SuiteRunnerWorker.runSuite(SuiteRunnerWorker.java:53)
at org.testng.SuiteRunnerWorker.run(SuiteRunnerWorker.java:96)
at org.testng.TestNG.runSuitesSequentially(TestNG.java:1214)
at org.testng.TestNG.runSuitesLocally(TestNG.java:1136)
at org.testng.TestNG.runSuites(TestNG.java:1066)
at org.testng.TestNG.run(TestNG.java:1034)
at org.testng.remote.AbstractRemoteTestNG.run(AbstractRemoteTestNG.java:115)
at org.testng.remote.RemoteTestNG.initAndRun(RemoteTestNG.java:251)
at org.testng.remote.RemoteTestNG.main(RemoteTestNG.java:77)
]]>
    </error>
  </testcase> <!-- executeTestcase -->
  <system-out/>
  <testcase name="executeTestcase" time="2.012" classname="driver.Driver">
    <error type="org.openqa.selenium.SessionNotCreatedException" message="session not created: This version of ChromeDriver only supports Chrome version 86
Current browser version is 88.0.4324.150 with binary path C:\Program Files (x86)\Google\Chrome\Application\chrome.exe
Build info: version: &#039;4.0.0-alpha-1&#039;, revision: &#039;d1d3728cae&#039;, time: &#039;2019-04-24T13:42:21&#039;
System info: host: &#039;Z3GAVSP1PU0041&#039;, ip: &#039;10.99.37.191&#039;, os.name: &#039;Windows 10&#039;, os.arch: &#039;amd64&#039;, os.version: &#039;10.0&#039;, java.version: &#039;1.8.0_231&#039;
Driver info: driver.version: Driver
remote stacktrace: Backtrace:
	Ordinal0 [0x0120C013+3194899]
	Ordinal0 [0x010F6021+2056225]
	Ordinal0 [0x00F8F608+587272]
	Ordinal0 [0x00F11BF3+72691]
	Ordinal0 [0x00F0E229+57897]
	Ordinal0 [0x00F0C64A+50762]
	Ordinal0 [0x00F31EE9+204521]
	Ordinal0 [0x00F31D0D+204045]
	Ordinal0 [0x00F2FC1B+195611]
	Ordinal0 [0x00F13B7F+80767]
	Ordinal0 [0x00F14B4E+84814]
	Ordinal0 [0x00F14AD9+84697]
	Ordinal0 [0x0110CE64+2149988]
	GetHandleVerifier [0x0137BE95+1400773]
	GetHandleVerifier [0x0137BB61+1399953]
	GetHandleVerifier [0x013831FA+1430314]
	GetHandleVerifier [0x0137C69F+1402831]
	Ordinal0 [0x01103D61+2112865]
	Ordinal0 [0x0110E5CB+2155979]
	Ordinal0 [0x0110E6F5+2156277]
	Ordinal0 [0x0111F26E+2224750]
	BaseThreadInitThunk [0x77896359+25]
	RtlGetAppContainerNamedObjectPath [0x77CE8944+228]
	RtlGetAppContainerNamedObjectPath [0x77CE8914+180]
">
      <![CDATA[org.openqa.selenium.SessionNotCreatedException: session not created: This version of ChromeDriver only supports Chrome version 86
Current browser version is 88.0.4324.150 with binary path C:\Program Files (x86)\Google\Chrome\Application\chrome.exe
Build info: version: '4.0.0-alpha-1', revision: 'd1d3728cae', time: '2019-04-24T13:42:21'
System info: host: 'Z3GAVSP1PU0041', ip: '10.99.37.191', os.name: 'Windows 10', os.arch: 'amd64', os.version: '10.0', java.version: '1.8.0_231'
Driver info: driver.version: Driver
remote stacktrace: Backtrace:
Ordinal0 [0x0120C013+3194899]
Ordinal0 [0x010F6021+2056225]
Ordinal0 [0x00F8F608+587272]
Ordinal0 [0x00F11BF3+72691]
Ordinal0 [0x00F0E229+57897]
Ordinal0 [0x00F0C64A+50762]
Ordinal0 [0x00F31EE9+204521]
Ordinal0 [0x00F31D0D+204045]
Ordinal0 [0x00F2FC1B+195611]
Ordinal0 [0x00F13B7F+80767]
Ordinal0 [0x00F14B4E+84814]
Ordinal0 [0x00F14AD9+84697]
Ordinal0 [0x0110CE64+2149988]
GetHandleVerifier [0x0137BE95+1400773]
GetHandleVerifier [0x0137BB61+1399953]
GetHandleVerifier [0x013831FA+1430314]
GetHandleVerifier [0x0137C69F+1402831]
Ordinal0 [0x01103D61+2112865]
Ordinal0 [0x0110E5CB+2155979]
Ordinal0 [0x0110E6F5+2156277]
Ordinal0 [0x0111F26E+2224750]
BaseThreadInitThunk [0x77896359+25]
RtlGetAppContainerNamedObjectPath [0x77CE8944+228]
RtlGetAppContainerNamedObjectPath [0x77CE8914+180]

at sun.reflect.NativeConstructorAccessorImpl.newInstance0(Native Method)
at sun.reflect.NativeConstructorAccessorImpl.newInstance(Unknown Source)
at sun.reflect.DelegatingConstructorAccessorImpl.newInstance(Unknown Source)
at java.lang.reflect.Constructor.newInstance(Unknown Source)
at org.openqa.selenium.remote.W3CHandshakeResponse.lambda$errorHandler$0(W3CHandshakeResponse.java:62)
at org.openqa.selenium.remote.HandshakeResponse.lambda$getResponseFunction$0(HandshakeResponse.java:30)
at org.openqa.selenium.remote.ProtocolHandshake.lambda$createSession$0(ProtocolHandshake.java:126)
at java.util.stream.ReferencePipeline$3$1.accept(Unknown Source)
at java.util.Spliterators$ArraySpliterator.tryAdvance(Unknown Source)
at java.util.stream.ReferencePipeline.forEachWithCancel(Unknown Source)
at java.util.stream.AbstractPipeline.copyIntoWithCancel(Unknown Source)
at java.util.stream.AbstractPipeline.copyInto(Unknown Source)
at java.util.stream.AbstractPipeline.wrapAndCopyInto(Unknown Source)
at java.util.stream.FindOps$FindOp.evaluateSequential(Unknown Source)
at java.util.stream.AbstractPipeline.evaluate(Unknown Source)
at java.util.stream.ReferencePipeline.findFirst(Unknown Source)
at org.openqa.selenium.remote.ProtocolHandshake.createSession(ProtocolHandshake.java:128)
at org.openqa.selenium.remote.ProtocolHandshake.createSession(ProtocolHandshake.java:74)
at org.openqa.selenium.remote.HttpCommandExecutor.execute(HttpCommandExecutor.java:139)
at org.openqa.selenium.remote.service.DriverCommandExecutor.execute(DriverCommandExecutor.java:83)
at org.openqa.selenium.remote.RemoteWebDriver.execute(RemoteWebDriver.java:577)
at org.openqa.selenium.remote.RemoteWebDriver.startSession(RemoteWebDriver.java:211)
at org.openqa.selenium.remote.RemoteWebDriver.<init>(RemoteWebDriver.java:131)
at org.openqa.selenium.chrome.ChromeDriver.<init>(ChromeDriver.java:189)
at org.openqa.selenium.chrome.ChromeDriver.<init>(ChromeDriver.java:176)
at org.openqa.selenium.chrome.ChromeDriver.<init>(ChromeDriver.java:165)
at base.PreAndPost.beforeMethod(PreAndPost.java:85)
at driver.Driver.executeTestcase(Driver.java:68)
at sun.reflect.GeneratedMethodAccessor1.invoke(Unknown Source)
at sun.reflect.DelegatingMethodAccessorImpl.invoke(Unknown Source)
at java.lang.reflect.Method.invoke(Unknown Source)
at org.testng.internal.MethodInvocationHelper.invokeMethod(MethodInvocationHelper.java:135)
at org.testng.internal.TestInvoker.invokeMethod(TestInvoker.java:598)
at org.testng.internal.TestInvoker.invokeTestMethod(TestInvoker.java:174)
at org.testng.internal.MethodRunner.runInSequence(MethodRunner.java:46)
at org.testng.internal.TestInvoker$MethodInvocationAgent.invoke(TestInvoker.java:821)
at org.testng.internal.TestInvoker.invokeTestMethods(TestInvoker.java:147)
at org.testng.internal.TestMethodWorker.invokeTestMethods(TestMethodWorker.java:146)
at org.testng.internal.TestMethodWorker.run(TestMethodWorker.java:128)
at java.util.ArrayList.forEach(Unknown Source)
at org.testng.TestRunner.privateRun(TestRunner.java:767)
at org.testng.TestRunner.run(TestRunner.java:588)
at org.testng.SuiteRunner.runTest(SuiteRunner.java:384)
at org.testng.SuiteRunner.runSequentially(SuiteRunner.java:378)
at org.testng.SuiteRunner.privateRun(SuiteRunner.java:337)
at org.testng.SuiteRunner.run(SuiteRunner.java:286)
at org.testng.SuiteRunnerWorker.runSuite(SuiteRunnerWorker.java:53)
at org.testng.SuiteRunnerWorker.run(SuiteRunnerWorker.java:96)
at org.testng.TestNG.runSuitesSequentially(TestNG.java:1214)
at org.testng.TestNG.runSuitesLocally(TestNG.java:1136)
at org.testng.TestNG.runSuites(TestNG.java:1066)
at org.testng.TestNG.run(TestNG.java:1034)
at org.testng.remote.AbstractRemoteTestNG.run(AbstractRemoteTestNG.java:115)
at org.testng.remote.RemoteTestNG.initAndRun(RemoteTestNG.java:251)
at org.testng.remote.RemoteTestNG.main(RemoteTestNG.java:77)
]]>
    </error>
  </testcase> <!-- executeTestcase -->
  <system-out/>
  <testcase name="executeTestcase" time="2.016" classname="driver.Driver">
    <error type="org.openqa.selenium.SessionNotCreatedException" message="session not created: This version of ChromeDriver only supports Chrome version 86
Current browser version is 88.0.4324.150 with binary path C:\Program Files (x86)\Google\Chrome\Application\chrome.exe
Build info: version: &#039;4.0.0-alpha-1&#039;, revision: &#039;d1d3728cae&#039;, time: &#039;2019-04-24T13:42:21&#039;
System info: host: &#039;Z3GAVSP1PU0041&#039;, ip: &#039;10.99.37.191&#039;, os.name: &#039;Windows 10&#039;, os.arch: &#039;amd64&#039;, os.version: &#039;10.0&#039;, java.version: &#039;1.8.0_231&#039;
Driver info: driver.version: Driver
remote stacktrace: Backtrace:
	Ordinal0 [0x0120C013+3194899]
	Ordinal0 [0x010F6021+2056225]
	Ordinal0 [0x00F8F608+587272]
	Ordinal0 [0x00F11BF3+72691]
	Ordinal0 [0x00F0E229+57897]
	Ordinal0 [0x00F0C64A+50762]
	Ordinal0 [0x00F31EE9+204521]
	Ordinal0 [0x00F31D0D+204045]
	Ordinal0 [0x00F2FC1B+195611]
	Ordinal0 [0x00F13B7F+80767]
	Ordinal0 [0x00F14B4E+84814]
	Ordinal0 [0x00F14AD9+84697]
	Ordinal0 [0x0110CE64+2149988]
	GetHandleVerifier [0x0137BE95+1400773]
	GetHandleVerifier [0x0137BB61+1399953]
	GetHandleVerifier [0x013831FA+1430314]
	GetHandleVerifier [0x0137C69F+1402831]
	Ordinal0 [0x01103D61+2112865]
	Ordinal0 [0x0110E5CB+2155979]
	Ordinal0 [0x0110E6F5+2156277]
	Ordinal0 [0x0111F26E+2224750]
	BaseThreadInitThunk [0x77896359+25]
	RtlGetAppContainerNamedObjectPath [0x77CE8944+228]
	RtlGetAppContainerNamedObjectPath [0x77CE8914+180]
">
      <![CDATA[org.openqa.selenium.SessionNotCreatedException: session not created: This version of ChromeDriver only supports Chrome version 86
Current browser version is 88.0.4324.150 with binary path C:\Program Files (x86)\Google\Chrome\Application\chrome.exe
Build info: version: '4.0.0-alpha-1', revision: 'd1d3728cae', time: '2019-04-24T13:42:21'
System info: host: 'Z3GAVSP1PU0041', ip: '10.99.37.191', os.name: 'Windows 10', os.arch: 'amd64', os.version: '10.0', java.version: '1.8.0_231'
Driver info: driver.version: Driver
remote stacktrace: Backtrace:
Ordinal0 [0x0120C013+3194899]
Ordinal0 [0x010F6021+2056225]
Ordinal0 [0x00F8F608+587272]
Ordinal0 [0x00F11BF3+72691]
Ordinal0 [0x00F0E229+57897]
Ordinal0 [0x00F0C64A+50762]
Ordinal0 [0x00F31EE9+204521]
Ordinal0 [0x00F31D0D+204045]
Ordinal0 [0x00F2FC1B+195611]
Ordinal0 [0x00F13B7F+80767]
Ordinal0 [0x00F14B4E+84814]
Ordinal0 [0x00F14AD9+84697]
Ordinal0 [0x0110CE64+2149988]
GetHandleVerifier [0x0137BE95+1400773]
GetHandleVerifier [0x0137BB61+1399953]
GetHandleVerifier [0x013831FA+1430314]
GetHandleVerifier [0x0137C69F+1402831]
Ordinal0 [0x01103D61+2112865]
Ordinal0 [0x0110E5CB+2155979]
Ordinal0 [0x0110E6F5+2156277]
Ordinal0 [0x0111F26E+2224750]
BaseThreadInitThunk [0x77896359+25]
RtlGetAppContainerNamedObjectPath [0x77CE8944+228]
RtlGetAppContainerNamedObjectPath [0x77CE8914+180]

at sun.reflect.NativeConstructorAccessorImpl.newInstance0(Native Method)
at sun.reflect.NativeConstructorAccessorImpl.newInstance(Unknown Source)
at sun.reflect.DelegatingConstructorAccessorImpl.newInstance(Unknown Source)
at java.lang.reflect.Constructor.newInstance(Unknown Source)
at org.openqa.selenium.remote.W3CHandshakeResponse.lambda$errorHandler$0(W3CHandshakeResponse.java:62)
at org.openqa.selenium.remote.HandshakeResponse.lambda$getResponseFunction$0(HandshakeResponse.java:30)
at org.openqa.selenium.remote.ProtocolHandshake.lambda$createSession$0(ProtocolHandshake.java:126)
at java.util.stream.ReferencePipeline$3$1.accept(Unknown Source)
at java.util.Spliterators$ArraySpliterator.tryAdvance(Unknown Source)
at java.util.stream.ReferencePipeline.forEachWithCancel(Unknown Source)
at java.util.stream.AbstractPipeline.copyIntoWithCancel(Unknown Source)
at java.util.stream.AbstractPipeline.copyInto(Unknown Source)
at java.util.stream.AbstractPipeline.wrapAndCopyInto(Unknown Source)
at java.util.stream.FindOps$FindOp.evaluateSequential(Unknown Source)
at java.util.stream.AbstractPipeline.evaluate(Unknown Source)
at java.util.stream.ReferencePipeline.findFirst(Unknown Source)
at org.openqa.selenium.remote.ProtocolHandshake.createSession(ProtocolHandshake.java:128)
at org.openqa.selenium.remote.ProtocolHandshake.createSession(ProtocolHandshake.java:74)
at org.openqa.selenium.remote.HttpCommandExecutor.execute(HttpCommandExecutor.java:139)
at org.openqa.selenium.remote.service.DriverCommandExecutor.execute(DriverCommandExecutor.java:83)
at org.openqa.selenium.remote.RemoteWebDriver.execute(RemoteWebDriver.java:577)
at org.openqa.selenium.remote.RemoteWebDriver.startSession(RemoteWebDriver.java:211)
at org.openqa.selenium.remote.RemoteWebDriver.<init>(RemoteWebDriver.java:131)
at org.openqa.selenium.chrome.ChromeDriver.<init>(ChromeDriver.java:189)
at org.openqa.selenium.chrome.ChromeDriver.<init>(ChromeDriver.java:176)
at org.openqa.selenium.chrome.ChromeDriver.<init>(ChromeDriver.java:165)
at base.PreAndPost.beforeMethod(PreAndPost.java:85)
at driver.Driver.executeTestcase(Driver.java:68)
at sun.reflect.GeneratedMethodAccessor1.invoke(Unknown Source)
at sun.reflect.DelegatingMethodAccessorImpl.invoke(Unknown Source)
at java.lang.reflect.Method.invoke(Unknown Source)
at org.testng.internal.MethodInvocationHelper.invokeMethod(MethodInvocationHelper.java:135)
at org.testng.internal.TestInvoker.invokeMethod(TestInvoker.java:598)
at org.testng.internal.TestInvoker.invokeTestMethod(TestInvoker.java:174)
at org.testng.internal.MethodRunner.runInSequence(MethodRunner.java:46)
at org.testng.internal.TestInvoker$MethodInvocationAgent.invoke(TestInvoker.java:821)
at org.testng.internal.TestInvoker.invokeTestMethods(TestInvoker.java:147)
at org.testng.internal.TestMethodWorker.invokeTestMethods(TestMethodWorker.java:146)
at org.testng.internal.TestMethodWorker.run(TestMethodWorker.java:128)
at java.util.ArrayList.forEach(Unknown Source)
at org.testng.TestRunner.privateRun(TestRunner.java:767)
at org.testng.TestRunner.run(TestRunner.java:588)
at org.testng.SuiteRunner.runTest(SuiteRunner.java:384)
at org.testng.SuiteRunner.runSequentially(SuiteRunner.java:378)
at org.testng.SuiteRunner.privateRun(SuiteRunner.java:337)
at org.testng.SuiteRunner.run(SuiteRunner.java:286)
at org.testng.SuiteRunnerWorker.runSuite(SuiteRunnerWorker.java:53)
at org.testng.SuiteRunnerWorker.run(SuiteRunnerWorker.java:96)
at org.testng.TestNG.runSuitesSequentially(TestNG.java:1214)
at org.testng.TestNG.runSuitesLocally(TestNG.java:1136)
at org.testng.TestNG.runSuites(TestNG.java:1066)
at org.testng.TestNG.run(TestNG.java:1034)
at org.testng.remote.AbstractRemoteTestNG.run(AbstractRemoteTestNG.java:115)
at org.testng.remote.RemoteTestNG.initAndRun(RemoteTestNG.java:251)
at org.testng.remote.RemoteTestNG.main(RemoteTestNG.java:77)
]]>
    </error>
  </testcase> <!-- executeTestcase -->
  <system-out/>
  <testcase name="executeTestcase" time="0.045" classname="driver.Driver">
    <skipped/>
  </testcase> <!-- executeTestcase -->
  <system-out/>
  <testcase name="executeTestcase" time="2.064" classname="driver.Driver">
    <error type="org.openqa.selenium.SessionNotCreatedException" message="session not created: This version of ChromeDriver only supports Chrome version 86
Current browser version is 88.0.4324.150 with binary path C:\Program Files (x86)\Google\Chrome\Application\chrome.exe
Build info: version: &#039;4.0.0-alpha-1&#039;, revision: &#039;d1d3728cae&#039;, time: &#039;2019-04-24T13:42:21&#039;
System info: host: &#039;Z3GAVSP1PU0041&#039;, ip: &#039;10.99.37.191&#039;, os.name: &#039;Windows 10&#039;, os.arch: &#039;amd64&#039;, os.version: &#039;10.0&#039;, java.version: &#039;1.8.0_231&#039;
Driver info: driver.version: Driver
remote stacktrace: Backtrace:
	Ordinal0 [0x0120C013+3194899]
	Ordinal0 [0x010F6021+2056225]
	Ordinal0 [0x00F8F608+587272]
	Ordinal0 [0x00F11BF3+72691]
	Ordinal0 [0x00F0E229+57897]
	Ordinal0 [0x00F0C64A+50762]
	Ordinal0 [0x00F31EE9+204521]
	Ordinal0 [0x00F31D0D+204045]
	Ordinal0 [0x00F2FC1B+195611]
	Ordinal0 [0x00F13B7F+80767]
	Ordinal0 [0x00F14B4E+84814]
	Ordinal0 [0x00F14AD9+84697]
	Ordinal0 [0x0110CE64+2149988]
	GetHandleVerifier [0x0137BE95+1400773]
	GetHandleVerifier [0x0137BB61+1399953]
	GetHandleVerifier [0x013831FA+1430314]
	GetHandleVerifier [0x0137C69F+1402831]
	Ordinal0 [0x01103D61+2112865]
	Ordinal0 [0x0110E5CB+2155979]
	Ordinal0 [0x0110E6F5+2156277]
	Ordinal0 [0x0111F26E+2224750]
	BaseThreadInitThunk [0x77896359+25]
	RtlGetAppContainerNamedObjectPath [0x77CE8944+228]
	RtlGetAppContainerNamedObjectPath [0x77CE8914+180]
">
      <![CDATA[org.openqa.selenium.SessionNotCreatedException: session not created: This version of ChromeDriver only supports Chrome version 86
Current browser version is 88.0.4324.150 with binary path C:\Program Files (x86)\Google\Chrome\Application\chrome.exe
Build info: version: '4.0.0-alpha-1', revision: 'd1d3728cae', time: '2019-04-24T13:42:21'
System info: host: 'Z3GAVSP1PU0041', ip: '10.99.37.191', os.name: 'Windows 10', os.arch: 'amd64', os.version: '10.0', java.version: '1.8.0_231'
Driver info: driver.version: Driver
remote stacktrace: Backtrace:
Ordinal0 [0x0120C013+3194899]
Ordinal0 [0x010F6021+2056225]
Ordinal0 [0x00F8F608+587272]
Ordinal0 [0x00F11BF3+72691]
Ordinal0 [0x00F0E229+57897]
Ordinal0 [0x00F0C64A+50762]
Ordinal0 [0x00F31EE9+204521]
Ordinal0 [0x00F31D0D+204045]
Ordinal0 [0x00F2FC1B+195611]
Ordinal0 [0x00F13B7F+80767]
Ordinal0 [0x00F14B4E+84814]
Ordinal0 [0x00F14AD9+84697]
Ordinal0 [0x0110CE64+2149988]
GetHandleVerifier [0x0137BE95+1400773]
GetHandleVerifier [0x0137BB61+1399953]
GetHandleVerifier [0x013831FA+1430314]
GetHandleVerifier [0x0137C69F+1402831]
Ordinal0 [0x01103D61+2112865]
Ordinal0 [0x0110E5CB+2155979]
Ordinal0 [0x0110E6F5+2156277]
Ordinal0 [0x0111F26E+2224750]
BaseThreadInitThunk [0x77896359+25]
RtlGetAppContainerNamedObjectPath [0x77CE8944+228]
RtlGetAppContainerNamedObjectPath [0x77CE8914+180]

at sun.reflect.NativeConstructorAccessorImpl.newInstance0(Native Method)
at sun.reflect.NativeConstructorAccessorImpl.newInstance(Unknown Source)
at sun.reflect.DelegatingConstructorAccessorImpl.newInstance(Unknown Source)
at java.lang.reflect.Constructor.newInstance(Unknown Source)
at org.openqa.selenium.remote.W3CHandshakeResponse.lambda$errorHandler$0(W3CHandshakeResponse.java:62)
at org.openqa.selenium.remote.HandshakeResponse.lambda$getResponseFunction$0(HandshakeResponse.java:30)
at org.openqa.selenium.remote.ProtocolHandshake.lambda$createSession$0(ProtocolHandshake.java:126)
at java.util.stream.ReferencePipeline$3$1.accept(Unknown Source)
at java.util.Spliterators$ArraySpliterator.tryAdvance(Unknown Source)
at java.util.stream.ReferencePipeline.forEachWithCancel(Unknown Source)
at java.util.stream.AbstractPipeline.copyIntoWithCancel(Unknown Source)
at java.util.stream.AbstractPipeline.copyInto(Unknown Source)
at java.util.stream.AbstractPipeline.wrapAndCopyInto(Unknown Source)
at java.util.stream.FindOps$FindOp.evaluateSequential(Unknown Source)
at java.util.stream.AbstractPipeline.evaluate(Unknown Source)
at java.util.stream.ReferencePipeline.findFirst(Unknown Source)
at org.openqa.selenium.remote.ProtocolHandshake.createSession(ProtocolHandshake.java:128)
at org.openqa.selenium.remote.ProtocolHandshake.createSession(ProtocolHandshake.java:74)
at org.openqa.selenium.remote.HttpCommandExecutor.execute(HttpCommandExecutor.java:139)
at org.openqa.selenium.remote.service.DriverCommandExecutor.execute(DriverCommandExecutor.java:83)
at org.openqa.selenium.remote.RemoteWebDriver.execute(RemoteWebDriver.java:577)
at org.openqa.selenium.remote.RemoteWebDriver.startSession(RemoteWebDriver.java:211)
at org.openqa.selenium.remote.RemoteWebDriver.<init>(RemoteWebDriver.java:131)
at org.openqa.selenium.chrome.ChromeDriver.<init>(ChromeDriver.java:189)
at org.openqa.selenium.chrome.ChromeDriver.<init>(ChromeDriver.java:176)
at org.openqa.selenium.chrome.ChromeDriver.<init>(ChromeDriver.java:165)
at base.PreAndPost.beforeMethod(PreAndPost.java:85)
at driver.Driver.executeTestcase(Driver.java:68)
at sun.reflect.GeneratedMethodAccessor1.invoke(Unknown Source)
at sun.reflect.DelegatingMethodAccessorImpl.invoke(Unknown Source)
at java.lang.reflect.Method.invoke(Unknown Source)
at org.testng.internal.MethodInvocationHelper.invokeMethod(MethodInvocationHelper.java:135)
at org.testng.internal.TestInvoker.invokeMethod(TestInvoker.java:598)
at org.testng.internal.TestInvoker.invokeTestMethod(TestInvoker.java:174)
at org.testng.internal.MethodRunner.runInSequence(MethodRunner.java:46)
at org.testng.internal.TestInvoker$MethodInvocationAgent.invoke(TestInvoker.java:821)
at org.testng.internal.TestInvoker.invokeTestMethods(TestInvoker.java:147)
at org.testng.internal.TestMethodWorker.invokeTestMethods(TestMethodWorker.java:146)
at org.testng.internal.TestMethodWorker.run(TestMethodWorker.java:128)
at java.util.ArrayList.forEach(Unknown Source)
at org.testng.TestRunner.privateRun(TestRunner.java:767)
at org.testng.TestRunner.run(TestRunner.java:588)
at org.testng.SuiteRunner.runTest(SuiteRunner.java:384)
at org.testng.SuiteRunner.runSequentially(SuiteRunner.java:378)
at org.testng.SuiteRunner.privateRun(SuiteRunner.java:337)
at org.testng.SuiteRunner.run(SuiteRunner.java:286)
at org.testng.SuiteRunnerWorker.runSuite(SuiteRunnerWorker.java:53)
at org.testng.SuiteRunnerWorker.run(SuiteRunnerWorker.java:96)
at org.testng.TestNG.runSuitesSequentially(TestNG.java:1214)
at org.testng.TestNG.runSuitesLocally(TestNG.java:1136)
at org.testng.TestNG.runSuites(TestNG.java:1066)
at org.testng.TestNG.run(TestNG.java:1034)
at org.testng.remote.AbstractRemoteTestNG.run(AbstractRemoteTestNG.java:115)
at org.testng.remote.RemoteTestNG.initAndRun(RemoteTestNG.java:251)
at org.testng.remote.RemoteTestNG.main(RemoteTestNG.java:77)
]]>
    </error>
  </testcase> <!-- executeTestcase -->
  <system-out/>
  <testcase name="executeTestcase" time="0.101" classname="driver.Driver">
    <skipped/>
  </testcase> <!-- executeTestcase -->
  <system-out/>
  <testcase name="executeTestcase" time="2.076" classname="driver.Driver">
    <error type="org.openqa.selenium.SessionNotCreatedException" message="session not created: This version of ChromeDriver only supports Chrome version 86
Current browser version is 88.0.4324.150 with binary path C:\Program Files (x86)\Google\Chrome\Application\chrome.exe
Build info: version: &#039;4.0.0-alpha-1&#039;, revision: &#039;d1d3728cae&#039;, time: &#039;2019-04-24T13:42:21&#039;
System info: host: &#039;Z3GAVSP1PU0041&#039;, ip: &#039;10.99.37.191&#039;, os.name: &#039;Windows 10&#039;, os.arch: &#039;amd64&#039;, os.version: &#039;10.0&#039;, java.version: &#039;1.8.0_231&#039;
Driver info: driver.version: Driver
remote stacktrace: Backtrace:
	Ordinal0 [0x0120C013+3194899]
	Ordinal0 [0x010F6021+2056225]
	Ordinal0 [0x00F8F608+587272]
	Ordinal0 [0x00F11BF3+72691]
	Ordinal0 [0x00F0E229+57897]
	Ordinal0 [0x00F0C64A+50762]
	Ordinal0 [0x00F31EE9+204521]
	Ordinal0 [0x00F31D0D+204045]
	Ordinal0 [0x00F2FC1B+195611]
	Ordinal0 [0x00F13B7F+80767]
	Ordinal0 [0x00F14B4E+84814]
	Ordinal0 [0x00F14AD9+84697]
	Ordinal0 [0x0110CE64+2149988]
	GetHandleVerifier [0x0137BE95+1400773]
	GetHandleVerifier [0x0137BB61+1399953]
	GetHandleVerifier [0x013831FA+1430314]
	GetHandleVerifier [0x0137C69F+1402831]
	Ordinal0 [0x01103D61+2112865]
	Ordinal0 [0x0110E5CB+2155979]
	Ordinal0 [0x0110E6F5+2156277]
	Ordinal0 [0x0111F26E+2224750]
	BaseThreadInitThunk [0x77896359+25]
	RtlGetAppContainerNamedObjectPath [0x77CE8944+228]
	RtlGetAppContainerNamedObjectPath [0x77CE8914+180]
">
      <![CDATA[org.openqa.selenium.SessionNotCreatedException: session not created: This version of ChromeDriver only supports Chrome version 86
Current browser version is 88.0.4324.150 with binary path C:\Program Files (x86)\Google\Chrome\Application\chrome.exe
Build info: version: '4.0.0-alpha-1', revision: 'd1d3728cae', time: '2019-04-24T13:42:21'
System info: host: 'Z3GAVSP1PU0041', ip: '10.99.37.191', os.name: 'Windows 10', os.arch: 'amd64', os.version: '10.0', java.version: '1.8.0_231'
Driver info: driver.version: Driver
remote stacktrace: Backtrace:
Ordinal0 [0x0120C013+3194899]
Ordinal0 [0x010F6021+2056225]
Ordinal0 [0x00F8F608+587272]
Ordinal0 [0x00F11BF3+72691]
Ordinal0 [0x00F0E229+57897]
Ordinal0 [0x00F0C64A+50762]
Ordinal0 [0x00F31EE9+204521]
Ordinal0 [0x00F31D0D+204045]
Ordinal0 [0x00F2FC1B+195611]
Ordinal0 [0x00F13B7F+80767]
Ordinal0 [0x00F14B4E+84814]
Ordinal0 [0x00F14AD9+84697]
Ordinal0 [0x0110CE64+2149988]
GetHandleVerifier [0x0137BE95+1400773]
GetHandleVerifier [0x0137BB61+1399953]
GetHandleVerifier [0x013831FA+1430314]
GetHandleVerifier [0x0137C69F+1402831]
Ordinal0 [0x01103D61+2112865]
Ordinal0 [0x0110E5CB+2155979]
Ordinal0 [0x0110E6F5+2156277]
Ordinal0 [0x0111F26E+2224750]
BaseThreadInitThunk [0x77896359+25]
RtlGetAppContainerNamedObjectPath [0x77CE8944+228]
RtlGetAppContainerNamedObjectPath [0x77CE8914+180]

at sun.reflect.NativeConstructorAccessorImpl.newInstance0(Native Method)
at sun.reflect.NativeConstructorAccessorImpl.newInstance(Unknown Source)
at sun.reflect.DelegatingConstructorAccessorImpl.newInstance(Unknown Source)
at java.lang.reflect.Constructor.newInstance(Unknown Source)
at org.openqa.selenium.remote.W3CHandshakeResponse.lambda$errorHandler$0(W3CHandshakeResponse.java:62)
at org.openqa.selenium.remote.HandshakeResponse.lambda$getResponseFunction$0(HandshakeResponse.java:30)
at org.openqa.selenium.remote.ProtocolHandshake.lambda$createSession$0(ProtocolHandshake.java:126)
at java.util.stream.ReferencePipeline$3$1.accept(Unknown Source)
at java.util.Spliterators$ArraySpliterator.tryAdvance(Unknown Source)
at java.util.stream.ReferencePipeline.forEachWithCancel(Unknown Source)
at java.util.stream.AbstractPipeline.copyIntoWithCancel(Unknown Source)
at java.util.stream.AbstractPipeline.copyInto(Unknown Source)
at java.util.stream.AbstractPipeline.wrapAndCopyInto(Unknown Source)
at java.util.stream.FindOps$FindOp.evaluateSequential(Unknown Source)
at java.util.stream.AbstractPipeline.evaluate(Unknown Source)
at java.util.stream.ReferencePipeline.findFirst(Unknown Source)
at org.openqa.selenium.remote.ProtocolHandshake.createSession(ProtocolHandshake.java:128)
at org.openqa.selenium.remote.ProtocolHandshake.createSession(ProtocolHandshake.java:74)
at org.openqa.selenium.remote.HttpCommandExecutor.execute(HttpCommandExecutor.java:139)
at org.openqa.selenium.remote.service.DriverCommandExecutor.execute(DriverCommandExecutor.java:83)
at org.openqa.selenium.remote.RemoteWebDriver.execute(RemoteWebDriver.java:577)
at org.openqa.selenium.remote.RemoteWebDriver.startSession(RemoteWebDriver.java:211)
at org.openqa.selenium.remote.RemoteWebDriver.<init>(RemoteWebDriver.java:131)
at org.openqa.selenium.chrome.ChromeDriver.<init>(ChromeDriver.java:189)
at org.openqa.selenium.chrome.ChromeDriver.<init>(ChromeDriver.java:176)
at org.openqa.selenium.chrome.ChromeDriver.<init>(ChromeDriver.java:165)
at base.PreAndPost.beforeMethod(PreAndPost.java:85)
at driver.Driver.executeTestcase(Driver.java:68)
at sun.reflect.GeneratedMethodAccessor1.invoke(Unknown Source)
at sun.reflect.DelegatingMethodAccessorImpl.invoke(Unknown Source)
at java.lang.reflect.Method.invoke(Unknown Source)
at org.testng.internal.MethodInvocationHelper.invokeMethod(MethodInvocationHelper.java:135)
at org.testng.internal.TestInvoker.invokeMethod(TestInvoker.java:598)
at org.testng.internal.TestInvoker.invokeTestMethod(TestInvoker.java:174)
at org.testng.internal.MethodRunner.runInSequence(MethodRunner.java:46)
at org.testng.internal.TestInvoker$MethodInvocationAgent.invoke(TestInvoker.java:821)
at org.testng.internal.TestInvoker.invokeTestMethods(TestInvoker.java:147)
at org.testng.internal.TestMethodWorker.invokeTestMethods(TestMethodWorker.java:146)
at org.testng.internal.TestMethodWorker.run(TestMethodWorker.java:128)
at java.util.ArrayList.forEach(Unknown Source)
at org.testng.TestRunner.privateRun(TestRunner.java:767)
at org.testng.TestRunner.run(TestRunner.java:588)
at org.testng.SuiteRunner.runTest(SuiteRunner.java:384)
at org.testng.SuiteRunner.runSequentially(SuiteRunner.java:378)
at org.testng.SuiteRunner.privateRun(SuiteRunner.java:337)
at org.testng.SuiteRunner.run(SuiteRunner.java:286)
at org.testng.SuiteRunnerWorker.runSuite(SuiteRunnerWorker.java:53)
at org.testng.SuiteRunnerWorker.run(SuiteRunnerWorker.java:96)
at org.testng.TestNG.runSuitesSequentially(TestNG.java:1214)
at org.testng.TestNG.runSuitesLocally(TestNG.java:1136)
at org.testng.TestNG.runSuites(TestNG.java:1066)
at org.testng.TestNG.run(TestNG.java:1034)
at org.testng.remote.AbstractRemoteTestNG.run(AbstractRemoteTestNG.java:115)
at org.testng.remote.RemoteTestNG.initAndRun(RemoteTestNG.java:251)
at org.testng.remote.RemoteTestNG.main(RemoteTestNG.java:77)
]]>
    </error>
  </testcase> <!-- executeTestcase -->
  <system-out/>
  <testcase name="executeTestcase" time="2.042" classname="driver.Driver">
    <error type="org.openqa.selenium.SessionNotCreatedException" message="session not created: This version of ChromeDriver only supports Chrome version 86
Current browser version is 88.0.4324.150 with binary path C:\Program Files (x86)\Google\Chrome\Application\chrome.exe
Build info: version: &#039;4.0.0-alpha-1&#039;, revision: &#039;d1d3728cae&#039;, time: &#039;2019-04-24T13:42:21&#039;
System info: host: &#039;Z3GAVSP1PU0041&#039;, ip: &#039;10.99.37.191&#039;, os.name: &#039;Windows 10&#039;, os.arch: &#039;amd64&#039;, os.version: &#039;10.0&#039;, java.version: &#039;1.8.0_231&#039;
Driver info: driver.version: Driver
remote stacktrace: Backtrace:
	Ordinal0 [0x0120C013+3194899]
	Ordinal0 [0x010F6021+2056225]
	Ordinal0 [0x00F8F608+587272]
	Ordinal0 [0x00F11BF3+72691]
	Ordinal0 [0x00F0E229+57897]
	Ordinal0 [0x00F0C64A+50762]
	Ordinal0 [0x00F31EE9+204521]
	Ordinal0 [0x00F31D0D+204045]
	Ordinal0 [0x00F2FC1B+195611]
	Ordinal0 [0x00F13B7F+80767]
	Ordinal0 [0x00F14B4E+84814]
	Ordinal0 [0x00F14AD9+84697]
	Ordinal0 [0x0110CE64+2149988]
	GetHandleVerifier [0x0137BE95+1400773]
	GetHandleVerifier [0x0137BB61+1399953]
	GetHandleVerifier [0x013831FA+1430314]
	GetHandleVerifier [0x0137C69F+1402831]
	Ordinal0 [0x01103D61+2112865]
	Ordinal0 [0x0110E5CB+2155979]
	Ordinal0 [0x0110E6F5+2156277]
	Ordinal0 [0x0111F26E+2224750]
	BaseThreadInitThunk [0x77896359+25]
	RtlGetAppContainerNamedObjectPath [0x77CE8944+228]
	RtlGetAppContainerNamedObjectPath [0x77CE8914+180]
">
      <![CDATA[org.openqa.selenium.SessionNotCreatedException: session not created: This version of ChromeDriver only supports Chrome version 86
Current browser version is 88.0.4324.150 with binary path C:\Program Files (x86)\Google\Chrome\Application\chrome.exe
Build info: version: '4.0.0-alpha-1', revision: 'd1d3728cae', time: '2019-04-24T13:42:21'
System info: host: 'Z3GAVSP1PU0041', ip: '10.99.37.191', os.name: 'Windows 10', os.arch: 'amd64', os.version: '10.0', java.version: '1.8.0_231'
Driver info: driver.version: Driver
remote stacktrace: Backtrace:
Ordinal0 [0x0120C013+3194899]
Ordinal0 [0x010F6021+2056225]
Ordinal0 [0x00F8F608+587272]
Ordinal0 [0x00F11BF3+72691]
Ordinal0 [0x00F0E229+57897]
Ordinal0 [0x00F0C64A+50762]
Ordinal0 [0x00F31EE9+204521]
Ordinal0 [0x00F31D0D+204045]
Ordinal0 [0x00F2FC1B+195611]
Ordinal0 [0x00F13B7F+80767]
Ordinal0 [0x00F14B4E+84814]
Ordinal0 [0x00F14AD9+84697]
Ordinal0 [0x0110CE64+2149988]
GetHandleVerifier [0x0137BE95+1400773]
GetHandleVerifier [0x0137BB61+1399953]
GetHandleVerifier [0x013831FA+1430314]
GetHandleVerifier [0x0137C69F+1402831]
Ordinal0 [0x01103D61+2112865]
Ordinal0 [0x0110E5CB+2155979]
Ordinal0 [0x0110E6F5+2156277]
Ordinal0 [0x0111F26E+2224750]
BaseThreadInitThunk [0x77896359+25]
RtlGetAppContainerNamedObjectPath [0x77CE8944+228]
RtlGetAppContainerNamedObjectPath [0x77CE8914+180]

at sun.reflect.NativeConstructorAccessorImpl.newInstance0(Native Method)
at sun.reflect.NativeConstructorAccessorImpl.newInstance(Unknown Source)
at sun.reflect.DelegatingConstructorAccessorImpl.newInstance(Unknown Source)
at java.lang.reflect.Constructor.newInstance(Unknown Source)
at org.openqa.selenium.remote.W3CHandshakeResponse.lambda$errorHandler$0(W3CHandshakeResponse.java:62)
at org.openqa.selenium.remote.HandshakeResponse.lambda$getResponseFunction$0(HandshakeResponse.java:30)
at org.openqa.selenium.remote.ProtocolHandshake.lambda$createSession$0(ProtocolHandshake.java:126)
at java.util.stream.ReferencePipeline$3$1.accept(Unknown Source)
at java.util.Spliterators$ArraySpliterator.tryAdvance(Unknown Source)
at java.util.stream.ReferencePipeline.forEachWithCancel(Unknown Source)
at java.util.stream.AbstractPipeline.copyIntoWithCancel(Unknown Source)
at java.util.stream.AbstractPipeline.copyInto(Unknown Source)
at java.util.stream.AbstractPipeline.wrapAndCopyInto(Unknown Source)
at java.util.stream.FindOps$FindOp.evaluateSequential(Unknown Source)
at java.util.stream.AbstractPipeline.evaluate(Unknown Source)
at java.util.stream.ReferencePipeline.findFirst(Unknown Source)
at org.openqa.selenium.remote.ProtocolHandshake.createSession(ProtocolHandshake.java:128)
at org.openqa.selenium.remote.ProtocolHandshake.createSession(ProtocolHandshake.java:74)
at org.openqa.selenium.remote.HttpCommandExecutor.execute(HttpCommandExecutor.java:139)
at org.openqa.selenium.remote.service.DriverCommandExecutor.execute(DriverCommandExecutor.java:83)
at org.openqa.selenium.remote.RemoteWebDriver.execute(RemoteWebDriver.java:577)
at org.openqa.selenium.remote.RemoteWebDriver.startSession(RemoteWebDriver.java:211)
at org.openqa.selenium.remote.RemoteWebDriver.<init>(RemoteWebDriver.java:131)
at org.openqa.selenium.chrome.ChromeDriver.<init>(ChromeDriver.java:189)
at org.openqa.selenium.chrome.ChromeDriver.<init>(ChromeDriver.java:176)
at org.openqa.selenium.chrome.ChromeDriver.<init>(ChromeDriver.java:165)
at base.PreAndPost.beforeMethod(PreAndPost.java:85)
at driver.Driver.executeTestcase(Driver.java:68)
at sun.reflect.GeneratedMethodAccessor1.invoke(Unknown Source)
at sun.reflect.DelegatingMethodAccessorImpl.invoke(Unknown Source)
at java.lang.reflect.Method.invoke(Unknown Source)
at org.testng.internal.MethodInvocationHelper.invokeMethod(MethodInvocationHelper.java:135)
at org.testng.internal.TestInvoker.invokeMethod(TestInvoker.java:598)
at org.testng.internal.TestInvoker.invokeTestMethod(TestInvoker.java:174)
at org.testng.internal.MethodRunner.runInSequence(MethodRunner.java:46)
at org.testng.internal.TestInvoker$MethodInvocationAgent.invoke(TestInvoker.java:821)
at org.testng.internal.TestInvoker.invokeTestMethods(TestInvoker.java:147)
at org.testng.internal.TestMethodWorker.invokeTestMethods(TestMethodWorker.java:146)
at org.testng.internal.TestMethodWorker.run(TestMethodWorker.java:128)
at java.util.ArrayList.forEach(Unknown Source)
at org.testng.TestRunner.privateRun(TestRunner.java:767)
at org.testng.TestRunner.run(TestRunner.java:588)
at org.testng.SuiteRunner.runTest(SuiteRunner.java:384)
at org.testng.SuiteRunner.runSequentially(SuiteRunner.java:378)
at org.testng.SuiteRunner.privateRun(SuiteRunner.java:337)
at org.testng.SuiteRunner.run(SuiteRunner.java:286)
at org.testng.SuiteRunnerWorker.runSuite(SuiteRunnerWorker.java:53)
at org.testng.SuiteRunnerWorker.run(SuiteRunnerWorker.java:96)
at org.testng.TestNG.runSuitesSequentially(TestNG.java:1214)
at org.testng.TestNG.runSuitesLocally(TestNG.java:1136)
at org.testng.TestNG.runSuites(TestNG.java:1066)
at org.testng.TestNG.run(TestNG.java:1034)
at org.testng.remote.AbstractRemoteTestNG.run(AbstractRemoteTestNG.java:115)
at org.testng.remote.RemoteTestNG.initAndRun(RemoteTestNG.java:251)
at org.testng.remote.RemoteTestNG.main(RemoteTestNG.java:77)
]]>
    </error>
  </testcase> <!-- executeTestcase -->
  <system-out/>
  <testcase name="executeTestcase" time="0.079" classname="driver.Driver">
    <skipped/>
  </testcase> <!-- executeTestcase -->
  <system-out/>
  <testcase name="executeTestcase" time="0.095" classname="driver.Driver">
    <skipped/>
  </testcase> <!-- executeTestcase -->
  <system-out/>
  <testcase name="executeTestcase" time="0.052" classname="driver.Driver">
    <skipped/>
  </testcase> <!-- executeTestcase -->
  <system-out/>
  <testcase name="executeTestcase" time="2.166" classname="driver.Driver">
    <error type="org.openqa.selenium.SessionNotCreatedException" message="session not created: This version of ChromeDriver only supports Chrome version 86
Current browser version is 88.0.4324.150 with binary path C:\Program Files (x86)\Google\Chrome\Application\chrome.exe
Build info: version: &#039;4.0.0-alpha-1&#039;, revision: &#039;d1d3728cae&#039;, time: &#039;2019-04-24T13:42:21&#039;
System info: host: &#039;Z3GAVSP1PU0041&#039;, ip: &#039;10.99.37.191&#039;, os.name: &#039;Windows 10&#039;, os.arch: &#039;amd64&#039;, os.version: &#039;10.0&#039;, java.version: &#039;1.8.0_231&#039;
Driver info: driver.version: Driver
remote stacktrace: Backtrace:
	Ordinal0 [0x0120C013+3194899]
	Ordinal0 [0x010F6021+2056225]
	Ordinal0 [0x00F8F608+587272]
	Ordinal0 [0x00F11BF3+72691]
	Ordinal0 [0x00F0E229+57897]
	Ordinal0 [0x00F0C64A+50762]
	Ordinal0 [0x00F31EE9+204521]
	Ordinal0 [0x00F31D0D+204045]
	Ordinal0 [0x00F2FC1B+195611]
	Ordinal0 [0x00F13B7F+80767]
	Ordinal0 [0x00F14B4E+84814]
	Ordinal0 [0x00F14AD9+84697]
	Ordinal0 [0x0110CE64+2149988]
	GetHandleVerifier [0x0137BE95+1400773]
	GetHandleVerifier [0x0137BB61+1399953]
	GetHandleVerifier [0x013831FA+1430314]
	GetHandleVerifier [0x0137C69F+1402831]
	Ordinal0 [0x01103D61+2112865]
	Ordinal0 [0x0110E5CB+2155979]
	Ordinal0 [0x0110E6F5+2156277]
	Ordinal0 [0x0111F26E+2224750]
	BaseThreadInitThunk [0x77896359+25]
	RtlGetAppContainerNamedObjectPath [0x77CE8944+228]
	RtlGetAppContainerNamedObjectPath [0x77CE8914+180]
">
      <![CDATA[org.openqa.selenium.SessionNotCreatedException: session not created: This version of ChromeDriver only supports Chrome version 86
Current browser version is 88.0.4324.150 with binary path C:\Program Files (x86)\Google\Chrome\Application\chrome.exe
Build info: version: '4.0.0-alpha-1', revision: 'd1d3728cae', time: '2019-04-24T13:42:21'
System info: host: 'Z3GAVSP1PU0041', ip: '10.99.37.191', os.name: 'Windows 10', os.arch: 'amd64', os.version: '10.0', java.version: '1.8.0_231'
Driver info: driver.version: Driver
remote stacktrace: Backtrace:
Ordinal0 [0x0120C013+3194899]
Ordinal0 [0x010F6021+2056225]
Ordinal0 [0x00F8F608+587272]
Ordinal0 [0x00F11BF3+72691]
Ordinal0 [0x00F0E229+57897]
Ordinal0 [0x00F0C64A+50762]
Ordinal0 [0x00F31EE9+204521]
Ordinal0 [0x00F31D0D+204045]
Ordinal0 [0x00F2FC1B+195611]
Ordinal0 [0x00F13B7F+80767]
Ordinal0 [0x00F14B4E+84814]
Ordinal0 [0x00F14AD9+84697]
Ordinal0 [0x0110CE64+2149988]
GetHandleVerifier [0x0137BE95+1400773]
GetHandleVerifier [0x0137BB61+1399953]
GetHandleVerifier [0x013831FA+1430314]
GetHandleVerifier [0x0137C69F+1402831]
Ordinal0 [0x01103D61+2112865]
Ordinal0 [0x0110E5CB+2155979]
Ordinal0 [0x0110E6F5+2156277]
Ordinal0 [0x0111F26E+2224750]
BaseThreadInitThunk [0x77896359+25]
RtlGetAppContainerNamedObjectPath [0x77CE8944+228]
RtlGetAppContainerNamedObjectPath [0x77CE8914+180]

at sun.reflect.NativeConstructorAccessorImpl.newInstance0(Native Method)
at sun.reflect.NativeConstructorAccessorImpl.newInstance(Unknown Source)
at sun.reflect.DelegatingConstructorAccessorImpl.newInstance(Unknown Source)
at java.lang.reflect.Constructor.newInstance(Unknown Source)
at org.openqa.selenium.remote.W3CHandshakeResponse.lambda$errorHandler$0(W3CHandshakeResponse.java:62)
at org.openqa.selenium.remote.HandshakeResponse.lambda$getResponseFunction$0(HandshakeResponse.java:30)
at org.openqa.selenium.remote.ProtocolHandshake.lambda$createSession$0(ProtocolHandshake.java:126)
at java.util.stream.ReferencePipeline$3$1.accept(Unknown Source)
at java.util.Spliterators$ArraySpliterator.tryAdvance(Unknown Source)
at java.util.stream.ReferencePipeline.forEachWithCancel(Unknown Source)
at java.util.stream.AbstractPipeline.copyIntoWithCancel(Unknown Source)
at java.util.stream.AbstractPipeline.copyInto(Unknown Source)
at java.util.stream.AbstractPipeline.wrapAndCopyInto(Unknown Source)
at java.util.stream.FindOps$FindOp.evaluateSequential(Unknown Source)
at java.util.stream.AbstractPipeline.evaluate(Unknown Source)
at java.util.stream.ReferencePipeline.findFirst(Unknown Source)
at org.openqa.selenium.remote.ProtocolHandshake.createSession(ProtocolHandshake.java:128)
at org.openqa.selenium.remote.ProtocolHandshake.createSession(ProtocolHandshake.java:74)
at org.openqa.selenium.remote.HttpCommandExecutor.execute(HttpCommandExecutor.java:139)
at org.openqa.selenium.remote.service.DriverCommandExecutor.execute(DriverCommandExecutor.java:83)
at org.openqa.selenium.remote.RemoteWebDriver.execute(RemoteWebDriver.java:577)
at org.openqa.selenium.remote.RemoteWebDriver.startSession(RemoteWebDriver.java:211)
at org.openqa.selenium.remote.RemoteWebDriver.<init>(RemoteWebDriver.java:131)
at org.openqa.selenium.chrome.ChromeDriver.<init>(ChromeDriver.java:189)
at org.openqa.selenium.chrome.ChromeDriver.<init>(ChromeDriver.java:176)
at org.openqa.selenium.chrome.ChromeDriver.<init>(ChromeDriver.java:165)
at base.PreAndPost.beforeMethod(PreAndPost.java:85)
at driver.Driver.executeTestcase(Driver.java:68)
at sun.reflect.GeneratedMethodAccessor1.invoke(Unknown Source)
at sun.reflect.DelegatingMethodAccessorImpl.invoke(Unknown Source)
at java.lang.reflect.Method.invoke(Unknown Source)
at org.testng.internal.MethodInvocationHelper.invokeMethod(MethodInvocationHelper.java:135)
at org.testng.internal.TestInvoker.invokeMethod(TestInvoker.java:598)
at org.testng.internal.TestInvoker.invokeTestMethod(TestInvoker.java:174)
at org.testng.internal.MethodRunner.runInSequence(MethodRunner.java:46)
at org.testng.internal.TestInvoker$MethodInvocationAgent.invoke(TestInvoker.java:821)
at org.testng.internal.TestInvoker.invokeTestMethods(TestInvoker.java:147)
at org.testng.internal.TestMethodWorker.invokeTestMethods(TestMethodWorker.java:146)
at org.testng.internal.TestMethodWorker.run(TestMethodWorker.java:128)
at java.util.ArrayList.forEach(Unknown Source)
at org.testng.TestRunner.privateRun(TestRunner.java:767)
at org.testng.TestRunner.run(TestRunner.java:588)
at org.testng.SuiteRunner.runTest(SuiteRunner.java:384)
at org.testng.SuiteRunner.runSequentially(SuiteRunner.java:378)
at org.testng.SuiteRunner.privateRun(SuiteRunner.java:337)
at org.testng.SuiteRunner.run(SuiteRunner.java:286)
at org.testng.SuiteRunnerWorker.runSuite(SuiteRunnerWorker.java:53)
at org.testng.SuiteRunnerWorker.run(SuiteRunnerWorker.java:96)
at org.testng.TestNG.runSuitesSequentially(TestNG.java:1214)
at org.testng.TestNG.runSuitesLocally(TestNG.java:1136)
at org.testng.TestNG.runSuites(TestNG.java:1066)
at org.testng.TestNG.run(TestNG.java:1034)
at org.testng.remote.AbstractRemoteTestNG.run(AbstractRemoteTestNG.java:115)
at org.testng.remote.RemoteTestNG.initAndRun(RemoteTestNG.java:251)
at org.testng.remote.RemoteTestNG.main(RemoteTestNG.java:77)
]]>
    </error>
  </testcase> <!-- executeTestcase -->
  <system-out/>
</testsuite> <!-- driver.Driver -->
