<?xml version="1.0" encoding="UTF-8"?>
<!-- Generated by org.testng.reporters.JUnitXMLReporter -->
<testsuite hostname="Z3GAVSP1PU0041" ignored="0" name="Results" tests="25" failures="13" timestamp="2021-02-12T21:54:39 IST" time="30.049" errors="0">
  <testcase name="executeTestcase" time="0.031" classname="driver.Driver">
    <skipped/>
  </testcase> <!-- executeTestcase -->
  <testcase name="executeTestcase" time="0.009" classname="driver.Driver">
    <skipped/>
  </testcase> <!-- executeTestcase -->
  <testcase name="executeTestcase" time="0.009" classname="driver.Driver">
    <skipped/>
  </testcase> <!-- executeTestcase -->
  <testcase name="executeTestcase" time="0.008" classname="driver.Driver">
    <skipped/>
  </testcase> <!-- executeTestcase -->
  <testcase name="executeTestcase" time="0.007" classname="driver.Driver">
    <skipped/>
  </testcase> <!-- executeTestcase -->
  <testcase name="executeTestcase" time="0.007" classname="driver.Driver">
    <skipped/>
  </testcase> <!-- executeTestcase -->
  <testcase name="executeTestcase" time="0.007" classname="driver.Driver">
    <skipped/>
  </testcase> <!-- executeTestcase -->
  <testcase name="executeTestcase" time="0.008" classname="driver.Driver">
    <skipped/>
  </testcase> <!-- executeTestcase -->
  <testcase name="executeTestcase" time="3.196" classname="driver.Driver">
    <failure type="org.openqa.selenium.SessionNotCreatedException" message="session not created: This version of ChromeDriver only supports Chrome version 86
Current browser version is 88.0.4324.150 with binary path C:\Program Files (x86)\Google\Chrome\Application\chrome.exe
Build info: version: &amp;apos;4.0.0-alpha-1&amp;apos;, revision: &amp;apos;d1d3728cae&amp;apos;, time: &amp;apos;2019-04-24T13:42:21&amp;apos;
System info: host: &amp;apos;Z3GAVSP1PU0041&amp;apos;, ip: &amp;apos;10.99.37.191&amp;apos;, os.name: &amp;apos;Windows 10&amp;apos;, os.arch: &amp;apos;amd64&amp;apos;, os.version: &amp;apos;10.0&amp;apos;, java.version: &amp;apos;1.8.0_231&amp;apos;
Driver info: driver.version: Driver
remote stacktrace: Backtrace:
	Ordinal0 [0x0120C013+3194899]
	Ordinal0 [0x010F6021+2056225]
	Ordinal0 [0x00F8F608+587272]
	Ordinal0 [0x00F11BF3+72691]
	Ordinal0 [0x00F0E229+57897]
	Ordinal0 [0x00F0C64A+50762]
	Ordinal0 [0x00F31EE9+204521]
	Ordinal0 [0x00F31D0D+204045]
	Ordinal0 [0x00F2FC1B+195611]
	Ordinal0 [0x00F13B7F+80767]
	Ordinal0 [0x00F14B4E+84814]
	Ordinal0 [0x00F14AD9+84697]
	Ordinal0 [0x0110CE64+2149988]
	GetHandleVerifier [0x0137BE95+1400773]
	GetHandleVerifier [0x0137BB61+1399953]
	GetHandleVerifier [0x013831FA+1430314]
	GetHandleVerifier [0x0137C69F+1402831]
	Ordinal0 [0x01103D61+2112865]
	Ordinal0 [0x0110E5CB+2155979]
	Ordinal0 [0x0110E6F5+2156277]
	Ordinal0 [0x0111F26E+2224750]
	BaseThreadInitThunk [0x77896359+25]
	RtlGetAppContainerNamedObjectPath [0x77CE8944+228]
	RtlGetAppContainerNamedObjectPath [0x77CE8914+180]
">
      <![CDATA[org.openqa.selenium.SessionNotCreatedException: session not created: This version of ChromeDriver only supports Chrome version 86
Current browser version is 88.0.4324.150 with binary path C:\Program Files (x86)\Google\Chrome\Application\chrome.exe
Build info: version: '4.0.0-alpha-1', revision: 'd1d3728cae', time: '2019-04-24T13:42:21'
System info: host: 'Z3GAVSP1PU0041', ip: '10.99.37.191', os.name: 'Windows 10', os.arch: 'amd64', os.version: '10.0', java.version: '1.8.0_231'
Driver info: driver.version: Driver
remote stacktrace: Backtrace:
Ordinal0 [0x0120C013+3194899]
Ordinal0 [0x010F6021+2056225]
Ordinal0 [0x00F8F608+587272]
Ordinal0 [0x00F11BF3+72691]
Ordinal0 [0x00F0E229+57897]
Ordinal0 [0x00F0C64A+50762]
Ordinal0 [0x00F31EE9+204521]
Ordinal0 [0x00F31D0D+204045]
Ordinal0 [0x00F2FC1B+195611]
Ordinal0 [0x00F13B7F+80767]
Ordinal0 [0x00F14B4E+84814]
Ordinal0 [0x00F14AD9+84697]
Ordinal0 [0x0110CE64+2149988]
GetHandleVerifier [0x0137BE95+1400773]
GetHandleVerifier [0x0137BB61+1399953]
GetHandleVerifier [0x013831FA+1430314]
GetHandleVerifier [0x0137C69F+1402831]
Ordinal0 [0x01103D61+2112865]
Ordinal0 [0x0110E5CB+2155979]
Ordinal0 [0x0110E6F5+2156277]
Ordinal0 [0x0111F26E+2224750]
BaseThreadInitThunk [0x77896359+25]
RtlGetAppContainerNamedObjectPath [0x77CE8944+228]
RtlGetAppContainerNamedObjectPath [0x77CE8914+180]

at org.openqa.selenium.remote.W3CHandshakeResponse.lambda$errorHandler$0(W3CHandshakeResponse.java:62)
at org.openqa.selenium.remote.HandshakeResponse.lambda$getResponseFunction$0(HandshakeResponse.java:30)
at org.openqa.selenium.remote.ProtocolHandshake.lambda$createSession$0(ProtocolHandshake.java:126)
at java.util.stream.ReferencePipeline$3$1.accept(Unknown Source)
at java.util.Spliterators$ArraySpliterator.tryAdvance(Unknown Source)
at java.util.stream.ReferencePipeline.forEachWithCancel(Unknown Source)
at java.util.stream.AbstractPipeline.copyIntoWithCancel(Unknown Source)
at java.util.stream.AbstractPipeline.copyInto(Unknown Source)
at java.util.stream.AbstractPipeline.wrapAndCopyInto(Unknown Source)
at java.util.stream.FindOps$FindOp.evaluateSequential(Unknown Source)
at java.util.stream.AbstractPipeline.evaluate(Unknown Source)
at java.util.stream.ReferencePipeline.findFirst(Unknown Source)
at org.openqa.selenium.remote.ProtocolHandshake.createSession(ProtocolHandshake.java:128)
at org.openqa.selenium.remote.ProtocolHandshake.createSession(ProtocolHandshake.java:74)
at org.openqa.selenium.remote.HttpCommandExecutor.execute(HttpCommandExecutor.java:139)
at org.openqa.selenium.remote.service.DriverCommandExecutor.execute(DriverCommandExecutor.java:83)
at org.openqa.selenium.remote.RemoteWebDriver.execute(RemoteWebDriver.java:577)
at org.openqa.selenium.remote.RemoteWebDriver.startSession(RemoteWebDriver.java:211)
at org.openqa.selenium.remote.RemoteWebDriver.<init>(RemoteWebDriver.java:131)
at org.openqa.selenium.chrome.ChromeDriver.<init>(ChromeDriver.java:189)
at org.openqa.selenium.chrome.ChromeDriver.<init>(ChromeDriver.java:176)
at org.openqa.selenium.chrome.ChromeDriver.<init>(ChromeDriver.java:165)
at base.PreAndPost.beforeMethod(PreAndPost.java:85)
at driver.Driver.executeTestcase(Driver.java:68)
at java.util.ArrayList.forEach(Unknown Source)
... Removed 31 stack frames]]>
    </failure>
  </testcase> <!-- executeTestcase -->
  <testcase name="executeTestcase" time="0.006" classname="driver.Driver">
    <skipped/>
  </testcase> <!-- executeTestcase -->
  <testcase name="executeTestcase" time="0.007" classname="driver.Driver">
    <skipped/>
  </testcase> <!-- executeTestcase -->
  <testcase name="executeTestcase" time="0.006" classname="driver.Driver">
    <skipped/>
  </testcase> <!-- executeTestcase -->
  <testcase name="executeTestcase" time="0.007" classname="driver.Driver">
    <skipped/>
  </testcase> <!-- executeTestcase -->
  <testcase name="executeTestcase" time="1.97" classname="driver.Driver">
    <failure type="org.openqa.selenium.SessionNotCreatedException" message="session not created: This version of ChromeDriver only supports Chrome version 86
Current browser version is 88.0.4324.150 with binary path C:\Program Files (x86)\Google\Chrome\Application\chrome.exe
Build info: version: &amp;apos;4.0.0-alpha-1&amp;apos;, revision: &amp;apos;d1d3728cae&amp;apos;, time: &amp;apos;2019-04-24T13:42:21&amp;apos;
System info: host: &amp;apos;Z3GAVSP1PU0041&amp;apos;, ip: &amp;apos;10.99.37.191&amp;apos;, os.name: &amp;apos;Windows 10&amp;apos;, os.arch: &amp;apos;amd64&amp;apos;, os.version: &amp;apos;10.0&amp;apos;, java.version: &amp;apos;1.8.0_231&amp;apos;
Driver info: driver.version: Driver
remote stacktrace: Backtrace:
	Ordinal0 [0x0120C013+3194899]
	Ordinal0 [0x010F6021+2056225]
	Ordinal0 [0x00F8F608+587272]
	Ordinal0 [0x00F11BF3+72691]
	Ordinal0 [0x00F0E229+57897]
	Ordinal0 [0x00F0C64A+50762]
	Ordinal0 [0x00F31EE9+204521]
	Ordinal0 [0x00F31D0D+204045]
	Ordinal0 [0x00F2FC1B+195611]
	Ordinal0 [0x00F13B7F+80767]
	Ordinal0 [0x00F14B4E+84814]
	Ordinal0 [0x00F14AD9+84697]
	Ordinal0 [0x0110CE64+2149988]
	GetHandleVerifier [0x0137BE95+1400773]
	GetHandleVerifier [0x0137BB61+1399953]
	GetHandleVerifier [0x013831FA+1430314]
	GetHandleVerifier [0x0137C69F+1402831]
	Ordinal0 [0x01103D61+2112865]
	Ordinal0 [0x0110E5CB+2155979]
	Ordinal0 [0x0110E6F5+2156277]
	Ordinal0 [0x0111F26E+2224750]
	BaseThreadInitThunk [0x77896359+25]
	RtlGetAppContainerNamedObjectPath [0x77CE8944+228]
	RtlGetAppContainerNamedObjectPath [0x77CE8914+180]
">
      <![CDATA[org.openqa.selenium.SessionNotCreatedException: session not created: This version of ChromeDriver only supports Chrome version 86
Current browser version is 88.0.4324.150 with binary path C:\Program Files (x86)\Google\Chrome\Application\chrome.exe
Build info: version: '4.0.0-alpha-1', revision: 'd1d3728cae', time: '2019-04-24T13:42:21'
System info: host: 'Z3GAVSP1PU0041', ip: '10.99.37.191', os.name: 'Windows 10', os.arch: 'amd64', os.version: '10.0', java.version: '1.8.0_231'
Driver info: driver.version: Driver
remote stacktrace: Backtrace:
Ordinal0 [0x0120C013+3194899]
Ordinal0 [0x010F6021+2056225]
Ordinal0 [0x00F8F608+587272]
Ordinal0 [0x00F11BF3+72691]
Ordinal0 [0x00F0E229+57897]
Ordinal0 [0x00F0C64A+50762]
Ordinal0 [0x00F31EE9+204521]
Ordinal0 [0x00F31D0D+204045]
Ordinal0 [0x00F2FC1B+195611]
Ordinal0 [0x00F13B7F+80767]
Ordinal0 [0x00F14B4E+84814]
Ordinal0 [0x00F14AD9+84697]
Ordinal0 [0x0110CE64+2149988]
GetHandleVerifier [0x0137BE95+1400773]
GetHandleVerifier [0x0137BB61+1399953]
GetHandleVerifier [0x013831FA+1430314]
GetHandleVerifier [0x0137C69F+1402831]
Ordinal0 [0x01103D61+2112865]
Ordinal0 [0x0110E5CB+2155979]
Ordinal0 [0x0110E6F5+2156277]
Ordinal0 [0x0111F26E+2224750]
BaseThreadInitThunk [0x77896359+25]
RtlGetAppContainerNamedObjectPath [0x77CE8944+228]
RtlGetAppContainerNamedObjectPath [0x77CE8914+180]

at org.openqa.selenium.remote.W3CHandshakeResponse.lambda$errorHandler$0(W3CHandshakeResponse.java:62)
at org.openqa.selenium.remote.HandshakeResponse.lambda$getResponseFunction$0(HandshakeResponse.java:30)
at org.openqa.selenium.remote.ProtocolHandshake.lambda$createSession$0(ProtocolHandshake.java:126)
at java.util.stream.ReferencePipeline$3$1.accept(Unknown Source)
at java.util.Spliterators$ArraySpliterator.tryAdvance(Unknown Source)
at java.util.stream.ReferencePipeline.forEachWithCancel(Unknown Source)
at java.util.stream.AbstractPipeline.copyIntoWithCancel(Unknown Source)
at java.util.stream.AbstractPipeline.copyInto(Unknown Source)
at java.util.stream.AbstractPipeline.wrapAndCopyInto(Unknown Source)
at java.util.stream.FindOps$FindOp.evaluateSequential(Unknown Source)
at java.util.stream.AbstractPipeline.evaluate(Unknown Source)
at java.util.stream.ReferencePipeline.findFirst(Unknown Source)
at org.openqa.selenium.remote.ProtocolHandshake.createSession(ProtocolHandshake.java:128)
at org.openqa.selenium.remote.ProtocolHandshake.createSession(ProtocolHandshake.java:74)
at org.openqa.selenium.remote.HttpCommandExecutor.execute(HttpCommandExecutor.java:139)
at org.openqa.selenium.remote.service.DriverCommandExecutor.execute(DriverCommandExecutor.java:83)
at org.openqa.selenium.remote.RemoteWebDriver.execute(RemoteWebDriver.java:577)
at org.openqa.selenium.remote.RemoteWebDriver.startSession(RemoteWebDriver.java:211)
at org.openqa.selenium.remote.RemoteWebDriver.<init>(RemoteWebDriver.java:131)
at org.openqa.selenium.chrome.ChromeDriver.<init>(ChromeDriver.java:189)
at org.openqa.selenium.chrome.ChromeDriver.<init>(ChromeDriver.java:176)
at org.openqa.selenium.chrome.ChromeDriver.<init>(ChromeDriver.java:165)
at base.PreAndPost.beforeMethod(PreAndPost.java:85)
at driver.Driver.executeTestcase(Driver.java:68)
at java.util.ArrayList.forEach(Unknown Source)
... Removed 31 stack frames]]>
    </failure>
  </testcase> <!-- executeTestcase -->
  <testcase name="executeTestcase" time="1.977" classname="driver.Driver">
    <failure type="org.openqa.selenium.SessionNotCreatedException" message="session not created: This version of ChromeDriver only supports Chrome version 86
Current browser version is 88.0.4324.150 with binary path C:\Program Files (x86)\Google\Chrome\Application\chrome.exe
Build info: version: &amp;apos;4.0.0-alpha-1&amp;apos;, revision: &amp;apos;d1d3728cae&amp;apos;, time: &amp;apos;2019-04-24T13:42:21&amp;apos;
System info: host: &amp;apos;Z3GAVSP1PU0041&amp;apos;, ip: &amp;apos;10.99.37.191&amp;apos;, os.name: &amp;apos;Windows 10&amp;apos;, os.arch: &amp;apos;amd64&amp;apos;, os.version: &amp;apos;10.0&amp;apos;, java.version: &amp;apos;1.8.0_231&amp;apos;
Driver info: driver.version: Driver
remote stacktrace: Backtrace:
	Ordinal0 [0x0120C013+3194899]
	Ordinal0 [0x010F6021+2056225]
	Ordinal0 [0x00F8F608+587272]
	Ordinal0 [0x00F11BF3+72691]
	Ordinal0 [0x00F0E229+57897]
	Ordinal0 [0x00F0C64A+50762]
	Ordinal0 [0x00F31EE9+204521]
	Ordinal0 [0x00F31D0D+204045]
	Ordinal0 [0x00F2FC1B+195611]
	Ordinal0 [0x00F13B7F+80767]
	Ordinal0 [0x00F14B4E+84814]
	Ordinal0 [0x00F14AD9+84697]
	Ordinal0 [0x0110CE64+2149988]
	GetHandleVerifier [0x0137BE95+1400773]
	GetHandleVerifier [0x0137BB61+1399953]
	GetHandleVerifier [0x013831FA+1430314]
	GetHandleVerifier [0x0137C69F+1402831]
	Ordinal0 [0x01103D61+2112865]
	Ordinal0 [0x0110E5CB+2155979]
	Ordinal0 [0x0110E6F5+2156277]
	Ordinal0 [0x0111F26E+2224750]
	BaseThreadInitThunk [0x77896359+25]
	RtlGetAppContainerNamedObjectPath [0x77CE8944+228]
	RtlGetAppContainerNamedObjectPath [0x77CE8914+180]
">
      <![CDATA[org.openqa.selenium.SessionNotCreatedException: session not created: This version of ChromeDriver only supports Chrome version 86
Current browser version is 88.0.4324.150 with binary path C:\Program Files (x86)\Google\Chrome\Application\chrome.exe
Build info: version: '4.0.0-alpha-1', revision: 'd1d3728cae', time: '2019-04-24T13:42:21'
System info: host: 'Z3GAVSP1PU0041', ip: '10.99.37.191', os.name: 'Windows 10', os.arch: 'amd64', os.version: '10.0', java.version: '1.8.0_231'
Driver info: driver.version: Driver
remote stacktrace: Backtrace:
Ordinal0 [0x0120C013+3194899]
Ordinal0 [0x010F6021+2056225]
Ordinal0 [0x00F8F608+587272]
Ordinal0 [0x00F11BF3+72691]
Ordinal0 [0x00F0E229+57897]
Ordinal0 [0x00F0C64A+50762]
Ordinal0 [0x00F31EE9+204521]
Ordinal0 [0x00F31D0D+204045]
Ordinal0 [0x00F2FC1B+195611]
Ordinal0 [0x00F13B7F+80767]
Ordinal0 [0x00F14B4E+84814]
Ordinal0 [0x00F14AD9+84697]
Ordinal0 [0x0110CE64+2149988]
GetHandleVerifier [0x0137BE95+1400773]
GetHandleVerifier [0x0137BB61+1399953]
GetHandleVerifier [0x013831FA+1430314]
GetHandleVerifier [0x0137C69F+1402831]
Ordinal0 [0x01103D61+2112865]
Ordinal0 [0x0110E5CB+2155979]
Ordinal0 [0x0110E6F5+2156277]
Ordinal0 [0x0111F26E+2224750]
BaseThreadInitThunk [0x77896359+25]
RtlGetAppContainerNamedObjectPath [0x77CE8944+228]
RtlGetAppContainerNamedObjectPath [0x77CE8914+180]

at org.openqa.selenium.remote.W3CHandshakeResponse.lambda$errorHandler$0(W3CHandshakeResponse.java:62)
at org.openqa.selenium.remote.HandshakeResponse.lambda$getResponseFunction$0(HandshakeResponse.java:30)
at org.openqa.selenium.remote.ProtocolHandshake.lambda$createSession$0(ProtocolHandshake.java:126)
at java.util.stream.ReferencePipeline$3$1.accept(Unknown Source)
at java.util.Spliterators$ArraySpliterator.tryAdvance(Unknown Source)
at java.util.stream.ReferencePipeline.forEachWithCancel(Unknown Source)
at java.util.stream.AbstractPipeline.copyIntoWithCancel(Unknown Source)
at java.util.stream.AbstractPipeline.copyInto(Unknown Source)
at java.util.stream.AbstractPipeline.wrapAndCopyInto(Unknown Source)
at java.util.stream.FindOps$FindOp.evaluateSequential(Unknown Source)
at java.util.stream.AbstractPipeline.evaluate(Unknown Source)
at java.util.stream.ReferencePipeline.findFirst(Unknown Source)
at org.openqa.selenium.remote.ProtocolHandshake.createSession(ProtocolHandshake.java:128)
at org.openqa.selenium.remote.ProtocolHandshake.createSession(ProtocolHandshake.java:74)
at org.openqa.selenium.remote.HttpCommandExecutor.execute(HttpCommandExecutor.java:139)
at org.openqa.selenium.remote.service.DriverCommandExecutor.execute(DriverCommandExecutor.java:83)
at org.openqa.selenium.remote.RemoteWebDriver.execute(RemoteWebDriver.java:577)
at org.openqa.selenium.remote.RemoteWebDriver.startSession(RemoteWebDriver.java:211)
at org.openqa.selenium.remote.RemoteWebDriver.<init>(RemoteWebDriver.java:131)
at org.openqa.selenium.chrome.ChromeDriver.<init>(ChromeDriver.java:189)
at org.openqa.selenium.chrome.ChromeDriver.<init>(ChromeDriver.java:176)
at org.openqa.selenium.chrome.ChromeDriver.<init>(ChromeDriver.java:165)
at base.PreAndPost.beforeMethod(PreAndPost.java:85)
at driver.Driver.executeTestcase(Driver.java:68)
at java.util.ArrayList.forEach(Unknown Source)
... Removed 31 stack frames]]>
    </failure>
  </testcase> <!-- executeTestcase -->
  <testcase name="executeTestcase" time="2.02" classname="driver.Driver">
    <failure type="org.openqa.selenium.SessionNotCreatedException" message="session not created: This version of ChromeDriver only supports Chrome version 86
Current browser version is 88.0.4324.150 with binary path C:\Program Files (x86)\Google\Chrome\Application\chrome.exe
Build info: version: &amp;apos;4.0.0-alpha-1&amp;apos;, revision: &amp;apos;d1d3728cae&amp;apos;, time: &amp;apos;2019-04-24T13:42:21&amp;apos;
System info: host: &amp;apos;Z3GAVSP1PU0041&amp;apos;, ip: &amp;apos;10.99.37.191&amp;apos;, os.name: &amp;apos;Windows 10&amp;apos;, os.arch: &amp;apos;amd64&amp;apos;, os.version: &amp;apos;10.0&amp;apos;, java.version: &amp;apos;1.8.0_231&amp;apos;
Driver info: driver.version: Driver
remote stacktrace: Backtrace:
	Ordinal0 [0x0120C013+3194899]
	Ordinal0 [0x010F6021+2056225]
	Ordinal0 [0x00F8F608+587272]
	Ordinal0 [0x00F11BF3+72691]
	Ordinal0 [0x00F0E229+57897]
	Ordinal0 [0x00F0C64A+50762]
	Ordinal0 [0x00F31EE9+204521]
	Ordinal0 [0x00F31D0D+204045]
	Ordinal0 [0x00F2FC1B+195611]
	Ordinal0 [0x00F13B7F+80767]
	Ordinal0 [0x00F14B4E+84814]
	Ordinal0 [0x00F14AD9+84697]
	Ordinal0 [0x0110CE64+2149988]
	GetHandleVerifier [0x0137BE95+1400773]
	GetHandleVerifier [0x0137BB61+1399953]
	GetHandleVerifier [0x013831FA+1430314]
	GetHandleVerifier [0x0137C69F+1402831]
	Ordinal0 [0x01103D61+2112865]
	Ordinal0 [0x0110E5CB+2155979]
	Ordinal0 [0x0110E6F5+2156277]
	Ordinal0 [0x0111F26E+2224750]
	BaseThreadInitThunk [0x77896359+25]
	RtlGetAppContainerNamedObjectPath [0x77CE8944+228]
	RtlGetAppContainerNamedObjectPath [0x77CE8914+180]
">
      <![CDATA[org.openqa.selenium.SessionNotCreatedException: session not created: This version of ChromeDriver only supports Chrome version 86
Current browser version is 88.0.4324.150 with binary path C:\Program Files (x86)\Google\Chrome\Application\chrome.exe
Build info: version: '4.0.0-alpha-1', revision: 'd1d3728cae', time: '2019-04-24T13:42:21'
System info: host: 'Z3GAVSP1PU0041', ip: '10.99.37.191', os.name: 'Windows 10', os.arch: 'amd64', os.version: '10.0', java.version: '1.8.0_231'
Driver info: driver.version: Driver
remote stacktrace: Backtrace:
Ordinal0 [0x0120C013+3194899]
Ordinal0 [0x010F6021+2056225]
Ordinal0 [0x00F8F608+587272]
Ordinal0 [0x00F11BF3+72691]
Ordinal0 [0x00F0E229+57897]
Ordinal0 [0x00F0C64A+50762]
Ordinal0 [0x00F31EE9+204521]
Ordinal0 [0x00F31D0D+204045]
Ordinal0 [0x00F2FC1B+195611]
Ordinal0 [0x00F13B7F+80767]
Ordinal0 [0x00F14B4E+84814]
Ordinal0 [0x00F14AD9+84697]
Ordinal0 [0x0110CE64+2149988]
GetHandleVerifier [0x0137BE95+1400773]
GetHandleVerifier [0x0137BB61+1399953]
GetHandleVerifier [0x013831FA+1430314]
GetHandleVerifier [0x0137C69F+1402831]
Ordinal0 [0x01103D61+2112865]
Ordinal0 [0x0110E5CB+2155979]
Ordinal0 [0x0110E6F5+2156277]
Ordinal0 [0x0111F26E+2224750]
BaseThreadInitThunk [0x77896359+25]
RtlGetAppContainerNamedObjectPath [0x77CE8944+228]
RtlGetAppContainerNamedObjectPath [0x77CE8914+180]

at org.openqa.selenium.remote.W3CHandshakeResponse.lambda$errorHandler$0(W3CHandshakeResponse.java:62)
at org.openqa.selenium.remote.HandshakeResponse.lambda$getResponseFunction$0(HandshakeResponse.java:30)
at org.openqa.selenium.remote.ProtocolHandshake.lambda$createSession$0(ProtocolHandshake.java:126)
at java.util.stream.ReferencePipeline$3$1.accept(Unknown Source)
at java.util.Spliterators$ArraySpliterator.tryAdvance(Unknown Source)
at java.util.stream.ReferencePipeline.forEachWithCancel(Unknown Source)
at java.util.stream.AbstractPipeline.copyIntoWithCancel(Unknown Source)
at java.util.stream.AbstractPipeline.copyInto(Unknown Source)
at java.util.stream.AbstractPipeline.wrapAndCopyInto(Unknown Source)
at java.util.stream.FindOps$FindOp.evaluateSequential(Unknown Source)
at java.util.stream.AbstractPipeline.evaluate(Unknown Source)
at java.util.stream.ReferencePipeline.findFirst(Unknown Source)
at org.openqa.selenium.remote.ProtocolHandshake.createSession(ProtocolHandshake.java:128)
at org.openqa.selenium.remote.ProtocolHandshake.createSession(ProtocolHandshake.java:74)
at org.openqa.selenium.remote.HttpCommandExecutor.execute(HttpCommandExecutor.java:139)
at org.openqa.selenium.remote.service.DriverCommandExecutor.execute(DriverCommandExecutor.java:83)
at org.openqa.selenium.remote.RemoteWebDriver.execute(RemoteWebDriver.java:577)
at org.openqa.selenium.remote.RemoteWebDriver.startSession(RemoteWebDriver.java:211)
at org.openqa.selenium.remote.RemoteWebDriver.<init>(RemoteWebDriver.java:131)
at org.openqa.selenium.chrome.ChromeDriver.<init>(ChromeDriver.java:189)
at org.openqa.selenium.chrome.ChromeDriver.<init>(ChromeDriver.java:176)
at org.openqa.selenium.chrome.ChromeDriver.<init>(ChromeDriver.java:165)
at base.PreAndPost.beforeMethod(PreAndPost.java:85)
at driver.Driver.executeTestcase(Driver.java:68)
at java.util.ArrayList.forEach(Unknown Source)
... Removed 31 stack frames]]>
    </failure>
  </testcase> <!-- executeTestcase -->
  <testcase name="executeTestcase" time="2.008" classname="driver.Driver">
    <failure type="org.openqa.selenium.SessionNotCreatedException" message="session not created: This version of ChromeDriver only supports Chrome version 86
Current browser version is 88.0.4324.150 with binary path C:\Program Files (x86)\Google\Chrome\Application\chrome.exe
Build info: version: &amp;apos;4.0.0-alpha-1&amp;apos;, revision: &amp;apos;d1d3728cae&amp;apos;, time: &amp;apos;2019-04-24T13:42:21&amp;apos;
System info: host: &amp;apos;Z3GAVSP1PU0041&amp;apos;, ip: &amp;apos;10.99.37.191&amp;apos;, os.name: &amp;apos;Windows 10&amp;apos;, os.arch: &amp;apos;amd64&amp;apos;, os.version: &amp;apos;10.0&amp;apos;, java.version: &amp;apos;1.8.0_231&amp;apos;
Driver info: driver.version: Driver
remote stacktrace: Backtrace:
	Ordinal0 [0x0120C013+3194899]
	Ordinal0 [0x010F6021+2056225]
	Ordinal0 [0x00F8F608+587272]
	Ordinal0 [0x00F11BF3+72691]
	Ordinal0 [0x00F0E229+57897]
	Ordinal0 [0x00F0C64A+50762]
	Ordinal0 [0x00F31EE9+204521]
	Ordinal0 [0x00F31D0D+204045]
	Ordinal0 [0x00F2FC1B+195611]
	Ordinal0 [0x00F13B7F+80767]
	Ordinal0 [0x00F14B4E+84814]
	Ordinal0 [0x00F14AD9+84697]
	Ordinal0 [0x0110CE64+2149988]
	GetHandleVerifier [0x0137BE95+1400773]
	GetHandleVerifier [0x0137BB61+1399953]
	GetHandleVerifier [0x013831FA+1430314]
	GetHandleVerifier [0x0137C69F+1402831]
	Ordinal0 [0x01103D61+2112865]
	Ordinal0 [0x0110E5CB+2155979]
	Ordinal0 [0x0110E6F5+2156277]
	Ordinal0 [0x0111F26E+2224750]
	BaseThreadInitThunk [0x77896359+25]
	RtlGetAppContainerNamedObjectPath [0x77CE8944+228]
	RtlGetAppContainerNamedObjectPath [0x77CE8914+180]
">
      <![CDATA[org.openqa.selenium.SessionNotCreatedException: session not created: This version of ChromeDriver only supports Chrome version 86
Current browser version is 88.0.4324.150 with binary path C:\Program Files (x86)\Google\Chrome\Application\chrome.exe
Build info: version: '4.0.0-alpha-1', revision: 'd1d3728cae', time: '2019-04-24T13:42:21'
System info: host: 'Z3GAVSP1PU0041', ip: '10.99.37.191', os.name: 'Windows 10', os.arch: 'amd64', os.version: '10.0', java.version: '1.8.0_231'
Driver info: driver.version: Driver
remote stacktrace: Backtrace:
Ordinal0 [0x0120C013+3194899]
Ordinal0 [0x010F6021+2056225]
Ordinal0 [0x00F8F608+587272]
Ordinal0 [0x00F11BF3+72691]
Ordinal0 [0x00F0E229+57897]
Ordinal0 [0x00F0C64A+50762]
Ordinal0 [0x00F31EE9+204521]
Ordinal0 [0x00F31D0D+204045]
Ordinal0 [0x00F2FC1B+195611]
Ordinal0 [0x00F13B7F+80767]
Ordinal0 [0x00F14B4E+84814]
Ordinal0 [0x00F14AD9+84697]
Ordinal0 [0x0110CE64+2149988]
GetHandleVerifier [0x0137BE95+1400773]
GetHandleVerifier [0x0137BB61+1399953]
GetHandleVerifier [0x013831FA+1430314]
GetHandleVerifier [0x0137C69F+1402831]
Ordinal0 [0x01103D61+2112865]
Ordinal0 [0x0110E5CB+2155979]
Ordinal0 [0x0110E6F5+2156277]
Ordinal0 [0x0111F26E+2224750]
BaseThreadInitThunk [0x77896359+25]
RtlGetAppContainerNamedObjectPath [0x77CE8944+228]
RtlGetAppContainerNamedObjectPath [0x77CE8914+180]

at org.openqa.selenium.remote.W3CHandshakeResponse.lambda$errorHandler$0(W3CHandshakeResponse.java:62)
at org.openqa.selenium.remote.HandshakeResponse.lambda$getResponseFunction$0(HandshakeResponse.java:30)
at org.openqa.selenium.remote.ProtocolHandshake.lambda$createSession$0(ProtocolHandshake.java:126)
at java.util.stream.ReferencePipeline$3$1.accept(Unknown Source)
at java.util.Spliterators$ArraySpliterator.tryAdvance(Unknown Source)
at java.util.stream.ReferencePipeline.forEachWithCancel(Unknown Source)
at java.util.stream.AbstractPipeline.copyIntoWithCancel(Unknown Source)
at java.util.stream.AbstractPipeline.copyInto(Unknown Source)
at java.util.stream.AbstractPipeline.wrapAndCopyInto(Unknown Source)
at java.util.stream.FindOps$FindOp.evaluateSequential(Unknown Source)
at java.util.stream.AbstractPipeline.evaluate(Unknown Source)
at java.util.stream.ReferencePipeline.findFirst(Unknown Source)
at org.openqa.selenium.remote.ProtocolHandshake.createSession(ProtocolHandshake.java:128)
at org.openqa.selenium.remote.ProtocolHandshake.createSession(ProtocolHandshake.java:74)
at org.openqa.selenium.remote.HttpCommandExecutor.execute(HttpCommandExecutor.java:139)
at org.openqa.selenium.remote.service.DriverCommandExecutor.execute(DriverCommandExecutor.java:83)
at org.openqa.selenium.remote.RemoteWebDriver.execute(RemoteWebDriver.java:577)
at org.openqa.selenium.remote.RemoteWebDriver.startSession(RemoteWebDriver.java:211)
at org.openqa.selenium.remote.RemoteWebDriver.<init>(RemoteWebDriver.java:131)
at org.openqa.selenium.chrome.ChromeDriver.<init>(ChromeDriver.java:189)
at org.openqa.selenium.chrome.ChromeDriver.<init>(ChromeDriver.java:176)
at org.openqa.selenium.chrome.ChromeDriver.<init>(ChromeDriver.java:165)
at base.PreAndPost.beforeMethod(PreAndPost.java:85)
at driver.Driver.executeTestcase(Driver.java:68)
at java.util.ArrayList.forEach(Unknown Source)
... Removed 30 stack frames]]>
    </failure>
  </testcase> <!-- executeTestcase -->
  <testcase name="executeTestcase" time="1.972" classname="driver.Driver">
    <failure type="org.openqa.selenium.SessionNotCreatedException" message="session not created: This version of ChromeDriver only supports Chrome version 86
Current browser version is 88.0.4324.150 with binary path C:\Program Files (x86)\Google\Chrome\Application\chrome.exe
Build info: version: &amp;apos;4.0.0-alpha-1&amp;apos;, revision: &amp;apos;d1d3728cae&amp;apos;, time: &amp;apos;2019-04-24T13:42:21&amp;apos;
System info: host: &amp;apos;Z3GAVSP1PU0041&amp;apos;, ip: &amp;apos;10.99.37.191&amp;apos;, os.name: &amp;apos;Windows 10&amp;apos;, os.arch: &amp;apos;amd64&amp;apos;, os.version: &amp;apos;10.0&amp;apos;, java.version: &amp;apos;1.8.0_231&amp;apos;
Driver info: driver.version: Driver
remote stacktrace: Backtrace:
	Ordinal0 [0x0120C013+3194899]
	Ordinal0 [0x010F6021+2056225]
	Ordinal0 [0x00F8F608+587272]
	Ordinal0 [0x00F11BF3+72691]
	Ordinal0 [0x00F0E229+57897]
	Ordinal0 [0x00F0C64A+50762]
	Ordinal0 [0x00F31EE9+204521]
	Ordinal0 [0x00F31D0D+204045]
	Ordinal0 [0x00F2FC1B+195611]
	Ordinal0 [0x00F13B7F+80767]
	Ordinal0 [0x00F14B4E+84814]
	Ordinal0 [0x00F14AD9+84697]
	Ordinal0 [0x0110CE64+2149988]
	GetHandleVerifier [0x0137BE95+1400773]
	GetHandleVerifier [0x0137BB61+1399953]
	GetHandleVerifier [0x013831FA+1430314]
	GetHandleVerifier [0x0137C69F+1402831]
	Ordinal0 [0x01103D61+2112865]
	Ordinal0 [0x0110E5CB+2155979]
	Ordinal0 [0x0110E6F5+2156277]
	Ordinal0 [0x0111F26E+2224750]
	BaseThreadInitThunk [0x77896359+25]
	RtlGetAppContainerNamedObjectPath [0x77CE8944+228]
	RtlGetAppContainerNamedObjectPath [0x77CE8914+180]
">
      <![CDATA[org.openqa.selenium.SessionNotCreatedException: session not created: This version of ChromeDriver only supports Chrome version 86
Current browser version is 88.0.4324.150 with binary path C:\Program Files (x86)\Google\Chrome\Application\chrome.exe
Build info: version: '4.0.0-alpha-1', revision: 'd1d3728cae', time: '2019-04-24T13:42:21'
System info: host: 'Z3GAVSP1PU0041', ip: '10.99.37.191', os.name: 'Windows 10', os.arch: 'amd64', os.version: '10.0', java.version: '1.8.0_231'
Driver info: driver.version: Driver
remote stacktrace: Backtrace:
Ordinal0 [0x0120C013+3194899]
Ordinal0 [0x010F6021+2056225]
Ordinal0 [0x00F8F608+587272]
Ordinal0 [0x00F11BF3+72691]
Ordinal0 [0x00F0E229+57897]
Ordinal0 [0x00F0C64A+50762]
Ordinal0 [0x00F31EE9+204521]
Ordinal0 [0x00F31D0D+204045]
Ordinal0 [0x00F2FC1B+195611]
Ordinal0 [0x00F13B7F+80767]
Ordinal0 [0x00F14B4E+84814]
Ordinal0 [0x00F14AD9+84697]
Ordinal0 [0x0110CE64+2149988]
GetHandleVerifier [0x0137BE95+1400773]
GetHandleVerifier [0x0137BB61+1399953]
GetHandleVerifier [0x013831FA+1430314]
GetHandleVerifier [0x0137C69F+1402831]
Ordinal0 [0x01103D61+2112865]
Ordinal0 [0x0110E5CB+2155979]
Ordinal0 [0x0110E6F5+2156277]
Ordinal0 [0x0111F26E+2224750]
BaseThreadInitThunk [0x77896359+25]
RtlGetAppContainerNamedObjectPath [0x77CE8944+228]
RtlGetAppContainerNamedObjectPath [0x77CE8914+180]

at org.openqa.selenium.remote.W3CHandshakeResponse.lambda$errorHandler$0(W3CHandshakeResponse.java:62)
at org.openqa.selenium.remote.HandshakeResponse.lambda$getResponseFunction$0(HandshakeResponse.java:30)
at org.openqa.selenium.remote.ProtocolHandshake.lambda$createSession$0(ProtocolHandshake.java:126)
at java.util.stream.ReferencePipeline$3$1.accept(Unknown Source)
at java.util.Spliterators$ArraySpliterator.tryAdvance(Unknown Source)
at java.util.stream.ReferencePipeline.forEachWithCancel(Unknown Source)
at java.util.stream.AbstractPipeline.copyIntoWithCancel(Unknown Source)
at java.util.stream.AbstractPipeline.copyInto(Unknown Source)
at java.util.stream.AbstractPipeline.wrapAndCopyInto(Unknown Source)
at java.util.stream.FindOps$FindOp.evaluateSequential(Unknown Source)
at java.util.stream.AbstractPipeline.evaluate(Unknown Source)
at java.util.stream.ReferencePipeline.findFirst(Unknown Source)
at org.openqa.selenium.remote.ProtocolHandshake.createSession(ProtocolHandshake.java:128)
at org.openqa.selenium.remote.ProtocolHandshake.createSession(ProtocolHandshake.java:74)
at org.openqa.selenium.remote.HttpCommandExecutor.execute(HttpCommandExecutor.java:139)
at org.openqa.selenium.remote.service.DriverCommandExecutor.execute(DriverCommandExecutor.java:83)
at org.openqa.selenium.remote.RemoteWebDriver.execute(RemoteWebDriver.java:577)
at org.openqa.selenium.remote.RemoteWebDriver.startSession(RemoteWebDriver.java:211)
at org.openqa.selenium.remote.RemoteWebDriver.<init>(RemoteWebDriver.java:131)
at org.openqa.selenium.chrome.ChromeDriver.<init>(ChromeDriver.java:189)
at org.openqa.selenium.chrome.ChromeDriver.<init>(ChromeDriver.java:176)
at org.openqa.selenium.chrome.ChromeDriver.<init>(ChromeDriver.java:165)
at base.PreAndPost.beforeMethod(PreAndPost.java:85)
at driver.Driver.executeTestcase(Driver.java:68)
at java.util.ArrayList.forEach(Unknown Source)
... Removed 30 stack frames]]>
    </failure>
  </testcase> <!-- executeTestcase -->
  <testcase name="executeTestcase" time="2.005" classname="driver.Driver">
    <failure type="org.openqa.selenium.SessionNotCreatedException" message="session not created: This version of ChromeDriver only supports Chrome version 86
Current browser version is 88.0.4324.150 with binary path C:\Program Files (x86)\Google\Chrome\Application\chrome.exe
Build info: version: &amp;apos;4.0.0-alpha-1&amp;apos;, revision: &amp;apos;d1d3728cae&amp;apos;, time: &amp;apos;2019-04-24T13:42:21&amp;apos;
System info: host: &amp;apos;Z3GAVSP1PU0041&amp;apos;, ip: &amp;apos;10.99.37.191&amp;apos;, os.name: &amp;apos;Windows 10&amp;apos;, os.arch: &amp;apos;amd64&amp;apos;, os.version: &amp;apos;10.0&amp;apos;, java.version: &amp;apos;1.8.0_231&amp;apos;
Driver info: driver.version: Driver
remote stacktrace: Backtrace:
	Ordinal0 [0x0120C013+3194899]
	Ordinal0 [0x010F6021+2056225]
	Ordinal0 [0x00F8F608+587272]
	Ordinal0 [0x00F11BF3+72691]
	Ordinal0 [0x00F0E229+57897]
	Ordinal0 [0x00F0C64A+50762]
	Ordinal0 [0x00F31EE9+204521]
	Ordinal0 [0x00F31D0D+204045]
	Ordinal0 [0x00F2FC1B+195611]
	Ordinal0 [0x00F13B7F+80767]
	Ordinal0 [0x00F14B4E+84814]
	Ordinal0 [0x00F14AD9+84697]
	Ordinal0 [0x0110CE64+2149988]
	GetHandleVerifier [0x0137BE95+1400773]
	GetHandleVerifier [0x0137BB61+1399953]
	GetHandleVerifier [0x013831FA+1430314]
	GetHandleVerifier [0x0137C69F+1402831]
	Ordinal0 [0x01103D61+2112865]
	Ordinal0 [0x0110E5CB+2155979]
	Ordinal0 [0x0110E6F5+2156277]
	Ordinal0 [0x0111F26E+2224750]
	BaseThreadInitThunk [0x77896359+25]
	RtlGetAppContainerNamedObjectPath [0x77CE8944+228]
	RtlGetAppContainerNamedObjectPath [0x77CE8914+180]
">
      <![CDATA[org.openqa.selenium.SessionNotCreatedException: session not created: This version of ChromeDriver only supports Chrome version 86
Current browser version is 88.0.4324.150 with binary path C:\Program Files (x86)\Google\Chrome\Application\chrome.exe
Build info: version: '4.0.0-alpha-1', revision: 'd1d3728cae', time: '2019-04-24T13:42:21'
System info: host: 'Z3GAVSP1PU0041', ip: '10.99.37.191', os.name: 'Windows 10', os.arch: 'amd64', os.version: '10.0', java.version: '1.8.0_231'
Driver info: driver.version: Driver
remote stacktrace: Backtrace:
Ordinal0 [0x0120C013+3194899]
Ordinal0 [0x010F6021+2056225]
Ordinal0 [0x00F8F608+587272]
Ordinal0 [0x00F11BF3+72691]
Ordinal0 [0x00F0E229+57897]
Ordinal0 [0x00F0C64A+50762]
Ordinal0 [0x00F31EE9+204521]
Ordinal0 [0x00F31D0D+204045]
Ordinal0 [0x00F2FC1B+195611]
Ordinal0 [0x00F13B7F+80767]
Ordinal0 [0x00F14B4E+84814]
Ordinal0 [0x00F14AD9+84697]
Ordinal0 [0x0110CE64+2149988]
GetHandleVerifier [0x0137BE95+1400773]
GetHandleVerifier [0x0137BB61+1399953]
GetHandleVerifier [0x013831FA+1430314]
GetHandleVerifier [0x0137C69F+1402831]
Ordinal0 [0x01103D61+2112865]
Ordinal0 [0x0110E5CB+2155979]
Ordinal0 [0x0110E6F5+2156277]
Ordinal0 [0x0111F26E+2224750]
BaseThreadInitThunk [0x77896359+25]
RtlGetAppContainerNamedObjectPath [0x77CE8944+228]
RtlGetAppContainerNamedObjectPath [0x77CE8914+180]

at org.openqa.selenium.remote.W3CHandshakeResponse.lambda$errorHandler$0(W3CHandshakeResponse.java:62)
at org.openqa.selenium.remote.HandshakeResponse.lambda$getResponseFunction$0(HandshakeResponse.java:30)
at org.openqa.selenium.remote.ProtocolHandshake.lambda$createSession$0(ProtocolHandshake.java:126)
at java.util.stream.ReferencePipeline$3$1.accept(Unknown Source)
at java.util.Spliterators$ArraySpliterator.tryAdvance(Unknown Source)
at java.util.stream.ReferencePipeline.forEachWithCancel(Unknown Source)
at java.util.stream.AbstractPipeline.copyIntoWithCancel(Unknown Source)
at java.util.stream.AbstractPipeline.copyInto(Unknown Source)
at java.util.stream.AbstractPipeline.wrapAndCopyInto(Unknown Source)
at java.util.stream.FindOps$FindOp.evaluateSequential(Unknown Source)
at java.util.stream.AbstractPipeline.evaluate(Unknown Source)
at java.util.stream.ReferencePipeline.findFirst(Unknown Source)
at org.openqa.selenium.remote.ProtocolHandshake.createSession(ProtocolHandshake.java:128)
at org.openqa.selenium.remote.ProtocolHandshake.createSession(ProtocolHandshake.java:74)
at org.openqa.selenium.remote.HttpCommandExecutor.execute(HttpCommandExecutor.java:139)
at org.openqa.selenium.remote.service.DriverCommandExecutor.execute(DriverCommandExecutor.java:83)
at org.openqa.selenium.remote.RemoteWebDriver.execute(RemoteWebDriver.java:577)
at org.openqa.selenium.remote.RemoteWebDriver.startSession(RemoteWebDriver.java:211)
at org.openqa.selenium.remote.RemoteWebDriver.<init>(RemoteWebDriver.java:131)
at org.openqa.selenium.chrome.ChromeDriver.<init>(ChromeDriver.java:189)
at org.openqa.selenium.chrome.ChromeDriver.<init>(ChromeDriver.java:176)
at org.openqa.selenium.chrome.ChromeDriver.<init>(ChromeDriver.java:165)
at base.PreAndPost.beforeMethod(PreAndPost.java:85)
at driver.Driver.executeTestcase(Driver.java:68)
at java.util.ArrayList.forEach(Unknown Source)
... Removed 30 stack frames]]>
    </failure>
  </testcase> <!-- executeTestcase -->
  <testcase name="executeTestcase" time="2.0" classname="driver.Driver">
    <failure type="org.openqa.selenium.SessionNotCreatedException" message="session not created: This version of ChromeDriver only supports Chrome version 86
Current browser version is 88.0.4324.150 with binary path C:\Program Files (x86)\Google\Chrome\Application\chrome.exe
Build info: version: &amp;apos;4.0.0-alpha-1&amp;apos;, revision: &amp;apos;d1d3728cae&amp;apos;, time: &amp;apos;2019-04-24T13:42:21&amp;apos;
System info: host: &amp;apos;Z3GAVSP1PU0041&amp;apos;, ip: &amp;apos;10.99.37.191&amp;apos;, os.name: &amp;apos;Windows 10&amp;apos;, os.arch: &amp;apos;amd64&amp;apos;, os.version: &amp;apos;10.0&amp;apos;, java.version: &amp;apos;1.8.0_231&amp;apos;
Driver info: driver.version: Driver
remote stacktrace: Backtrace:
	Ordinal0 [0x0120C013+3194899]
	Ordinal0 [0x010F6021+2056225]
	Ordinal0 [0x00F8F608+587272]
	Ordinal0 [0x00F11BF3+72691]
	Ordinal0 [0x00F0E229+57897]
	Ordinal0 [0x00F0C64A+50762]
	Ordinal0 [0x00F31EE9+204521]
	Ordinal0 [0x00F31D0D+204045]
	Ordinal0 [0x00F2FC1B+195611]
	Ordinal0 [0x00F13B7F+80767]
	Ordinal0 [0x00F14B4E+84814]
	Ordinal0 [0x00F14AD9+84697]
	Ordinal0 [0x0110CE64+2149988]
	GetHandleVerifier [0x0137BE95+1400773]
	GetHandleVerifier [0x0137BB61+1399953]
	GetHandleVerifier [0x013831FA+1430314]
	GetHandleVerifier [0x0137C69F+1402831]
	Ordinal0 [0x01103D61+2112865]
	Ordinal0 [0x0110E5CB+2155979]
	Ordinal0 [0x0110E6F5+2156277]
	Ordinal0 [0x0111F26E+2224750]
	BaseThreadInitThunk [0x77896359+25]
	RtlGetAppContainerNamedObjectPath [0x77CE8944+228]
	RtlGetAppContainerNamedObjectPath [0x77CE8914+180]
">
      <![CDATA[org.openqa.selenium.SessionNotCreatedException: session not created: This version of ChromeDriver only supports Chrome version 86
Current browser version is 88.0.4324.150 with binary path C:\Program Files (x86)\Google\Chrome\Application\chrome.exe
Build info: version: '4.0.0-alpha-1', revision: 'd1d3728cae', time: '2019-04-24T13:42:21'
System info: host: 'Z3GAVSP1PU0041', ip: '10.99.37.191', os.name: 'Windows 10', os.arch: 'amd64', os.version: '10.0', java.version: '1.8.0_231'
Driver info: driver.version: Driver
remote stacktrace: Backtrace:
Ordinal0 [0x0120C013+3194899]
Ordinal0 [0x010F6021+2056225]
Ordinal0 [0x00F8F608+587272]
Ordinal0 [0x00F11BF3+72691]
Ordinal0 [0x00F0E229+57897]
Ordinal0 [0x00F0C64A+50762]
Ordinal0 [0x00F31EE9+204521]
Ordinal0 [0x00F31D0D+204045]
Ordinal0 [0x00F2FC1B+195611]
Ordinal0 [0x00F13B7F+80767]
Ordinal0 [0x00F14B4E+84814]
Ordinal0 [0x00F14AD9+84697]
Ordinal0 [0x0110CE64+2149988]
GetHandleVerifier [0x0137BE95+1400773]
GetHandleVerifier [0x0137BB61+1399953]
GetHandleVerifier [0x013831FA+1430314]
GetHandleVerifier [0x0137C69F+1402831]
Ordinal0 [0x01103D61+2112865]
Ordinal0 [0x0110E5CB+2155979]
Ordinal0 [0x0110E6F5+2156277]
Ordinal0 [0x0111F26E+2224750]
BaseThreadInitThunk [0x77896359+25]
RtlGetAppContainerNamedObjectPath [0x77CE8944+228]
RtlGetAppContainerNamedObjectPath [0x77CE8914+180]

at org.openqa.selenium.remote.W3CHandshakeResponse.lambda$errorHandler$0(W3CHandshakeResponse.java:62)
at org.openqa.selenium.remote.HandshakeResponse.lambda$getResponseFunction$0(HandshakeResponse.java:30)
at org.openqa.selenium.remote.ProtocolHandshake.lambda$createSession$0(ProtocolHandshake.java:126)
at java.util.stream.ReferencePipeline$3$1.accept(Unknown Source)
at java.util.Spliterators$ArraySpliterator.tryAdvance(Unknown Source)
at java.util.stream.ReferencePipeline.forEachWithCancel(Unknown Source)
at java.util.stream.AbstractPipeline.copyIntoWithCancel(Unknown Source)
at java.util.stream.AbstractPipeline.copyInto(Unknown Source)
at java.util.stream.AbstractPipeline.wrapAndCopyInto(Unknown Source)
at java.util.stream.FindOps$FindOp.evaluateSequential(Unknown Source)
at java.util.stream.AbstractPipeline.evaluate(Unknown Source)
at java.util.stream.ReferencePipeline.findFirst(Unknown Source)
at org.openqa.selenium.remote.ProtocolHandshake.createSession(ProtocolHandshake.java:128)
at org.openqa.selenium.remote.ProtocolHandshake.createSession(ProtocolHandshake.java:74)
at org.openqa.selenium.remote.HttpCommandExecutor.execute(HttpCommandExecutor.java:139)
at org.openqa.selenium.remote.service.DriverCommandExecutor.execute(DriverCommandExecutor.java:83)
at org.openqa.selenium.remote.RemoteWebDriver.execute(RemoteWebDriver.java:577)
at org.openqa.selenium.remote.RemoteWebDriver.startSession(RemoteWebDriver.java:211)
at org.openqa.selenium.remote.RemoteWebDriver.<init>(RemoteWebDriver.java:131)
at org.openqa.selenium.chrome.ChromeDriver.<init>(ChromeDriver.java:189)
at org.openqa.selenium.chrome.ChromeDriver.<init>(ChromeDriver.java:176)
at org.openqa.selenium.chrome.ChromeDriver.<init>(ChromeDriver.java:165)
at base.PreAndPost.beforeMethod(PreAndPost.java:85)
at driver.Driver.executeTestcase(Driver.java:68)
at java.util.ArrayList.forEach(Unknown Source)
... Removed 30 stack frames]]>
    </failure>
  </testcase> <!-- executeTestcase -->
  <testcase name="executeTestcase" time="2.039" classname="driver.Driver">
    <failure type="org.openqa.selenium.SessionNotCreatedException" message="session not created: This version of ChromeDriver only supports Chrome version 86
Current browser version is 88.0.4324.150 with binary path C:\Program Files (x86)\Google\Chrome\Application\chrome.exe
Build info: version: &amp;apos;4.0.0-alpha-1&amp;apos;, revision: &amp;apos;d1d3728cae&amp;apos;, time: &amp;apos;2019-04-24T13:42:21&amp;apos;
System info: host: &amp;apos;Z3GAVSP1PU0041&amp;apos;, ip: &amp;apos;10.99.37.191&amp;apos;, os.name: &amp;apos;Windows 10&amp;apos;, os.arch: &amp;apos;amd64&amp;apos;, os.version: &amp;apos;10.0&amp;apos;, java.version: &amp;apos;1.8.0_231&amp;apos;
Driver info: driver.version: Driver
remote stacktrace: Backtrace:
	Ordinal0 [0x0120C013+3194899]
	Ordinal0 [0x010F6021+2056225]
	Ordinal0 [0x00F8F608+587272]
	Ordinal0 [0x00F11BF3+72691]
	Ordinal0 [0x00F0E229+57897]
	Ordinal0 [0x00F0C64A+50762]
	Ordinal0 [0x00F31EE9+204521]
	Ordinal0 [0x00F31D0D+204045]
	Ordinal0 [0x00F2FC1B+195611]
	Ordinal0 [0x00F13B7F+80767]
	Ordinal0 [0x00F14B4E+84814]
	Ordinal0 [0x00F14AD9+84697]
	Ordinal0 [0x0110CE64+2149988]
	GetHandleVerifier [0x0137BE95+1400773]
	GetHandleVerifier [0x0137BB61+1399953]
	GetHandleVerifier [0x013831FA+1430314]
	GetHandleVerifier [0x0137C69F+1402831]
	Ordinal0 [0x01103D61+2112865]
	Ordinal0 [0x0110E5CB+2155979]
	Ordinal0 [0x0110E6F5+2156277]
	Ordinal0 [0x0111F26E+2224750]
	BaseThreadInitThunk [0x77896359+25]
	RtlGetAppContainerNamedObjectPath [0x77CE8944+228]
	RtlGetAppContainerNamedObjectPath [0x77CE8914+180]
">
      <![CDATA[org.openqa.selenium.SessionNotCreatedException: session not created: This version of ChromeDriver only supports Chrome version 86
Current browser version is 88.0.4324.150 with binary path C:\Program Files (x86)\Google\Chrome\Application\chrome.exe
Build info: version: '4.0.0-alpha-1', revision: 'd1d3728cae', time: '2019-04-24T13:42:21'
System info: host: 'Z3GAVSP1PU0041', ip: '10.99.37.191', os.name: 'Windows 10', os.arch: 'amd64', os.version: '10.0', java.version: '1.8.0_231'
Driver info: driver.version: Driver
remote stacktrace: Backtrace:
Ordinal0 [0x0120C013+3194899]
Ordinal0 [0x010F6021+2056225]
Ordinal0 [0x00F8F608+587272]
Ordinal0 [0x00F11BF3+72691]
Ordinal0 [0x00F0E229+57897]
Ordinal0 [0x00F0C64A+50762]
Ordinal0 [0x00F31EE9+204521]
Ordinal0 [0x00F31D0D+204045]
Ordinal0 [0x00F2FC1B+195611]
Ordinal0 [0x00F13B7F+80767]
Ordinal0 [0x00F14B4E+84814]
Ordinal0 [0x00F14AD9+84697]
Ordinal0 [0x0110CE64+2149988]
GetHandleVerifier [0x0137BE95+1400773]
GetHandleVerifier [0x0137BB61+1399953]
GetHandleVerifier [0x013831FA+1430314]
GetHandleVerifier [0x0137C69F+1402831]
Ordinal0 [0x01103D61+2112865]
Ordinal0 [0x0110E5CB+2155979]
Ordinal0 [0x0110E6F5+2156277]
Ordinal0 [0x0111F26E+2224750]
BaseThreadInitThunk [0x77896359+25]
RtlGetAppContainerNamedObjectPath [0x77CE8944+228]
RtlGetAppContainerNamedObjectPath [0x77CE8914+180]

at org.openqa.selenium.remote.W3CHandshakeResponse.lambda$errorHandler$0(W3CHandshakeResponse.java:62)
at org.openqa.selenium.remote.HandshakeResponse.lambda$getResponseFunction$0(HandshakeResponse.java:30)
at org.openqa.selenium.remote.ProtocolHandshake.lambda$createSession$0(ProtocolHandshake.java:126)
at java.util.stream.ReferencePipeline$3$1.accept(Unknown Source)
at java.util.Spliterators$ArraySpliterator.tryAdvance(Unknown Source)
at java.util.stream.ReferencePipeline.forEachWithCancel(Unknown Source)
at java.util.stream.AbstractPipeline.copyIntoWithCancel(Unknown Source)
at java.util.stream.AbstractPipeline.copyInto(Unknown Source)
at java.util.stream.AbstractPipeline.wrapAndCopyInto(Unknown Source)
at java.util.stream.FindOps$FindOp.evaluateSequential(Unknown Source)
at java.util.stream.AbstractPipeline.evaluate(Unknown Source)
at java.util.stream.ReferencePipeline.findFirst(Unknown Source)
at org.openqa.selenium.remote.ProtocolHandshake.createSession(ProtocolHandshake.java:128)
at org.openqa.selenium.remote.ProtocolHandshake.createSession(ProtocolHandshake.java:74)
at org.openqa.selenium.remote.HttpCommandExecutor.execute(HttpCommandExecutor.java:139)
at org.openqa.selenium.remote.service.DriverCommandExecutor.execute(DriverCommandExecutor.java:83)
at org.openqa.selenium.remote.RemoteWebDriver.execute(RemoteWebDriver.java:577)
at org.openqa.selenium.remote.RemoteWebDriver.startSession(RemoteWebDriver.java:211)
at org.openqa.selenium.remote.RemoteWebDriver.<init>(RemoteWebDriver.java:131)
at org.openqa.selenium.chrome.ChromeDriver.<init>(ChromeDriver.java:189)
at org.openqa.selenium.chrome.ChromeDriver.<init>(ChromeDriver.java:176)
at org.openqa.selenium.chrome.ChromeDriver.<init>(ChromeDriver.java:165)
at base.PreAndPost.beforeMethod(PreAndPost.java:85)
at driver.Driver.executeTestcase(Driver.java:68)
at java.util.ArrayList.forEach(Unknown Source)
... Removed 30 stack frames]]>
    </failure>
  </testcase> <!-- executeTestcase -->
  <testcase name="executeTestcase" time="1.996" classname="driver.Driver">
    <failure type="org.openqa.selenium.SessionNotCreatedException" message="session not created: This version of ChromeDriver only supports Chrome version 86
Current browser version is 88.0.4324.150 with binary path C:\Program Files (x86)\Google\Chrome\Application\chrome.exe
Build info: version: &amp;apos;4.0.0-alpha-1&amp;apos;, revision: &amp;apos;d1d3728cae&amp;apos;, time: &amp;apos;2019-04-24T13:42:21&amp;apos;
System info: host: &amp;apos;Z3GAVSP1PU0041&amp;apos;, ip: &amp;apos;10.99.37.191&amp;apos;, os.name: &amp;apos;Windows 10&amp;apos;, os.arch: &amp;apos;amd64&amp;apos;, os.version: &amp;apos;10.0&amp;apos;, java.version: &amp;apos;1.8.0_231&amp;apos;
Driver info: driver.version: Driver
remote stacktrace: Backtrace:
	Ordinal0 [0x0120C013+3194899]
	Ordinal0 [0x010F6021+2056225]
	Ordinal0 [0x00F8F608+587272]
	Ordinal0 [0x00F11BF3+72691]
	Ordinal0 [0x00F0E229+57897]
	Ordinal0 [0x00F0C64A+50762]
	Ordinal0 [0x00F31EE9+204521]
	Ordinal0 [0x00F31D0D+204045]
	Ordinal0 [0x00F2FC1B+195611]
	Ordinal0 [0x00F13B7F+80767]
	Ordinal0 [0x00F14B4E+84814]
	Ordinal0 [0x00F14AD9+84697]
	Ordinal0 [0x0110CE64+2149988]
	GetHandleVerifier [0x0137BE95+1400773]
	GetHandleVerifier [0x0137BB61+1399953]
	GetHandleVerifier [0x013831FA+1430314]
	GetHandleVerifier [0x0137C69F+1402831]
	Ordinal0 [0x01103D61+2112865]
	Ordinal0 [0x0110E5CB+2155979]
	Ordinal0 [0x0110E6F5+2156277]
	Ordinal0 [0x0111F26E+2224750]
	BaseThreadInitThunk [0x77896359+25]
	RtlGetAppContainerNamedObjectPath [0x77CE8944+228]
	RtlGetAppContainerNamedObjectPath [0x77CE8914+180]
">
      <![CDATA[org.openqa.selenium.SessionNotCreatedException: session not created: This version of ChromeDriver only supports Chrome version 86
Current browser version is 88.0.4324.150 with binary path C:\Program Files (x86)\Google\Chrome\Application\chrome.exe
Build info: version: '4.0.0-alpha-1', revision: 'd1d3728cae', time: '2019-04-24T13:42:21'
System info: host: 'Z3GAVSP1PU0041', ip: '10.99.37.191', os.name: 'Windows 10', os.arch: 'amd64', os.version: '10.0', java.version: '1.8.0_231'
Driver info: driver.version: Driver
remote stacktrace: Backtrace:
Ordinal0 [0x0120C013+3194899]
Ordinal0 [0x010F6021+2056225]
Ordinal0 [0x00F8F608+587272]
Ordinal0 [0x00F11BF3+72691]
Ordinal0 [0x00F0E229+57897]
Ordinal0 [0x00F0C64A+50762]
Ordinal0 [0x00F31EE9+204521]
Ordinal0 [0x00F31D0D+204045]
Ordinal0 [0x00F2FC1B+195611]
Ordinal0 [0x00F13B7F+80767]
Ordinal0 [0x00F14B4E+84814]
Ordinal0 [0x00F14AD9+84697]
Ordinal0 [0x0110CE64+2149988]
GetHandleVerifier [0x0137BE95+1400773]
GetHandleVerifier [0x0137BB61+1399953]
GetHandleVerifier [0x013831FA+1430314]
GetHandleVerifier [0x0137C69F+1402831]
Ordinal0 [0x01103D61+2112865]
Ordinal0 [0x0110E5CB+2155979]
Ordinal0 [0x0110E6F5+2156277]
Ordinal0 [0x0111F26E+2224750]
BaseThreadInitThunk [0x77896359+25]
RtlGetAppContainerNamedObjectPath [0x77CE8944+228]
RtlGetAppContainerNamedObjectPath [0x77CE8914+180]

at org.openqa.selenium.remote.W3CHandshakeResponse.lambda$errorHandler$0(W3CHandshakeResponse.java:62)
at org.openqa.selenium.remote.HandshakeResponse.lambda$getResponseFunction$0(HandshakeResponse.java:30)
at org.openqa.selenium.remote.ProtocolHandshake.lambda$createSession$0(ProtocolHandshake.java:126)
at java.util.stream.ReferencePipeline$3$1.accept(Unknown Source)
at java.util.Spliterators$ArraySpliterator.tryAdvance(Unknown Source)
at java.util.stream.ReferencePipeline.forEachWithCancel(Unknown Source)
at java.util.stream.AbstractPipeline.copyIntoWithCancel(Unknown Source)
at java.util.stream.AbstractPipeline.copyInto(Unknown Source)
at java.util.stream.AbstractPipeline.wrapAndCopyInto(Unknown Source)
at java.util.stream.FindOps$FindOp.evaluateSequential(Unknown Source)
at java.util.stream.AbstractPipeline.evaluate(Unknown Source)
at java.util.stream.ReferencePipeline.findFirst(Unknown Source)
at org.openqa.selenium.remote.ProtocolHandshake.createSession(ProtocolHandshake.java:128)
at org.openqa.selenium.remote.ProtocolHandshake.createSession(ProtocolHandshake.java:74)
at org.openqa.selenium.remote.HttpCommandExecutor.execute(HttpCommandExecutor.java:139)
at org.openqa.selenium.remote.service.DriverCommandExecutor.execute(DriverCommandExecutor.java:83)
at org.openqa.selenium.remote.RemoteWebDriver.execute(RemoteWebDriver.java:577)
at org.openqa.selenium.remote.RemoteWebDriver.startSession(RemoteWebDriver.java:211)
at org.openqa.selenium.remote.RemoteWebDriver.<init>(RemoteWebDriver.java:131)
at org.openqa.selenium.chrome.ChromeDriver.<init>(ChromeDriver.java:189)
at org.openqa.selenium.chrome.ChromeDriver.<init>(ChromeDriver.java:176)
at org.openqa.selenium.chrome.ChromeDriver.<init>(ChromeDriver.java:165)
at base.PreAndPost.beforeMethod(PreAndPost.java:85)
at driver.Driver.executeTestcase(Driver.java:68)
at java.util.ArrayList.forEach(Unknown Source)
... Removed 30 stack frames]]>
    </failure>
  </testcase> <!-- executeTestcase -->
  <testcase name="executeTestcase" time="1.977" classname="driver.Driver">
    <failure type="org.openqa.selenium.SessionNotCreatedException" message="session not created: This version of ChromeDriver only supports Chrome version 86
Current browser version is 88.0.4324.150 with binary path C:\Program Files (x86)\Google\Chrome\Application\chrome.exe
Build info: version: &amp;apos;4.0.0-alpha-1&amp;apos;, revision: &amp;apos;d1d3728cae&amp;apos;, time: &amp;apos;2019-04-24T13:42:21&amp;apos;
System info: host: &amp;apos;Z3GAVSP1PU0041&amp;apos;, ip: &amp;apos;10.99.37.191&amp;apos;, os.name: &amp;apos;Windows 10&amp;apos;, os.arch: &amp;apos;amd64&amp;apos;, os.version: &amp;apos;10.0&amp;apos;, java.version: &amp;apos;1.8.0_231&amp;apos;
Driver info: driver.version: Driver
remote stacktrace: Backtrace:
	Ordinal0 [0x0120C013+3194899]
	Ordinal0 [0x010F6021+2056225]
	Ordinal0 [0x00F8F608+587272]
	Ordinal0 [0x00F11BF3+72691]
	Ordinal0 [0x00F0E229+57897]
	Ordinal0 [0x00F0C64A+50762]
	Ordinal0 [0x00F31EE9+204521]
	Ordinal0 [0x00F31D0D+204045]
	Ordinal0 [0x00F2FC1B+195611]
	Ordinal0 [0x00F13B7F+80767]
	Ordinal0 [0x00F14B4E+84814]
	Ordinal0 [0x00F14AD9+84697]
	Ordinal0 [0x0110CE64+2149988]
	GetHandleVerifier [0x0137BE95+1400773]
	GetHandleVerifier [0x0137BB61+1399953]
	GetHandleVerifier [0x013831FA+1430314]
	GetHandleVerifier [0x0137C69F+1402831]
	Ordinal0 [0x01103D61+2112865]
	Ordinal0 [0x0110E5CB+2155979]
	Ordinal0 [0x0110E6F5+2156277]
	Ordinal0 [0x0111F26E+2224750]
	BaseThreadInitThunk [0x77896359+25]
	RtlGetAppContainerNamedObjectPath [0x77CE8944+228]
	RtlGetAppContainerNamedObjectPath [0x77CE8914+180]
">
      <![CDATA[org.openqa.selenium.SessionNotCreatedException: session not created: This version of ChromeDriver only supports Chrome version 86
Current browser version is 88.0.4324.150 with binary path C:\Program Files (x86)\Google\Chrome\Application\chrome.exe
Build info: version: '4.0.0-alpha-1', revision: 'd1d3728cae', time: '2019-04-24T13:42:21'
System info: host: 'Z3GAVSP1PU0041', ip: '10.99.37.191', os.name: 'Windows 10', os.arch: 'amd64', os.version: '10.0', java.version: '1.8.0_231'
Driver info: driver.version: Driver
remote stacktrace: Backtrace:
Ordinal0 [0x0120C013+3194899]
Ordinal0 [0x010F6021+2056225]
Ordinal0 [0x00F8F608+587272]
Ordinal0 [0x00F11BF3+72691]
Ordinal0 [0x00F0E229+57897]
Ordinal0 [0x00F0C64A+50762]
Ordinal0 [0x00F31EE9+204521]
Ordinal0 [0x00F31D0D+204045]
Ordinal0 [0x00F2FC1B+195611]
Ordinal0 [0x00F13B7F+80767]
Ordinal0 [0x00F14B4E+84814]
Ordinal0 [0x00F14AD9+84697]
Ordinal0 [0x0110CE64+2149988]
GetHandleVerifier [0x0137BE95+1400773]
GetHandleVerifier [0x0137BB61+1399953]
GetHandleVerifier [0x013831FA+1430314]
GetHandleVerifier [0x0137C69F+1402831]
Ordinal0 [0x01103D61+2112865]
Ordinal0 [0x0110E5CB+2155979]
Ordinal0 [0x0110E6F5+2156277]
Ordinal0 [0x0111F26E+2224750]
BaseThreadInitThunk [0x77896359+25]
RtlGetAppContainerNamedObjectPath [0x77CE8944+228]
RtlGetAppContainerNamedObjectPath [0x77CE8914+180]

at org.openqa.selenium.remote.W3CHandshakeResponse.lambda$errorHandler$0(W3CHandshakeResponse.java:62)
at org.openqa.selenium.remote.HandshakeResponse.lambda$getResponseFunction$0(HandshakeResponse.java:30)
at org.openqa.selenium.remote.ProtocolHandshake.lambda$createSession$0(ProtocolHandshake.java:126)
at java.util.stream.ReferencePipeline$3$1.accept(Unknown Source)
at java.util.Spliterators$ArraySpliterator.tryAdvance(Unknown Source)
at java.util.stream.ReferencePipeline.forEachWithCancel(Unknown Source)
at java.util.stream.AbstractPipeline.copyIntoWithCancel(Unknown Source)
at java.util.stream.AbstractPipeline.copyInto(Unknown Source)
at java.util.stream.AbstractPipeline.wrapAndCopyInto(Unknown Source)
at java.util.stream.FindOps$FindOp.evaluateSequential(Unknown Source)
at java.util.stream.AbstractPipeline.evaluate(Unknown Source)
at java.util.stream.ReferencePipeline.findFirst(Unknown Source)
at org.openqa.selenium.remote.ProtocolHandshake.createSession(ProtocolHandshake.java:128)
at org.openqa.selenium.remote.ProtocolHandshake.createSession(ProtocolHandshake.java:74)
at org.openqa.selenium.remote.HttpCommandExecutor.execute(HttpCommandExecutor.java:139)
at org.openqa.selenium.remote.service.DriverCommandExecutor.execute(DriverCommandExecutor.java:83)
at org.openqa.selenium.remote.RemoteWebDriver.execute(RemoteWebDriver.java:577)
at org.openqa.selenium.remote.RemoteWebDriver.startSession(RemoteWebDriver.java:211)
at org.openqa.selenium.remote.RemoteWebDriver.<init>(RemoteWebDriver.java:131)
at org.openqa.selenium.chrome.ChromeDriver.<init>(ChromeDriver.java:189)
at org.openqa.selenium.chrome.ChromeDriver.<init>(ChromeDriver.java:176)
at org.openqa.selenium.chrome.ChromeDriver.<init>(ChromeDriver.java:165)
at base.PreAndPost.beforeMethod(PreAndPost.java:85)
at driver.Driver.executeTestcase(Driver.java:68)
at java.util.ArrayList.forEach(Unknown Source)
... Removed 30 stack frames]]>
    </failure>
  </testcase> <!-- executeTestcase -->
  <testcase name="executeTestcase" time="2.118" classname="driver.Driver">
    <failure type="org.openqa.selenium.SessionNotCreatedException" message="session not created: This version of ChromeDriver only supports Chrome version 86
Current browser version is 88.0.4324.150 with binary path C:\Program Files (x86)\Google\Chrome\Application\chrome.exe
Build info: version: &amp;apos;4.0.0-alpha-1&amp;apos;, revision: &amp;apos;d1d3728cae&amp;apos;, time: &amp;apos;2019-04-24T13:42:21&amp;apos;
System info: host: &amp;apos;Z3GAVSP1PU0041&amp;apos;, ip: &amp;apos;10.99.37.191&amp;apos;, os.name: &amp;apos;Windows 10&amp;apos;, os.arch: &amp;apos;amd64&amp;apos;, os.version: &amp;apos;10.0&amp;apos;, java.version: &amp;apos;1.8.0_231&amp;apos;
Driver info: driver.version: Driver
remote stacktrace: Backtrace:
	Ordinal0 [0x0120C013+3194899]
	Ordinal0 [0x010F6021+2056225]
	Ordinal0 [0x00F8F608+587272]
	Ordinal0 [0x00F11BF3+72691]
	Ordinal0 [0x00F0E229+57897]
	Ordinal0 [0x00F0C64A+50762]
	Ordinal0 [0x00F31EE9+204521]
	Ordinal0 [0x00F31D0D+204045]
	Ordinal0 [0x00F2FC1B+195611]
	Ordinal0 [0x00F13B7F+80767]
	Ordinal0 [0x00F14B4E+84814]
	Ordinal0 [0x00F14AD9+84697]
	Ordinal0 [0x0110CE64+2149988]
	GetHandleVerifier [0x0137BE95+1400773]
	GetHandleVerifier [0x0137BB61+1399953]
	GetHandleVerifier [0x013831FA+1430314]
	GetHandleVerifier [0x0137C69F+1402831]
	Ordinal0 [0x01103D61+2112865]
	Ordinal0 [0x0110E5CB+2155979]
	Ordinal0 [0x0110E6F5+2156277]
	Ordinal0 [0x0111F26E+2224750]
	BaseThreadInitThunk [0x77896359+25]
	RtlGetAppContainerNamedObjectPath [0x77CE8944+228]
	RtlGetAppContainerNamedObjectPath [0x77CE8914+180]
">
      <![CDATA[org.openqa.selenium.SessionNotCreatedException: session not created: This version of ChromeDriver only supports Chrome version 86
Current browser version is 88.0.4324.150 with binary path C:\Program Files (x86)\Google\Chrome\Application\chrome.exe
Build info: version: '4.0.0-alpha-1', revision: 'd1d3728cae', time: '2019-04-24T13:42:21'
System info: host: 'Z3GAVSP1PU0041', ip: '10.99.37.191', os.name: 'Windows 10', os.arch: 'amd64', os.version: '10.0', java.version: '1.8.0_231'
Driver info: driver.version: Driver
remote stacktrace: Backtrace:
Ordinal0 [0x0120C013+3194899]
Ordinal0 [0x010F6021+2056225]
Ordinal0 [0x00F8F608+587272]
Ordinal0 [0x00F11BF3+72691]
Ordinal0 [0x00F0E229+57897]
Ordinal0 [0x00F0C64A+50762]
Ordinal0 [0x00F31EE9+204521]
Ordinal0 [0x00F31D0D+204045]
Ordinal0 [0x00F2FC1B+195611]
Ordinal0 [0x00F13B7F+80767]
Ordinal0 [0x00F14B4E+84814]
Ordinal0 [0x00F14AD9+84697]
Ordinal0 [0x0110CE64+2149988]
GetHandleVerifier [0x0137BE95+1400773]
GetHandleVerifier [0x0137BB61+1399953]
GetHandleVerifier [0x013831FA+1430314]
GetHandleVerifier [0x0137C69F+1402831]
Ordinal0 [0x01103D61+2112865]
Ordinal0 [0x0110E5CB+2155979]
Ordinal0 [0x0110E6F5+2156277]
Ordinal0 [0x0111F26E+2224750]
BaseThreadInitThunk [0x77896359+25]
RtlGetAppContainerNamedObjectPath [0x77CE8944+228]
RtlGetAppContainerNamedObjectPath [0x77CE8914+180]

at org.openqa.selenium.remote.W3CHandshakeResponse.lambda$errorHandler$0(W3CHandshakeResponse.java:62)
at org.openqa.selenium.remote.HandshakeResponse.lambda$getResponseFunction$0(HandshakeResponse.java:30)
at org.openqa.selenium.remote.ProtocolHandshake.lambda$createSession$0(ProtocolHandshake.java:126)
at java.util.stream.ReferencePipeline$3$1.accept(Unknown Source)
at java.util.Spliterators$ArraySpliterator.tryAdvance(Unknown Source)
at java.util.stream.ReferencePipeline.forEachWithCancel(Unknown Source)
at java.util.stream.AbstractPipeline.copyIntoWithCancel(Unknown Source)
at java.util.stream.AbstractPipeline.copyInto(Unknown Source)
at java.util.stream.AbstractPipeline.wrapAndCopyInto(Unknown Source)
at java.util.stream.FindOps$FindOp.evaluateSequential(Unknown Source)
at java.util.stream.AbstractPipeline.evaluate(Unknown Source)
at java.util.stream.ReferencePipeline.findFirst(Unknown Source)
at org.openqa.selenium.remote.ProtocolHandshake.createSession(ProtocolHandshake.java:128)
at org.openqa.selenium.remote.ProtocolHandshake.createSession(ProtocolHandshake.java:74)
at org.openqa.selenium.remote.HttpCommandExecutor.execute(HttpCommandExecutor.java:139)
at org.openqa.selenium.remote.service.DriverCommandExecutor.execute(DriverCommandExecutor.java:83)
at org.openqa.selenium.remote.RemoteWebDriver.execute(RemoteWebDriver.java:577)
at org.openqa.selenium.remote.RemoteWebDriver.startSession(RemoteWebDriver.java:211)
at org.openqa.selenium.remote.RemoteWebDriver.<init>(RemoteWebDriver.java:131)
at org.openqa.selenium.chrome.ChromeDriver.<init>(ChromeDriver.java:189)
at org.openqa.selenium.chrome.ChromeDriver.<init>(ChromeDriver.java:176)
at org.openqa.selenium.chrome.ChromeDriver.<init>(ChromeDriver.java:165)
at base.PreAndPost.beforeMethod(PreAndPost.java:85)
at driver.Driver.executeTestcase(Driver.java:68)
at java.util.ArrayList.forEach(Unknown Source)
... Removed 30 stack frames]]>
    </failure>
  </testcase> <!-- executeTestcase -->
  <testcase name="executeTestcase" time="1.98" classname="driver.Driver">
    <failure type="org.openqa.selenium.SessionNotCreatedException" message="session not created: This version of ChromeDriver only supports Chrome version 86
Current browser version is 88.0.4324.150 with binary path C:\Program Files (x86)\Google\Chrome\Application\chrome.exe
Build info: version: &amp;apos;4.0.0-alpha-1&amp;apos;, revision: &amp;apos;d1d3728cae&amp;apos;, time: &amp;apos;2019-04-24T13:42:21&amp;apos;
System info: host: &amp;apos;Z3GAVSP1PU0041&amp;apos;, ip: &amp;apos;10.99.37.191&amp;apos;, os.name: &amp;apos;Windows 10&amp;apos;, os.arch: &amp;apos;amd64&amp;apos;, os.version: &amp;apos;10.0&amp;apos;, java.version: &amp;apos;1.8.0_231&amp;apos;
Driver info: driver.version: Driver
remote stacktrace: Backtrace:
	Ordinal0 [0x0120C013+3194899]
	Ordinal0 [0x010F6021+2056225]
	Ordinal0 [0x00F8F608+587272]
	Ordinal0 [0x00F11BF3+72691]
	Ordinal0 [0x00F0E229+57897]
	Ordinal0 [0x00F0C64A+50762]
	Ordinal0 [0x00F31EE9+204521]
	Ordinal0 [0x00F31D0D+204045]
	Ordinal0 [0x00F2FC1B+195611]
	Ordinal0 [0x00F13B7F+80767]
	Ordinal0 [0x00F14B4E+84814]
	Ordinal0 [0x00F14AD9+84697]
	Ordinal0 [0x0110CE64+2149988]
	GetHandleVerifier [0x0137BE95+1400773]
	GetHandleVerifier [0x0137BB61+1399953]
	GetHandleVerifier [0x013831FA+1430314]
	GetHandleVerifier [0x0137C69F+1402831]
	Ordinal0 [0x01103D61+2112865]
	Ordinal0 [0x0110E5CB+2155979]
	Ordinal0 [0x0110E6F5+2156277]
	Ordinal0 [0x0111F26E+2224750]
	BaseThreadInitThunk [0x77896359+25]
	RtlGetAppContainerNamedObjectPath [0x77CE8944+228]
	RtlGetAppContainerNamedObjectPath [0x77CE8914+180]
">
      <![CDATA[org.openqa.selenium.SessionNotCreatedException: session not created: This version of ChromeDriver only supports Chrome version 86
Current browser version is 88.0.4324.150 with binary path C:\Program Files (x86)\Google\Chrome\Application\chrome.exe
Build info: version: '4.0.0-alpha-1', revision: 'd1d3728cae', time: '2019-04-24T13:42:21'
System info: host: 'Z3GAVSP1PU0041', ip: '10.99.37.191', os.name: 'Windows 10', os.arch: 'amd64', os.version: '10.0', java.version: '1.8.0_231'
Driver info: driver.version: Driver
remote stacktrace: Backtrace:
Ordinal0 [0x0120C013+3194899]
Ordinal0 [0x010F6021+2056225]
Ordinal0 [0x00F8F608+587272]
Ordinal0 [0x00F11BF3+72691]
Ordinal0 [0x00F0E229+57897]
Ordinal0 [0x00F0C64A+50762]
Ordinal0 [0x00F31EE9+204521]
Ordinal0 [0x00F31D0D+204045]
Ordinal0 [0x00F2FC1B+195611]
Ordinal0 [0x00F13B7F+80767]
Ordinal0 [0x00F14B4E+84814]
Ordinal0 [0x00F14AD9+84697]
Ordinal0 [0x0110CE64+2149988]
GetHandleVerifier [0x0137BE95+1400773]
GetHandleVerifier [0x0137BB61+1399953]
GetHandleVerifier [0x013831FA+1430314]
GetHandleVerifier [0x0137C69F+1402831]
Ordinal0 [0x01103D61+2112865]
Ordinal0 [0x0110E5CB+2155979]
Ordinal0 [0x0110E6F5+2156277]
Ordinal0 [0x0111F26E+2224750]
BaseThreadInitThunk [0x77896359+25]
RtlGetAppContainerNamedObjectPath [0x77CE8944+228]
RtlGetAppContainerNamedObjectPath [0x77CE8914+180]

at org.openqa.selenium.remote.W3CHandshakeResponse.lambda$errorHandler$0(W3CHandshakeResponse.java:62)
at org.openqa.selenium.remote.HandshakeResponse.lambda$getResponseFunction$0(HandshakeResponse.java:30)
at org.openqa.selenium.remote.ProtocolHandshake.lambda$createSession$0(ProtocolHandshake.java:126)
at java.util.stream.ReferencePipeline$3$1.accept(Unknown Source)
at java.util.Spliterators$ArraySpliterator.tryAdvance(Unknown Source)
at java.util.stream.ReferencePipeline.forEachWithCancel(Unknown Source)
at java.util.stream.AbstractPipeline.copyIntoWithCancel(Unknown Source)
at java.util.stream.AbstractPipeline.copyInto(Unknown Source)
at java.util.stream.AbstractPipeline.wrapAndCopyInto(Unknown Source)
at java.util.stream.FindOps$FindOp.evaluateSequential(Unknown Source)
at java.util.stream.AbstractPipeline.evaluate(Unknown Source)
at java.util.stream.ReferencePipeline.findFirst(Unknown Source)
at org.openqa.selenium.remote.ProtocolHandshake.createSession(ProtocolHandshake.java:128)
at org.openqa.selenium.remote.ProtocolHandshake.createSession(ProtocolHandshake.java:74)
at org.openqa.selenium.remote.HttpCommandExecutor.execute(HttpCommandExecutor.java:139)
at org.openqa.selenium.remote.service.DriverCommandExecutor.execute(DriverCommandExecutor.java:83)
at org.openqa.selenium.remote.RemoteWebDriver.execute(RemoteWebDriver.java:577)
at org.openqa.selenium.remote.RemoteWebDriver.startSession(RemoteWebDriver.java:211)
at org.openqa.selenium.remote.RemoteWebDriver.<init>(RemoteWebDriver.java:131)
at org.openqa.selenium.chrome.ChromeDriver.<init>(ChromeDriver.java:189)
at org.openqa.selenium.chrome.ChromeDriver.<init>(ChromeDriver.java:176)
at org.openqa.selenium.chrome.ChromeDriver.<init>(ChromeDriver.java:165)
at base.PreAndPost.beforeMethod(PreAndPost.java:85)
at driver.Driver.executeTestcase(Driver.java:68)
at java.util.ArrayList.forEach(Unknown Source)
... Removed 30 stack frames]]>
    </failure>
  </testcase> <!-- executeTestcase -->
</testsuite> <!-- Results -->
