<!DOCTYPE html>

<html>
  <head>
  <meta charset='utf-8'>
  <title>TestNG reports</title>

    <link type="text/css" href="testng-reports1.css" rel="stylesheet" id="ultra" />
    <link type="text/css" href="testng-reports.css" rel="stylesheet" id="retro" disabled="false"/>
    <script type="text/javascript" src="jquery-3.4.1.min.js"></script>
    <script type="text/javascript" src="testng-reports.js"></script>
    <script type="text/javascript" src="https://www.google.com/jsapi"></script>
    <script type='text/javascript'>
      google.load('visualization', '1', {packages:['table']});
      google.setOnLoadCallback(drawTable);
      var suiteTableInitFunctions = new Array();
      var suiteTableData = new Array();
    </script>
    <!--
      <script type="text/javascript" src="jquery-ui/js/jquery-ui-1.8.16.custom.min.js"></script>
     -->
  </head>

  <body>
    <div class="top-banner-root">
      <span class="top-banner-title-font">Test results</span>
      <button class="button" id="button">Switch Retro Theme</button> <!-- button -->
      <br/>
      <span class="top-banner-font-1">1 suite, 13 failed tests</span>
    </div> <!-- top-banner-root -->
    <div class="navigator-root">
      <div class="navigator-suite-header">
        <span>All suites</span>
        <a href="#" class="collapse-all-link" title="Collapse/expand all the suites">
          <img class="collapse-all-icon" src="collapseall.gif">
          </img> <!-- collapse-all-icon -->
        </a> <!-- collapse-all-link -->
      </div> <!-- navigator-suite-header -->
      <div class="suite">
        <div class="rounded-window">
          <div class="suite-header light-rounded-window-top">
            <a href="#" class="navigator-link" panel-name="suite-Suite">
              <span class="suite-name border-failed">Suite</span>
            </a> <!-- navigator-link -->
          </div> <!-- suite-header light-rounded-window-top -->
          <div class="navigator-suite-content">
            <div class="suite-section-title">
              <span>Info</span>
            </div> <!-- suite-section-title -->
            <div class="suite-section-content">
              <ul>
                <li>
                  <a href="#" class="navigator-link " panel-name="test-xml-Suite">
                    <span>E:\fahmed2\eclipse-workspace\2\Dynamics-CRM-V2.0\TestNG\testng.xml</span>
                  </a> <!-- navigator-link  -->
                </li>
                <li>
                  <a href="#" class="navigator-link " panel-name="testlist-Suite">
                    <span class="test-stats">1 test</span>
                  </a> <!-- navigator-link  -->
                </li>
                <li>
                  <a href="#" class="navigator-link " panel-name="group-Suite">
                    <span>0 groups</span>
                  </a> <!-- navigator-link  -->
                </li>
                <li>
                  <a href="#" class="navigator-link " panel-name="times-Suite">
                    <span>Times</span>
                  </a> <!-- navigator-link  -->
                </li>
                <li>
                  <a href="#" class="navigator-link " panel-name="reporter-Suite">
                    <span>Reporter output</span>
                  </a> <!-- navigator-link  -->
                </li>
                <li>
                  <a href="#" class="navigator-link " panel-name="ignored-methods-Suite">
                    <span>Ignored methods</span>
                  </a> <!-- navigator-link  -->
                </li>
                <li>
                  <a href="#" class="navigator-link " panel-name="chronological-Suite">
                    <span>Chronological view</span>
                  </a> <!-- navigator-link  -->
                </li>
              </ul>
            </div> <!-- suite-section-content -->
            <div class="result-section">
              <div class="suite-section-title">
                <span>Results</span>
              </div> <!-- suite-section-title -->
              <div class="suite-section-content">
                <ul>
                  <li>
                    <span class="method-stats">25 methods, 13 failed,  12 skipped,  </span>
                  </li>
                  <li>
                    <span class="method-list-title failed">Failed methods</span>
                    <span class="show-or-hide-methods failed">
                      <a href="#" panel-name="suite-Suite" class="hide-methods failed suite-Suite"> (hide)</a> <!-- hide-methods failed suite-Suite -->
                      <a href="#" panel-name="suite-Suite" class="show-methods failed suite-Suite"> (show)</a> <!-- show-methods failed suite-Suite -->
                    </span>
                    <div class="method-list-content failed suite-Suite">
                      <span>
                        <img width="3%" src="failed.png"/>
                        <a href="#" class="method navigator-link" panel-name="suite-Suite" title="driver.Driver" hash-for-method="executeTestcase(org.testng.TestRunner@6b0d80ed)">executeTestcase(org.testng.TestRunner@6b0d80ed)</a> <!-- method navigator-link -->
                      </span>
                      <br/>
                      <span>
                        <img width="3%" src="failed.png"/>
                        <a href="#" class="method navigator-link" panel-name="suite-Suite" title="driver.Driver" hash-for-method="executeTestcase(org.testng.TestRunner@6b0d80ed)">executeTestcase(org.testng.TestRunner@6b0d80ed)</a> <!-- method navigator-link -->
                      </span>
                      <br/>
                      <span>
                        <img width="3%" src="failed.png"/>
                        <a href="#" class="method navigator-link" panel-name="suite-Suite" title="driver.Driver" hash-for-method="executeTestcase(org.testng.TestRunner@6b0d80ed)">executeTestcase(org.testng.TestRunner@6b0d80ed)</a> <!-- method navigator-link -->
                      </span>
                      <br/>
                      <span>
                        <img width="3%" src="failed.png"/>
                        <a href="#" class="method navigator-link" panel-name="suite-Suite" title="driver.Driver" hash-for-method="executeTestcase(org.testng.TestRunner@6b0d80ed)">executeTestcase(org.testng.TestRunner@6b0d80ed)</a> <!-- method navigator-link -->
                      </span>
                      <br/>
                      <span>
                        <img width="3%" src="failed.png"/>
                        <a href="#" class="method navigator-link" panel-name="suite-Suite" title="driver.Driver" hash-for-method="executeTestcase(org.testng.TestRunner@6b0d80ed)">executeTestcase(org.testng.TestRunner@6b0d80ed)</a> <!-- method navigator-link -->
                      </span>
                      <br/>
                      <span>
                        <img width="3%" src="failed.png"/>
                        <a href="#" class="method navigator-link" panel-name="suite-Suite" title="driver.Driver" hash-for-method="executeTestcase(org.testng.TestRunner@6b0d80ed)">executeTestcase(org.testng.TestRunner@6b0d80ed)</a> <!-- method navigator-link -->
                      </span>
                      <br/>
                      <span>
                        <img width="3%" src="failed.png"/>
                        <a href="#" class="method navigator-link" panel-name="suite-Suite" title="driver.Driver" hash-for-method="executeTestcase(org.testng.TestRunner@6b0d80ed)">executeTestcase(org.testng.TestRunner@6b0d80ed)</a> <!-- method navigator-link -->
                      </span>
                      <br/>
                      <span>
                        <img width="3%" src="failed.png"/>
                        <a href="#" class="method navigator-link" panel-name="suite-Suite" title="driver.Driver" hash-for-method="executeTestcase(org.testng.TestRunner@6b0d80ed)">executeTestcase(org.testng.TestRunner@6b0d80ed)</a> <!-- method navigator-link -->
                      </span>
                      <br/>
                      <span>
                        <img width="3%" src="failed.png"/>
                        <a href="#" class="method navigator-link" panel-name="suite-Suite" title="driver.Driver" hash-for-method="executeTestcase(org.testng.TestRunner@6b0d80ed)">executeTestcase(org.testng.TestRunner@6b0d80ed)</a> <!-- method navigator-link -->
                      </span>
                      <br/>
                      <span>
                        <img width="3%" src="failed.png"/>
                        <a href="#" class="method navigator-link" panel-name="suite-Suite" title="driver.Driver" hash-for-method="executeTestcase(org.testng.TestRunner@6b0d80ed)">executeTestcase(org.testng.TestRunner@6b0d80ed)</a> <!-- method navigator-link -->
                      </span>
                      <br/>
                      <span>
                        <img width="3%" src="failed.png"/>
                        <a href="#" class="method navigator-link" panel-name="suite-Suite" title="driver.Driver" hash-for-method="executeTestcase(org.testng.TestRunner@6b0d80ed)">executeTestcase(org.testng.TestRunner@6b0d80ed)</a> <!-- method navigator-link -->
                      </span>
                      <br/>
                      <span>
                        <img width="3%" src="failed.png"/>
                        <a href="#" class="method navigator-link" panel-name="suite-Suite" title="driver.Driver" hash-for-method="executeTestcase(org.testng.TestRunner@6b0d80ed)">executeTestcase(org.testng.TestRunner@6b0d80ed)</a> <!-- method navigator-link -->
                      </span>
                      <br/>
                      <span>
                        <img width="3%" src="failed.png"/>
                        <a href="#" class="method navigator-link" panel-name="suite-Suite" title="driver.Driver" hash-for-method="executeTestcase(org.testng.TestRunner@6b0d80ed)">executeTestcase(org.testng.TestRunner@6b0d80ed)</a> <!-- method navigator-link -->
                      </span>
                      <br/>
                    </div> <!-- method-list-content failed suite-Suite -->
                  </li>
                  <li>
                    <span class="method-list-title skipped">Skipped methods</span>
                    <span class="show-or-hide-methods skipped">
                      <a href="#" panel-name="suite-Suite" class="hide-methods skipped suite-Suite"> (hide)</a> <!-- hide-methods skipped suite-Suite -->
                      <a href="#" panel-name="suite-Suite" class="show-methods skipped suite-Suite"> (show)</a> <!-- show-methods skipped suite-Suite -->
                    </span>
                    <div class="method-list-content skipped suite-Suite">
                      <span>
                        <img width="3%" src="skipped.png"/>
                        <a href="#" class="method navigator-link" panel-name="suite-Suite" title="driver.Driver" hash-for-method="executeTestcase(org.testng.TestRunner@6b0d80ed)">executeTestcase(org.testng.TestRunner@6b0d80ed)</a> <!-- method navigator-link -->
                      </span>
                      <br/>
                      <span>
                        <img width="3%" src="skipped.png"/>
                        <a href="#" class="method navigator-link" panel-name="suite-Suite" title="driver.Driver" hash-for-method="executeTestcase(org.testng.TestRunner@6b0d80ed)">executeTestcase(org.testng.TestRunner@6b0d80ed)</a> <!-- method navigator-link -->
                      </span>
                      <br/>
                      <span>
                        <img width="3%" src="skipped.png"/>
                        <a href="#" class="method navigator-link" panel-name="suite-Suite" title="driver.Driver" hash-for-method="executeTestcase(org.testng.TestRunner@6b0d80ed)">executeTestcase(org.testng.TestRunner@6b0d80ed)</a> <!-- method navigator-link -->
                      </span>
                      <br/>
                      <span>
                        <img width="3%" src="skipped.png"/>
                        <a href="#" class="method navigator-link" panel-name="suite-Suite" title="driver.Driver" hash-for-method="executeTestcase(org.testng.TestRunner@6b0d80ed)">executeTestcase(org.testng.TestRunner@6b0d80ed)</a> <!-- method navigator-link -->
                      </span>
                      <br/>
                      <span>
                        <img width="3%" src="skipped.png"/>
                        <a href="#" class="method navigator-link" panel-name="suite-Suite" title="driver.Driver" hash-for-method="executeTestcase(org.testng.TestRunner@6b0d80ed)">executeTestcase(org.testng.TestRunner@6b0d80ed)</a> <!-- method navigator-link -->
                      </span>
                      <br/>
                      <span>
                        <img width="3%" src="skipped.png"/>
                        <a href="#" class="method navigator-link" panel-name="suite-Suite" title="driver.Driver" hash-for-method="executeTestcase(org.testng.TestRunner@6b0d80ed)">executeTestcase(org.testng.TestRunner@6b0d80ed)</a> <!-- method navigator-link -->
                      </span>
                      <br/>
                      <span>
                        <img width="3%" src="skipped.png"/>
                        <a href="#" class="method navigator-link" panel-name="suite-Suite" title="driver.Driver" hash-for-method="executeTestcase(org.testng.TestRunner@6b0d80ed)">executeTestcase(org.testng.TestRunner@6b0d80ed)</a> <!-- method navigator-link -->
                      </span>
                      <br/>
                      <span>
                        <img width="3%" src="skipped.png"/>
                        <a href="#" class="method navigator-link" panel-name="suite-Suite" title="driver.Driver" hash-for-method="executeTestcase(org.testng.TestRunner@6b0d80ed)">executeTestcase(org.testng.TestRunner@6b0d80ed)</a> <!-- method navigator-link -->
                      </span>
                      <br/>
                      <span>
                        <img width="3%" src="skipped.png"/>
                        <a href="#" class="method navigator-link" panel-name="suite-Suite" title="driver.Driver" hash-for-method="executeTestcase(org.testng.TestRunner@6b0d80ed)">executeTestcase(org.testng.TestRunner@6b0d80ed)</a> <!-- method navigator-link -->
                      </span>
                      <br/>
                      <span>
                        <img width="3%" src="skipped.png"/>
                        <a href="#" class="method navigator-link" panel-name="suite-Suite" title="driver.Driver" hash-for-method="executeTestcase(org.testng.TestRunner@6b0d80ed)">executeTestcase(org.testng.TestRunner@6b0d80ed)</a> <!-- method navigator-link -->
                      </span>
                      <br/>
                      <span>
                        <img width="3%" src="skipped.png"/>
                        <a href="#" class="method navigator-link" panel-name="suite-Suite" title="driver.Driver" hash-for-method="executeTestcase(org.testng.TestRunner@6b0d80ed)">executeTestcase(org.testng.TestRunner@6b0d80ed)</a> <!-- method navigator-link -->
                      </span>
                      <br/>
                      <span>
                        <img width="3%" src="skipped.png"/>
                        <a href="#" class="method navigator-link" panel-name="suite-Suite" title="driver.Driver" hash-for-method="executeTestcase(org.testng.TestRunner@6b0d80ed)">executeTestcase(org.testng.TestRunner@6b0d80ed)</a> <!-- method navigator-link -->
                      </span>
                      <br/>
                    </div> <!-- method-list-content skipped suite-Suite -->
                  </li>
                </ul>
              </div> <!-- suite-section-content -->
            </div> <!-- result-section -->
          </div> <!-- navigator-suite-content -->
        </div> <!-- rounded-window -->
      </div> <!-- suite -->
    </div> <!-- navigator-root -->
    <div class="wrapper">
      <div class="main-panel-root">
        <div panel-name="suite-Suite" class="panel Suite">
          <div class="suite-Suite-class-failed">
            <div class="main-panel-header rounded-window-top">
              <img src="failed.png"/>
              <span class="class-name">driver.Driver</span>
            </div> <!-- main-panel-header rounded-window-top -->
            <div class="main-panel-content rounded-window-bottom">
              <div class="method">
                <div class="method-content">
                  <a name="executeTestcase(org.testng.TestRunner@6b0d80ed)">
                  </a> <!-- executeTestcase(org.testng.TestRunner@6b0d80ed) -->
                  <span class="method-name">executeTestcase</span>
                  <span class="parameters">(org.testng.TestRunner@6b0d80ed)</span>
                  <div class="stack-trace">org.openqa.selenium.SessionNotCreatedException: session not created: This version of ChromeDriver only supports Chrome version 86
Current browser version is 88.0.4324.150 with binary path C:\Program Files (x86)\Google\Chrome\Application\chrome.exe
Build info: version: &apos;4.0.0-alpha-1&apos;, revision: &apos;d1d3728cae&apos;, time: &apos;2019-04-24T13:42:21&apos;
System info: host: &apos;Z3GAVSP1PU0041&apos;, ip: &apos;10.99.37.191&apos;, os.name: &apos;Windows 10&apos;, os.arch: &apos;amd64&apos;, os.version: &apos;10.0&apos;, java.version: &apos;1.8.0_231&apos;
Driver info: driver.version: Driver
remote stacktrace: Backtrace:
	Ordinal0 [0x0120C013+3194899]
	Ordinal0 [0x010F6021+2056225]
	Ordinal0 [0x00F8F608+587272]
	Ordinal0 [0x00F11BF3+72691]
	Ordinal0 [0x00F0E229+57897]
	Ordinal0 [0x00F0C64A+50762]
	Ordinal0 [0x00F31EE9+204521]
	Ordinal0 [0x00F31D0D+204045]
	Ordinal0 [0x00F2FC1B+195611]
	Ordinal0 [0x00F13B7F+80767]
	Ordinal0 [0x00F14B4E+84814]
	Ordinal0 [0x00F14AD9+84697]
	Ordinal0 [0x0110CE64+2149988]
	GetHandleVerifier [0x0137BE95+1400773]
	GetHandleVerifier [0x0137BB61+1399953]
	GetHandleVerifier [0x013831FA+1430314]
	GetHandleVerifier [0x0137C69F+1402831]
	Ordinal0 [0x01103D61+2112865]
	Ordinal0 [0x0110E5CB+2155979]
	Ordinal0 [0x0110E6F5+2156277]
	Ordinal0 [0x0111F26E+2224750]
	BaseThreadInitThunk [0x77896359+25]
	RtlGetAppContainerNamedObjectPath [0x77CE8944+228]
	RtlGetAppContainerNamedObjectPath [0x77CE8914+180]

	at org.openqa.selenium.remote.W3CHandshakeResponse.lambda$errorHandler$0(W3CHandshakeResponse.java:62)
	at org.openqa.selenium.remote.HandshakeResponse.lambda$getResponseFunction$0(HandshakeResponse.java:30)
	at org.openqa.selenium.remote.ProtocolHandshake.lambda$createSession$0(ProtocolHandshake.java:126)
	at java.util.stream.ReferencePipeline$3$1.accept(Unknown Source)
	at java.util.Spliterators$ArraySpliterator.tryAdvance(Unknown Source)
	at java.util.stream.ReferencePipeline.forEachWithCancel(Unknown Source)
	at java.util.stream.AbstractPipeline.copyIntoWithCancel(Unknown Source)
	at java.util.stream.AbstractPipeline.copyInto(Unknown Source)
	at java.util.stream.AbstractPipeline.wrapAndCopyInto(Unknown Source)
	at java.util.stream.FindOps$FindOp.evaluateSequential(Unknown Source)
	at java.util.stream.AbstractPipeline.evaluate(Unknown Source)
	at java.util.stream.ReferencePipeline.findFirst(Unknown Source)
	at org.openqa.selenium.remote.ProtocolHandshake.createSession(ProtocolHandshake.java:128)
	at org.openqa.selenium.remote.ProtocolHandshake.createSession(ProtocolHandshake.java:74)
	at org.openqa.selenium.remote.HttpCommandExecutor.execute(HttpCommandExecutor.java:139)
	at org.openqa.selenium.remote.service.DriverCommandExecutor.execute(DriverCommandExecutor.java:83)
	at org.openqa.selenium.remote.RemoteWebDriver.execute(RemoteWebDriver.java:577)
	at org.openqa.selenium.remote.RemoteWebDriver.startSession(RemoteWebDriver.java:211)
	at org.openqa.selenium.remote.RemoteWebDriver.&lt;init&gt;(RemoteWebDriver.java:131)
	at org.openqa.selenium.chrome.ChromeDriver.&lt;init&gt;(ChromeDriver.java:189)
	at org.openqa.selenium.chrome.ChromeDriver.&lt;init&gt;(ChromeDriver.java:176)
	at org.openqa.selenium.chrome.ChromeDriver.&lt;init&gt;(ChromeDriver.java:165)
	at base.PreAndPost.beforeMethod(PreAndPost.java:85)
	at driver.Driver.executeTestcase(Driver.java:68)
	at java.util.ArrayList.forEach(Unknown Source)
... Removed 30 stack frames
</div> <!-- stack-trace -->
                </div> <!-- method-content -->
              </div> <!-- method -->
              <div class="method">
                <div class="method-content">
                  <a name="executeTestcase(org.testng.TestRunner@6b0d80ed)">
                  </a> <!-- executeTestcase(org.testng.TestRunner@6b0d80ed) -->
                  <span class="method-name">executeTestcase</span>
                  <span class="parameters">(org.testng.TestRunner@6b0d80ed)</span>
                  <div class="stack-trace">org.openqa.selenium.SessionNotCreatedException: session not created: This version of ChromeDriver only supports Chrome version 86
Current browser version is 88.0.4324.150 with binary path C:\Program Files (x86)\Google\Chrome\Application\chrome.exe
Build info: version: &apos;4.0.0-alpha-1&apos;, revision: &apos;d1d3728cae&apos;, time: &apos;2019-04-24T13:42:21&apos;
System info: host: &apos;Z3GAVSP1PU0041&apos;, ip: &apos;10.99.37.191&apos;, os.name: &apos;Windows 10&apos;, os.arch: &apos;amd64&apos;, os.version: &apos;10.0&apos;, java.version: &apos;1.8.0_231&apos;
Driver info: driver.version: Driver
remote stacktrace: Backtrace:
	Ordinal0 [0x0120C013+3194899]
	Ordinal0 [0x010F6021+2056225]
	Ordinal0 [0x00F8F608+587272]
	Ordinal0 [0x00F11BF3+72691]
	Ordinal0 [0x00F0E229+57897]
	Ordinal0 [0x00F0C64A+50762]
	Ordinal0 [0x00F31EE9+204521]
	Ordinal0 [0x00F31D0D+204045]
	Ordinal0 [0x00F2FC1B+195611]
	Ordinal0 [0x00F13B7F+80767]
	Ordinal0 [0x00F14B4E+84814]
	Ordinal0 [0x00F14AD9+84697]
	Ordinal0 [0x0110CE64+2149988]
	GetHandleVerifier [0x0137BE95+1400773]
	GetHandleVerifier [0x0137BB61+1399953]
	GetHandleVerifier [0x013831FA+1430314]
	GetHandleVerifier [0x0137C69F+1402831]
	Ordinal0 [0x01103D61+2112865]
	Ordinal0 [0x0110E5CB+2155979]
	Ordinal0 [0x0110E6F5+2156277]
	Ordinal0 [0x0111F26E+2224750]
	BaseThreadInitThunk [0x77896359+25]
	RtlGetAppContainerNamedObjectPath [0x77CE8944+228]
	RtlGetAppContainerNamedObjectPath [0x77CE8914+180]

	at org.openqa.selenium.remote.W3CHandshakeResponse.lambda$errorHandler$0(W3CHandshakeResponse.java:62)
	at org.openqa.selenium.remote.HandshakeResponse.lambda$getResponseFunction$0(HandshakeResponse.java:30)
	at org.openqa.selenium.remote.ProtocolHandshake.lambda$createSession$0(ProtocolHandshake.java:126)
	at java.util.stream.ReferencePipeline$3$1.accept(Unknown Source)
	at java.util.Spliterators$ArraySpliterator.tryAdvance(Unknown Source)
	at java.util.stream.ReferencePipeline.forEachWithCancel(Unknown Source)
	at java.util.stream.AbstractPipeline.copyIntoWithCancel(Unknown Source)
	at java.util.stream.AbstractPipeline.copyInto(Unknown Source)
	at java.util.stream.AbstractPipeline.wrapAndCopyInto(Unknown Source)
	at java.util.stream.FindOps$FindOp.evaluateSequential(Unknown Source)
	at java.util.stream.AbstractPipeline.evaluate(Unknown Source)
	at java.util.stream.ReferencePipeline.findFirst(Unknown Source)
	at org.openqa.selenium.remote.ProtocolHandshake.createSession(ProtocolHandshake.java:128)
	at org.openqa.selenium.remote.ProtocolHandshake.createSession(ProtocolHandshake.java:74)
	at org.openqa.selenium.remote.HttpCommandExecutor.execute(HttpCommandExecutor.java:139)
	at org.openqa.selenium.remote.service.DriverCommandExecutor.execute(DriverCommandExecutor.java:83)
	at org.openqa.selenium.remote.RemoteWebDriver.execute(RemoteWebDriver.java:577)
	at org.openqa.selenium.remote.RemoteWebDriver.startSession(RemoteWebDriver.java:211)
	at org.openqa.selenium.remote.RemoteWebDriver.&lt;init&gt;(RemoteWebDriver.java:131)
	at org.openqa.selenium.chrome.ChromeDriver.&lt;init&gt;(ChromeDriver.java:189)
	at org.openqa.selenium.chrome.ChromeDriver.&lt;init&gt;(ChromeDriver.java:176)
	at org.openqa.selenium.chrome.ChromeDriver.&lt;init&gt;(ChromeDriver.java:165)
	at base.PreAndPost.beforeMethod(PreAndPost.java:85)
	at driver.Driver.executeTestcase(Driver.java:68)
	at java.util.ArrayList.forEach(Unknown Source)
... Removed 30 stack frames
</div> <!-- stack-trace -->
                </div> <!-- method-content -->
              </div> <!-- method -->
              <div class="method">
                <div class="method-content">
                  <a name="executeTestcase(org.testng.TestRunner@6b0d80ed)">
                  </a> <!-- executeTestcase(org.testng.TestRunner@6b0d80ed) -->
                  <span class="method-name">executeTestcase</span>
                  <span class="parameters">(org.testng.TestRunner@6b0d80ed)</span>
                  <div class="stack-trace">org.openqa.selenium.SessionNotCreatedException: session not created: This version of ChromeDriver only supports Chrome version 86
Current browser version is 88.0.4324.150 with binary path C:\Program Files (x86)\Google\Chrome\Application\chrome.exe
Build info: version: &apos;4.0.0-alpha-1&apos;, revision: &apos;d1d3728cae&apos;, time: &apos;2019-04-24T13:42:21&apos;
System info: host: &apos;Z3GAVSP1PU0041&apos;, ip: &apos;10.99.37.191&apos;, os.name: &apos;Windows 10&apos;, os.arch: &apos;amd64&apos;, os.version: &apos;10.0&apos;, java.version: &apos;1.8.0_231&apos;
Driver info: driver.version: Driver
remote stacktrace: Backtrace:
	Ordinal0 [0x0120C013+3194899]
	Ordinal0 [0x010F6021+2056225]
	Ordinal0 [0x00F8F608+587272]
	Ordinal0 [0x00F11BF3+72691]
	Ordinal0 [0x00F0E229+57897]
	Ordinal0 [0x00F0C64A+50762]
	Ordinal0 [0x00F31EE9+204521]
	Ordinal0 [0x00F31D0D+204045]
	Ordinal0 [0x00F2FC1B+195611]
	Ordinal0 [0x00F13B7F+80767]
	Ordinal0 [0x00F14B4E+84814]
	Ordinal0 [0x00F14AD9+84697]
	Ordinal0 [0x0110CE64+2149988]
	GetHandleVerifier [0x0137BE95+1400773]
	GetHandleVerifier [0x0137BB61+1399953]
	GetHandleVerifier [0x013831FA+1430314]
	GetHandleVerifier [0x0137C69F+1402831]
	Ordinal0 [0x01103D61+2112865]
	Ordinal0 [0x0110E5CB+2155979]
	Ordinal0 [0x0110E6F5+2156277]
	Ordinal0 [0x0111F26E+2224750]
	BaseThreadInitThunk [0x77896359+25]
	RtlGetAppContainerNamedObjectPath [0x77CE8944+228]
	RtlGetAppContainerNamedObjectPath [0x77CE8914+180]

	at org.openqa.selenium.remote.W3CHandshakeResponse.lambda$errorHandler$0(W3CHandshakeResponse.java:62)
	at org.openqa.selenium.remote.HandshakeResponse.lambda$getResponseFunction$0(HandshakeResponse.java:30)
	at org.openqa.selenium.remote.ProtocolHandshake.lambda$createSession$0(ProtocolHandshake.java:126)
	at java.util.stream.ReferencePipeline$3$1.accept(Unknown Source)
	at java.util.Spliterators$ArraySpliterator.tryAdvance(Unknown Source)
	at java.util.stream.ReferencePipeline.forEachWithCancel(Unknown Source)
	at java.util.stream.AbstractPipeline.copyIntoWithCancel(Unknown Source)
	at java.util.stream.AbstractPipeline.copyInto(Unknown Source)
	at java.util.stream.AbstractPipeline.wrapAndCopyInto(Unknown Source)
	at java.util.stream.FindOps$FindOp.evaluateSequential(Unknown Source)
	at java.util.stream.AbstractPipeline.evaluate(Unknown Source)
	at java.util.stream.ReferencePipeline.findFirst(Unknown Source)
	at org.openqa.selenium.remote.ProtocolHandshake.createSession(ProtocolHandshake.java:128)
	at org.openqa.selenium.remote.ProtocolHandshake.createSession(ProtocolHandshake.java:74)
	at org.openqa.selenium.remote.HttpCommandExecutor.execute(HttpCommandExecutor.java:139)
	at org.openqa.selenium.remote.service.DriverCommandExecutor.execute(DriverCommandExecutor.java:83)
	at org.openqa.selenium.remote.RemoteWebDriver.execute(RemoteWebDriver.java:577)
	at org.openqa.selenium.remote.RemoteWebDriver.startSession(RemoteWebDriver.java:211)
	at org.openqa.selenium.remote.RemoteWebDriver.&lt;init&gt;(RemoteWebDriver.java:131)
	at org.openqa.selenium.chrome.ChromeDriver.&lt;init&gt;(ChromeDriver.java:189)
	at org.openqa.selenium.chrome.ChromeDriver.&lt;init&gt;(ChromeDriver.java:176)
	at org.openqa.selenium.chrome.ChromeDriver.&lt;init&gt;(ChromeDriver.java:165)
	at base.PreAndPost.beforeMethod(PreAndPost.java:85)
	at driver.Driver.executeTestcase(Driver.java:68)
	at java.util.ArrayList.forEach(Unknown Source)
... Removed 30 stack frames
</div> <!-- stack-trace -->
                </div> <!-- method-content -->
              </div> <!-- method -->
              <div class="method">
                <div class="method-content">
                  <a name="executeTestcase(org.testng.TestRunner@6b0d80ed)">
                  </a> <!-- executeTestcase(org.testng.TestRunner@6b0d80ed) -->
                  <span class="method-name">executeTestcase</span>
                  <span class="parameters">(org.testng.TestRunner@6b0d80ed)</span>
                  <div class="stack-trace">org.openqa.selenium.SessionNotCreatedException: session not created: This version of ChromeDriver only supports Chrome version 86
Current browser version is 88.0.4324.150 with binary path C:\Program Files (x86)\Google\Chrome\Application\chrome.exe
Build info: version: &apos;4.0.0-alpha-1&apos;, revision: &apos;d1d3728cae&apos;, time: &apos;2019-04-24T13:42:21&apos;
System info: host: &apos;Z3GAVSP1PU0041&apos;, ip: &apos;10.99.37.191&apos;, os.name: &apos;Windows 10&apos;, os.arch: &apos;amd64&apos;, os.version: &apos;10.0&apos;, java.version: &apos;1.8.0_231&apos;
Driver info: driver.version: Driver
remote stacktrace: Backtrace:
	Ordinal0 [0x0120C013+3194899]
	Ordinal0 [0x010F6021+2056225]
	Ordinal0 [0x00F8F608+587272]
	Ordinal0 [0x00F11BF3+72691]
	Ordinal0 [0x00F0E229+57897]
	Ordinal0 [0x00F0C64A+50762]
	Ordinal0 [0x00F31EE9+204521]
	Ordinal0 [0x00F31D0D+204045]
	Ordinal0 [0x00F2FC1B+195611]
	Ordinal0 [0x00F13B7F+80767]
	Ordinal0 [0x00F14B4E+84814]
	Ordinal0 [0x00F14AD9+84697]
	Ordinal0 [0x0110CE64+2149988]
	GetHandleVerifier [0x0137BE95+1400773]
	GetHandleVerifier [0x0137BB61+1399953]
	GetHandleVerifier [0x013831FA+1430314]
	GetHandleVerifier [0x0137C69F+1402831]
	Ordinal0 [0x01103D61+2112865]
	Ordinal0 [0x0110E5CB+2155979]
	Ordinal0 [0x0110E6F5+2156277]
	Ordinal0 [0x0111F26E+2224750]
	BaseThreadInitThunk [0x77896359+25]
	RtlGetAppContainerNamedObjectPath [0x77CE8944+228]
	RtlGetAppContainerNamedObjectPath [0x77CE8914+180]

	at org.openqa.selenium.remote.W3CHandshakeResponse.lambda$errorHandler$0(W3CHandshakeResponse.java:62)
	at org.openqa.selenium.remote.HandshakeResponse.lambda$getResponseFunction$0(HandshakeResponse.java:30)
	at org.openqa.selenium.remote.ProtocolHandshake.lambda$createSession$0(ProtocolHandshake.java:126)
	at java.util.stream.ReferencePipeline$3$1.accept(Unknown Source)
	at java.util.Spliterators$ArraySpliterator.tryAdvance(Unknown Source)
	at java.util.stream.ReferencePipeline.forEachWithCancel(Unknown Source)
	at java.util.stream.AbstractPipeline.copyIntoWithCancel(Unknown Source)
	at java.util.stream.AbstractPipeline.copyInto(Unknown Source)
	at java.util.stream.AbstractPipeline.wrapAndCopyInto(Unknown Source)
	at java.util.stream.FindOps$FindOp.evaluateSequential(Unknown Source)
	at java.util.stream.AbstractPipeline.evaluate(Unknown Source)
	at java.util.stream.ReferencePipeline.findFirst(Unknown Source)
	at org.openqa.selenium.remote.ProtocolHandshake.createSession(ProtocolHandshake.java:128)
	at org.openqa.selenium.remote.ProtocolHandshake.createSession(ProtocolHandshake.java:74)
	at org.openqa.selenium.remote.HttpCommandExecutor.execute(HttpCommandExecutor.java:139)
	at org.openqa.selenium.remote.service.DriverCommandExecutor.execute(DriverCommandExecutor.java:83)
	at org.openqa.selenium.remote.RemoteWebDriver.execute(RemoteWebDriver.java:577)
	at org.openqa.selenium.remote.RemoteWebDriver.startSession(RemoteWebDriver.java:211)
	at org.openqa.selenium.remote.RemoteWebDriver.&lt;init&gt;(RemoteWebDriver.java:131)
	at org.openqa.selenium.chrome.ChromeDriver.&lt;init&gt;(ChromeDriver.java:189)
	at org.openqa.selenium.chrome.ChromeDriver.&lt;init&gt;(ChromeDriver.java:176)
	at org.openqa.selenium.chrome.ChromeDriver.&lt;init&gt;(ChromeDriver.java:165)
	at base.PreAndPost.beforeMethod(PreAndPost.java:85)
	at driver.Driver.executeTestcase(Driver.java:68)
	at java.util.ArrayList.forEach(Unknown Source)
... Removed 31 stack frames
</div> <!-- stack-trace -->
                </div> <!-- method-content -->
              </div> <!-- method -->
              <div class="method">
                <div class="method-content">
                  <a name="executeTestcase(org.testng.TestRunner@6b0d80ed)">
                  </a> <!-- executeTestcase(org.testng.TestRunner@6b0d80ed) -->
                  <span class="method-name">executeTestcase</span>
                  <span class="parameters">(org.testng.TestRunner@6b0d80ed)</span>
                  <div class="stack-trace">org.openqa.selenium.SessionNotCreatedException: session not created: This version of ChromeDriver only supports Chrome version 86
Current browser version is 88.0.4324.150 with binary path C:\Program Files (x86)\Google\Chrome\Application\chrome.exe
Build info: version: &apos;4.0.0-alpha-1&apos;, revision: &apos;d1d3728cae&apos;, time: &apos;2019-04-24T13:42:21&apos;
System info: host: &apos;Z3GAVSP1PU0041&apos;, ip: &apos;10.99.37.191&apos;, os.name: &apos;Windows 10&apos;, os.arch: &apos;amd64&apos;, os.version: &apos;10.0&apos;, java.version: &apos;1.8.0_231&apos;
Driver info: driver.version: Driver
remote stacktrace: Backtrace:
	Ordinal0 [0x0120C013+3194899]
	Ordinal0 [0x010F6021+2056225]
	Ordinal0 [0x00F8F608+587272]
	Ordinal0 [0x00F11BF3+72691]
	Ordinal0 [0x00F0E229+57897]
	Ordinal0 [0x00F0C64A+50762]
	Ordinal0 [0x00F31EE9+204521]
	Ordinal0 [0x00F31D0D+204045]
	Ordinal0 [0x00F2FC1B+195611]
	Ordinal0 [0x00F13B7F+80767]
	Ordinal0 [0x00F14B4E+84814]
	Ordinal0 [0x00F14AD9+84697]
	Ordinal0 [0x0110CE64+2149988]
	GetHandleVerifier [0x0137BE95+1400773]
	GetHandleVerifier [0x0137BB61+1399953]
	GetHandleVerifier [0x013831FA+1430314]
	GetHandleVerifier [0x0137C69F+1402831]
	Ordinal0 [0x01103D61+2112865]
	Ordinal0 [0x0110E5CB+2155979]
	Ordinal0 [0x0110E6F5+2156277]
	Ordinal0 [0x0111F26E+2224750]
	BaseThreadInitThunk [0x77896359+25]
	RtlGetAppContainerNamedObjectPath [0x77CE8944+228]
	RtlGetAppContainerNamedObjectPath [0x77CE8914+180]

	at org.openqa.selenium.remote.W3CHandshakeResponse.lambda$errorHandler$0(W3CHandshakeResponse.java:62)
	at org.openqa.selenium.remote.HandshakeResponse.lambda$getResponseFunction$0(HandshakeResponse.java:30)
	at org.openqa.selenium.remote.ProtocolHandshake.lambda$createSession$0(ProtocolHandshake.java:126)
	at java.util.stream.ReferencePipeline$3$1.accept(Unknown Source)
	at java.util.Spliterators$ArraySpliterator.tryAdvance(Unknown Source)
	at java.util.stream.ReferencePipeline.forEachWithCancel(Unknown Source)
	at java.util.stream.AbstractPipeline.copyIntoWithCancel(Unknown Source)
	at java.util.stream.AbstractPipeline.copyInto(Unknown Source)
	at java.util.stream.AbstractPipeline.wrapAndCopyInto(Unknown Source)
	at java.util.stream.FindOps$FindOp.evaluateSequential(Unknown Source)
	at java.util.stream.AbstractPipeline.evaluate(Unknown Source)
	at java.util.stream.ReferencePipeline.findFirst(Unknown Source)
	at org.openqa.selenium.remote.ProtocolHandshake.createSession(ProtocolHandshake.java:128)
	at org.openqa.selenium.remote.ProtocolHandshake.createSession(ProtocolHandshake.java:74)
	at org.openqa.selenium.remote.HttpCommandExecutor.execute(HttpCommandExecutor.java:139)
	at org.openqa.selenium.remote.service.DriverCommandExecutor.execute(DriverCommandExecutor.java:83)
	at org.openqa.selenium.remote.RemoteWebDriver.execute(RemoteWebDriver.java:577)
	at org.openqa.selenium.remote.RemoteWebDriver.startSession(RemoteWebDriver.java:211)
	at org.openqa.selenium.remote.RemoteWebDriver.&lt;init&gt;(RemoteWebDriver.java:131)
	at org.openqa.selenium.chrome.ChromeDriver.&lt;init&gt;(ChromeDriver.java:189)
	at org.openqa.selenium.chrome.ChromeDriver.&lt;init&gt;(ChromeDriver.java:176)
	at org.openqa.selenium.chrome.ChromeDriver.&lt;init&gt;(ChromeDriver.java:165)
	at base.PreAndPost.beforeMethod(PreAndPost.java:85)
	at driver.Driver.executeTestcase(Driver.java:68)
	at java.util.ArrayList.forEach(Unknown Source)
... Removed 31 stack frames
</div> <!-- stack-trace -->
                </div> <!-- method-content -->
              </div> <!-- method -->
              <div class="method">
                <div class="method-content">
                  <a name="executeTestcase(org.testng.TestRunner@6b0d80ed)">
                  </a> <!-- executeTestcase(org.testng.TestRunner@6b0d80ed) -->
                  <span class="method-name">executeTestcase</span>
                  <span class="parameters">(org.testng.TestRunner@6b0d80ed)</span>
                  <div class="stack-trace">org.openqa.selenium.SessionNotCreatedException: session not created: This version of ChromeDriver only supports Chrome version 86
Current browser version is 88.0.4324.150 with binary path C:\Program Files (x86)\Google\Chrome\Application\chrome.exe
Build info: version: &apos;4.0.0-alpha-1&apos;, revision: &apos;d1d3728cae&apos;, time: &apos;2019-04-24T13:42:21&apos;
System info: host: &apos;Z3GAVSP1PU0041&apos;, ip: &apos;10.99.37.191&apos;, os.name: &apos;Windows 10&apos;, os.arch: &apos;amd64&apos;, os.version: &apos;10.0&apos;, java.version: &apos;1.8.0_231&apos;
Driver info: driver.version: Driver
remote stacktrace: Backtrace:
	Ordinal0 [0x0120C013+3194899]
	Ordinal0 [0x010F6021+2056225]
	Ordinal0 [0x00F8F608+587272]
	Ordinal0 [0x00F11BF3+72691]
	Ordinal0 [0x00F0E229+57897]
	Ordinal0 [0x00F0C64A+50762]
	Ordinal0 [0x00F31EE9+204521]
	Ordinal0 [0x00F31D0D+204045]
	Ordinal0 [0x00F2FC1B+195611]
	Ordinal0 [0x00F13B7F+80767]
	Ordinal0 [0x00F14B4E+84814]
	Ordinal0 [0x00F14AD9+84697]
	Ordinal0 [0x0110CE64+2149988]
	GetHandleVerifier [0x0137BE95+1400773]
	GetHandleVerifier [0x0137BB61+1399953]
	GetHandleVerifier [0x013831FA+1430314]
	GetHandleVerifier [0x0137C69F+1402831]
	Ordinal0 [0x01103D61+2112865]
	Ordinal0 [0x0110E5CB+2155979]
	Ordinal0 [0x0110E6F5+2156277]
	Ordinal0 [0x0111F26E+2224750]
	BaseThreadInitThunk [0x77896359+25]
	RtlGetAppContainerNamedObjectPath [0x77CE8944+228]
	RtlGetAppContainerNamedObjectPath [0x77CE8914+180]

	at org.openqa.selenium.remote.W3CHandshakeResponse.lambda$errorHandler$0(W3CHandshakeResponse.java:62)
	at org.openqa.selenium.remote.HandshakeResponse.lambda$getResponseFunction$0(HandshakeResponse.java:30)
	at org.openqa.selenium.remote.ProtocolHandshake.lambda$createSession$0(ProtocolHandshake.java:126)
	at java.util.stream.ReferencePipeline$3$1.accept(Unknown Source)
	at java.util.Spliterators$ArraySpliterator.tryAdvance(Unknown Source)
	at java.util.stream.ReferencePipeline.forEachWithCancel(Unknown Source)
	at java.util.stream.AbstractPipeline.copyIntoWithCancel(Unknown Source)
	at java.util.stream.AbstractPipeline.copyInto(Unknown Source)
	at java.util.stream.AbstractPipeline.wrapAndCopyInto(Unknown Source)
	at java.util.stream.FindOps$FindOp.evaluateSequential(Unknown Source)
	at java.util.stream.AbstractPipeline.evaluate(Unknown Source)
	at java.util.stream.ReferencePipeline.findFirst(Unknown Source)
	at org.openqa.selenium.remote.ProtocolHandshake.createSession(ProtocolHandshake.java:128)
	at org.openqa.selenium.remote.ProtocolHandshake.createSession(ProtocolHandshake.java:74)
	at org.openqa.selenium.remote.HttpCommandExecutor.execute(HttpCommandExecutor.java:139)
	at org.openqa.selenium.remote.service.DriverCommandExecutor.execute(DriverCommandExecutor.java:83)
	at org.openqa.selenium.remote.RemoteWebDriver.execute(RemoteWebDriver.java:577)
	at org.openqa.selenium.remote.RemoteWebDriver.startSession(RemoteWebDriver.java:211)
	at org.openqa.selenium.remote.RemoteWebDriver.&lt;init&gt;(RemoteWebDriver.java:131)
	at org.openqa.selenium.chrome.ChromeDriver.&lt;init&gt;(ChromeDriver.java:189)
	at org.openqa.selenium.chrome.ChromeDriver.&lt;init&gt;(ChromeDriver.java:176)
	at org.openqa.selenium.chrome.ChromeDriver.&lt;init&gt;(ChromeDriver.java:165)
	at base.PreAndPost.beforeMethod(PreAndPost.java:85)
	at driver.Driver.executeTestcase(Driver.java:68)
	at java.util.ArrayList.forEach(Unknown Source)
... Removed 30 stack frames
</div> <!-- stack-trace -->
                </div> <!-- method-content -->
              </div> <!-- method -->
              <div class="method">
                <div class="method-content">
                  <a name="executeTestcase(org.testng.TestRunner@6b0d80ed)">
                  </a> <!-- executeTestcase(org.testng.TestRunner@6b0d80ed) -->
                  <span class="method-name">executeTestcase</span>
                  <span class="parameters">(org.testng.TestRunner@6b0d80ed)</span>
                  <div class="stack-trace">org.openqa.selenium.SessionNotCreatedException: session not created: This version of ChromeDriver only supports Chrome version 86
Current browser version is 88.0.4324.150 with binary path C:\Program Files (x86)\Google\Chrome\Application\chrome.exe
Build info: version: &apos;4.0.0-alpha-1&apos;, revision: &apos;d1d3728cae&apos;, time: &apos;2019-04-24T13:42:21&apos;
System info: host: &apos;Z3GAVSP1PU0041&apos;, ip: &apos;10.99.37.191&apos;, os.name: &apos;Windows 10&apos;, os.arch: &apos;amd64&apos;, os.version: &apos;10.0&apos;, java.version: &apos;1.8.0_231&apos;
Driver info: driver.version: Driver
remote stacktrace: Backtrace:
	Ordinal0 [0x0120C013+3194899]
	Ordinal0 [0x010F6021+2056225]
	Ordinal0 [0x00F8F608+587272]
	Ordinal0 [0x00F11BF3+72691]
	Ordinal0 [0x00F0E229+57897]
	Ordinal0 [0x00F0C64A+50762]
	Ordinal0 [0x00F31EE9+204521]
	Ordinal0 [0x00F31D0D+204045]
	Ordinal0 [0x00F2FC1B+195611]
	Ordinal0 [0x00F13B7F+80767]
	Ordinal0 [0x00F14B4E+84814]
	Ordinal0 [0x00F14AD9+84697]
	Ordinal0 [0x0110CE64+2149988]
	GetHandleVerifier [0x0137BE95+1400773]
	GetHandleVerifier [0x0137BB61+1399953]
	GetHandleVerifier [0x013831FA+1430314]
	GetHandleVerifier [0x0137C69F+1402831]
	Ordinal0 [0x01103D61+2112865]
	Ordinal0 [0x0110E5CB+2155979]
	Ordinal0 [0x0110E6F5+2156277]
	Ordinal0 [0x0111F26E+2224750]
	BaseThreadInitThunk [0x77896359+25]
	RtlGetAppContainerNamedObjectPath [0x77CE8944+228]
	RtlGetAppContainerNamedObjectPath [0x77CE8914+180]

	at org.openqa.selenium.remote.W3CHandshakeResponse.lambda$errorHandler$0(W3CHandshakeResponse.java:62)
	at org.openqa.selenium.remote.HandshakeResponse.lambda$getResponseFunction$0(HandshakeResponse.java:30)
	at org.openqa.selenium.remote.ProtocolHandshake.lambda$createSession$0(ProtocolHandshake.java:126)
	at java.util.stream.ReferencePipeline$3$1.accept(Unknown Source)
	at java.util.Spliterators$ArraySpliterator.tryAdvance(Unknown Source)
	at java.util.stream.ReferencePipeline.forEachWithCancel(Unknown Source)
	at java.util.stream.AbstractPipeline.copyIntoWithCancel(Unknown Source)
	at java.util.stream.AbstractPipeline.copyInto(Unknown Source)
	at java.util.stream.AbstractPipeline.wrapAndCopyInto(Unknown Source)
	at java.util.stream.FindOps$FindOp.evaluateSequential(Unknown Source)
	at java.util.stream.AbstractPipeline.evaluate(Unknown Source)
	at java.util.stream.ReferencePipeline.findFirst(Unknown Source)
	at org.openqa.selenium.remote.ProtocolHandshake.createSession(ProtocolHandshake.java:128)
	at org.openqa.selenium.remote.ProtocolHandshake.createSession(ProtocolHandshake.java:74)
	at org.openqa.selenium.remote.HttpCommandExecutor.execute(HttpCommandExecutor.java:139)
	at org.openqa.selenium.remote.service.DriverCommandExecutor.execute(DriverCommandExecutor.java:83)
	at org.openqa.selenium.remote.RemoteWebDriver.execute(RemoteWebDriver.java:577)
	at org.openqa.selenium.remote.RemoteWebDriver.startSession(RemoteWebDriver.java:211)
	at org.openqa.selenium.remote.RemoteWebDriver.&lt;init&gt;(RemoteWebDriver.java:131)
	at org.openqa.selenium.chrome.ChromeDriver.&lt;init&gt;(ChromeDriver.java:189)
	at org.openqa.selenium.chrome.ChromeDriver.&lt;init&gt;(ChromeDriver.java:176)
	at org.openqa.selenium.chrome.ChromeDriver.&lt;init&gt;(ChromeDriver.java:165)
	at base.PreAndPost.beforeMethod(PreAndPost.java:85)
	at driver.Driver.executeTestcase(Driver.java:68)
	at java.util.ArrayList.forEach(Unknown Source)
... Removed 31 stack frames
</div> <!-- stack-trace -->
                </div> <!-- method-content -->
              </div> <!-- method -->
              <div class="method">
                <div class="method-content">
                  <a name="executeTestcase(org.testng.TestRunner@6b0d80ed)">
                  </a> <!-- executeTestcase(org.testng.TestRunner@6b0d80ed) -->
                  <span class="method-name">executeTestcase</span>
                  <span class="parameters">(org.testng.TestRunner@6b0d80ed)</span>
                  <div class="stack-trace">org.openqa.selenium.SessionNotCreatedException: session not created: This version of ChromeDriver only supports Chrome version 86
Current browser version is 88.0.4324.150 with binary path C:\Program Files (x86)\Google\Chrome\Application\chrome.exe
Build info: version: &apos;4.0.0-alpha-1&apos;, revision: &apos;d1d3728cae&apos;, time: &apos;2019-04-24T13:42:21&apos;
System info: host: &apos;Z3GAVSP1PU0041&apos;, ip: &apos;10.99.37.191&apos;, os.name: &apos;Windows 10&apos;, os.arch: &apos;amd64&apos;, os.version: &apos;10.0&apos;, java.version: &apos;1.8.0_231&apos;
Driver info: driver.version: Driver
remote stacktrace: Backtrace:
	Ordinal0 [0x0120C013+3194899]
	Ordinal0 [0x010F6021+2056225]
	Ordinal0 [0x00F8F608+587272]
	Ordinal0 [0x00F11BF3+72691]
	Ordinal0 [0x00F0E229+57897]
	Ordinal0 [0x00F0C64A+50762]
	Ordinal0 [0x00F31EE9+204521]
	Ordinal0 [0x00F31D0D+204045]
	Ordinal0 [0x00F2FC1B+195611]
	Ordinal0 [0x00F13B7F+80767]
	Ordinal0 [0x00F14B4E+84814]
	Ordinal0 [0x00F14AD9+84697]
	Ordinal0 [0x0110CE64+2149988]
	GetHandleVerifier [0x0137BE95+1400773]
	GetHandleVerifier [0x0137BB61+1399953]
	GetHandleVerifier [0x013831FA+1430314]
	GetHandleVerifier [0x0137C69F+1402831]
	Ordinal0 [0x01103D61+2112865]
	Ordinal0 [0x0110E5CB+2155979]
	Ordinal0 [0x0110E6F5+2156277]
	Ordinal0 [0x0111F26E+2224750]
	BaseThreadInitThunk [0x77896359+25]
	RtlGetAppContainerNamedObjectPath [0x77CE8944+228]
	RtlGetAppContainerNamedObjectPath [0x77CE8914+180]

	at org.openqa.selenium.remote.W3CHandshakeResponse.lambda$errorHandler$0(W3CHandshakeResponse.java:62)
	at org.openqa.selenium.remote.HandshakeResponse.lambda$getResponseFunction$0(HandshakeResponse.java:30)
	at org.openqa.selenium.remote.ProtocolHandshake.lambda$createSession$0(ProtocolHandshake.java:126)
	at java.util.stream.ReferencePipeline$3$1.accept(Unknown Source)
	at java.util.Spliterators$ArraySpliterator.tryAdvance(Unknown Source)
	at java.util.stream.ReferencePipeline.forEachWithCancel(Unknown Source)
	at java.util.stream.AbstractPipeline.copyIntoWithCancel(Unknown Source)
	at java.util.stream.AbstractPipeline.copyInto(Unknown Source)
	at java.util.stream.AbstractPipeline.wrapAndCopyInto(Unknown Source)
	at java.util.stream.FindOps$FindOp.evaluateSequential(Unknown Source)
	at java.util.stream.AbstractPipeline.evaluate(Unknown Source)
	at java.util.stream.ReferencePipeline.findFirst(Unknown Source)
	at org.openqa.selenium.remote.ProtocolHandshake.createSession(ProtocolHandshake.java:128)
	at org.openqa.selenium.remote.ProtocolHandshake.createSession(ProtocolHandshake.java:74)
	at org.openqa.selenium.remote.HttpCommandExecutor.execute(HttpCommandExecutor.java:139)
	at org.openqa.selenium.remote.service.DriverCommandExecutor.execute(DriverCommandExecutor.java:83)
	at org.openqa.selenium.remote.RemoteWebDriver.execute(RemoteWebDriver.java:577)
	at org.openqa.selenium.remote.RemoteWebDriver.startSession(RemoteWebDriver.java:211)
	at org.openqa.selenium.remote.RemoteWebDriver.&lt;init&gt;(RemoteWebDriver.java:131)
	at org.openqa.selenium.chrome.ChromeDriver.&lt;init&gt;(ChromeDriver.java:189)
	at org.openqa.selenium.chrome.ChromeDriver.&lt;init&gt;(ChromeDriver.java:176)
	at org.openqa.selenium.chrome.ChromeDriver.&lt;init&gt;(ChromeDriver.java:165)
	at base.PreAndPost.beforeMethod(PreAndPost.java:85)
	at driver.Driver.executeTestcase(Driver.java:68)
	at java.util.ArrayList.forEach(Unknown Source)
... Removed 30 stack frames
</div> <!-- stack-trace -->
                </div> <!-- method-content -->
              </div> <!-- method -->
              <div class="method">
                <div class="method-content">
                  <a name="executeTestcase(org.testng.TestRunner@6b0d80ed)">
                  </a> <!-- executeTestcase(org.testng.TestRunner@6b0d80ed) -->
                  <span class="method-name">executeTestcase</span>
                  <span class="parameters">(org.testng.TestRunner@6b0d80ed)</span>
                  <div class="stack-trace">org.openqa.selenium.SessionNotCreatedException: session not created: This version of ChromeDriver only supports Chrome version 86
Current browser version is 88.0.4324.150 with binary path C:\Program Files (x86)\Google\Chrome\Application\chrome.exe
Build info: version: &apos;4.0.0-alpha-1&apos;, revision: &apos;d1d3728cae&apos;, time: &apos;2019-04-24T13:42:21&apos;
System info: host: &apos;Z3GAVSP1PU0041&apos;, ip: &apos;10.99.37.191&apos;, os.name: &apos;Windows 10&apos;, os.arch: &apos;amd64&apos;, os.version: &apos;10.0&apos;, java.version: &apos;1.8.0_231&apos;
Driver info: driver.version: Driver
remote stacktrace: Backtrace:
	Ordinal0 [0x0120C013+3194899]
	Ordinal0 [0x010F6021+2056225]
	Ordinal0 [0x00F8F608+587272]
	Ordinal0 [0x00F11BF3+72691]
	Ordinal0 [0x00F0E229+57897]
	Ordinal0 [0x00F0C64A+50762]
	Ordinal0 [0x00F31EE9+204521]
	Ordinal0 [0x00F31D0D+204045]
	Ordinal0 [0x00F2FC1B+195611]
	Ordinal0 [0x00F13B7F+80767]
	Ordinal0 [0x00F14B4E+84814]
	Ordinal0 [0x00F14AD9+84697]
	Ordinal0 [0x0110CE64+2149988]
	GetHandleVerifier [0x0137BE95+1400773]
	GetHandleVerifier [0x0137BB61+1399953]
	GetHandleVerifier [0x013831FA+1430314]
	GetHandleVerifier [0x0137C69F+1402831]
	Ordinal0 [0x01103D61+2112865]
	Ordinal0 [0x0110E5CB+2155979]
	Ordinal0 [0x0110E6F5+2156277]
	Ordinal0 [0x0111F26E+2224750]
	BaseThreadInitThunk [0x77896359+25]
	RtlGetAppContainerNamedObjectPath [0x77CE8944+228]
	RtlGetAppContainerNamedObjectPath [0x77CE8914+180]

	at org.openqa.selenium.remote.W3CHandshakeResponse.lambda$errorHandler$0(W3CHandshakeResponse.java:62)
	at org.openqa.selenium.remote.HandshakeResponse.lambda$getResponseFunction$0(HandshakeResponse.java:30)
	at org.openqa.selenium.remote.ProtocolHandshake.lambda$createSession$0(ProtocolHandshake.java:126)
	at java.util.stream.ReferencePipeline$3$1.accept(Unknown Source)
	at java.util.Spliterators$ArraySpliterator.tryAdvance(Unknown Source)
	at java.util.stream.ReferencePipeline.forEachWithCancel(Unknown Source)
	at java.util.stream.AbstractPipeline.copyIntoWithCancel(Unknown Source)
	at java.util.stream.AbstractPipeline.copyInto(Unknown Source)
	at java.util.stream.AbstractPipeline.wrapAndCopyInto(Unknown Source)
	at java.util.stream.FindOps$FindOp.evaluateSequential(Unknown Source)
	at java.util.stream.AbstractPipeline.evaluate(Unknown Source)
	at java.util.stream.ReferencePipeline.findFirst(Unknown Source)
	at org.openqa.selenium.remote.ProtocolHandshake.createSession(ProtocolHandshake.java:128)
	at org.openqa.selenium.remote.ProtocolHandshake.createSession(ProtocolHandshake.java:74)
	at org.openqa.selenium.remote.HttpCommandExecutor.execute(HttpCommandExecutor.java:139)
	at org.openqa.selenium.remote.service.DriverCommandExecutor.execute(DriverCommandExecutor.java:83)
	at org.openqa.selenium.remote.RemoteWebDriver.execute(RemoteWebDriver.java:577)
	at org.openqa.selenium.remote.RemoteWebDriver.startSession(RemoteWebDriver.java:211)
	at org.openqa.selenium.remote.RemoteWebDriver.&lt;init&gt;(RemoteWebDriver.java:131)
	at org.openqa.selenium.chrome.ChromeDriver.&lt;init&gt;(ChromeDriver.java:189)
	at org.openqa.selenium.chrome.ChromeDriver.&lt;init&gt;(ChromeDriver.java:176)
	at org.openqa.selenium.chrome.ChromeDriver.&lt;init&gt;(ChromeDriver.java:165)
	at base.PreAndPost.beforeMethod(PreAndPost.java:85)
	at driver.Driver.executeTestcase(Driver.java:68)
	at java.util.ArrayList.forEach(Unknown Source)
... Removed 30 stack frames
</div> <!-- stack-trace -->
                </div> <!-- method-content -->
              </div> <!-- method -->
              <div class="method">
                <div class="method-content">
                  <a name="executeTestcase(org.testng.TestRunner@6b0d80ed)">
                  </a> <!-- executeTestcase(org.testng.TestRunner@6b0d80ed) -->
                  <span class="method-name">executeTestcase</span>
                  <span class="parameters">(org.testng.TestRunner@6b0d80ed)</span>
                  <div class="stack-trace">org.openqa.selenium.SessionNotCreatedException: session not created: This version of ChromeDriver only supports Chrome version 86
Current browser version is 88.0.4324.150 with binary path C:\Program Files (x86)\Google\Chrome\Application\chrome.exe
Build info: version: &apos;4.0.0-alpha-1&apos;, revision: &apos;d1d3728cae&apos;, time: &apos;2019-04-24T13:42:21&apos;
System info: host: &apos;Z3GAVSP1PU0041&apos;, ip: &apos;10.99.37.191&apos;, os.name: &apos;Windows 10&apos;, os.arch: &apos;amd64&apos;, os.version: &apos;10.0&apos;, java.version: &apos;1.8.0_231&apos;
Driver info: driver.version: Driver
remote stacktrace: Backtrace:
	Ordinal0 [0x0120C013+3194899]
	Ordinal0 [0x010F6021+2056225]
	Ordinal0 [0x00F8F608+587272]
	Ordinal0 [0x00F11BF3+72691]
	Ordinal0 [0x00F0E229+57897]
	Ordinal0 [0x00F0C64A+50762]
	Ordinal0 [0x00F31EE9+204521]
	Ordinal0 [0x00F31D0D+204045]
	Ordinal0 [0x00F2FC1B+195611]
	Ordinal0 [0x00F13B7F+80767]
	Ordinal0 [0x00F14B4E+84814]
	Ordinal0 [0x00F14AD9+84697]
	Ordinal0 [0x0110CE64+2149988]
	GetHandleVerifier [0x0137BE95+1400773]
	GetHandleVerifier [0x0137BB61+1399953]
	GetHandleVerifier [0x013831FA+1430314]
	GetHandleVerifier [0x0137C69F+1402831]
	Ordinal0 [0x01103D61+2112865]
	Ordinal0 [0x0110E5CB+2155979]
	Ordinal0 [0x0110E6F5+2156277]
	Ordinal0 [0x0111F26E+2224750]
	BaseThreadInitThunk [0x77896359+25]
	RtlGetAppContainerNamedObjectPath [0x77CE8944+228]
	RtlGetAppContainerNamedObjectPath [0x77CE8914+180]

	at org.openqa.selenium.remote.W3CHandshakeResponse.lambda$errorHandler$0(W3CHandshakeResponse.java:62)
	at org.openqa.selenium.remote.HandshakeResponse.lambda$getResponseFunction$0(HandshakeResponse.java:30)
	at org.openqa.selenium.remote.ProtocolHandshake.lambda$createSession$0(ProtocolHandshake.java:126)
	at java.util.stream.ReferencePipeline$3$1.accept(Unknown Source)
	at java.util.Spliterators$ArraySpliterator.tryAdvance(Unknown Source)
	at java.util.stream.ReferencePipeline.forEachWithCancel(Unknown Source)
	at java.util.stream.AbstractPipeline.copyIntoWithCancel(Unknown Source)
	at java.util.stream.AbstractPipeline.copyInto(Unknown Source)
	at java.util.stream.AbstractPipeline.wrapAndCopyInto(Unknown Source)
	at java.util.stream.FindOps$FindOp.evaluateSequential(Unknown Source)
	at java.util.stream.AbstractPipeline.evaluate(Unknown Source)
	at java.util.stream.ReferencePipeline.findFirst(Unknown Source)
	at org.openqa.selenium.remote.ProtocolHandshake.createSession(ProtocolHandshake.java:128)
	at org.openqa.selenium.remote.ProtocolHandshake.createSession(ProtocolHandshake.java:74)
	at org.openqa.selenium.remote.HttpCommandExecutor.execute(HttpCommandExecutor.java:139)
	at org.openqa.selenium.remote.service.DriverCommandExecutor.execute(DriverCommandExecutor.java:83)
	at org.openqa.selenium.remote.RemoteWebDriver.execute(RemoteWebDriver.java:577)
	at org.openqa.selenium.remote.RemoteWebDriver.startSession(RemoteWebDriver.java:211)
	at org.openqa.selenium.remote.RemoteWebDriver.&lt;init&gt;(RemoteWebDriver.java:131)
	at org.openqa.selenium.chrome.ChromeDriver.&lt;init&gt;(ChromeDriver.java:189)
	at org.openqa.selenium.chrome.ChromeDriver.&lt;init&gt;(ChromeDriver.java:176)
	at org.openqa.selenium.chrome.ChromeDriver.&lt;init&gt;(ChromeDriver.java:165)
	at base.PreAndPost.beforeMethod(PreAndPost.java:85)
	at driver.Driver.executeTestcase(Driver.java:68)
	at java.util.ArrayList.forEach(Unknown Source)
... Removed 31 stack frames
</div> <!-- stack-trace -->
                </div> <!-- method-content -->
              </div> <!-- method -->
              <div class="method">
                <div class="method-content">
                  <a name="executeTestcase(org.testng.TestRunner@6b0d80ed)">
                  </a> <!-- executeTestcase(org.testng.TestRunner@6b0d80ed) -->
                  <span class="method-name">executeTestcase</span>
                  <span class="parameters">(org.testng.TestRunner@6b0d80ed)</span>
                  <div class="stack-trace">org.openqa.selenium.SessionNotCreatedException: session not created: This version of ChromeDriver only supports Chrome version 86
Current browser version is 88.0.4324.150 with binary path C:\Program Files (x86)\Google\Chrome\Application\chrome.exe
Build info: version: &apos;4.0.0-alpha-1&apos;, revision: &apos;d1d3728cae&apos;, time: &apos;2019-04-24T13:42:21&apos;
System info: host: &apos;Z3GAVSP1PU0041&apos;, ip: &apos;10.99.37.191&apos;, os.name: &apos;Windows 10&apos;, os.arch: &apos;amd64&apos;, os.version: &apos;10.0&apos;, java.version: &apos;1.8.0_231&apos;
Driver info: driver.version: Driver
remote stacktrace: Backtrace:
	Ordinal0 [0x0120C013+3194899]
	Ordinal0 [0x010F6021+2056225]
	Ordinal0 [0x00F8F608+587272]
	Ordinal0 [0x00F11BF3+72691]
	Ordinal0 [0x00F0E229+57897]
	Ordinal0 [0x00F0C64A+50762]
	Ordinal0 [0x00F31EE9+204521]
	Ordinal0 [0x00F31D0D+204045]
	Ordinal0 [0x00F2FC1B+195611]
	Ordinal0 [0x00F13B7F+80767]
	Ordinal0 [0x00F14B4E+84814]
	Ordinal0 [0x00F14AD9+84697]
	Ordinal0 [0x0110CE64+2149988]
	GetHandleVerifier [0x0137BE95+1400773]
	GetHandleVerifier [0x0137BB61+1399953]
	GetHandleVerifier [0x013831FA+1430314]
	GetHandleVerifier [0x0137C69F+1402831]
	Ordinal0 [0x01103D61+2112865]
	Ordinal0 [0x0110E5CB+2155979]
	Ordinal0 [0x0110E6F5+2156277]
	Ordinal0 [0x0111F26E+2224750]
	BaseThreadInitThunk [0x77896359+25]
	RtlGetAppContainerNamedObjectPath [0x77CE8944+228]
	RtlGetAppContainerNamedObjectPath [0x77CE8914+180]

	at org.openqa.selenium.remote.W3CHandshakeResponse.lambda$errorHandler$0(W3CHandshakeResponse.java:62)
	at org.openqa.selenium.remote.HandshakeResponse.lambda$getResponseFunction$0(HandshakeResponse.java:30)
	at org.openqa.selenium.remote.ProtocolHandshake.lambda$createSession$0(ProtocolHandshake.java:126)
	at java.util.stream.ReferencePipeline$3$1.accept(Unknown Source)
	at java.util.Spliterators$ArraySpliterator.tryAdvance(Unknown Source)
	at java.util.stream.ReferencePipeline.forEachWithCancel(Unknown Source)
	at java.util.stream.AbstractPipeline.copyIntoWithCancel(Unknown Source)
	at java.util.stream.AbstractPipeline.copyInto(Unknown Source)
	at java.util.stream.AbstractPipeline.wrapAndCopyInto(Unknown Source)
	at java.util.stream.FindOps$FindOp.evaluateSequential(Unknown Source)
	at java.util.stream.AbstractPipeline.evaluate(Unknown Source)
	at java.util.stream.ReferencePipeline.findFirst(Unknown Source)
	at org.openqa.selenium.remote.ProtocolHandshake.createSession(ProtocolHandshake.java:128)
	at org.openqa.selenium.remote.ProtocolHandshake.createSession(ProtocolHandshake.java:74)
	at org.openqa.selenium.remote.HttpCommandExecutor.execute(HttpCommandExecutor.java:139)
	at org.openqa.selenium.remote.service.DriverCommandExecutor.execute(DriverCommandExecutor.java:83)
	at org.openqa.selenium.remote.RemoteWebDriver.execute(RemoteWebDriver.java:577)
	at org.openqa.selenium.remote.RemoteWebDriver.startSession(RemoteWebDriver.java:211)
	at org.openqa.selenium.remote.RemoteWebDriver.&lt;init&gt;(RemoteWebDriver.java:131)
	at org.openqa.selenium.chrome.ChromeDriver.&lt;init&gt;(ChromeDriver.java:189)
	at org.openqa.selenium.chrome.ChromeDriver.&lt;init&gt;(ChromeDriver.java:176)
	at org.openqa.selenium.chrome.ChromeDriver.&lt;init&gt;(ChromeDriver.java:165)
	at base.PreAndPost.beforeMethod(PreAndPost.java:85)
	at driver.Driver.executeTestcase(Driver.java:68)
	at java.util.ArrayList.forEach(Unknown Source)
... Removed 30 stack frames
</div> <!-- stack-trace -->
                </div> <!-- method-content -->
              </div> <!-- method -->
              <div class="method">
                <div class="method-content">
                  <a name="executeTestcase(org.testng.TestRunner@6b0d80ed)">
                  </a> <!-- executeTestcase(org.testng.TestRunner@6b0d80ed) -->
                  <span class="method-name">executeTestcase</span>
                  <span class="parameters">(org.testng.TestRunner@6b0d80ed)</span>
                  <div class="stack-trace">org.openqa.selenium.SessionNotCreatedException: session not created: This version of ChromeDriver only supports Chrome version 86
Current browser version is 88.0.4324.150 with binary path C:\Program Files (x86)\Google\Chrome\Application\chrome.exe
Build info: version: &apos;4.0.0-alpha-1&apos;, revision: &apos;d1d3728cae&apos;, time: &apos;2019-04-24T13:42:21&apos;
System info: host: &apos;Z3GAVSP1PU0041&apos;, ip: &apos;10.99.37.191&apos;, os.name: &apos;Windows 10&apos;, os.arch: &apos;amd64&apos;, os.version: &apos;10.0&apos;, java.version: &apos;1.8.0_231&apos;
Driver info: driver.version: Driver
remote stacktrace: Backtrace:
	Ordinal0 [0x0120C013+3194899]
	Ordinal0 [0x010F6021+2056225]
	Ordinal0 [0x00F8F608+587272]
	Ordinal0 [0x00F11BF3+72691]
	Ordinal0 [0x00F0E229+57897]
	Ordinal0 [0x00F0C64A+50762]
	Ordinal0 [0x00F31EE9+204521]
	Ordinal0 [0x00F31D0D+204045]
	Ordinal0 [0x00F2FC1B+195611]
	Ordinal0 [0x00F13B7F+80767]
	Ordinal0 [0x00F14B4E+84814]
	Ordinal0 [0x00F14AD9+84697]
	Ordinal0 [0x0110CE64+2149988]
	GetHandleVerifier [0x0137BE95+1400773]
	GetHandleVerifier [0x0137BB61+1399953]
	GetHandleVerifier [0x013831FA+1430314]
	GetHandleVerifier [0x0137C69F+1402831]
	Ordinal0 [0x01103D61+2112865]
	Ordinal0 [0x0110E5CB+2155979]
	Ordinal0 [0x0110E6F5+2156277]
	Ordinal0 [0x0111F26E+2224750]
	BaseThreadInitThunk [0x77896359+25]
	RtlGetAppContainerNamedObjectPath [0x77CE8944+228]
	RtlGetAppContainerNamedObjectPath [0x77CE8914+180]

	at org.openqa.selenium.remote.W3CHandshakeResponse.lambda$errorHandler$0(W3CHandshakeResponse.java:62)
	at org.openqa.selenium.remote.HandshakeResponse.lambda$getResponseFunction$0(HandshakeResponse.java:30)
	at org.openqa.selenium.remote.ProtocolHandshake.lambda$createSession$0(ProtocolHandshake.java:126)
	at java.util.stream.ReferencePipeline$3$1.accept(Unknown Source)
	at java.util.Spliterators$ArraySpliterator.tryAdvance(Unknown Source)
	at java.util.stream.ReferencePipeline.forEachWithCancel(Unknown Source)
	at java.util.stream.AbstractPipeline.copyIntoWithCancel(Unknown Source)
	at java.util.stream.AbstractPipeline.copyInto(Unknown Source)
	at java.util.stream.AbstractPipeline.wrapAndCopyInto(Unknown Source)
	at java.util.stream.FindOps$FindOp.evaluateSequential(Unknown Source)
	at java.util.stream.AbstractPipeline.evaluate(Unknown Source)
	at java.util.stream.ReferencePipeline.findFirst(Unknown Source)
	at org.openqa.selenium.remote.ProtocolHandshake.createSession(ProtocolHandshake.java:128)
	at org.openqa.selenium.remote.ProtocolHandshake.createSession(ProtocolHandshake.java:74)
	at org.openqa.selenium.remote.HttpCommandExecutor.execute(HttpCommandExecutor.java:139)
	at org.openqa.selenium.remote.service.DriverCommandExecutor.execute(DriverCommandExecutor.java:83)
	at org.openqa.selenium.remote.RemoteWebDriver.execute(RemoteWebDriver.java:577)
	at org.openqa.selenium.remote.RemoteWebDriver.startSession(RemoteWebDriver.java:211)
	at org.openqa.selenium.remote.RemoteWebDriver.&lt;init&gt;(RemoteWebDriver.java:131)
	at org.openqa.selenium.chrome.ChromeDriver.&lt;init&gt;(ChromeDriver.java:189)
	at org.openqa.selenium.chrome.ChromeDriver.&lt;init&gt;(ChromeDriver.java:176)
	at org.openqa.selenium.chrome.ChromeDriver.&lt;init&gt;(ChromeDriver.java:165)
	at base.PreAndPost.beforeMethod(PreAndPost.java:85)
	at driver.Driver.executeTestcase(Driver.java:68)
	at java.util.ArrayList.forEach(Unknown Source)
... Removed 30 stack frames
</div> <!-- stack-trace -->
                </div> <!-- method-content -->
              </div> <!-- method -->
              <div class="method">
                <div class="method-content">
                  <a name="executeTestcase(org.testng.TestRunner@6b0d80ed)">
                  </a> <!-- executeTestcase(org.testng.TestRunner@6b0d80ed) -->
                  <span class="method-name">executeTestcase</span>
                  <span class="parameters">(org.testng.TestRunner@6b0d80ed)</span>
                  <div class="stack-trace">org.openqa.selenium.SessionNotCreatedException: session not created: This version of ChromeDriver only supports Chrome version 86
Current browser version is 88.0.4324.150 with binary path C:\Program Files (x86)\Google\Chrome\Application\chrome.exe
Build info: version: &apos;4.0.0-alpha-1&apos;, revision: &apos;d1d3728cae&apos;, time: &apos;2019-04-24T13:42:21&apos;
System info: host: &apos;Z3GAVSP1PU0041&apos;, ip: &apos;10.99.37.191&apos;, os.name: &apos;Windows 10&apos;, os.arch: &apos;amd64&apos;, os.version: &apos;10.0&apos;, java.version: &apos;1.8.0_231&apos;
Driver info: driver.version: Driver
remote stacktrace: Backtrace:
	Ordinal0 [0x0120C013+3194899]
	Ordinal0 [0x010F6021+2056225]
	Ordinal0 [0x00F8F608+587272]
	Ordinal0 [0x00F11BF3+72691]
	Ordinal0 [0x00F0E229+57897]
	Ordinal0 [0x00F0C64A+50762]
	Ordinal0 [0x00F31EE9+204521]
	Ordinal0 [0x00F31D0D+204045]
	Ordinal0 [0x00F2FC1B+195611]
	Ordinal0 [0x00F13B7F+80767]
	Ordinal0 [0x00F14B4E+84814]
	Ordinal0 [0x00F14AD9+84697]
	Ordinal0 [0x0110CE64+2149988]
	GetHandleVerifier [0x0137BE95+1400773]
	GetHandleVerifier [0x0137BB61+1399953]
	GetHandleVerifier [0x013831FA+1430314]
	GetHandleVerifier [0x0137C69F+1402831]
	Ordinal0 [0x01103D61+2112865]
	Ordinal0 [0x0110E5CB+2155979]
	Ordinal0 [0x0110E6F5+2156277]
	Ordinal0 [0x0111F26E+2224750]
	BaseThreadInitThunk [0x77896359+25]
	RtlGetAppContainerNamedObjectPath [0x77CE8944+228]
	RtlGetAppContainerNamedObjectPath [0x77CE8914+180]

	at org.openqa.selenium.remote.W3CHandshakeResponse.lambda$errorHandler$0(W3CHandshakeResponse.java:62)
	at org.openqa.selenium.remote.HandshakeResponse.lambda$getResponseFunction$0(HandshakeResponse.java:30)
	at org.openqa.selenium.remote.ProtocolHandshake.lambda$createSession$0(ProtocolHandshake.java:126)
	at java.util.stream.ReferencePipeline$3$1.accept(Unknown Source)
	at java.util.Spliterators$ArraySpliterator.tryAdvance(Unknown Source)
	at java.util.stream.ReferencePipeline.forEachWithCancel(Unknown Source)
	at java.util.stream.AbstractPipeline.copyIntoWithCancel(Unknown Source)
	at java.util.stream.AbstractPipeline.copyInto(Unknown Source)
	at java.util.stream.AbstractPipeline.wrapAndCopyInto(Unknown Source)
	at java.util.stream.FindOps$FindOp.evaluateSequential(Unknown Source)
	at java.util.stream.AbstractPipeline.evaluate(Unknown Source)
	at java.util.stream.ReferencePipeline.findFirst(Unknown Source)
	at org.openqa.selenium.remote.ProtocolHandshake.createSession(ProtocolHandshake.java:128)
	at org.openqa.selenium.remote.ProtocolHandshake.createSession(ProtocolHandshake.java:74)
	at org.openqa.selenium.remote.HttpCommandExecutor.execute(HttpCommandExecutor.java:139)
	at org.openqa.selenium.remote.service.DriverCommandExecutor.execute(DriverCommandExecutor.java:83)
	at org.openqa.selenium.remote.RemoteWebDriver.execute(RemoteWebDriver.java:577)
	at org.openqa.selenium.remote.RemoteWebDriver.startSession(RemoteWebDriver.java:211)
	at org.openqa.selenium.remote.RemoteWebDriver.&lt;init&gt;(RemoteWebDriver.java:131)
	at org.openqa.selenium.chrome.ChromeDriver.&lt;init&gt;(ChromeDriver.java:189)
	at org.openqa.selenium.chrome.ChromeDriver.&lt;init&gt;(ChromeDriver.java:176)
	at org.openqa.selenium.chrome.ChromeDriver.&lt;init&gt;(ChromeDriver.java:165)
	at base.PreAndPost.beforeMethod(PreAndPost.java:85)
	at driver.Driver.executeTestcase(Driver.java:68)
	at java.util.ArrayList.forEach(Unknown Source)
... Removed 30 stack frames
</div> <!-- stack-trace -->
                </div> <!-- method-content -->
              </div> <!-- method -->
            </div> <!-- main-panel-content rounded-window-bottom -->
          </div> <!-- suite-Suite-class-failed -->
          <div class="suite-Suite-class-skipped">
            <div class="main-panel-header rounded-window-top">
              <img src="skipped.png"/>
              <span class="class-name">driver.Driver</span>
            </div> <!-- main-panel-header rounded-window-top -->
            <div class="main-panel-content rounded-window-bottom">
              <div class="method">
                <div class="method-content">
                  <a name="executeTestcase(org.testng.TestRunner@6b0d80ed)">
                  </a> <!-- executeTestcase(org.testng.TestRunner@6b0d80ed) -->
                  <span class="method-name">executeTestcase</span>
                  <span class="parameters">(org.testng.TestRunner@6b0d80ed)</span>
                  <div class="stack-trace">org.testng.SkipException: TFS ID_ 5828 : Terminate existing GPO Memberis not chosen for execution
	at driver.Driver.executeTestcase(Driver.java:76)
	at java.util.ArrayList.forEach(Unknown Source)
... Removed 27 stack frames
</div> <!-- stack-trace -->
                </div> <!-- method-content -->
              </div> <!-- method -->
              <div class="method">
                <div class="method-content">
                  <a name="executeTestcase(org.testng.TestRunner@6b0d80ed)">
                  </a> <!-- executeTestcase(org.testng.TestRunner@6b0d80ed) -->
                  <span class="method-name">executeTestcase</span>
                  <span class="parameters">(org.testng.TestRunner@6b0d80ed)</span>
                  <div class="stack-trace">org.testng.SkipException: TFS ID_7140: Create new member - New Member entry form and Save it as prospect firstis not chosen for execution
	at driver.Driver.executeTestcase(Driver.java:76)
	at java.util.ArrayList.forEach(Unknown Source)
... Removed 27 stack frames
</div> <!-- stack-trace -->
                </div> <!-- method-content -->
              </div> <!-- method -->
              <div class="method">
                <div class="method-content">
                  <a name="executeTestcase(org.testng.TestRunner@6b0d80ed)">
                  </a> <!-- executeTestcase(org.testng.TestRunner@6b0d80ed) -->
                  <span class="method-name">executeTestcase</span>
                  <span class="parameters">(org.testng.TestRunner@6b0d80ed)</span>
                  <div class="stack-trace">org.testng.SkipException: TFS ID_ 1152 : Validate Convert Acct Entity Code to Ship-to Acctis not chosen for execution
	at driver.Driver.executeTestcase(Driver.java:76)
	at java.util.ArrayList.forEach(Unknown Source)
... Removed 27 stack frames
</div> <!-- stack-trace -->
                </div> <!-- method-content -->
              </div> <!-- method -->
              <div class="method">
                <div class="method-content">
                  <a name="executeTestcase(org.testng.TestRunner@6b0d80ed)">
                  </a> <!-- executeTestcase(org.testng.TestRunner@6b0d80ed) -->
                  <span class="method-name">executeTestcase</span>
                  <span class="parameters">(org.testng.TestRunner@6b0d80ed)</span>
                  <div class="stack-trace">org.testng.SkipException: TFS ID_ 7137:Create new member - New Member form and Save it as prospect firstis not chosen for execution
	at driver.Driver.executeTestcase(Driver.java:76)
	at java.util.ArrayList.forEach(Unknown Source)
... Removed 27 stack frames
</div> <!-- stack-trace -->
                </div> <!-- method-content -->
              </div> <!-- method -->
              <div class="method">
                <div class="method-content">
                  <a name="executeTestcase(org.testng.TestRunner@6b0d80ed)">
                  </a> <!-- executeTestcase(org.testng.TestRunner@6b0d80ed) -->
                  <span class="method-name">executeTestcase</span>
                  <span class="parameters">(org.testng.TestRunner@6b0d80ed)</span>
                  <div class="stack-trace">org.testng.SkipException: TFS ID_ 5476 : Modify existing GPO Memberis not chosen for execution
	at driver.Driver.executeTestcase(Driver.java:76)
	at java.util.ArrayList.forEach(Unknown Source)
... Removed 27 stack frames
</div> <!-- stack-trace -->
                </div> <!-- method-content -->
              </div> <!-- method -->
              <div class="method">
                <div class="method-content">
                  <a name="executeTestcase(org.testng.TestRunner@6b0d80ed)">
                  </a> <!-- executeTestcase(org.testng.TestRunner@6b0d80ed) -->
                  <span class="method-name">executeTestcase</span>
                  <span class="parameters">(org.testng.TestRunner@6b0d80ed)</span>
                  <div class="stack-trace">org.testng.SkipException: TFS ID_ 5475 : Create a new GPO Memberis not chosen for execution
	at driver.Driver.executeTestcase(Driver.java:76)
	at java.util.ArrayList.forEach(Unknown Source)
... Removed 27 stack frames
</div> <!-- stack-trace -->
                </div> <!-- method-content -->
              </div> <!-- method -->
              <div class="method">
                <div class="method-content">
                  <a name="executeTestcase(org.testng.TestRunner@6b0d80ed)">
                  </a> <!-- executeTestcase(org.testng.TestRunner@6b0d80ed) -->
                  <span class="method-name">executeTestcase</span>
                  <span class="parameters">(org.testng.TestRunner@6b0d80ed)</span>
                  <div class="stack-trace">org.testng.SkipException: TFS ID_ 1148 : Validate Address Changesis not chosen for execution
	at driver.Driver.executeTestcase(Driver.java:76)
	at java.util.ArrayList.forEach(Unknown Source)
... Removed 27 stack frames
</div> <!-- stack-trace -->
                </div> <!-- method-content -->
              </div> <!-- method -->
              <div class="method">
                <div class="method-content">
                  <a name="executeTestcase(org.testng.TestRunner@6b0d80ed)">
                  </a> <!-- executeTestcase(org.testng.TestRunner@6b0d80ed) -->
                  <span class="method-name">executeTestcase</span>
                  <span class="parameters">(org.testng.TestRunner@6b0d80ed)</span>
                  <div class="stack-trace">org.testng.SkipException: TFS ID_ 1241 : Validate that a Non-GPO can only be changed to Memberis not chosen for execution
	at driver.Driver.executeTestcase(Driver.java:76)
	at java.util.ArrayList.forEach(Unknown Source)
... Removed 27 stack frames
</div> <!-- stack-trace -->
                </div> <!-- method-content -->
              </div> <!-- method -->
              <div class="method">
                <div class="method-content">
                  <a name="executeTestcase(org.testng.TestRunner@6b0d80ed)">
                  </a> <!-- executeTestcase(org.testng.TestRunner@6b0d80ed) -->
                  <span class="method-name">executeTestcase</span>
                  <span class="parameters">(org.testng.TestRunner@6b0d80ed)</span>
                  <div class="stack-trace">org.testng.SkipException: TFS ID_7139:Create new member - New Member entry form through sub account and save it as prospect firstis not chosen for execution
	at driver.Driver.executeTestcase(Driver.java:76)
	at java.util.ArrayList.forEach(Unknown Source)
... Removed 27 stack frames
</div> <!-- stack-trace -->
                </div> <!-- method-content -->
              </div> <!-- method -->
              <div class="method">
                <div class="method-content">
                  <a name="executeTestcase(org.testng.TestRunner@6b0d80ed)">
                  </a> <!-- executeTestcase(org.testng.TestRunner@6b0d80ed) -->
                  <span class="method-name">executeTestcase</span>
                  <span class="parameters">(org.testng.TestRunner@6b0d80ed)</span>
                  <div class="stack-trace">org.testng.SkipException: TFS ID_ 1141 : Validate Business Keyis not chosen for execution
	at driver.Driver.executeTestcase(Driver.java:76)
	at java.util.ArrayList.forEach(Unknown Source)
... Removed 27 stack frames
</div> <!-- stack-trace -->
                </div> <!-- method-content -->
              </div> <!-- method -->
              <div class="method">
                <div class="method-content">
                  <a name="executeTestcase(org.testng.TestRunner@6b0d80ed)">
                  </a> <!-- executeTestcase(org.testng.TestRunner@6b0d80ed) -->
                  <span class="method-name">executeTestcase</span>
                  <span class="parameters">(org.testng.TestRunner@6b0d80ed)</span>
                  <div class="stack-trace">org.testng.SkipException: TFS ID_7138:Create new member - New Member form through sub account and save it as prospect firstis not chosen for execution
	at driver.Driver.executeTestcase(Driver.java:76)
	at java.util.ArrayList.forEach(Unknown Source)
... Removed 27 stack frames
</div> <!-- stack-trace -->
                </div> <!-- method-content -->
              </div> <!-- method -->
              <div class="method">
                <div class="method-content">
                  <a name="executeTestcase(org.testng.TestRunner@6b0d80ed)">
                  </a> <!-- executeTestcase(org.testng.TestRunner@6b0d80ed) -->
                  <span class="method-name">executeTestcase</span>
                  <span class="parameters">(org.testng.TestRunner@6b0d80ed)</span>
                  <div class="stack-trace">org.testng.SkipException: TFS ID_ 5486 : Create a new Non-GPO Memberis not chosen for execution
	at driver.Driver.executeTestcase(Driver.java:76)
	at java.util.ArrayList.forEach(Unknown Source)
... Removed 27 stack frames
</div> <!-- stack-trace -->
                </div> <!-- method-content -->
              </div> <!-- method -->
            </div> <!-- main-panel-content rounded-window-bottom -->
          </div> <!-- suite-Suite-class-skipped -->
        </div> <!-- panel Suite -->
        <div panel-name="test-xml-Suite" class="panel">
          <div class="main-panel-header rounded-window-top">
            <span class="header-content">E:\fahmed2\eclipse-workspace\2\Dynamics-CRM-V2.0\TestNG\testng.xml</span>
          </div> <!-- main-panel-header rounded-window-top -->
          <div class="main-panel-content rounded-window-bottom">
            <pre>
&lt;?xml version=&quot;1.0&quot; encoding=&quot;UTF-8&quot;?&gt;
&lt;!DOCTYPE suite SYSTEM &quot;https://testng.org/testng-1.0.dtd&quot;&gt;
&lt;suite guice-stage=&quot;DEVELOPMENT&quot; name=&quot;Suite&quot;&gt;
  &lt;listeners&gt;
    &lt;listener class-name=&quot;events.TestAnnotation&quot;/&gt;
  &lt;/listeners&gt;
  &lt;test thread-count=&quot;5&quot; name=&quot;Results&quot;&gt;
    &lt;classes&gt;
      &lt;class name=&quot;driver.Driver&quot;/&gt;
    &lt;/classes&gt;
  &lt;/test&gt; &lt;!-- Results --&gt;
&lt;/suite&gt; &lt;!-- Suite --&gt;
            </pre>
          </div> <!-- main-panel-content rounded-window-bottom -->
        </div> <!-- panel -->
        <div panel-name="testlist-Suite" class="panel">
          <div class="main-panel-header rounded-window-top">
            <span class="header-content">Tests for Suite</span>
          </div> <!-- main-panel-header rounded-window-top -->
          <div class="main-panel-content rounded-window-bottom">
            <ul>
              <li>
                <span class="test-name">Results (1 class)</span>
              </li>
            </ul>
          </div> <!-- main-panel-content rounded-window-bottom -->
        </div> <!-- panel -->
        <div panel-name="group-Suite" class="panel">
          <div class="main-panel-header rounded-window-top">
            <span class="header-content">Groups for Suite</span>
          </div> <!-- main-panel-header rounded-window-top -->
          <div class="main-panel-content rounded-window-bottom">
          </div> <!-- main-panel-content rounded-window-bottom -->
        </div> <!-- panel -->
        <div panel-name="times-Suite" class="panel">
          <div class="main-panel-header rounded-window-top">
            <span class="header-content">Times for Suite</span>
          </div> <!-- main-panel-header rounded-window-top -->
          <div class="main-panel-content rounded-window-bottom">
            <div class="times-div">
              <script type="text/javascript">
suiteTableInitFunctions.push('tableData_Suite');
function tableData_Suite() {
var data = new google.visualization.DataTable();
data.addColumn('number', 'Number');
data.addColumn('string', 'Method');
data.addColumn('string', 'Class');
data.addColumn('number', 'Time (ms)');
data.addRows(25);
data.setCell(0, 0, 0)
data.setCell(0, 1, 'executeTestcase')
data.setCell(0, 2, 'driver.Driver')
data.setCell(0, 3, 3196);
data.setCell(1, 0, 1)
data.setCell(1, 1, 'executeTestcase')
data.setCell(1, 2, 'driver.Driver')
data.setCell(1, 3, 2118);
data.setCell(2, 0, 2)
data.setCell(2, 1, 'executeTestcase')
data.setCell(2, 2, 'driver.Driver')
data.setCell(2, 3, 2039);
data.setCell(3, 0, 3)
data.setCell(3, 1, 'executeTestcase')
data.setCell(3, 2, 'driver.Driver')
data.setCell(3, 3, 2020);
data.setCell(4, 0, 4)
data.setCell(4, 1, 'executeTestcase')
data.setCell(4, 2, 'driver.Driver')
data.setCell(4, 3, 2008);
data.setCell(5, 0, 5)
data.setCell(5, 1, 'executeTestcase')
data.setCell(5, 2, 'driver.Driver')
data.setCell(5, 3, 2005);
data.setCell(6, 0, 6)
data.setCell(6, 1, 'executeTestcase')
data.setCell(6, 2, 'driver.Driver')
data.setCell(6, 3, 2000);
data.setCell(7, 0, 7)
data.setCell(7, 1, 'executeTestcase')
data.setCell(7, 2, 'driver.Driver')
data.setCell(7, 3, 1996);
data.setCell(8, 0, 8)
data.setCell(8, 1, 'executeTestcase')
data.setCell(8, 2, 'driver.Driver')
data.setCell(8, 3, 1980);
data.setCell(9, 0, 9)
data.setCell(9, 1, 'executeTestcase')
data.setCell(9, 2, 'driver.Driver')
data.setCell(9, 3, 1977);
data.setCell(10, 0, 10)
data.setCell(10, 1, 'executeTestcase')
data.setCell(10, 2, 'driver.Driver')
data.setCell(10, 3, 1977);
data.setCell(11, 0, 11)
data.setCell(11, 1, 'executeTestcase')
data.setCell(11, 2, 'driver.Driver')
data.setCell(11, 3, 1972);
data.setCell(12, 0, 12)
data.setCell(12, 1, 'executeTestcase')
data.setCell(12, 2, 'driver.Driver')
data.setCell(12, 3, 1970);
data.setCell(13, 0, 13)
data.setCell(13, 1, 'executeTestcase')
data.setCell(13, 2, 'driver.Driver')
data.setCell(13, 3, 31);
data.setCell(14, 0, 14)
data.setCell(14, 1, 'executeTestcase')
data.setCell(14, 2, 'driver.Driver')
data.setCell(14, 3, 9);
data.setCell(15, 0, 15)
data.setCell(15, 1, 'executeTestcase')
data.setCell(15, 2, 'driver.Driver')
data.setCell(15, 3, 9);
data.setCell(16, 0, 16)
data.setCell(16, 1, 'executeTestcase')
data.setCell(16, 2, 'driver.Driver')
data.setCell(16, 3, 8);
data.setCell(17, 0, 17)
data.setCell(17, 1, 'executeTestcase')
data.setCell(17, 2, 'driver.Driver')
data.setCell(17, 3, 8);
data.setCell(18, 0, 18)
data.setCell(18, 1, 'executeTestcase')
data.setCell(18, 2, 'driver.Driver')
data.setCell(18, 3, 7);
data.setCell(19, 0, 19)
data.setCell(19, 1, 'executeTestcase')
data.setCell(19, 2, 'driver.Driver')
data.setCell(19, 3, 7);
data.setCell(20, 0, 20)
data.setCell(20, 1, 'executeTestcase')
data.setCell(20, 2, 'driver.Driver')
data.setCell(20, 3, 7);
data.setCell(21, 0, 21)
data.setCell(21, 1, 'executeTestcase')
data.setCell(21, 2, 'driver.Driver')
data.setCell(21, 3, 7);
data.setCell(22, 0, 22)
data.setCell(22, 1, 'executeTestcase')
data.setCell(22, 2, 'driver.Driver')
data.setCell(22, 3, 7);
data.setCell(23, 0, 23)
data.setCell(23, 1, 'executeTestcase')
data.setCell(23, 2, 'driver.Driver')
data.setCell(23, 3, 6);
data.setCell(24, 0, 24)
data.setCell(24, 1, 'executeTestcase')
data.setCell(24, 2, 'driver.Driver')
data.setCell(24, 3, 6);
window.suiteTableData['Suite']= { tableData: data, tableDiv: 'times-div-Suite'}
return data;
}
              </script>
              <span class="suite-total-time">Total running time: 27 seconds</span>
              <div id="times-div-Suite">
              </div> <!-- times-div-Suite -->
            </div> <!-- times-div -->
          </div> <!-- main-panel-content rounded-window-bottom -->
        </div> <!-- panel -->
        <div panel-name="reporter-Suite" class="panel">
          <div class="main-panel-header rounded-window-top">
            <span class="header-content">Reporter output for Suite</span>
          </div> <!-- main-panel-header rounded-window-top -->
          <div class="main-panel-content rounded-window-bottom">
          </div> <!-- main-panel-content rounded-window-bottom -->
        </div> <!-- panel -->
        <div panel-name="ignored-methods-Suite" class="panel">
          <div class="main-panel-header rounded-window-top">
            <span class="header-content">0 ignored methods</span>
          </div> <!-- main-panel-header rounded-window-top -->
          <div class="main-panel-content rounded-window-bottom">
          </div> <!-- main-panel-content rounded-window-bottom -->
        </div> <!-- panel -->
        <div panel-name="chronological-Suite" class="panel">
          <div class="main-panel-header rounded-window-top">
            <span class="header-content">Methods in chronological order</span>
          </div> <!-- main-panel-header rounded-window-top -->
          <div class="main-panel-content rounded-window-bottom">
            <div class="chronological-class">
              <div class="chronological-class-name">driver.Driver</div> <!-- chronological-class-name -->
              <div class="configuration-suite before">
                <span class="method-name">setUp</span>
                <span class="method-start">0 ms</span>
              </div> <!-- configuration-suite before -->
              <div class="test-method">
                <span class="method-name">executeTestcase(org.testng.TestRunner@6b0d80ed)</span>
                <span class="method-start">296 ms</span>
              </div> <!-- test-method -->
              <div class="configuration-method after">
                <span class="method-name">Reports([TestResult name=executeTestcase status=SKIP method=Driver.executeTestcase(org.testng.ITestContext)[...)</span>
                <span class="method-start">358 ms</span>
              </div> <!-- configuration-method after -->
              <div class="test-method">
                <span class="method-name">executeTestcase(org.testng.TestRunner@6b0d80ed)</span>
                <span class="method-start">599 ms</span>
              </div> <!-- test-method -->
              <div class="configuration-method after">
                <span class="method-name">Reports([TestResult name=executeTestcase status=SKIP method=Driver.executeTestcase(org.testng.ITestContext)[...)</span>
                <span class="method-start">637 ms</span>
              </div> <!-- configuration-method after -->
              <div class="test-method">
                <span class="method-name">executeTestcase(org.testng.TestRunner@6b0d80ed)</span>
                <span class="method-start">734 ms</span>
              </div> <!-- test-method -->
              <div class="configuration-method after">
                <span class="method-name">Reports([TestResult name=executeTestcase status=SKIP method=Driver.executeTestcase(org.testng.ITestContext)[...)</span>
                <span class="method-start">770 ms</span>
              </div> <!-- configuration-method after -->
              <div class="test-method">
                <span class="method-name">executeTestcase(org.testng.TestRunner@6b0d80ed)</span>
                <span class="method-start">882 ms</span>
              </div> <!-- test-method -->
              <div class="configuration-method after">
                <span class="method-name">Reports([TestResult name=executeTestcase status=SKIP method=Driver.executeTestcase(org.testng.ITestContext)[...)</span>
                <span class="method-start">919 ms</span>
              </div> <!-- configuration-method after -->
              <div class="test-method">
                <span class="method-name">executeTestcase(org.testng.TestRunner@6b0d80ed)</span>
                <span class="method-start">1014 ms</span>
              </div> <!-- test-method -->
              <div class="configuration-method after">
                <span class="method-name">Reports([TestResult name=executeTestcase status=SKIP method=Driver.executeTestcase(org.testng.ITestContext)[...)</span>
                <span class="method-start">1052 ms</span>
              </div> <!-- configuration-method after -->
              <div class="test-method">
                <span class="method-name">executeTestcase(org.testng.TestRunner@6b0d80ed)</span>
                <span class="method-start">1146 ms</span>
              </div> <!-- test-method -->
              <div class="configuration-method after">
                <span class="method-name">Reports([TestResult name=executeTestcase status=SKIP method=Driver.executeTestcase(org.testng.ITestContext)[...)</span>
                <span class="method-start">1177 ms</span>
              </div> <!-- configuration-method after -->
              <div class="test-method">
                <span class="method-name">executeTestcase(org.testng.TestRunner@6b0d80ed)</span>
                <span class="method-start">1248 ms</span>
              </div> <!-- test-method -->
              <div class="configuration-method after">
                <span class="method-name">Reports([TestResult name=executeTestcase status=SKIP method=Driver.executeTestcase(org.testng.ITestContext)[...)</span>
                <span class="method-start">1279 ms</span>
              </div> <!-- configuration-method after -->
              <div class="test-method">
                <span class="method-name">executeTestcase(org.testng.TestRunner@6b0d80ed)</span>
                <span class="method-start">1366 ms</span>
              </div> <!-- test-method -->
              <div class="configuration-method after">
                <span class="method-name">Reports([TestResult name=executeTestcase status=SKIP method=Driver.executeTestcase(org.testng.ITestContext)[...)</span>
                <span class="method-start">1399 ms</span>
              </div> <!-- configuration-method after -->
              <div class="test-method">
                <img src="failed.png">
                </img>
                <span class="method-name">executeTestcase(org.testng.TestRunner@6b0d80ed)</span>
                <span class="method-start">1521 ms</span>
              </div> <!-- test-method -->
              <div class="configuration-method after">
                <span class="method-name">Reports([TestResult name=executeTestcase status=FAILURE method=Driver.executeTestcase(org.testng.ITestContex...)</span>
                <span class="method-start">4744 ms</span>
              </div> <!-- configuration-method after -->
              <div class="test-method">
                <span class="method-name">executeTestcase(org.testng.TestRunner@6b0d80ed)</span>
                <span class="method-start">4820 ms</span>
              </div> <!-- test-method -->
              <div class="configuration-method after">
                <span class="method-name">Reports([TestResult name=executeTestcase status=SKIP method=Driver.executeTestcase(org.testng.ITestContext)[...)</span>
                <span class="method-start">4862 ms</span>
              </div> <!-- configuration-method after -->
              <div class="test-method">
                <span class="method-name">executeTestcase(org.testng.TestRunner@6b0d80ed)</span>
                <span class="method-start">4930 ms</span>
              </div> <!-- test-method -->
              <div class="configuration-method after">
                <span class="method-name">Reports([TestResult name=executeTestcase status=SKIP method=Driver.executeTestcase(org.testng.ITestContext)[...)</span>
                <span class="method-start">4959 ms</span>
              </div> <!-- configuration-method after -->
              <div class="test-method">
                <span class="method-name">executeTestcase(org.testng.TestRunner@6b0d80ed)</span>
                <span class="method-start">5016 ms</span>
              </div> <!-- test-method -->
              <div class="configuration-method after">
                <span class="method-name">Reports([TestResult name=executeTestcase status=SKIP method=Driver.executeTestcase(org.testng.ITestContext)[...)</span>
                <span class="method-start">5047 ms</span>
              </div> <!-- configuration-method after -->
              <div class="test-method">
                <span class="method-name">executeTestcase(org.testng.TestRunner@6b0d80ed)</span>
                <span class="method-start">5106 ms</span>
              </div> <!-- test-method -->
              <div class="configuration-method after">
                <span class="method-name">Reports([TestResult name=executeTestcase status=SKIP method=Driver.executeTestcase(org.testng.ITestContext)[...)</span>
                <span class="method-start">5135 ms</span>
              </div> <!-- configuration-method after -->
              <div class="test-method">
                <img src="failed.png">
                </img>
                <span class="method-name">executeTestcase(org.testng.TestRunner@6b0d80ed)</span>
                <span class="method-start">5191 ms</span>
              </div> <!-- test-method -->
              <div class="configuration-method after">
                <span class="method-name">Reports([TestResult name=executeTestcase status=FAILURE method=Driver.executeTestcase(org.testng.ITestContex...)</span>
                <span class="method-start">7183 ms</span>
              </div> <!-- configuration-method after -->
              <div class="test-method">
                <img src="failed.png">
                </img>
                <span class="method-name">executeTestcase(org.testng.TestRunner@6b0d80ed)</span>
                <span class="method-start">7254 ms</span>
              </div> <!-- test-method -->
              <div class="configuration-method after">
                <span class="method-name">Reports([TestResult name=executeTestcase status=FAILURE method=Driver.executeTestcase(org.testng.ITestContex...)</span>
                <span class="method-start">9262 ms</span>
              </div> <!-- configuration-method after -->
              <div class="test-method">
                <img src="failed.png">
                </img>
                <span class="method-name">executeTestcase(org.testng.TestRunner@6b0d80ed)</span>
                <span class="method-start">9326 ms</span>
              </div> <!-- test-method -->
              <div class="configuration-method after">
                <span class="method-name">Reports([TestResult name=executeTestcase status=FAILURE method=Driver.executeTestcase(org.testng.ITestContex...)</span>
                <span class="method-start">11371 ms</span>
              </div> <!-- configuration-method after -->
              <div class="test-method">
                <img src="failed.png">
                </img>
                <span class="method-name">executeTestcase(org.testng.TestRunner@6b0d80ed)</span>
                <span class="method-start">11452 ms</span>
              </div> <!-- test-method -->
              <div class="configuration-method after">
                <span class="method-name">Reports([TestResult name=executeTestcase status=FAILURE method=Driver.executeTestcase(org.testng.ITestContex...)</span>
                <span class="method-start">13478 ms</span>
              </div> <!-- configuration-method after -->
              <div class="test-method">
                <img src="failed.png">
                </img>
                <span class="method-name">executeTestcase(org.testng.TestRunner@6b0d80ed)</span>
                <span class="method-start">13528 ms</span>
              </div> <!-- test-method -->
              <div class="configuration-method after">
                <span class="method-name">Reports([TestResult name=executeTestcase status=FAILURE method=Driver.executeTestcase(org.testng.ITestContex...)</span>
                <span class="method-start">15519 ms</span>
              </div> <!-- configuration-method after -->
              <div class="test-method">
                <img src="failed.png">
                </img>
                <span class="method-name">executeTestcase(org.testng.TestRunner@6b0d80ed)</span>
                <span class="method-start">15612 ms</span>
              </div> <!-- test-method -->
              <div class="configuration-method after">
                <span class="method-name">Reports([TestResult name=executeTestcase status=FAILURE method=Driver.executeTestcase(org.testng.ITestContex...)</span>
                <span class="method-start">17637 ms</span>
              </div> <!-- configuration-method after -->
              <div class="test-method">
                <img src="failed.png">
                </img>
                <span class="method-name">executeTestcase(org.testng.TestRunner@6b0d80ed)</span>
                <span class="method-start">17689 ms</span>
              </div> <!-- test-method -->
              <div class="configuration-method after">
                <span class="method-name">Reports([TestResult name=executeTestcase status=FAILURE method=Driver.executeTestcase(org.testng.ITestContex...)</span>
                <span class="method-start">19714 ms</span>
              </div> <!-- configuration-method after -->
              <div class="test-method">
                <img src="failed.png">
                </img>
                <span class="method-name">executeTestcase(org.testng.TestRunner@6b0d80ed)</span>
                <span class="method-start">19773 ms</span>
              </div> <!-- test-method -->
              <div class="configuration-method after">
                <span class="method-name">Reports([TestResult name=executeTestcase status=FAILURE method=Driver.executeTestcase(org.testng.ITestContex...)</span>
                <span class="method-start">21832 ms</span>
              </div> <!-- configuration-method after -->
              <div class="test-method">
                <img src="failed.png">
                </img>
                <span class="method-name">executeTestcase(org.testng.TestRunner@6b0d80ed)</span>
                <span class="method-start">21886 ms</span>
              </div> <!-- test-method -->
              <div class="configuration-method after">
                <span class="method-name">Reports([TestResult name=executeTestcase status=FAILURE method=Driver.executeTestcase(org.testng.ITestContex...)</span>
                <span class="method-start">23902 ms</span>
              </div> <!-- configuration-method after -->
              <div class="test-method">
                <img src="failed.png">
                </img>
                <span class="method-name">executeTestcase(org.testng.TestRunner@6b0d80ed)</span>
                <span class="method-start">23953 ms</span>
              </div> <!-- test-method -->
              <div class="configuration-method after">
                <span class="method-name">Reports([TestResult name=executeTestcase status=FAILURE method=Driver.executeTestcase(org.testng.ITestContex...)</span>
                <span class="method-start">25955 ms</span>
              </div> <!-- configuration-method after -->
              <div class="test-method">
                <img src="failed.png">
                </img>
                <span class="method-name">executeTestcase(org.testng.TestRunner@6b0d80ed)</span>
                <span class="method-start">26014 ms</span>
              </div> <!-- test-method -->
              <div class="configuration-method after">
                <span class="method-name">Reports([TestResult name=executeTestcase status=FAILURE method=Driver.executeTestcase(org.testng.ITestContex...)</span>
                <span class="method-start">28159 ms</span>
              </div> <!-- configuration-method after -->
              <div class="test-method">
                <img src="failed.png">
                </img>
                <span class="method-name">executeTestcase(org.testng.TestRunner@6b0d80ed)</span>
                <span class="method-start">28214 ms</span>
              </div> <!-- test-method -->
              <div class="configuration-method after">
                <span class="method-name">Reports([TestResult name=executeTestcase status=FAILURE method=Driver.executeTestcase(org.testng.ITestContex...)</span>
                <span class="method-start">30218 ms</span>
              </div> <!-- configuration-method after -->
              <div class="configuration-suite after">
                <span class="method-name">tearDown</span>
                <span class="method-start">30350 ms</span>
              </div> <!-- configuration-suite after -->
          </div> <!-- main-panel-content rounded-window-bottom -->
        </div> <!-- panel -->
      </div> <!-- main-panel-root -->
    </div> <!-- wrapper -->
  </body>
<script type="text/javascript" src="testng-reports2.js"></script>
</html>
