<?xml version="1.0" encoding="UTF-8"?>
<testng-results skipped="12" failed="13" ignored="0" total="25" passed="0">
  <reporter-output>
  </reporter-output>
  <suite name="Suite" duration-ms="30049" started-at="2021-02-12T21:54:08 IST" finished-at="2021-02-12T21:54:38 IST">
    <groups>
    </groups>
    <test name="Results" duration-ms="30049" started-at="2021-02-12T21:54:08 IST" finished-at="2021-02-12T21:54:38 IST">
      <class name="driver.Driver">
        <test-method status="PASS" signature="setUp()[pri:0, instance:driver.Driver@791f145a]" name="setUp" is-config="true" duration-ms="199" started-at="2021-02-12T21:54:08 IST" finished-at="2021-02-12T21:54:08 IST">
          <reporter-output>
          </reporter-output>
        </test-method> <!-- setUp -->
        <test-method status="SKIP" signature="executeTestcase(org.testng.ITestContext)[pri:0, instance:driver.Driver@791f145a]" name="executeTestcase" duration-ms="31" started-at="2021-02-12T21:54:09 IST" finished-at="2021-02-12T21:54:09 IST">
          <params>
            <param index="0">
              <value>
                <![CDATA[org.testng.TestRunner@6b0d80ed]]>
              </value>
            </param>
          </params>
          <exception class="org.testng.SkipException">
            <message>
              <![CDATA[TFS ID_ 1141 : Validate Business Keyis not chosen for execution]]>
            </message>
            <full-stacktrace>
              <![CDATA[org.testng.SkipException: TFS ID_ 1141 : Validate Business Keyis not chosen for execution
at driver.Driver.executeTestcase(Driver.java:76)
at sun.reflect.NativeMethodAccessorImpl.invoke0(Native Method)
at sun.reflect.NativeMethodAccessorImpl.invoke(Unknown Source)
at sun.reflect.DelegatingMethodAccessorImpl.invoke(Unknown Source)
at java.lang.reflect.Method.invoke(Unknown Source)
at org.testng.internal.MethodInvocationHelper.invokeMethod(MethodInvocationHelper.java:135)
at org.testng.internal.TestInvoker.invokeMethod(TestInvoker.java:598)
at org.testng.internal.TestInvoker.invokeTestMethod(TestInvoker.java:174)
at org.testng.internal.MethodRunner.runInSequence(MethodRunner.java:46)
at org.testng.internal.TestInvoker$MethodInvocationAgent.invoke(TestInvoker.java:821)
at org.testng.internal.TestInvoker.invokeTestMethods(TestInvoker.java:147)
at org.testng.internal.TestMethodWorker.invokeTestMethods(TestMethodWorker.java:146)
at org.testng.internal.TestMethodWorker.run(TestMethodWorker.java:128)
at java.util.ArrayList.forEach(Unknown Source)
at org.testng.TestRunner.privateRun(TestRunner.java:767)
at org.testng.TestRunner.run(TestRunner.java:588)
at org.testng.SuiteRunner.runTest(SuiteRunner.java:384)
at org.testng.SuiteRunner.runSequentially(SuiteRunner.java:378)
at org.testng.SuiteRunner.privateRun(SuiteRunner.java:337)
at org.testng.SuiteRunner.run(SuiteRunner.java:286)
at org.testng.SuiteRunnerWorker.runSuite(SuiteRunnerWorker.java:53)
at org.testng.SuiteRunnerWorker.run(SuiteRunnerWorker.java:96)
at org.testng.TestNG.runSuitesSequentially(TestNG.java:1214)
at org.testng.TestNG.runSuitesLocally(TestNG.java:1136)
at org.testng.TestNG.runSuites(TestNG.java:1066)
at org.testng.TestNG.run(TestNG.java:1034)
at org.testng.remote.AbstractRemoteTestNG.run(AbstractRemoteTestNG.java:115)
at org.testng.remote.RemoteTestNG.initAndRun(RemoteTestNG.java:251)
at org.testng.remote.RemoteTestNG.main(RemoteTestNG.java:77)
]]>
            </full-stacktrace>
          </exception> <!-- org.testng.SkipException -->
          <reporter-output>
          </reporter-output>
        </test-method> <!-- executeTestcase -->
        <test-method status="PASS" signature="Reports(org.testng.ITestResult)[pri:0, instance:driver.Driver@791f145a]" name="Reports" is-config="true" duration-ms="212" started-at="2021-02-12T21:54:09 IST" finished-at="2021-02-12T21:54:09 IST">
          <params>
            <param index="0">
              <value>
                <![CDATA[[TestResult name=executeTestcase status=SKIP method=Driver.executeTestcase(org.testng.ITestContext)[pri:0, instance:driver.Driver@791f145a] output={null}]]]>
              </value>
            </param>
          </params>
          <reporter-output>
          </reporter-output>
        </test-method> <!-- Reports -->
        <test-method status="SKIP" signature="executeTestcase(org.testng.ITestContext)[pri:0, instance:driver.Driver@791f145a]" name="executeTestcase" duration-ms="9" started-at="2021-02-12T21:54:09 IST" finished-at="2021-02-12T21:54:09 IST">
          <params>
            <param index="0">
              <value>
                <![CDATA[org.testng.TestRunner@6b0d80ed]]>
              </value>
            </param>
          </params>
          <exception class="org.testng.SkipException">
            <message>
              <![CDATA[TFS ID_ 1148 : Validate Address Changesis not chosen for execution]]>
            </message>
            <full-stacktrace>
              <![CDATA[org.testng.SkipException: TFS ID_ 1148 : Validate Address Changesis not chosen for execution
at driver.Driver.executeTestcase(Driver.java:76)
at sun.reflect.NativeMethodAccessorImpl.invoke0(Native Method)
at sun.reflect.NativeMethodAccessorImpl.invoke(Unknown Source)
at sun.reflect.DelegatingMethodAccessorImpl.invoke(Unknown Source)
at java.lang.reflect.Method.invoke(Unknown Source)
at org.testng.internal.MethodInvocationHelper.invokeMethod(MethodInvocationHelper.java:135)
at org.testng.internal.TestInvoker.invokeMethod(TestInvoker.java:598)
at org.testng.internal.TestInvoker.invokeTestMethod(TestInvoker.java:174)
at org.testng.internal.MethodRunner.runInSequence(MethodRunner.java:46)
at org.testng.internal.TestInvoker$MethodInvocationAgent.invoke(TestInvoker.java:821)
at org.testng.internal.TestInvoker.invokeTestMethods(TestInvoker.java:147)
at org.testng.internal.TestMethodWorker.invokeTestMethods(TestMethodWorker.java:146)
at org.testng.internal.TestMethodWorker.run(TestMethodWorker.java:128)
at java.util.ArrayList.forEach(Unknown Source)
at org.testng.TestRunner.privateRun(TestRunner.java:767)
at org.testng.TestRunner.run(TestRunner.java:588)
at org.testng.SuiteRunner.runTest(SuiteRunner.java:384)
at org.testng.SuiteRunner.runSequentially(SuiteRunner.java:378)
at org.testng.SuiteRunner.privateRun(SuiteRunner.java:337)
at org.testng.SuiteRunner.run(SuiteRunner.java:286)
at org.testng.SuiteRunnerWorker.runSuite(SuiteRunnerWorker.java:53)
at org.testng.SuiteRunnerWorker.run(SuiteRunnerWorker.java:96)
at org.testng.TestNG.runSuitesSequentially(TestNG.java:1214)
at org.testng.TestNG.runSuitesLocally(TestNG.java:1136)
at org.testng.TestNG.runSuites(TestNG.java:1066)
at org.testng.TestNG.run(TestNG.java:1034)
at org.testng.remote.AbstractRemoteTestNG.run(AbstractRemoteTestNG.java:115)
at org.testng.remote.RemoteTestNG.initAndRun(RemoteTestNG.java:251)
at org.testng.remote.RemoteTestNG.main(RemoteTestNG.java:77)
]]>
            </full-stacktrace>
          </exception> <!-- org.testng.SkipException -->
          <reporter-output>
          </reporter-output>
        </test-method> <!-- executeTestcase -->
        <test-method status="PASS" signature="Reports(org.testng.ITestResult)[pri:0, instance:driver.Driver@791f145a]" name="Reports" is-config="true" duration-ms="59" started-at="2021-02-12T21:54:09 IST" finished-at="2021-02-12T21:54:09 IST">
          <params>
            <param index="0">
              <value>
                <![CDATA[[TestResult name=executeTestcase status=SKIP method=Driver.executeTestcase(org.testng.ITestContext)[pri:0, instance:driver.Driver@791f145a] output={null}]]]>
              </value>
            </param>
          </params>
          <reporter-output>
          </reporter-output>
        </test-method> <!-- Reports -->
        <test-method status="SKIP" signature="executeTestcase(org.testng.ITestContext)[pri:0, instance:driver.Driver@791f145a]" name="executeTestcase" duration-ms="9" started-at="2021-02-12T21:54:09 IST" finished-at="2021-02-12T21:54:09 IST">
          <params>
            <param index="0">
              <value>
                <![CDATA[org.testng.TestRunner@6b0d80ed]]>
              </value>
            </param>
          </params>
          <exception class="org.testng.SkipException">
            <message>
              <![CDATA[TFS ID_ 1152 : Validate Convert Acct Entity Code to Ship-to Acctis not chosen for execution]]>
            </message>
            <full-stacktrace>
              <![CDATA[org.testng.SkipException: TFS ID_ 1152 : Validate Convert Acct Entity Code to Ship-to Acctis not chosen for execution
at driver.Driver.executeTestcase(Driver.java:76)
at sun.reflect.NativeMethodAccessorImpl.invoke0(Native Method)
at sun.reflect.NativeMethodAccessorImpl.invoke(Unknown Source)
at sun.reflect.DelegatingMethodAccessorImpl.invoke(Unknown Source)
at java.lang.reflect.Method.invoke(Unknown Source)
at org.testng.internal.MethodInvocationHelper.invokeMethod(MethodInvocationHelper.java:135)
at org.testng.internal.TestInvoker.invokeMethod(TestInvoker.java:598)
at org.testng.internal.TestInvoker.invokeTestMethod(TestInvoker.java:174)
at org.testng.internal.MethodRunner.runInSequence(MethodRunner.java:46)
at org.testng.internal.TestInvoker$MethodInvocationAgent.invoke(TestInvoker.java:821)
at org.testng.internal.TestInvoker.invokeTestMethods(TestInvoker.java:147)
at org.testng.internal.TestMethodWorker.invokeTestMethods(TestMethodWorker.java:146)
at org.testng.internal.TestMethodWorker.run(TestMethodWorker.java:128)
at java.util.ArrayList.forEach(Unknown Source)
at org.testng.TestRunner.privateRun(TestRunner.java:767)
at org.testng.TestRunner.run(TestRunner.java:588)
at org.testng.SuiteRunner.runTest(SuiteRunner.java:384)
at org.testng.SuiteRunner.runSequentially(SuiteRunner.java:378)
at org.testng.SuiteRunner.privateRun(SuiteRunner.java:337)
at org.testng.SuiteRunner.run(SuiteRunner.java:286)
at org.testng.SuiteRunnerWorker.runSuite(SuiteRunnerWorker.java:53)
at org.testng.SuiteRunnerWorker.run(SuiteRunnerWorker.java:96)
at org.testng.TestNG.runSuitesSequentially(TestNG.java:1214)
at org.testng.TestNG.runSuitesLocally(TestNG.java:1136)
at org.testng.TestNG.runSuites(TestNG.java:1066)
at org.testng.TestNG.run(TestNG.java:1034)
at org.testng.remote.AbstractRemoteTestNG.run(AbstractRemoteTestNG.java:115)
at org.testng.remote.RemoteTestNG.initAndRun(RemoteTestNG.java:251)
at org.testng.remote.RemoteTestNG.main(RemoteTestNG.java:77)
]]>
            </full-stacktrace>
          </exception> <!-- org.testng.SkipException -->
          <reporter-output>
          </reporter-output>
        </test-method> <!-- executeTestcase -->
        <test-method status="PASS" signature="Reports(org.testng.ITestResult)[pri:0, instance:driver.Driver@791f145a]" name="Reports" is-config="true" duration-ms="83" started-at="2021-02-12T21:54:09 IST" finished-at="2021-02-12T21:54:09 IST">
          <params>
            <param index="0">
              <value>
                <![CDATA[[TestResult name=executeTestcase status=SKIP method=Driver.executeTestcase(org.testng.ITestContext)[pri:0, instance:driver.Driver@791f145a] output={null}]]]>
              </value>
            </param>
          </params>
          <reporter-output>
          </reporter-output>
        </test-method> <!-- Reports -->
        <test-method status="SKIP" signature="executeTestcase(org.testng.ITestContext)[pri:0, instance:driver.Driver@791f145a]" name="executeTestcase" duration-ms="8" started-at="2021-02-12T21:54:09 IST" finished-at="2021-02-12T21:54:09 IST">
          <params>
            <param index="0">
              <value>
                <![CDATA[org.testng.TestRunner@6b0d80ed]]>
              </value>
            </param>
          </params>
          <exception class="org.testng.SkipException">
            <message>
              <![CDATA[TFS ID_ 1241 : Validate that a Non-GPO can only be changed to Memberis not chosen for execution]]>
            </message>
            <full-stacktrace>
              <![CDATA[org.testng.SkipException: TFS ID_ 1241 : Validate that a Non-GPO can only be changed to Memberis not chosen for execution
at driver.Driver.executeTestcase(Driver.java:76)
at sun.reflect.NativeMethodAccessorImpl.invoke0(Native Method)
at sun.reflect.NativeMethodAccessorImpl.invoke(Unknown Source)
at sun.reflect.DelegatingMethodAccessorImpl.invoke(Unknown Source)
at java.lang.reflect.Method.invoke(Unknown Source)
at org.testng.internal.MethodInvocationHelper.invokeMethod(MethodInvocationHelper.java:135)
at org.testng.internal.TestInvoker.invokeMethod(TestInvoker.java:598)
at org.testng.internal.TestInvoker.invokeTestMethod(TestInvoker.java:174)
at org.testng.internal.MethodRunner.runInSequence(MethodRunner.java:46)
at org.testng.internal.TestInvoker$MethodInvocationAgent.invoke(TestInvoker.java:821)
at org.testng.internal.TestInvoker.invokeTestMethods(TestInvoker.java:147)
at org.testng.internal.TestMethodWorker.invokeTestMethods(TestMethodWorker.java:146)
at org.testng.internal.TestMethodWorker.run(TestMethodWorker.java:128)
at java.util.ArrayList.forEach(Unknown Source)
at org.testng.TestRunner.privateRun(TestRunner.java:767)
at org.testng.TestRunner.run(TestRunner.java:588)
at org.testng.SuiteRunner.runTest(SuiteRunner.java:384)
at org.testng.SuiteRunner.runSequentially(SuiteRunner.java:378)
at org.testng.SuiteRunner.privateRun(SuiteRunner.java:337)
at org.testng.SuiteRunner.run(SuiteRunner.java:286)
at org.testng.SuiteRunnerWorker.runSuite(SuiteRunnerWorker.java:53)
at org.testng.SuiteRunnerWorker.run(SuiteRunnerWorker.java:96)
at org.testng.TestNG.runSuitesSequentially(TestNG.java:1214)
at org.testng.TestNG.runSuitesLocally(TestNG.java:1136)
at org.testng.TestNG.runSuites(TestNG.java:1066)
at org.testng.TestNG.run(TestNG.java:1034)
at org.testng.remote.AbstractRemoteTestNG.run(AbstractRemoteTestNG.java:115)
at org.testng.remote.RemoteTestNG.initAndRun(RemoteTestNG.java:251)
at org.testng.remote.RemoteTestNG.main(RemoteTestNG.java:77)
]]>
            </full-stacktrace>
          </exception> <!-- org.testng.SkipException -->
          <reporter-output>
          </reporter-output>
        </test-method> <!-- executeTestcase -->
        <test-method status="PASS" signature="Reports(org.testng.ITestResult)[pri:0, instance:driver.Driver@791f145a]" name="Reports" is-config="true" duration-ms="65" started-at="2021-02-12T21:54:09 IST" finished-at="2021-02-12T21:54:09 IST">
          <params>
            <param index="0">
              <value>
                <![CDATA[[TestResult name=executeTestcase status=SKIP method=Driver.executeTestcase(org.testng.ITestContext)[pri:0, instance:driver.Driver@791f145a] output={null}]]]>
              </value>
            </param>
          </params>
          <reporter-output>
          </reporter-output>
        </test-method> <!-- Reports -->
        <test-method status="SKIP" signature="executeTestcase(org.testng.ITestContext)[pri:0, instance:driver.Driver@791f145a]" name="executeTestcase" duration-ms="7" started-at="2021-02-12T21:54:09 IST" finished-at="2021-02-12T21:54:09 IST">
          <params>
            <param index="0">
              <value>
                <![CDATA[org.testng.TestRunner@6b0d80ed]]>
              </value>
            </param>
          </params>
          <exception class="org.testng.SkipException">
            <message>
              <![CDATA[TFS ID_ 5475 : Create a new GPO Memberis not chosen for execution]]>
            </message>
            <full-stacktrace>
              <![CDATA[org.testng.SkipException: TFS ID_ 5475 : Create a new GPO Memberis not chosen for execution
at driver.Driver.executeTestcase(Driver.java:76)
at sun.reflect.NativeMethodAccessorImpl.invoke0(Native Method)
at sun.reflect.NativeMethodAccessorImpl.invoke(Unknown Source)
at sun.reflect.DelegatingMethodAccessorImpl.invoke(Unknown Source)
at java.lang.reflect.Method.invoke(Unknown Source)
at org.testng.internal.MethodInvocationHelper.invokeMethod(MethodInvocationHelper.java:135)
at org.testng.internal.TestInvoker.invokeMethod(TestInvoker.java:598)
at org.testng.internal.TestInvoker.invokeTestMethod(TestInvoker.java:174)
at org.testng.internal.MethodRunner.runInSequence(MethodRunner.java:46)
at org.testng.internal.TestInvoker$MethodInvocationAgent.invoke(TestInvoker.java:821)
at org.testng.internal.TestInvoker.invokeTestMethods(TestInvoker.java:147)
at org.testng.internal.TestMethodWorker.invokeTestMethods(TestMethodWorker.java:146)
at org.testng.internal.TestMethodWorker.run(TestMethodWorker.java:128)
at java.util.ArrayList.forEach(Unknown Source)
at org.testng.TestRunner.privateRun(TestRunner.java:767)
at org.testng.TestRunner.run(TestRunner.java:588)
at org.testng.SuiteRunner.runTest(SuiteRunner.java:384)
at org.testng.SuiteRunner.runSequentially(SuiteRunner.java:378)
at org.testng.SuiteRunner.privateRun(SuiteRunner.java:337)
at org.testng.SuiteRunner.run(SuiteRunner.java:286)
at org.testng.SuiteRunnerWorker.runSuite(SuiteRunnerWorker.java:53)
at org.testng.SuiteRunnerWorker.run(SuiteRunnerWorker.java:96)
at org.testng.TestNG.runSuitesSequentially(TestNG.java:1214)
at org.testng.TestNG.runSuitesLocally(TestNG.java:1136)
at org.testng.TestNG.runSuites(TestNG.java:1066)
at org.testng.TestNG.run(TestNG.java:1034)
at org.testng.remote.AbstractRemoteTestNG.run(AbstractRemoteTestNG.java:115)
at org.testng.remote.RemoteTestNG.initAndRun(RemoteTestNG.java:251)
at org.testng.remote.RemoteTestNG.main(RemoteTestNG.java:77)
]]>
            </full-stacktrace>
          </exception> <!-- org.testng.SkipException -->
          <reporter-output>
          </reporter-output>
        </test-method> <!-- executeTestcase -->
        <test-method status="PASS" signature="Reports(org.testng.ITestResult)[pri:0, instance:driver.Driver@791f145a]" name="Reports" is-config="true" duration-ms="64" started-at="2021-02-12T21:54:09 IST" finished-at="2021-02-12T21:54:09 IST">
          <params>
            <param index="0">
              <value>
                <![CDATA[[TestResult name=executeTestcase status=SKIP method=Driver.executeTestcase(org.testng.ITestContext)[pri:0, instance:driver.Driver@791f145a] output={null}]]]>
              </value>
            </param>
          </params>
          <reporter-output>
          </reporter-output>
        </test-method> <!-- Reports -->
        <test-method status="SKIP" signature="executeTestcase(org.testng.ITestContext)[pri:0, instance:driver.Driver@791f145a]" name="executeTestcase" duration-ms="7" started-at="2021-02-12T21:54:09 IST" finished-at="2021-02-12T21:54:09 IST">
          <params>
            <param index="0">
              <value>
                <![CDATA[org.testng.TestRunner@6b0d80ed]]>
              </value>
            </param>
          </params>
          <exception class="org.testng.SkipException">
            <message>
              <![CDATA[TFS ID_ 5476 : Modify existing GPO Memberis not chosen for execution]]>
            </message>
            <full-stacktrace>
              <![CDATA[org.testng.SkipException: TFS ID_ 5476 : Modify existing GPO Memberis not chosen for execution
at driver.Driver.executeTestcase(Driver.java:76)
at sun.reflect.NativeMethodAccessorImpl.invoke0(Native Method)
at sun.reflect.NativeMethodAccessorImpl.invoke(Unknown Source)
at sun.reflect.DelegatingMethodAccessorImpl.invoke(Unknown Source)
at java.lang.reflect.Method.invoke(Unknown Source)
at org.testng.internal.MethodInvocationHelper.invokeMethod(MethodInvocationHelper.java:135)
at org.testng.internal.TestInvoker.invokeMethod(TestInvoker.java:598)
at org.testng.internal.TestInvoker.invokeTestMethod(TestInvoker.java:174)
at org.testng.internal.MethodRunner.runInSequence(MethodRunner.java:46)
at org.testng.internal.TestInvoker$MethodInvocationAgent.invoke(TestInvoker.java:821)
at org.testng.internal.TestInvoker.invokeTestMethods(TestInvoker.java:147)
at org.testng.internal.TestMethodWorker.invokeTestMethods(TestMethodWorker.java:146)
at org.testng.internal.TestMethodWorker.run(TestMethodWorker.java:128)
at java.util.ArrayList.forEach(Unknown Source)
at org.testng.TestRunner.privateRun(TestRunner.java:767)
at org.testng.TestRunner.run(TestRunner.java:588)
at org.testng.SuiteRunner.runTest(SuiteRunner.java:384)
at org.testng.SuiteRunner.runSequentially(SuiteRunner.java:378)
at org.testng.SuiteRunner.privateRun(SuiteRunner.java:337)
at org.testng.SuiteRunner.run(SuiteRunner.java:286)
at org.testng.SuiteRunnerWorker.runSuite(SuiteRunnerWorker.java:53)
at org.testng.SuiteRunnerWorker.run(SuiteRunnerWorker.java:96)
at org.testng.TestNG.runSuitesSequentially(TestNG.java:1214)
at org.testng.TestNG.runSuitesLocally(TestNG.java:1136)
at org.testng.TestNG.runSuites(TestNG.java:1066)
at org.testng.TestNG.run(TestNG.java:1034)
at org.testng.remote.AbstractRemoteTestNG.run(AbstractRemoteTestNG.java:115)
at org.testng.remote.RemoteTestNG.initAndRun(RemoteTestNG.java:251)
at org.testng.remote.RemoteTestNG.main(RemoteTestNG.java:77)
]]>
            </full-stacktrace>
          </exception> <!-- org.testng.SkipException -->
          <reporter-output>
          </reporter-output>
        </test-method> <!-- executeTestcase -->
        <test-method status="PASS" signature="Reports(org.testng.ITestResult)[pri:0, instance:driver.Driver@791f145a]" name="Reports" is-config="true" duration-ms="46" started-at="2021-02-12T21:54:09 IST" finished-at="2021-02-12T21:54:09 IST">
          <params>
            <param index="0">
              <value>
                <![CDATA[[TestResult name=executeTestcase status=SKIP method=Driver.executeTestcase(org.testng.ITestContext)[pri:0, instance:driver.Driver@791f145a] output={null}]]]>
              </value>
            </param>
          </params>
          <reporter-output>
          </reporter-output>
        </test-method> <!-- Reports -->
        <test-method status="SKIP" signature="executeTestcase(org.testng.ITestContext)[pri:0, instance:driver.Driver@791f145a]" name="executeTestcase" duration-ms="7" started-at="2021-02-12T21:54:09 IST" finished-at="2021-02-12T21:54:09 IST">
          <params>
            <param index="0">
              <value>
                <![CDATA[org.testng.TestRunner@6b0d80ed]]>
              </value>
            </param>
          </params>
          <exception class="org.testng.SkipException">
            <message>
              <![CDATA[TFS ID_ 5486 : Create a new Non-GPO Memberis not chosen for execution]]>
            </message>
            <full-stacktrace>
              <![CDATA[org.testng.SkipException: TFS ID_ 5486 : Create a new Non-GPO Memberis not chosen for execution
at driver.Driver.executeTestcase(Driver.java:76)
at sun.reflect.NativeMethodAccessorImpl.invoke0(Native Method)
at sun.reflect.NativeMethodAccessorImpl.invoke(Unknown Source)
at sun.reflect.DelegatingMethodAccessorImpl.invoke(Unknown Source)
at java.lang.reflect.Method.invoke(Unknown Source)
at org.testng.internal.MethodInvocationHelper.invokeMethod(MethodInvocationHelper.java:135)
at org.testng.internal.TestInvoker.invokeMethod(TestInvoker.java:598)
at org.testng.internal.TestInvoker.invokeTestMethod(TestInvoker.java:174)
at org.testng.internal.MethodRunner.runInSequence(MethodRunner.java:46)
at org.testng.internal.TestInvoker$MethodInvocationAgent.invoke(TestInvoker.java:821)
at org.testng.internal.TestInvoker.invokeTestMethods(TestInvoker.java:147)
at org.testng.internal.TestMethodWorker.invokeTestMethods(TestMethodWorker.java:146)
at org.testng.internal.TestMethodWorker.run(TestMethodWorker.java:128)
at java.util.ArrayList.forEach(Unknown Source)
at org.testng.TestRunner.privateRun(TestRunner.java:767)
at org.testng.TestRunner.run(TestRunner.java:588)
at org.testng.SuiteRunner.runTest(SuiteRunner.java:384)
at org.testng.SuiteRunner.runSequentially(SuiteRunner.java:378)
at org.testng.SuiteRunner.privateRun(SuiteRunner.java:337)
at org.testng.SuiteRunner.run(SuiteRunner.java:286)
at org.testng.SuiteRunnerWorker.runSuite(SuiteRunnerWorker.java:53)
at org.testng.SuiteRunnerWorker.run(SuiteRunnerWorker.java:96)
at org.testng.TestNG.runSuitesSequentially(TestNG.java:1214)
at org.testng.TestNG.runSuitesLocally(TestNG.java:1136)
at org.testng.TestNG.runSuites(TestNG.java:1066)
at org.testng.TestNG.run(TestNG.java:1034)
at org.testng.remote.AbstractRemoteTestNG.run(AbstractRemoteTestNG.java:115)
at org.testng.remote.RemoteTestNG.initAndRun(RemoteTestNG.java:251)
at org.testng.remote.RemoteTestNG.main(RemoteTestNG.java:77)
]]>
            </full-stacktrace>
          </exception> <!-- org.testng.SkipException -->
          <reporter-output>
          </reporter-output>
        </test-method> <!-- executeTestcase -->
        <test-method status="PASS" signature="Reports(org.testng.ITestResult)[pri:0, instance:driver.Driver@791f145a]" name="Reports" is-config="true" duration-ms="46" started-at="2021-02-12T21:54:10 IST" finished-at="2021-02-12T21:54:10 IST">
          <params>
            <param index="0">
              <value>
                <![CDATA[[TestResult name=executeTestcase status=SKIP method=Driver.executeTestcase(org.testng.ITestContext)[pri:0, instance:driver.Driver@791f145a] output={null}]]]>
              </value>
            </param>
          </params>
          <reporter-output>
          </reporter-output>
        </test-method> <!-- Reports -->
        <test-method status="SKIP" signature="executeTestcase(org.testng.ITestContext)[pri:0, instance:driver.Driver@791f145a]" name="executeTestcase" duration-ms="8" started-at="2021-02-12T21:54:10 IST" finished-at="2021-02-12T21:54:10 IST">
          <params>
            <param index="0">
              <value>
                <![CDATA[org.testng.TestRunner@6b0d80ed]]>
              </value>
            </param>
          </params>
          <exception class="org.testng.SkipException">
            <message>
              <![CDATA[TFS ID_ 5828 : Terminate existing GPO Memberis not chosen for execution]]>
            </message>
            <full-stacktrace>
              <![CDATA[org.testng.SkipException: TFS ID_ 5828 : Terminate existing GPO Memberis not chosen for execution
at driver.Driver.executeTestcase(Driver.java:76)
at sun.reflect.NativeMethodAccessorImpl.invoke0(Native Method)
at sun.reflect.NativeMethodAccessorImpl.invoke(Unknown Source)
at sun.reflect.DelegatingMethodAccessorImpl.invoke(Unknown Source)
at java.lang.reflect.Method.invoke(Unknown Source)
at org.testng.internal.MethodInvocationHelper.invokeMethod(MethodInvocationHelper.java:135)
at org.testng.internal.TestInvoker.invokeMethod(TestInvoker.java:598)
at org.testng.internal.TestInvoker.invokeTestMethod(TestInvoker.java:174)
at org.testng.internal.MethodRunner.runInSequence(MethodRunner.java:46)
at org.testng.internal.TestInvoker$MethodInvocationAgent.invoke(TestInvoker.java:821)
at org.testng.internal.TestInvoker.invokeTestMethods(TestInvoker.java:147)
at org.testng.internal.TestMethodWorker.invokeTestMethods(TestMethodWorker.java:146)
at org.testng.internal.TestMethodWorker.run(TestMethodWorker.java:128)
at java.util.ArrayList.forEach(Unknown Source)
at org.testng.TestRunner.privateRun(TestRunner.java:767)
at org.testng.TestRunner.run(TestRunner.java:588)
at org.testng.SuiteRunner.runTest(SuiteRunner.java:384)
at org.testng.SuiteRunner.runSequentially(SuiteRunner.java:378)
at org.testng.SuiteRunner.privateRun(SuiteRunner.java:337)
at org.testng.SuiteRunner.run(SuiteRunner.java:286)
at org.testng.SuiteRunnerWorker.runSuite(SuiteRunnerWorker.java:53)
at org.testng.SuiteRunnerWorker.run(SuiteRunnerWorker.java:96)
at org.testng.TestNG.runSuitesSequentially(TestNG.java:1214)
at org.testng.TestNG.runSuitesLocally(TestNG.java:1136)
at org.testng.TestNG.runSuites(TestNG.java:1066)
at org.testng.TestNG.run(TestNG.java:1034)
at org.testng.remote.AbstractRemoteTestNG.run(AbstractRemoteTestNG.java:115)
at org.testng.remote.RemoteTestNG.initAndRun(RemoteTestNG.java:251)
at org.testng.remote.RemoteTestNG.main(RemoteTestNG.java:77)
]]>
            </full-stacktrace>
          </exception> <!-- org.testng.SkipException -->
          <reporter-output>
          </reporter-output>
        </test-method> <!-- executeTestcase -->
        <test-method status="PASS" signature="Reports(org.testng.ITestResult)[pri:0, instance:driver.Driver@791f145a]" name="Reports" is-config="true" duration-ms="95" started-at="2021-02-12T21:54:10 IST" finished-at="2021-02-12T21:54:10 IST">
          <params>
            <param index="0">
              <value>
                <![CDATA[[TestResult name=executeTestcase status=SKIP method=Driver.executeTestcase(org.testng.ITestContext)[pri:0, instance:driver.Driver@791f145a] output={null}]]]>
              </value>
            </param>
          </params>
          <reporter-output>
          </reporter-output>
        </test-method> <!-- Reports -->
        <test-method status="FAIL" signature="executeTestcase(org.testng.ITestContext)[pri:0, instance:driver.Driver@791f145a]" name="executeTestcase" duration-ms="3196" started-at="2021-02-12T21:54:10 IST" finished-at="2021-02-12T21:54:13 IST">
          <params>
            <param index="0">
              <value>
                <![CDATA[org.testng.TestRunner@6b0d80ed]]>
              </value>
            </param>
          </params>
          <exception class="org.openqa.selenium.SessionNotCreatedException">
            <message>
              <![CDATA[session not created: This version of ChromeDriver only supports Chrome version 86
Current browser version is 88.0.4324.150 with binary path C:\Program Files (x86)\Google\Chrome\Application\chrome.exe
Build info: version: '4.0.0-alpha-1', revision: 'd1d3728cae', time: '2019-04-24T13:42:21'
System info: host: 'Z3GAVSP1PU0041', ip: '10.99.37.191', os.name: 'Windows 10', os.arch: 'amd64', os.version: '10.0', java.version: '1.8.0_231'
Driver info: driver.version: Driver
remote stacktrace: Backtrace:
Ordinal0 [0x0120C013+3194899]
Ordinal0 [0x010F6021+2056225]
Ordinal0 [0x00F8F608+587272]
Ordinal0 [0x00F11BF3+72691]
Ordinal0 [0x00F0E229+57897]
Ordinal0 [0x00F0C64A+50762]
Ordinal0 [0x00F31EE9+204521]
Ordinal0 [0x00F31D0D+204045]
Ordinal0 [0x00F2FC1B+195611]
Ordinal0 [0x00F13B7F+80767]
Ordinal0 [0x00F14B4E+84814]
Ordinal0 [0x00F14AD9+84697]
Ordinal0 [0x0110CE64+2149988]
GetHandleVerifier [0x0137BE95+1400773]
GetHandleVerifier [0x0137BB61+1399953]
GetHandleVerifier [0x013831FA+1430314]
GetHandleVerifier [0x0137C69F+1402831]
Ordinal0 [0x01103D61+2112865]
Ordinal0 [0x0110E5CB+2155979]
Ordinal0 [0x0110E6F5+2156277]
Ordinal0 [0x0111F26E+2224750]
BaseThreadInitThunk [0x77896359+25]
RtlGetAppContainerNamedObjectPath [0x77CE8944+228]
RtlGetAppContainerNamedObjectPath [0x77CE8914+180]
]]>
            </message>
            <full-stacktrace>
              <![CDATA[org.openqa.selenium.SessionNotCreatedException: session not created: This version of ChromeDriver only supports Chrome version 86
Current browser version is 88.0.4324.150 with binary path C:\Program Files (x86)\Google\Chrome\Application\chrome.exe
Build info: version: '4.0.0-alpha-1', revision: 'd1d3728cae', time: '2019-04-24T13:42:21'
System info: host: 'Z3GAVSP1PU0041', ip: '10.99.37.191', os.name: 'Windows 10', os.arch: 'amd64', os.version: '10.0', java.version: '1.8.0_231'
Driver info: driver.version: Driver
remote stacktrace: Backtrace:
Ordinal0 [0x0120C013+3194899]
Ordinal0 [0x010F6021+2056225]
Ordinal0 [0x00F8F608+587272]
Ordinal0 [0x00F11BF3+72691]
Ordinal0 [0x00F0E229+57897]
Ordinal0 [0x00F0C64A+50762]
Ordinal0 [0x00F31EE9+204521]
Ordinal0 [0x00F31D0D+204045]
Ordinal0 [0x00F2FC1B+195611]
Ordinal0 [0x00F13B7F+80767]
Ordinal0 [0x00F14B4E+84814]
Ordinal0 [0x00F14AD9+84697]
Ordinal0 [0x0110CE64+2149988]
GetHandleVerifier [0x0137BE95+1400773]
GetHandleVerifier [0x0137BB61+1399953]
GetHandleVerifier [0x013831FA+1430314]
GetHandleVerifier [0x0137C69F+1402831]
Ordinal0 [0x01103D61+2112865]
Ordinal0 [0x0110E5CB+2155979]
Ordinal0 [0x0110E6F5+2156277]
Ordinal0 [0x0111F26E+2224750]
BaseThreadInitThunk [0x77896359+25]
RtlGetAppContainerNamedObjectPath [0x77CE8944+228]
RtlGetAppContainerNamedObjectPath [0x77CE8914+180]

at sun.reflect.NativeConstructorAccessorImpl.newInstance0(Native Method)
at sun.reflect.NativeConstructorAccessorImpl.newInstance(Unknown Source)
at sun.reflect.DelegatingConstructorAccessorImpl.newInstance(Unknown Source)
at java.lang.reflect.Constructor.newInstance(Unknown Source)
at org.openqa.selenium.remote.W3CHandshakeResponse.lambda$errorHandler$0(W3CHandshakeResponse.java:62)
at org.openqa.selenium.remote.HandshakeResponse.lambda$getResponseFunction$0(HandshakeResponse.java:30)
at org.openqa.selenium.remote.ProtocolHandshake.lambda$createSession$0(ProtocolHandshake.java:126)
at java.util.stream.ReferencePipeline$3$1.accept(Unknown Source)
at java.util.Spliterators$ArraySpliterator.tryAdvance(Unknown Source)
at java.util.stream.ReferencePipeline.forEachWithCancel(Unknown Source)
at java.util.stream.AbstractPipeline.copyIntoWithCancel(Unknown Source)
at java.util.stream.AbstractPipeline.copyInto(Unknown Source)
at java.util.stream.AbstractPipeline.wrapAndCopyInto(Unknown Source)
at java.util.stream.FindOps$FindOp.evaluateSequential(Unknown Source)
at java.util.stream.AbstractPipeline.evaluate(Unknown Source)
at java.util.stream.ReferencePipeline.findFirst(Unknown Source)
at org.openqa.selenium.remote.ProtocolHandshake.createSession(ProtocolHandshake.java:128)
at org.openqa.selenium.remote.ProtocolHandshake.createSession(ProtocolHandshake.java:74)
at org.openqa.selenium.remote.HttpCommandExecutor.execute(HttpCommandExecutor.java:139)
at org.openqa.selenium.remote.service.DriverCommandExecutor.execute(DriverCommandExecutor.java:83)
at org.openqa.selenium.remote.RemoteWebDriver.execute(RemoteWebDriver.java:577)
at org.openqa.selenium.remote.RemoteWebDriver.startSession(RemoteWebDriver.java:211)
at org.openqa.selenium.remote.RemoteWebDriver.<init>(RemoteWebDriver.java:131)
at org.openqa.selenium.chrome.ChromeDriver.<init>(ChromeDriver.java:189)
at org.openqa.selenium.chrome.ChromeDriver.<init>(ChromeDriver.java:176)
at org.openqa.selenium.chrome.ChromeDriver.<init>(ChromeDriver.java:165)
at base.PreAndPost.beforeMethod(PreAndPost.java:85)
at driver.Driver.executeTestcase(Driver.java:68)
at sun.reflect.NativeMethodAccessorImpl.invoke0(Native Method)
at sun.reflect.NativeMethodAccessorImpl.invoke(Unknown Source)
at sun.reflect.DelegatingMethodAccessorImpl.invoke(Unknown Source)
at java.lang.reflect.Method.invoke(Unknown Source)
at org.testng.internal.MethodInvocationHelper.invokeMethod(MethodInvocationHelper.java:135)
at org.testng.internal.TestInvoker.invokeMethod(TestInvoker.java:598)
at org.testng.internal.TestInvoker.invokeTestMethod(TestInvoker.java:174)
at org.testng.internal.MethodRunner.runInSequence(MethodRunner.java:46)
at org.testng.internal.TestInvoker$MethodInvocationAgent.invoke(TestInvoker.java:821)
at org.testng.internal.TestInvoker.invokeTestMethods(TestInvoker.java:147)
at org.testng.internal.TestMethodWorker.invokeTestMethods(TestMethodWorker.java:146)
at org.testng.internal.TestMethodWorker.run(TestMethodWorker.java:128)
at java.util.ArrayList.forEach(Unknown Source)
at org.testng.TestRunner.privateRun(TestRunner.java:767)
at org.testng.TestRunner.run(TestRunner.java:588)
at org.testng.SuiteRunner.runTest(SuiteRunner.java:384)
at org.testng.SuiteRunner.runSequentially(SuiteRunner.java:378)
at org.testng.SuiteRunner.privateRun(SuiteRunner.java:337)
at org.testng.SuiteRunner.run(SuiteRunner.java:286)
at org.testng.SuiteRunnerWorker.runSuite(SuiteRunnerWorker.java:53)
at org.testng.SuiteRunnerWorker.run(SuiteRunnerWorker.java:96)
at org.testng.TestNG.runSuitesSequentially(TestNG.java:1214)
at org.testng.TestNG.runSuitesLocally(TestNG.java:1136)
at org.testng.TestNG.runSuites(TestNG.java:1066)
at org.testng.TestNG.run(TestNG.java:1034)
at org.testng.remote.AbstractRemoteTestNG.run(AbstractRemoteTestNG.java:115)
at org.testng.remote.RemoteTestNG.initAndRun(RemoteTestNG.java:251)
at org.testng.remote.RemoteTestNG.main(RemoteTestNG.java:77)
]]>
            </full-stacktrace>
          </exception> <!-- org.openqa.selenium.SessionNotCreatedException -->
          <reporter-output>
          </reporter-output>
        </test-method> <!-- executeTestcase -->
        <test-method status="PASS" signature="Reports(org.testng.ITestResult)[pri:0, instance:driver.Driver@791f145a]" name="Reports" is-config="true" duration-ms="53" started-at="2021-02-12T21:54:13 IST" finished-at="2021-02-12T21:54:13 IST">
          <params>
            <param index="0">
              <value>
                <![CDATA[[TestResult name=executeTestcase status=FAILURE method=Driver.executeTestcase(org.testng.ITestContext)[pri:0, instance:driver.Driver@791f145a] output={null}]]]>
              </value>
            </param>
          </params>
          <reporter-output>
          </reporter-output>
        </test-method> <!-- Reports -->
        <test-method status="SKIP" signature="executeTestcase(org.testng.ITestContext)[pri:0, instance:driver.Driver@791f145a]" name="executeTestcase" duration-ms="6" started-at="2021-02-12T21:54:13 IST" finished-at="2021-02-12T21:54:13 IST">
          <params>
            <param index="0">
              <value>
                <![CDATA[org.testng.TestRunner@6b0d80ed]]>
              </value>
            </param>
          </params>
          <exception class="org.testng.SkipException">
            <message>
              <![CDATA[TFS ID_ 7137:Create new member - New Member form and Save it as prospect firstis not chosen for execution]]>
            </message>
            <full-stacktrace>
              <![CDATA[org.testng.SkipException: TFS ID_ 7137:Create new member - New Member form and Save it as prospect firstis not chosen for execution
at driver.Driver.executeTestcase(Driver.java:76)
at sun.reflect.NativeMethodAccessorImpl.invoke0(Native Method)
at sun.reflect.NativeMethodAccessorImpl.invoke(Unknown Source)
at sun.reflect.DelegatingMethodAccessorImpl.invoke(Unknown Source)
at java.lang.reflect.Method.invoke(Unknown Source)
at org.testng.internal.MethodInvocationHelper.invokeMethod(MethodInvocationHelper.java:135)
at org.testng.internal.TestInvoker.invokeMethod(TestInvoker.java:598)
at org.testng.internal.TestInvoker.invokeTestMethod(TestInvoker.java:174)
at org.testng.internal.MethodRunner.runInSequence(MethodRunner.java:46)
at org.testng.internal.TestInvoker$MethodInvocationAgent.invoke(TestInvoker.java:821)
at org.testng.internal.TestInvoker.invokeTestMethods(TestInvoker.java:147)
at org.testng.internal.TestMethodWorker.invokeTestMethods(TestMethodWorker.java:146)
at org.testng.internal.TestMethodWorker.run(TestMethodWorker.java:128)
at java.util.ArrayList.forEach(Unknown Source)
at org.testng.TestRunner.privateRun(TestRunner.java:767)
at org.testng.TestRunner.run(TestRunner.java:588)
at org.testng.SuiteRunner.runTest(SuiteRunner.java:384)
at org.testng.SuiteRunner.runSequentially(SuiteRunner.java:378)
at org.testng.SuiteRunner.privateRun(SuiteRunner.java:337)
at org.testng.SuiteRunner.run(SuiteRunner.java:286)
at org.testng.SuiteRunnerWorker.runSuite(SuiteRunnerWorker.java:53)
at org.testng.SuiteRunnerWorker.run(SuiteRunnerWorker.java:96)
at org.testng.TestNG.runSuitesSequentially(TestNG.java:1214)
at org.testng.TestNG.runSuitesLocally(TestNG.java:1136)
at org.testng.TestNG.runSuites(TestNG.java:1066)
at org.testng.TestNG.run(TestNG.java:1034)
at org.testng.remote.AbstractRemoteTestNG.run(AbstractRemoteTestNG.java:115)
at org.testng.remote.RemoteTestNG.initAndRun(RemoteTestNG.java:251)
at org.testng.remote.RemoteTestNG.main(RemoteTestNG.java:77)
]]>
            </full-stacktrace>
          </exception> <!-- org.testng.SkipException -->
          <reporter-output>
          </reporter-output>
        </test-method> <!-- executeTestcase -->
        <test-method status="PASS" signature="Reports(org.testng.ITestResult)[pri:0, instance:driver.Driver@791f145a]" name="Reports" is-config="true" duration-ms="45" started-at="2021-02-12T21:54:13 IST" finished-at="2021-02-12T21:54:13 IST">
          <params>
            <param index="0">
              <value>
                <![CDATA[[TestResult name=executeTestcase status=SKIP method=Driver.executeTestcase(org.testng.ITestContext)[pri:0, instance:driver.Driver@791f145a] output={null}]]]>
              </value>
            </param>
          </params>
          <reporter-output>
          </reporter-output>
        </test-method> <!-- Reports -->
        <test-method status="SKIP" signature="executeTestcase(org.testng.ITestContext)[pri:0, instance:driver.Driver@791f145a]" name="executeTestcase" duration-ms="7" started-at="2021-02-12T21:54:13 IST" finished-at="2021-02-12T21:54:13 IST">
          <params>
            <param index="0">
              <value>
                <![CDATA[org.testng.TestRunner@6b0d80ed]]>
              </value>
            </param>
          </params>
          <exception class="org.testng.SkipException">
            <message>
              <![CDATA[TFS ID_7138:Create new member - New Member form through sub account and save it as prospect firstis not chosen for execution]]>
            </message>
            <full-stacktrace>
              <![CDATA[org.testng.SkipException: TFS ID_7138:Create new member - New Member form through sub account and save it as prospect firstis not chosen for execution
at driver.Driver.executeTestcase(Driver.java:76)
at sun.reflect.NativeMethodAccessorImpl.invoke0(Native Method)
at sun.reflect.NativeMethodAccessorImpl.invoke(Unknown Source)
at sun.reflect.DelegatingMethodAccessorImpl.invoke(Unknown Source)
at java.lang.reflect.Method.invoke(Unknown Source)
at org.testng.internal.MethodInvocationHelper.invokeMethod(MethodInvocationHelper.java:135)
at org.testng.internal.TestInvoker.invokeMethod(TestInvoker.java:598)
at org.testng.internal.TestInvoker.invokeTestMethod(TestInvoker.java:174)
at org.testng.internal.MethodRunner.runInSequence(MethodRunner.java:46)
at org.testng.internal.TestInvoker$MethodInvocationAgent.invoke(TestInvoker.java:821)
at org.testng.internal.TestInvoker.invokeTestMethods(TestInvoker.java:147)
at org.testng.internal.TestMethodWorker.invokeTestMethods(TestMethodWorker.java:146)
at org.testng.internal.TestMethodWorker.run(TestMethodWorker.java:128)
at java.util.ArrayList.forEach(Unknown Source)
at org.testng.TestRunner.privateRun(TestRunner.java:767)
at org.testng.TestRunner.run(TestRunner.java:588)
at org.testng.SuiteRunner.runTest(SuiteRunner.java:384)
at org.testng.SuiteRunner.runSequentially(SuiteRunner.java:378)
at org.testng.SuiteRunner.privateRun(SuiteRunner.java:337)
at org.testng.SuiteRunner.run(SuiteRunner.java:286)
at org.testng.SuiteRunnerWorker.runSuite(SuiteRunnerWorker.java:53)
at org.testng.SuiteRunnerWorker.run(SuiteRunnerWorker.java:96)
at org.testng.TestNG.runSuitesSequentially(TestNG.java:1214)
at org.testng.TestNG.runSuitesLocally(TestNG.java:1136)
at org.testng.TestNG.runSuites(TestNG.java:1066)
at org.testng.TestNG.run(TestNG.java:1034)
at org.testng.remote.AbstractRemoteTestNG.run(AbstractRemoteTestNG.java:115)
at org.testng.remote.RemoteTestNG.initAndRun(RemoteTestNG.java:251)
at org.testng.remote.RemoteTestNG.main(RemoteTestNG.java:77)
]]>
            </full-stacktrace>
          </exception> <!-- org.testng.SkipException -->
          <reporter-output>
          </reporter-output>
        </test-method> <!-- executeTestcase -->
        <test-method status="PASS" signature="Reports(org.testng.ITestResult)[pri:0, instance:driver.Driver@791f145a]" name="Reports" is-config="true" duration-ms="38" started-at="2021-02-12T21:54:13 IST" finished-at="2021-02-12T21:54:13 IST">
          <params>
            <param index="0">
              <value>
                <![CDATA[[TestResult name=executeTestcase status=SKIP method=Driver.executeTestcase(org.testng.ITestContext)[pri:0, instance:driver.Driver@791f145a] output={null}]]]>
              </value>
            </param>
          </params>
          <reporter-output>
          </reporter-output>
        </test-method> <!-- Reports -->
        <test-method status="SKIP" signature="executeTestcase(org.testng.ITestContext)[pri:0, instance:driver.Driver@791f145a]" name="executeTestcase" duration-ms="6" started-at="2021-02-12T21:54:13 IST" finished-at="2021-02-12T21:54:13 IST">
          <params>
            <param index="0">
              <value>
                <![CDATA[org.testng.TestRunner@6b0d80ed]]>
              </value>
            </param>
          </params>
          <exception class="org.testng.SkipException">
            <message>
              <![CDATA[TFS ID_7139:Create new member - New Member entry form through sub account and save it as prospect firstis not chosen for execution]]>
            </message>
            <full-stacktrace>
              <![CDATA[org.testng.SkipException: TFS ID_7139:Create new member - New Member entry form through sub account and save it as prospect firstis not chosen for execution
at driver.Driver.executeTestcase(Driver.java:76)
at sun.reflect.NativeMethodAccessorImpl.invoke0(Native Method)
at sun.reflect.NativeMethodAccessorImpl.invoke(Unknown Source)
at sun.reflect.DelegatingMethodAccessorImpl.invoke(Unknown Source)
at java.lang.reflect.Method.invoke(Unknown Source)
at org.testng.internal.MethodInvocationHelper.invokeMethod(MethodInvocationHelper.java:135)
at org.testng.internal.TestInvoker.invokeMethod(TestInvoker.java:598)
at org.testng.internal.TestInvoker.invokeTestMethod(TestInvoker.java:174)
at org.testng.internal.MethodRunner.runInSequence(MethodRunner.java:46)
at org.testng.internal.TestInvoker$MethodInvocationAgent.invoke(TestInvoker.java:821)
at org.testng.internal.TestInvoker.invokeTestMethods(TestInvoker.java:147)
at org.testng.internal.TestMethodWorker.invokeTestMethods(TestMethodWorker.java:146)
at org.testng.internal.TestMethodWorker.run(TestMethodWorker.java:128)
at java.util.ArrayList.forEach(Unknown Source)
at org.testng.TestRunner.privateRun(TestRunner.java:767)
at org.testng.TestRunner.run(TestRunner.java:588)
at org.testng.SuiteRunner.runTest(SuiteRunner.java:384)
at org.testng.SuiteRunner.runSequentially(SuiteRunner.java:378)
at org.testng.SuiteRunner.privateRun(SuiteRunner.java:337)
at org.testng.SuiteRunner.run(SuiteRunner.java:286)
at org.testng.SuiteRunnerWorker.runSuite(SuiteRunnerWorker.java:53)
at org.testng.SuiteRunnerWorker.run(SuiteRunnerWorker.java:96)
at org.testng.TestNG.runSuitesSequentially(TestNG.java:1214)
at org.testng.TestNG.runSuitesLocally(TestNG.java:1136)
at org.testng.TestNG.runSuites(TestNG.java:1066)
at org.testng.TestNG.run(TestNG.java:1034)
at org.testng.remote.AbstractRemoteTestNG.run(AbstractRemoteTestNG.java:115)
at org.testng.remote.RemoteTestNG.initAndRun(RemoteTestNG.java:251)
at org.testng.remote.RemoteTestNG.main(RemoteTestNG.java:77)
]]>
            </full-stacktrace>
          </exception> <!-- org.testng.SkipException -->
          <reporter-output>
          </reporter-output>
        </test-method> <!-- executeTestcase -->
        <test-method status="PASS" signature="Reports(org.testng.ITestResult)[pri:0, instance:driver.Driver@791f145a]" name="Reports" is-config="true" duration-ms="37" started-at="2021-02-12T21:54:13 IST" finished-at="2021-02-12T21:54:13 IST">
          <params>
            <param index="0">
              <value>
                <![CDATA[[TestResult name=executeTestcase status=SKIP method=Driver.executeTestcase(org.testng.ITestContext)[pri:0, instance:driver.Driver@791f145a] output={null}]]]>
              </value>
            </param>
          </params>
          <reporter-output>
          </reporter-output>
        </test-method> <!-- Reports -->
        <test-method status="SKIP" signature="executeTestcase(org.testng.ITestContext)[pri:0, instance:driver.Driver@791f145a]" name="executeTestcase" duration-ms="7" started-at="2021-02-12T21:54:13 IST" finished-at="2021-02-12T21:54:13 IST">
          <params>
            <param index="0">
              <value>
                <![CDATA[org.testng.TestRunner@6b0d80ed]]>
              </value>
            </param>
          </params>
          <exception class="org.testng.SkipException">
            <message>
              <![CDATA[TFS ID_7140: Create new member - New Member entry form and Save it as prospect firstis not chosen for execution]]>
            </message>
            <full-stacktrace>
              <![CDATA[org.testng.SkipException: TFS ID_7140: Create new member - New Member entry form and Save it as prospect firstis not chosen for execution
at driver.Driver.executeTestcase(Driver.java:76)
at sun.reflect.NativeMethodAccessorImpl.invoke0(Native Method)
at sun.reflect.NativeMethodAccessorImpl.invoke(Unknown Source)
at sun.reflect.DelegatingMethodAccessorImpl.invoke(Unknown Source)
at java.lang.reflect.Method.invoke(Unknown Source)
at org.testng.internal.MethodInvocationHelper.invokeMethod(MethodInvocationHelper.java:135)
at org.testng.internal.TestInvoker.invokeMethod(TestInvoker.java:598)
at org.testng.internal.TestInvoker.invokeTestMethod(TestInvoker.java:174)
at org.testng.internal.MethodRunner.runInSequence(MethodRunner.java:46)
at org.testng.internal.TestInvoker$MethodInvocationAgent.invoke(TestInvoker.java:821)
at org.testng.internal.TestInvoker.invokeTestMethods(TestInvoker.java:147)
at org.testng.internal.TestMethodWorker.invokeTestMethods(TestMethodWorker.java:146)
at org.testng.internal.TestMethodWorker.run(TestMethodWorker.java:128)
at java.util.ArrayList.forEach(Unknown Source)
at org.testng.TestRunner.privateRun(TestRunner.java:767)
at org.testng.TestRunner.run(TestRunner.java:588)
at org.testng.SuiteRunner.runTest(SuiteRunner.java:384)
at org.testng.SuiteRunner.runSequentially(SuiteRunner.java:378)
at org.testng.SuiteRunner.privateRun(SuiteRunner.java:337)
at org.testng.SuiteRunner.run(SuiteRunner.java:286)
at org.testng.SuiteRunnerWorker.runSuite(SuiteRunnerWorker.java:53)
at org.testng.SuiteRunnerWorker.run(SuiteRunnerWorker.java:96)
at org.testng.TestNG.runSuitesSequentially(TestNG.java:1214)
at org.testng.TestNG.runSuitesLocally(TestNG.java:1136)
at org.testng.TestNG.runSuites(TestNG.java:1066)
at org.testng.TestNG.run(TestNG.java:1034)
at org.testng.remote.AbstractRemoteTestNG.run(AbstractRemoteTestNG.java:115)
at org.testng.remote.RemoteTestNG.initAndRun(RemoteTestNG.java:251)
at org.testng.remote.RemoteTestNG.main(RemoteTestNG.java:77)
]]>
            </full-stacktrace>
          </exception> <!-- org.testng.SkipException -->
          <reporter-output>
          </reporter-output>
        </test-method> <!-- executeTestcase -->
        <test-method status="PASS" signature="Reports(org.testng.ITestResult)[pri:0, instance:driver.Driver@791f145a]" name="Reports" is-config="true" duration-ms="37" started-at="2021-02-12T21:54:13 IST" finished-at="2021-02-12T21:54:13 IST">
          <params>
            <param index="0">
              <value>
                <![CDATA[[TestResult name=executeTestcase status=SKIP method=Driver.executeTestcase(org.testng.ITestContext)[pri:0, instance:driver.Driver@791f145a] output={null}]]]>
              </value>
            </param>
          </params>
          <reporter-output>
          </reporter-output>
        </test-method> <!-- Reports -->
        <test-method status="FAIL" signature="executeTestcase(org.testng.ITestContext)[pri:0, instance:driver.Driver@791f145a]" name="executeTestcase" duration-ms="1970" started-at="2021-02-12T21:54:13 IST" finished-at="2021-02-12T21:54:15 IST">
          <params>
            <param index="0">
              <value>
                <![CDATA[org.testng.TestRunner@6b0d80ed]]>
              </value>
            </param>
          </params>
          <exception class="org.openqa.selenium.SessionNotCreatedException">
            <message>
              <![CDATA[session not created: This version of ChromeDriver only supports Chrome version 86
Current browser version is 88.0.4324.150 with binary path C:\Program Files (x86)\Google\Chrome\Application\chrome.exe
Build info: version: '4.0.0-alpha-1', revision: 'd1d3728cae', time: '2019-04-24T13:42:21'
System info: host: 'Z3GAVSP1PU0041', ip: '10.99.37.191', os.name: 'Windows 10', os.arch: 'amd64', os.version: '10.0', java.version: '1.8.0_231'
Driver info: driver.version: Driver
remote stacktrace: Backtrace:
Ordinal0 [0x0120C013+3194899]
Ordinal0 [0x010F6021+2056225]
Ordinal0 [0x00F8F608+587272]
Ordinal0 [0x00F11BF3+72691]
Ordinal0 [0x00F0E229+57897]
Ordinal0 [0x00F0C64A+50762]
Ordinal0 [0x00F31EE9+204521]
Ordinal0 [0x00F31D0D+204045]
Ordinal0 [0x00F2FC1B+195611]
Ordinal0 [0x00F13B7F+80767]
Ordinal0 [0x00F14B4E+84814]
Ordinal0 [0x00F14AD9+84697]
Ordinal0 [0x0110CE64+2149988]
GetHandleVerifier [0x0137BE95+1400773]
GetHandleVerifier [0x0137BB61+1399953]
GetHandleVerifier [0x013831FA+1430314]
GetHandleVerifier [0x0137C69F+1402831]
Ordinal0 [0x01103D61+2112865]
Ordinal0 [0x0110E5CB+2155979]
Ordinal0 [0x0110E6F5+2156277]
Ordinal0 [0x0111F26E+2224750]
BaseThreadInitThunk [0x77896359+25]
RtlGetAppContainerNamedObjectPath [0x77CE8944+228]
RtlGetAppContainerNamedObjectPath [0x77CE8914+180]
]]>
            </message>
            <full-stacktrace>
              <![CDATA[org.openqa.selenium.SessionNotCreatedException: session not created: This version of ChromeDriver only supports Chrome version 86
Current browser version is 88.0.4324.150 with binary path C:\Program Files (x86)\Google\Chrome\Application\chrome.exe
Build info: version: '4.0.0-alpha-1', revision: 'd1d3728cae', time: '2019-04-24T13:42:21'
System info: host: 'Z3GAVSP1PU0041', ip: '10.99.37.191', os.name: 'Windows 10', os.arch: 'amd64', os.version: '10.0', java.version: '1.8.0_231'
Driver info: driver.version: Driver
remote stacktrace: Backtrace:
Ordinal0 [0x0120C013+3194899]
Ordinal0 [0x010F6021+2056225]
Ordinal0 [0x00F8F608+587272]
Ordinal0 [0x00F11BF3+72691]
Ordinal0 [0x00F0E229+57897]
Ordinal0 [0x00F0C64A+50762]
Ordinal0 [0x00F31EE9+204521]
Ordinal0 [0x00F31D0D+204045]
Ordinal0 [0x00F2FC1B+195611]
Ordinal0 [0x00F13B7F+80767]
Ordinal0 [0x00F14B4E+84814]
Ordinal0 [0x00F14AD9+84697]
Ordinal0 [0x0110CE64+2149988]
GetHandleVerifier [0x0137BE95+1400773]
GetHandleVerifier [0x0137BB61+1399953]
GetHandleVerifier [0x013831FA+1430314]
GetHandleVerifier [0x0137C69F+1402831]
Ordinal0 [0x01103D61+2112865]
Ordinal0 [0x0110E5CB+2155979]
Ordinal0 [0x0110E6F5+2156277]
Ordinal0 [0x0111F26E+2224750]
BaseThreadInitThunk [0x77896359+25]
RtlGetAppContainerNamedObjectPath [0x77CE8944+228]
RtlGetAppContainerNamedObjectPath [0x77CE8914+180]

at sun.reflect.NativeConstructorAccessorImpl.newInstance0(Native Method)
at sun.reflect.NativeConstructorAccessorImpl.newInstance(Unknown Source)
at sun.reflect.DelegatingConstructorAccessorImpl.newInstance(Unknown Source)
at java.lang.reflect.Constructor.newInstance(Unknown Source)
at org.openqa.selenium.remote.W3CHandshakeResponse.lambda$errorHandler$0(W3CHandshakeResponse.java:62)
at org.openqa.selenium.remote.HandshakeResponse.lambda$getResponseFunction$0(HandshakeResponse.java:30)
at org.openqa.selenium.remote.ProtocolHandshake.lambda$createSession$0(ProtocolHandshake.java:126)
at java.util.stream.ReferencePipeline$3$1.accept(Unknown Source)
at java.util.Spliterators$ArraySpliterator.tryAdvance(Unknown Source)
at java.util.stream.ReferencePipeline.forEachWithCancel(Unknown Source)
at java.util.stream.AbstractPipeline.copyIntoWithCancel(Unknown Source)
at java.util.stream.AbstractPipeline.copyInto(Unknown Source)
at java.util.stream.AbstractPipeline.wrapAndCopyInto(Unknown Source)
at java.util.stream.FindOps$FindOp.evaluateSequential(Unknown Source)
at java.util.stream.AbstractPipeline.evaluate(Unknown Source)
at java.util.stream.ReferencePipeline.findFirst(Unknown Source)
at org.openqa.selenium.remote.ProtocolHandshake.createSession(ProtocolHandshake.java:128)
at org.openqa.selenium.remote.ProtocolHandshake.createSession(ProtocolHandshake.java:74)
at org.openqa.selenium.remote.HttpCommandExecutor.execute(HttpCommandExecutor.java:139)
at org.openqa.selenium.remote.service.DriverCommandExecutor.execute(DriverCommandExecutor.java:83)
at org.openqa.selenium.remote.RemoteWebDriver.execute(RemoteWebDriver.java:577)
at org.openqa.selenium.remote.RemoteWebDriver.startSession(RemoteWebDriver.java:211)
at org.openqa.selenium.remote.RemoteWebDriver.<init>(RemoteWebDriver.java:131)
at org.openqa.selenium.chrome.ChromeDriver.<init>(ChromeDriver.java:189)
at org.openqa.selenium.chrome.ChromeDriver.<init>(ChromeDriver.java:176)
at org.openqa.selenium.chrome.ChromeDriver.<init>(ChromeDriver.java:165)
at base.PreAndPost.beforeMethod(PreAndPost.java:85)
at driver.Driver.executeTestcase(Driver.java:68)
at sun.reflect.NativeMethodAccessorImpl.invoke0(Native Method)
at sun.reflect.NativeMethodAccessorImpl.invoke(Unknown Source)
at sun.reflect.DelegatingMethodAccessorImpl.invoke(Unknown Source)
at java.lang.reflect.Method.invoke(Unknown Source)
at org.testng.internal.MethodInvocationHelper.invokeMethod(MethodInvocationHelper.java:135)
at org.testng.internal.TestInvoker.invokeMethod(TestInvoker.java:598)
at org.testng.internal.TestInvoker.invokeTestMethod(TestInvoker.java:174)
at org.testng.internal.MethodRunner.runInSequence(MethodRunner.java:46)
at org.testng.internal.TestInvoker$MethodInvocationAgent.invoke(TestInvoker.java:821)
at org.testng.internal.TestInvoker.invokeTestMethods(TestInvoker.java:147)
at org.testng.internal.TestMethodWorker.invokeTestMethods(TestMethodWorker.java:146)
at org.testng.internal.TestMethodWorker.run(TestMethodWorker.java:128)
at java.util.ArrayList.forEach(Unknown Source)
at org.testng.TestRunner.privateRun(TestRunner.java:767)
at org.testng.TestRunner.run(TestRunner.java:588)
at org.testng.SuiteRunner.runTest(SuiteRunner.java:384)
at org.testng.SuiteRunner.runSequentially(SuiteRunner.java:378)
at org.testng.SuiteRunner.privateRun(SuiteRunner.java:337)
at org.testng.SuiteRunner.run(SuiteRunner.java:286)
at org.testng.SuiteRunnerWorker.runSuite(SuiteRunnerWorker.java:53)
at org.testng.SuiteRunnerWorker.run(SuiteRunnerWorker.java:96)
at org.testng.TestNG.runSuitesSequentially(TestNG.java:1214)
at org.testng.TestNG.runSuitesLocally(TestNG.java:1136)
at org.testng.TestNG.runSuites(TestNG.java:1066)
at org.testng.TestNG.run(TestNG.java:1034)
at org.testng.remote.AbstractRemoteTestNG.run(AbstractRemoteTestNG.java:115)
at org.testng.remote.RemoteTestNG.initAndRun(RemoteTestNG.java:251)
at org.testng.remote.RemoteTestNG.main(RemoteTestNG.java:77)
]]>
            </full-stacktrace>
          </exception> <!-- org.openqa.selenium.SessionNotCreatedException -->
          <reporter-output>
          </reporter-output>
        </test-method> <!-- executeTestcase -->
        <test-method status="PASS" signature="Reports(org.testng.ITestResult)[pri:0, instance:driver.Driver@791f145a]" name="Reports" is-config="true" duration-ms="48" started-at="2021-02-12T21:54:15 IST" finished-at="2021-02-12T21:54:15 IST">
          <params>
            <param index="0">
              <value>
                <![CDATA[[TestResult name=executeTestcase status=FAILURE method=Driver.executeTestcase(org.testng.ITestContext)[pri:0, instance:driver.Driver@791f145a] output={null}]]]>
              </value>
            </param>
          </params>
          <reporter-output>
          </reporter-output>
        </test-method> <!-- Reports -->
        <test-method status="FAIL" signature="executeTestcase(org.testng.ITestContext)[pri:0, instance:driver.Driver@791f145a]" name="executeTestcase" duration-ms="1977" started-at="2021-02-12T21:54:15 IST" finished-at="2021-02-12T21:54:17 IST">
          <params>
            <param index="0">
              <value>
                <![CDATA[org.testng.TestRunner@6b0d80ed]]>
              </value>
            </param>
          </params>
          <exception class="org.openqa.selenium.SessionNotCreatedException">
            <message>
              <![CDATA[session not created: This version of ChromeDriver only supports Chrome version 86
Current browser version is 88.0.4324.150 with binary path C:\Program Files (x86)\Google\Chrome\Application\chrome.exe
Build info: version: '4.0.0-alpha-1', revision: 'd1d3728cae', time: '2019-04-24T13:42:21'
System info: host: 'Z3GAVSP1PU0041', ip: '10.99.37.191', os.name: 'Windows 10', os.arch: 'amd64', os.version: '10.0', java.version: '1.8.0_231'
Driver info: driver.version: Driver
remote stacktrace: Backtrace:
Ordinal0 [0x0120C013+3194899]
Ordinal0 [0x010F6021+2056225]
Ordinal0 [0x00F8F608+587272]
Ordinal0 [0x00F11BF3+72691]
Ordinal0 [0x00F0E229+57897]
Ordinal0 [0x00F0C64A+50762]
Ordinal0 [0x00F31EE9+204521]
Ordinal0 [0x00F31D0D+204045]
Ordinal0 [0x00F2FC1B+195611]
Ordinal0 [0x00F13B7F+80767]
Ordinal0 [0x00F14B4E+84814]
Ordinal0 [0x00F14AD9+84697]
Ordinal0 [0x0110CE64+2149988]
GetHandleVerifier [0x0137BE95+1400773]
GetHandleVerifier [0x0137BB61+1399953]
GetHandleVerifier [0x013831FA+1430314]
GetHandleVerifier [0x0137C69F+1402831]
Ordinal0 [0x01103D61+2112865]
Ordinal0 [0x0110E5CB+2155979]
Ordinal0 [0x0110E6F5+2156277]
Ordinal0 [0x0111F26E+2224750]
BaseThreadInitThunk [0x77896359+25]
RtlGetAppContainerNamedObjectPath [0x77CE8944+228]
RtlGetAppContainerNamedObjectPath [0x77CE8914+180]
]]>
            </message>
            <full-stacktrace>
              <![CDATA[org.openqa.selenium.SessionNotCreatedException: session not created: This version of ChromeDriver only supports Chrome version 86
Current browser version is 88.0.4324.150 with binary path C:\Program Files (x86)\Google\Chrome\Application\chrome.exe
Build info: version: '4.0.0-alpha-1', revision: 'd1d3728cae', time: '2019-04-24T13:42:21'
System info: host: 'Z3GAVSP1PU0041', ip: '10.99.37.191', os.name: 'Windows 10', os.arch: 'amd64', os.version: '10.0', java.version: '1.8.0_231'
Driver info: driver.version: Driver
remote stacktrace: Backtrace:
Ordinal0 [0x0120C013+3194899]
Ordinal0 [0x010F6021+2056225]
Ordinal0 [0x00F8F608+587272]
Ordinal0 [0x00F11BF3+72691]
Ordinal0 [0x00F0E229+57897]
Ordinal0 [0x00F0C64A+50762]
Ordinal0 [0x00F31EE9+204521]
Ordinal0 [0x00F31D0D+204045]
Ordinal0 [0x00F2FC1B+195611]
Ordinal0 [0x00F13B7F+80767]
Ordinal0 [0x00F14B4E+84814]
Ordinal0 [0x00F14AD9+84697]
Ordinal0 [0x0110CE64+2149988]
GetHandleVerifier [0x0137BE95+1400773]
GetHandleVerifier [0x0137BB61+1399953]
GetHandleVerifier [0x013831FA+1430314]
GetHandleVerifier [0x0137C69F+1402831]
Ordinal0 [0x01103D61+2112865]
Ordinal0 [0x0110E5CB+2155979]
Ordinal0 [0x0110E6F5+2156277]
Ordinal0 [0x0111F26E+2224750]
BaseThreadInitThunk [0x77896359+25]
RtlGetAppContainerNamedObjectPath [0x77CE8944+228]
RtlGetAppContainerNamedObjectPath [0x77CE8914+180]

at sun.reflect.NativeConstructorAccessorImpl.newInstance0(Native Method)
at sun.reflect.NativeConstructorAccessorImpl.newInstance(Unknown Source)
at sun.reflect.DelegatingConstructorAccessorImpl.newInstance(Unknown Source)
at java.lang.reflect.Constructor.newInstance(Unknown Source)
at org.openqa.selenium.remote.W3CHandshakeResponse.lambda$errorHandler$0(W3CHandshakeResponse.java:62)
at org.openqa.selenium.remote.HandshakeResponse.lambda$getResponseFunction$0(HandshakeResponse.java:30)
at org.openqa.selenium.remote.ProtocolHandshake.lambda$createSession$0(ProtocolHandshake.java:126)
at java.util.stream.ReferencePipeline$3$1.accept(Unknown Source)
at java.util.Spliterators$ArraySpliterator.tryAdvance(Unknown Source)
at java.util.stream.ReferencePipeline.forEachWithCancel(Unknown Source)
at java.util.stream.AbstractPipeline.copyIntoWithCancel(Unknown Source)
at java.util.stream.AbstractPipeline.copyInto(Unknown Source)
at java.util.stream.AbstractPipeline.wrapAndCopyInto(Unknown Source)
at java.util.stream.FindOps$FindOp.evaluateSequential(Unknown Source)
at java.util.stream.AbstractPipeline.evaluate(Unknown Source)
at java.util.stream.ReferencePipeline.findFirst(Unknown Source)
at org.openqa.selenium.remote.ProtocolHandshake.createSession(ProtocolHandshake.java:128)
at org.openqa.selenium.remote.ProtocolHandshake.createSession(ProtocolHandshake.java:74)
at org.openqa.selenium.remote.HttpCommandExecutor.execute(HttpCommandExecutor.java:139)
at org.openqa.selenium.remote.service.DriverCommandExecutor.execute(DriverCommandExecutor.java:83)
at org.openqa.selenium.remote.RemoteWebDriver.execute(RemoteWebDriver.java:577)
at org.openqa.selenium.remote.RemoteWebDriver.startSession(RemoteWebDriver.java:211)
at org.openqa.selenium.remote.RemoteWebDriver.<init>(RemoteWebDriver.java:131)
at org.openqa.selenium.chrome.ChromeDriver.<init>(ChromeDriver.java:189)
at org.openqa.selenium.chrome.ChromeDriver.<init>(ChromeDriver.java:176)
at org.openqa.selenium.chrome.ChromeDriver.<init>(ChromeDriver.java:165)
at base.PreAndPost.beforeMethod(PreAndPost.java:85)
at driver.Driver.executeTestcase(Driver.java:68)
at sun.reflect.NativeMethodAccessorImpl.invoke0(Native Method)
at sun.reflect.NativeMethodAccessorImpl.invoke(Unknown Source)
at sun.reflect.DelegatingMethodAccessorImpl.invoke(Unknown Source)
at java.lang.reflect.Method.invoke(Unknown Source)
at org.testng.internal.MethodInvocationHelper.invokeMethod(MethodInvocationHelper.java:135)
at org.testng.internal.TestInvoker.invokeMethod(TestInvoker.java:598)
at org.testng.internal.TestInvoker.invokeTestMethod(TestInvoker.java:174)
at org.testng.internal.MethodRunner.runInSequence(MethodRunner.java:46)
at org.testng.internal.TestInvoker$MethodInvocationAgent.invoke(TestInvoker.java:821)
at org.testng.internal.TestInvoker.invokeTestMethods(TestInvoker.java:147)
at org.testng.internal.TestMethodWorker.invokeTestMethods(TestMethodWorker.java:146)
at org.testng.internal.TestMethodWorker.run(TestMethodWorker.java:128)
at java.util.ArrayList.forEach(Unknown Source)
at org.testng.TestRunner.privateRun(TestRunner.java:767)
at org.testng.TestRunner.run(TestRunner.java:588)
at org.testng.SuiteRunner.runTest(SuiteRunner.java:384)
at org.testng.SuiteRunner.runSequentially(SuiteRunner.java:378)
at org.testng.SuiteRunner.privateRun(SuiteRunner.java:337)
at org.testng.SuiteRunner.run(SuiteRunner.java:286)
at org.testng.SuiteRunnerWorker.runSuite(SuiteRunnerWorker.java:53)
at org.testng.SuiteRunnerWorker.run(SuiteRunnerWorker.java:96)
at org.testng.TestNG.runSuitesSequentially(TestNG.java:1214)
at org.testng.TestNG.runSuitesLocally(TestNG.java:1136)
at org.testng.TestNG.runSuites(TestNG.java:1066)
at org.testng.TestNG.run(TestNG.java:1034)
at org.testng.remote.AbstractRemoteTestNG.run(AbstractRemoteTestNG.java:115)
at org.testng.remote.RemoteTestNG.initAndRun(RemoteTestNG.java:251)
at org.testng.remote.RemoteTestNG.main(RemoteTestNG.java:77)
]]>
            </full-stacktrace>
          </exception> <!-- org.openqa.selenium.SessionNotCreatedException -->
          <reporter-output>
          </reporter-output>
        </test-method> <!-- executeTestcase -->
        <test-method status="PASS" signature="Reports(org.testng.ITestResult)[pri:0, instance:driver.Driver@791f145a]" name="Reports" is-config="true" duration-ms="42" started-at="2021-02-12T21:54:17 IST" finished-at="2021-02-12T21:54:18 IST">
          <params>
            <param index="0">
              <value>
                <![CDATA[[TestResult name=executeTestcase status=FAILURE method=Driver.executeTestcase(org.testng.ITestContext)[pri:0, instance:driver.Driver@791f145a] output={null}]]]>
              </value>
            </param>
          </params>
          <reporter-output>
          </reporter-output>
        </test-method> <!-- Reports -->
        <test-method status="FAIL" signature="executeTestcase(org.testng.ITestContext)[pri:0, instance:driver.Driver@791f145a]" name="executeTestcase" duration-ms="2020" started-at="2021-02-12T21:54:18 IST" finished-at="2021-02-12T21:54:20 IST">
          <params>
            <param index="0">
              <value>
                <![CDATA[org.testng.TestRunner@6b0d80ed]]>
              </value>
            </param>
          </params>
          <exception class="org.openqa.selenium.SessionNotCreatedException">
            <message>
              <![CDATA[session not created: This version of ChromeDriver only supports Chrome version 86
Current browser version is 88.0.4324.150 with binary path C:\Program Files (x86)\Google\Chrome\Application\chrome.exe
Build info: version: '4.0.0-alpha-1', revision: 'd1d3728cae', time: '2019-04-24T13:42:21'
System info: host: 'Z3GAVSP1PU0041', ip: '10.99.37.191', os.name: 'Windows 10', os.arch: 'amd64', os.version: '10.0', java.version: '1.8.0_231'
Driver info: driver.version: Driver
remote stacktrace: Backtrace:
Ordinal0 [0x0120C013+3194899]
Ordinal0 [0x010F6021+2056225]
Ordinal0 [0x00F8F608+587272]
Ordinal0 [0x00F11BF3+72691]
Ordinal0 [0x00F0E229+57897]
Ordinal0 [0x00F0C64A+50762]
Ordinal0 [0x00F31EE9+204521]
Ordinal0 [0x00F31D0D+204045]
Ordinal0 [0x00F2FC1B+195611]
Ordinal0 [0x00F13B7F+80767]
Ordinal0 [0x00F14B4E+84814]
Ordinal0 [0x00F14AD9+84697]
Ordinal0 [0x0110CE64+2149988]
GetHandleVerifier [0x0137BE95+1400773]
GetHandleVerifier [0x0137BB61+1399953]
GetHandleVerifier [0x013831FA+1430314]
GetHandleVerifier [0x0137C69F+1402831]
Ordinal0 [0x01103D61+2112865]
Ordinal0 [0x0110E5CB+2155979]
Ordinal0 [0x0110E6F5+2156277]
Ordinal0 [0x0111F26E+2224750]
BaseThreadInitThunk [0x77896359+25]
RtlGetAppContainerNamedObjectPath [0x77CE8944+228]
RtlGetAppContainerNamedObjectPath [0x77CE8914+180]
]]>
            </message>
            <full-stacktrace>
              <![CDATA[org.openqa.selenium.SessionNotCreatedException: session not created: This version of ChromeDriver only supports Chrome version 86
Current browser version is 88.0.4324.150 with binary path C:\Program Files (x86)\Google\Chrome\Application\chrome.exe
Build info: version: '4.0.0-alpha-1', revision: 'd1d3728cae', time: '2019-04-24T13:42:21'
System info: host: 'Z3GAVSP1PU0041', ip: '10.99.37.191', os.name: 'Windows 10', os.arch: 'amd64', os.version: '10.0', java.version: '1.8.0_231'
Driver info: driver.version: Driver
remote stacktrace: Backtrace:
Ordinal0 [0x0120C013+3194899]
Ordinal0 [0x010F6021+2056225]
Ordinal0 [0x00F8F608+587272]
Ordinal0 [0x00F11BF3+72691]
Ordinal0 [0x00F0E229+57897]
Ordinal0 [0x00F0C64A+50762]
Ordinal0 [0x00F31EE9+204521]
Ordinal0 [0x00F31D0D+204045]
Ordinal0 [0x00F2FC1B+195611]
Ordinal0 [0x00F13B7F+80767]
Ordinal0 [0x00F14B4E+84814]
Ordinal0 [0x00F14AD9+84697]
Ordinal0 [0x0110CE64+2149988]
GetHandleVerifier [0x0137BE95+1400773]
GetHandleVerifier [0x0137BB61+1399953]
GetHandleVerifier [0x013831FA+1430314]
GetHandleVerifier [0x0137C69F+1402831]
Ordinal0 [0x01103D61+2112865]
Ordinal0 [0x0110E5CB+2155979]
Ordinal0 [0x0110E6F5+2156277]
Ordinal0 [0x0111F26E+2224750]
BaseThreadInitThunk [0x77896359+25]
RtlGetAppContainerNamedObjectPath [0x77CE8944+228]
RtlGetAppContainerNamedObjectPath [0x77CE8914+180]

at sun.reflect.NativeConstructorAccessorImpl.newInstance0(Native Method)
at sun.reflect.NativeConstructorAccessorImpl.newInstance(Unknown Source)
at sun.reflect.DelegatingConstructorAccessorImpl.newInstance(Unknown Source)
at java.lang.reflect.Constructor.newInstance(Unknown Source)
at org.openqa.selenium.remote.W3CHandshakeResponse.lambda$errorHandler$0(W3CHandshakeResponse.java:62)
at org.openqa.selenium.remote.HandshakeResponse.lambda$getResponseFunction$0(HandshakeResponse.java:30)
at org.openqa.selenium.remote.ProtocolHandshake.lambda$createSession$0(ProtocolHandshake.java:126)
at java.util.stream.ReferencePipeline$3$1.accept(Unknown Source)
at java.util.Spliterators$ArraySpliterator.tryAdvance(Unknown Source)
at java.util.stream.ReferencePipeline.forEachWithCancel(Unknown Source)
at java.util.stream.AbstractPipeline.copyIntoWithCancel(Unknown Source)
at java.util.stream.AbstractPipeline.copyInto(Unknown Source)
at java.util.stream.AbstractPipeline.wrapAndCopyInto(Unknown Source)
at java.util.stream.FindOps$FindOp.evaluateSequential(Unknown Source)
at java.util.stream.AbstractPipeline.evaluate(Unknown Source)
at java.util.stream.ReferencePipeline.findFirst(Unknown Source)
at org.openqa.selenium.remote.ProtocolHandshake.createSession(ProtocolHandshake.java:128)
at org.openqa.selenium.remote.ProtocolHandshake.createSession(ProtocolHandshake.java:74)
at org.openqa.selenium.remote.HttpCommandExecutor.execute(HttpCommandExecutor.java:139)
at org.openqa.selenium.remote.service.DriverCommandExecutor.execute(DriverCommandExecutor.java:83)
at org.openqa.selenium.remote.RemoteWebDriver.execute(RemoteWebDriver.java:577)
at org.openqa.selenium.remote.RemoteWebDriver.startSession(RemoteWebDriver.java:211)
at org.openqa.selenium.remote.RemoteWebDriver.<init>(RemoteWebDriver.java:131)
at org.openqa.selenium.chrome.ChromeDriver.<init>(ChromeDriver.java:189)
at org.openqa.selenium.chrome.ChromeDriver.<init>(ChromeDriver.java:176)
at org.openqa.selenium.chrome.ChromeDriver.<init>(ChromeDriver.java:165)
at base.PreAndPost.beforeMethod(PreAndPost.java:85)
at driver.Driver.executeTestcase(Driver.java:68)
at sun.reflect.NativeMethodAccessorImpl.invoke0(Native Method)
at sun.reflect.NativeMethodAccessorImpl.invoke(Unknown Source)
at sun.reflect.DelegatingMethodAccessorImpl.invoke(Unknown Source)
at java.lang.reflect.Method.invoke(Unknown Source)
at org.testng.internal.MethodInvocationHelper.invokeMethod(MethodInvocationHelper.java:135)
at org.testng.internal.TestInvoker.invokeMethod(TestInvoker.java:598)
at org.testng.internal.TestInvoker.invokeTestMethod(TestInvoker.java:174)
at org.testng.internal.MethodRunner.runInSequence(MethodRunner.java:46)
at org.testng.internal.TestInvoker$MethodInvocationAgent.invoke(TestInvoker.java:821)
at org.testng.internal.TestInvoker.invokeTestMethods(TestInvoker.java:147)
at org.testng.internal.TestMethodWorker.invokeTestMethods(TestMethodWorker.java:146)
at org.testng.internal.TestMethodWorker.run(TestMethodWorker.java:128)
at java.util.ArrayList.forEach(Unknown Source)
at org.testng.TestRunner.privateRun(TestRunner.java:767)
at org.testng.TestRunner.run(TestRunner.java:588)
at org.testng.SuiteRunner.runTest(SuiteRunner.java:384)
at org.testng.SuiteRunner.runSequentially(SuiteRunner.java:378)
at org.testng.SuiteRunner.privateRun(SuiteRunner.java:337)
at org.testng.SuiteRunner.run(SuiteRunner.java:286)
at org.testng.SuiteRunnerWorker.runSuite(SuiteRunnerWorker.java:53)
at org.testng.SuiteRunnerWorker.run(SuiteRunnerWorker.java:96)
at org.testng.TestNG.runSuitesSequentially(TestNG.java:1214)
at org.testng.TestNG.runSuitesLocally(TestNG.java:1136)
at org.testng.TestNG.runSuites(TestNG.java:1066)
at org.testng.TestNG.run(TestNG.java:1034)
at org.testng.remote.AbstractRemoteTestNG.run(AbstractRemoteTestNG.java:115)
at org.testng.remote.RemoteTestNG.initAndRun(RemoteTestNG.java:251)
at org.testng.remote.RemoteTestNG.main(RemoteTestNG.java:77)
]]>
            </full-stacktrace>
          </exception> <!-- org.openqa.selenium.SessionNotCreatedException -->
          <reporter-output>
          </reporter-output>
        </test-method> <!-- executeTestcase -->
        <test-method status="PASS" signature="Reports(org.testng.ITestResult)[pri:0, instance:driver.Driver@791f145a]" name="Reports" is-config="true" duration-ms="36" started-at="2021-02-12T21:54:20 IST" finished-at="2021-02-12T21:54:20 IST">
          <params>
            <param index="0">
              <value>
                <![CDATA[[TestResult name=executeTestcase status=FAILURE method=Driver.executeTestcase(org.testng.ITestContext)[pri:0, instance:driver.Driver@791f145a] output={null}]]]>
              </value>
            </param>
          </params>
          <reporter-output>
          </reporter-output>
        </test-method> <!-- Reports -->
        <test-method status="FAIL" signature="executeTestcase(org.testng.ITestContext)[pri:0, instance:driver.Driver@791f145a]" name="executeTestcase" duration-ms="2008" started-at="2021-02-12T21:54:20 IST" finished-at="2021-02-12T21:54:22 IST">
          <params>
            <param index="0">
              <value>
                <![CDATA[org.testng.TestRunner@6b0d80ed]]>
              </value>
            </param>
          </params>
          <exception class="org.openqa.selenium.SessionNotCreatedException">
            <message>
              <![CDATA[session not created: This version of ChromeDriver only supports Chrome version 86
Current browser version is 88.0.4324.150 with binary path C:\Program Files (x86)\Google\Chrome\Application\chrome.exe
Build info: version: '4.0.0-alpha-1', revision: 'd1d3728cae', time: '2019-04-24T13:42:21'
System info: host: 'Z3GAVSP1PU0041', ip: '10.99.37.191', os.name: 'Windows 10', os.arch: 'amd64', os.version: '10.0', java.version: '1.8.0_231'
Driver info: driver.version: Driver
remote stacktrace: Backtrace:
Ordinal0 [0x0120C013+3194899]
Ordinal0 [0x010F6021+2056225]
Ordinal0 [0x00F8F608+587272]
Ordinal0 [0x00F11BF3+72691]
Ordinal0 [0x00F0E229+57897]
Ordinal0 [0x00F0C64A+50762]
Ordinal0 [0x00F31EE9+204521]
Ordinal0 [0x00F31D0D+204045]
Ordinal0 [0x00F2FC1B+195611]
Ordinal0 [0x00F13B7F+80767]
Ordinal0 [0x00F14B4E+84814]
Ordinal0 [0x00F14AD9+84697]
Ordinal0 [0x0110CE64+2149988]
GetHandleVerifier [0x0137BE95+1400773]
GetHandleVerifier [0x0137BB61+1399953]
GetHandleVerifier [0x013831FA+1430314]
GetHandleVerifier [0x0137C69F+1402831]
Ordinal0 [0x01103D61+2112865]
Ordinal0 [0x0110E5CB+2155979]
Ordinal0 [0x0110E6F5+2156277]
Ordinal0 [0x0111F26E+2224750]
BaseThreadInitThunk [0x77896359+25]
RtlGetAppContainerNamedObjectPath [0x77CE8944+228]
RtlGetAppContainerNamedObjectPath [0x77CE8914+180]
]]>
            </message>
            <full-stacktrace>
              <![CDATA[org.openqa.selenium.SessionNotCreatedException: session not created: This version of ChromeDriver only supports Chrome version 86
Current browser version is 88.0.4324.150 with binary path C:\Program Files (x86)\Google\Chrome\Application\chrome.exe
Build info: version: '4.0.0-alpha-1', revision: 'd1d3728cae', time: '2019-04-24T13:42:21'
System info: host: 'Z3GAVSP1PU0041', ip: '10.99.37.191', os.name: 'Windows 10', os.arch: 'amd64', os.version: '10.0', java.version: '1.8.0_231'
Driver info: driver.version: Driver
remote stacktrace: Backtrace:
Ordinal0 [0x0120C013+3194899]
Ordinal0 [0x010F6021+2056225]
Ordinal0 [0x00F8F608+587272]
Ordinal0 [0x00F11BF3+72691]
Ordinal0 [0x00F0E229+57897]
Ordinal0 [0x00F0C64A+50762]
Ordinal0 [0x00F31EE9+204521]
Ordinal0 [0x00F31D0D+204045]
Ordinal0 [0x00F2FC1B+195611]
Ordinal0 [0x00F13B7F+80767]
Ordinal0 [0x00F14B4E+84814]
Ordinal0 [0x00F14AD9+84697]
Ordinal0 [0x0110CE64+2149988]
GetHandleVerifier [0x0137BE95+1400773]
GetHandleVerifier [0x0137BB61+1399953]
GetHandleVerifier [0x013831FA+1430314]
GetHandleVerifier [0x0137C69F+1402831]
Ordinal0 [0x01103D61+2112865]
Ordinal0 [0x0110E5CB+2155979]
Ordinal0 [0x0110E6F5+2156277]
Ordinal0 [0x0111F26E+2224750]
BaseThreadInitThunk [0x77896359+25]
RtlGetAppContainerNamedObjectPath [0x77CE8944+228]
RtlGetAppContainerNamedObjectPath [0x77CE8914+180]

at sun.reflect.NativeConstructorAccessorImpl.newInstance0(Native Method)
at sun.reflect.NativeConstructorAccessorImpl.newInstance(Unknown Source)
at sun.reflect.DelegatingConstructorAccessorImpl.newInstance(Unknown Source)
at java.lang.reflect.Constructor.newInstance(Unknown Source)
at org.openqa.selenium.remote.W3CHandshakeResponse.lambda$errorHandler$0(W3CHandshakeResponse.java:62)
at org.openqa.selenium.remote.HandshakeResponse.lambda$getResponseFunction$0(HandshakeResponse.java:30)
at org.openqa.selenium.remote.ProtocolHandshake.lambda$createSession$0(ProtocolHandshake.java:126)
at java.util.stream.ReferencePipeline$3$1.accept(Unknown Source)
at java.util.Spliterators$ArraySpliterator.tryAdvance(Unknown Source)
at java.util.stream.ReferencePipeline.forEachWithCancel(Unknown Source)
at java.util.stream.AbstractPipeline.copyIntoWithCancel(Unknown Source)
at java.util.stream.AbstractPipeline.copyInto(Unknown Source)
at java.util.stream.AbstractPipeline.wrapAndCopyInto(Unknown Source)
at java.util.stream.FindOps$FindOp.evaluateSequential(Unknown Source)
at java.util.stream.AbstractPipeline.evaluate(Unknown Source)
at java.util.stream.ReferencePipeline.findFirst(Unknown Source)
at org.openqa.selenium.remote.ProtocolHandshake.createSession(ProtocolHandshake.java:128)
at org.openqa.selenium.remote.ProtocolHandshake.createSession(ProtocolHandshake.java:74)
at org.openqa.selenium.remote.HttpCommandExecutor.execute(HttpCommandExecutor.java:139)
at org.openqa.selenium.remote.service.DriverCommandExecutor.execute(DriverCommandExecutor.java:83)
at org.openqa.selenium.remote.RemoteWebDriver.execute(RemoteWebDriver.java:577)
at org.openqa.selenium.remote.RemoteWebDriver.startSession(RemoteWebDriver.java:211)
at org.openqa.selenium.remote.RemoteWebDriver.<init>(RemoteWebDriver.java:131)
at org.openqa.selenium.chrome.ChromeDriver.<init>(ChromeDriver.java:189)
at org.openqa.selenium.chrome.ChromeDriver.<init>(ChromeDriver.java:176)
at org.openqa.selenium.chrome.ChromeDriver.<init>(ChromeDriver.java:165)
at base.PreAndPost.beforeMethod(PreAndPost.java:85)
at driver.Driver.executeTestcase(Driver.java:68)
at sun.reflect.GeneratedMethodAccessor1.invoke(Unknown Source)
at sun.reflect.DelegatingMethodAccessorImpl.invoke(Unknown Source)
at java.lang.reflect.Method.invoke(Unknown Source)
at org.testng.internal.MethodInvocationHelper.invokeMethod(MethodInvocationHelper.java:135)
at org.testng.internal.TestInvoker.invokeMethod(TestInvoker.java:598)
at org.testng.internal.TestInvoker.invokeTestMethod(TestInvoker.java:174)
at org.testng.internal.MethodRunner.runInSequence(MethodRunner.java:46)
at org.testng.internal.TestInvoker$MethodInvocationAgent.invoke(TestInvoker.java:821)
at org.testng.internal.TestInvoker.invokeTestMethods(TestInvoker.java:147)
at org.testng.internal.TestMethodWorker.invokeTestMethods(TestMethodWorker.java:146)
at org.testng.internal.TestMethodWorker.run(TestMethodWorker.java:128)
at java.util.ArrayList.forEach(Unknown Source)
at org.testng.TestRunner.privateRun(TestRunner.java:767)
at org.testng.TestRunner.run(TestRunner.java:588)
at org.testng.SuiteRunner.runTest(SuiteRunner.java:384)
at org.testng.SuiteRunner.runSequentially(SuiteRunner.java:378)
at org.testng.SuiteRunner.privateRun(SuiteRunner.java:337)
at org.testng.SuiteRunner.run(SuiteRunner.java:286)
at org.testng.SuiteRunnerWorker.runSuite(SuiteRunnerWorker.java:53)
at org.testng.SuiteRunnerWorker.run(SuiteRunnerWorker.java:96)
at org.testng.TestNG.runSuitesSequentially(TestNG.java:1214)
at org.testng.TestNG.runSuitesLocally(TestNG.java:1136)
at org.testng.TestNG.runSuites(TestNG.java:1066)
at org.testng.TestNG.run(TestNG.java:1034)
at org.testng.remote.AbstractRemoteTestNG.run(AbstractRemoteTestNG.java:115)
at org.testng.remote.RemoteTestNG.initAndRun(RemoteTestNG.java:251)
at org.testng.remote.RemoteTestNG.main(RemoteTestNG.java:77)
]]>
            </full-stacktrace>
          </exception> <!-- org.openqa.selenium.SessionNotCreatedException -->
          <reporter-output>
          </reporter-output>
        </test-method> <!-- executeTestcase -->
        <test-method status="PASS" signature="Reports(org.testng.ITestResult)[pri:0, instance:driver.Driver@791f145a]" name="Reports" is-config="true" duration-ms="34" started-at="2021-02-12T21:54:22 IST" finished-at="2021-02-12T21:54:22 IST">
          <params>
            <param index="0">
              <value>
                <![CDATA[[TestResult name=executeTestcase status=FAILURE method=Driver.executeTestcase(org.testng.ITestContext)[pri:0, instance:driver.Driver@791f145a] output={null}]]]>
              </value>
            </param>
          </params>
          <reporter-output>
          </reporter-output>
        </test-method> <!-- Reports -->
        <test-method status="FAIL" signature="executeTestcase(org.testng.ITestContext)[pri:0, instance:driver.Driver@791f145a]" name="executeTestcase" duration-ms="1972" started-at="2021-02-12T21:54:22 IST" finished-at="2021-02-12T21:54:24 IST">
          <params>
            <param index="0">
              <value>
                <![CDATA[org.testng.TestRunner@6b0d80ed]]>
              </value>
            </param>
          </params>
          <exception class="org.openqa.selenium.SessionNotCreatedException">
            <message>
              <![CDATA[session not created: This version of ChromeDriver only supports Chrome version 86
Current browser version is 88.0.4324.150 with binary path C:\Program Files (x86)\Google\Chrome\Application\chrome.exe
Build info: version: '4.0.0-alpha-1', revision: 'd1d3728cae', time: '2019-04-24T13:42:21'
System info: host: 'Z3GAVSP1PU0041', ip: '10.99.37.191', os.name: 'Windows 10', os.arch: 'amd64', os.version: '10.0', java.version: '1.8.0_231'
Driver info: driver.version: Driver
remote stacktrace: Backtrace:
Ordinal0 [0x0120C013+3194899]
Ordinal0 [0x010F6021+2056225]
Ordinal0 [0x00F8F608+587272]
Ordinal0 [0x00F11BF3+72691]
Ordinal0 [0x00F0E229+57897]
Ordinal0 [0x00F0C64A+50762]
Ordinal0 [0x00F31EE9+204521]
Ordinal0 [0x00F31D0D+204045]
Ordinal0 [0x00F2FC1B+195611]
Ordinal0 [0x00F13B7F+80767]
Ordinal0 [0x00F14B4E+84814]
Ordinal0 [0x00F14AD9+84697]
Ordinal0 [0x0110CE64+2149988]
GetHandleVerifier [0x0137BE95+1400773]
GetHandleVerifier [0x0137BB61+1399953]
GetHandleVerifier [0x013831FA+1430314]
GetHandleVerifier [0x0137C69F+1402831]
Ordinal0 [0x01103D61+2112865]
Ordinal0 [0x0110E5CB+2155979]
Ordinal0 [0x0110E6F5+2156277]
Ordinal0 [0x0111F26E+2224750]
BaseThreadInitThunk [0x77896359+25]
RtlGetAppContainerNamedObjectPath [0x77CE8944+228]
RtlGetAppContainerNamedObjectPath [0x77CE8914+180]
]]>
            </message>
            <full-stacktrace>
              <![CDATA[org.openqa.selenium.SessionNotCreatedException: session not created: This version of ChromeDriver only supports Chrome version 86
Current browser version is 88.0.4324.150 with binary path C:\Program Files (x86)\Google\Chrome\Application\chrome.exe
Build info: version: '4.0.0-alpha-1', revision: 'd1d3728cae', time: '2019-04-24T13:42:21'
System info: host: 'Z3GAVSP1PU0041', ip: '10.99.37.191', os.name: 'Windows 10', os.arch: 'amd64', os.version: '10.0', java.version: '1.8.0_231'
Driver info: driver.version: Driver
remote stacktrace: Backtrace:
Ordinal0 [0x0120C013+3194899]
Ordinal0 [0x010F6021+2056225]
Ordinal0 [0x00F8F608+587272]
Ordinal0 [0x00F11BF3+72691]
Ordinal0 [0x00F0E229+57897]
Ordinal0 [0x00F0C64A+50762]
Ordinal0 [0x00F31EE9+204521]
Ordinal0 [0x00F31D0D+204045]
Ordinal0 [0x00F2FC1B+195611]
Ordinal0 [0x00F13B7F+80767]
Ordinal0 [0x00F14B4E+84814]
Ordinal0 [0x00F14AD9+84697]
Ordinal0 [0x0110CE64+2149988]
GetHandleVerifier [0x0137BE95+1400773]
GetHandleVerifier [0x0137BB61+1399953]
GetHandleVerifier [0x013831FA+1430314]
GetHandleVerifier [0x0137C69F+1402831]
Ordinal0 [0x01103D61+2112865]
Ordinal0 [0x0110E5CB+2155979]
Ordinal0 [0x0110E6F5+2156277]
Ordinal0 [0x0111F26E+2224750]
BaseThreadInitThunk [0x77896359+25]
RtlGetAppContainerNamedObjectPath [0x77CE8944+228]
RtlGetAppContainerNamedObjectPath [0x77CE8914+180]

at sun.reflect.NativeConstructorAccessorImpl.newInstance0(Native Method)
at sun.reflect.NativeConstructorAccessorImpl.newInstance(Unknown Source)
at sun.reflect.DelegatingConstructorAccessorImpl.newInstance(Unknown Source)
at java.lang.reflect.Constructor.newInstance(Unknown Source)
at org.openqa.selenium.remote.W3CHandshakeResponse.lambda$errorHandler$0(W3CHandshakeResponse.java:62)
at org.openqa.selenium.remote.HandshakeResponse.lambda$getResponseFunction$0(HandshakeResponse.java:30)
at org.openqa.selenium.remote.ProtocolHandshake.lambda$createSession$0(ProtocolHandshake.java:126)
at java.util.stream.ReferencePipeline$3$1.accept(Unknown Source)
at java.util.Spliterators$ArraySpliterator.tryAdvance(Unknown Source)
at java.util.stream.ReferencePipeline.forEachWithCancel(Unknown Source)
at java.util.stream.AbstractPipeline.copyIntoWithCancel(Unknown Source)
at java.util.stream.AbstractPipeline.copyInto(Unknown Source)
at java.util.stream.AbstractPipeline.wrapAndCopyInto(Unknown Source)
at java.util.stream.FindOps$FindOp.evaluateSequential(Unknown Source)
at java.util.stream.AbstractPipeline.evaluate(Unknown Source)
at java.util.stream.ReferencePipeline.findFirst(Unknown Source)
at org.openqa.selenium.remote.ProtocolHandshake.createSession(ProtocolHandshake.java:128)
at org.openqa.selenium.remote.ProtocolHandshake.createSession(ProtocolHandshake.java:74)
at org.openqa.selenium.remote.HttpCommandExecutor.execute(HttpCommandExecutor.java:139)
at org.openqa.selenium.remote.service.DriverCommandExecutor.execute(DriverCommandExecutor.java:83)
at org.openqa.selenium.remote.RemoteWebDriver.execute(RemoteWebDriver.java:577)
at org.openqa.selenium.remote.RemoteWebDriver.startSession(RemoteWebDriver.java:211)
at org.openqa.selenium.remote.RemoteWebDriver.<init>(RemoteWebDriver.java:131)
at org.openqa.selenium.chrome.ChromeDriver.<init>(ChromeDriver.java:189)
at org.openqa.selenium.chrome.ChromeDriver.<init>(ChromeDriver.java:176)
at org.openqa.selenium.chrome.ChromeDriver.<init>(ChromeDriver.java:165)
at base.PreAndPost.beforeMethod(PreAndPost.java:85)
at driver.Driver.executeTestcase(Driver.java:68)
at sun.reflect.GeneratedMethodAccessor1.invoke(Unknown Source)
at sun.reflect.DelegatingMethodAccessorImpl.invoke(Unknown Source)
at java.lang.reflect.Method.invoke(Unknown Source)
at org.testng.internal.MethodInvocationHelper.invokeMethod(MethodInvocationHelper.java:135)
at org.testng.internal.TestInvoker.invokeMethod(TestInvoker.java:598)
at org.testng.internal.TestInvoker.invokeTestMethod(TestInvoker.java:174)
at org.testng.internal.MethodRunner.runInSequence(MethodRunner.java:46)
at org.testng.internal.TestInvoker$MethodInvocationAgent.invoke(TestInvoker.java:821)
at org.testng.internal.TestInvoker.invokeTestMethods(TestInvoker.java:147)
at org.testng.internal.TestMethodWorker.invokeTestMethods(TestMethodWorker.java:146)
at org.testng.internal.TestMethodWorker.run(TestMethodWorker.java:128)
at java.util.ArrayList.forEach(Unknown Source)
at org.testng.TestRunner.privateRun(TestRunner.java:767)
at org.testng.TestRunner.run(TestRunner.java:588)
at org.testng.SuiteRunner.runTest(SuiteRunner.java:384)
at org.testng.SuiteRunner.runSequentially(SuiteRunner.java:378)
at org.testng.SuiteRunner.privateRun(SuiteRunner.java:337)
at org.testng.SuiteRunner.run(SuiteRunner.java:286)
at org.testng.SuiteRunnerWorker.runSuite(SuiteRunnerWorker.java:53)
at org.testng.SuiteRunnerWorker.run(SuiteRunnerWorker.java:96)
at org.testng.TestNG.runSuitesSequentially(TestNG.java:1214)
at org.testng.TestNG.runSuitesLocally(TestNG.java:1136)
at org.testng.TestNG.runSuites(TestNG.java:1066)
at org.testng.TestNG.run(TestNG.java:1034)
at org.testng.remote.AbstractRemoteTestNG.run(AbstractRemoteTestNG.java:115)
at org.testng.remote.RemoteTestNG.initAndRun(RemoteTestNG.java:251)
at org.testng.remote.RemoteTestNG.main(RemoteTestNG.java:77)
]]>
            </full-stacktrace>
          </exception> <!-- org.openqa.selenium.SessionNotCreatedException -->
          <reporter-output>
          </reporter-output>
        </test-method> <!-- executeTestcase -->
        <test-method status="PASS" signature="Reports(org.testng.ITestResult)[pri:0, instance:driver.Driver@791f145a]" name="Reports" is-config="true" duration-ms="73" started-at="2021-02-12T21:54:24 IST" finished-at="2021-02-12T21:54:24 IST">
          <params>
            <param index="0">
              <value>
                <![CDATA[[TestResult name=executeTestcase status=FAILURE method=Driver.executeTestcase(org.testng.ITestContext)[pri:0, instance:driver.Driver@791f145a] output={null}]]]>
              </value>
            </param>
          </params>
          <reporter-output>
          </reporter-output>
        </test-method> <!-- Reports -->
        <test-method status="FAIL" signature="executeTestcase(org.testng.ITestContext)[pri:0, instance:driver.Driver@791f145a]" name="executeTestcase" duration-ms="2005" started-at="2021-02-12T21:54:24 IST" finished-at="2021-02-12T21:54:26 IST">
          <params>
            <param index="0">
              <value>
                <![CDATA[org.testng.TestRunner@6b0d80ed]]>
              </value>
            </param>
          </params>
          <exception class="org.openqa.selenium.SessionNotCreatedException">
            <message>
              <![CDATA[session not created: This version of ChromeDriver only supports Chrome version 86
Current browser version is 88.0.4324.150 with binary path C:\Program Files (x86)\Google\Chrome\Application\chrome.exe
Build info: version: '4.0.0-alpha-1', revision: 'd1d3728cae', time: '2019-04-24T13:42:21'
System info: host: 'Z3GAVSP1PU0041', ip: '10.99.37.191', os.name: 'Windows 10', os.arch: 'amd64', os.version: '10.0', java.version: '1.8.0_231'
Driver info: driver.version: Driver
remote stacktrace: Backtrace:
Ordinal0 [0x0120C013+3194899]
Ordinal0 [0x010F6021+2056225]
Ordinal0 [0x00F8F608+587272]
Ordinal0 [0x00F11BF3+72691]
Ordinal0 [0x00F0E229+57897]
Ordinal0 [0x00F0C64A+50762]
Ordinal0 [0x00F31EE9+204521]
Ordinal0 [0x00F31D0D+204045]
Ordinal0 [0x00F2FC1B+195611]
Ordinal0 [0x00F13B7F+80767]
Ordinal0 [0x00F14B4E+84814]
Ordinal0 [0x00F14AD9+84697]
Ordinal0 [0x0110CE64+2149988]
GetHandleVerifier [0x0137BE95+1400773]
GetHandleVerifier [0x0137BB61+1399953]
GetHandleVerifier [0x013831FA+1430314]
GetHandleVerifier [0x0137C69F+1402831]
Ordinal0 [0x01103D61+2112865]
Ordinal0 [0x0110E5CB+2155979]
Ordinal0 [0x0110E6F5+2156277]
Ordinal0 [0x0111F26E+2224750]
BaseThreadInitThunk [0x77896359+25]
RtlGetAppContainerNamedObjectPath [0x77CE8944+228]
RtlGetAppContainerNamedObjectPath [0x77CE8914+180]
]]>
            </message>
            <full-stacktrace>
              <![CDATA[org.openqa.selenium.SessionNotCreatedException: session not created: This version of ChromeDriver only supports Chrome version 86
Current browser version is 88.0.4324.150 with binary path C:\Program Files (x86)\Google\Chrome\Application\chrome.exe
Build info: version: '4.0.0-alpha-1', revision: 'd1d3728cae', time: '2019-04-24T13:42:21'
System info: host: 'Z3GAVSP1PU0041', ip: '10.99.37.191', os.name: 'Windows 10', os.arch: 'amd64', os.version: '10.0', java.version: '1.8.0_231'
Driver info: driver.version: Driver
remote stacktrace: Backtrace:
Ordinal0 [0x0120C013+3194899]
Ordinal0 [0x010F6021+2056225]
Ordinal0 [0x00F8F608+587272]
Ordinal0 [0x00F11BF3+72691]
Ordinal0 [0x00F0E229+57897]
Ordinal0 [0x00F0C64A+50762]
Ordinal0 [0x00F31EE9+204521]
Ordinal0 [0x00F31D0D+204045]
Ordinal0 [0x00F2FC1B+195611]
Ordinal0 [0x00F13B7F+80767]
Ordinal0 [0x00F14B4E+84814]
Ordinal0 [0x00F14AD9+84697]
Ordinal0 [0x0110CE64+2149988]
GetHandleVerifier [0x0137BE95+1400773]
GetHandleVerifier [0x0137BB61+1399953]
GetHandleVerifier [0x013831FA+1430314]
GetHandleVerifier [0x0137C69F+1402831]
Ordinal0 [0x01103D61+2112865]
Ordinal0 [0x0110E5CB+2155979]
Ordinal0 [0x0110E6F5+2156277]
Ordinal0 [0x0111F26E+2224750]
BaseThreadInitThunk [0x77896359+25]
RtlGetAppContainerNamedObjectPath [0x77CE8944+228]
RtlGetAppContainerNamedObjectPath [0x77CE8914+180]

at sun.reflect.NativeConstructorAccessorImpl.newInstance0(Native Method)
at sun.reflect.NativeConstructorAccessorImpl.newInstance(Unknown Source)
at sun.reflect.DelegatingConstructorAccessorImpl.newInstance(Unknown Source)
at java.lang.reflect.Constructor.newInstance(Unknown Source)
at org.openqa.selenium.remote.W3CHandshakeResponse.lambda$errorHandler$0(W3CHandshakeResponse.java:62)
at org.openqa.selenium.remote.HandshakeResponse.lambda$getResponseFunction$0(HandshakeResponse.java:30)
at org.openqa.selenium.remote.ProtocolHandshake.lambda$createSession$0(ProtocolHandshake.java:126)
at java.util.stream.ReferencePipeline$3$1.accept(Unknown Source)
at java.util.Spliterators$ArraySpliterator.tryAdvance(Unknown Source)
at java.util.stream.ReferencePipeline.forEachWithCancel(Unknown Source)
at java.util.stream.AbstractPipeline.copyIntoWithCancel(Unknown Source)
at java.util.stream.AbstractPipeline.copyInto(Unknown Source)
at java.util.stream.AbstractPipeline.wrapAndCopyInto(Unknown Source)
at java.util.stream.FindOps$FindOp.evaluateSequential(Unknown Source)
at java.util.stream.AbstractPipeline.evaluate(Unknown Source)
at java.util.stream.ReferencePipeline.findFirst(Unknown Source)
at org.openqa.selenium.remote.ProtocolHandshake.createSession(ProtocolHandshake.java:128)
at org.openqa.selenium.remote.ProtocolHandshake.createSession(ProtocolHandshake.java:74)
at org.openqa.selenium.remote.HttpCommandExecutor.execute(HttpCommandExecutor.java:139)
at org.openqa.selenium.remote.service.DriverCommandExecutor.execute(DriverCommandExecutor.java:83)
at org.openqa.selenium.remote.RemoteWebDriver.execute(RemoteWebDriver.java:577)
at org.openqa.selenium.remote.RemoteWebDriver.startSession(RemoteWebDriver.java:211)
at org.openqa.selenium.remote.RemoteWebDriver.<init>(RemoteWebDriver.java:131)
at org.openqa.selenium.chrome.ChromeDriver.<init>(ChromeDriver.java:189)
at org.openqa.selenium.chrome.ChromeDriver.<init>(ChromeDriver.java:176)
at org.openqa.selenium.chrome.ChromeDriver.<init>(ChromeDriver.java:165)
at base.PreAndPost.beforeMethod(PreAndPost.java:85)
at driver.Driver.executeTestcase(Driver.java:68)
at sun.reflect.GeneratedMethodAccessor1.invoke(Unknown Source)
at sun.reflect.DelegatingMethodAccessorImpl.invoke(Unknown Source)
at java.lang.reflect.Method.invoke(Unknown Source)
at org.testng.internal.MethodInvocationHelper.invokeMethod(MethodInvocationHelper.java:135)
at org.testng.internal.TestInvoker.invokeMethod(TestInvoker.java:598)
at org.testng.internal.TestInvoker.invokeTestMethod(TestInvoker.java:174)
at org.testng.internal.MethodRunner.runInSequence(MethodRunner.java:46)
at org.testng.internal.TestInvoker$MethodInvocationAgent.invoke(TestInvoker.java:821)
at org.testng.internal.TestInvoker.invokeTestMethods(TestInvoker.java:147)
at org.testng.internal.TestMethodWorker.invokeTestMethods(TestMethodWorker.java:146)
at org.testng.internal.TestMethodWorker.run(TestMethodWorker.java:128)
at java.util.ArrayList.forEach(Unknown Source)
at org.testng.TestRunner.privateRun(TestRunner.java:767)
at org.testng.TestRunner.run(TestRunner.java:588)
at org.testng.SuiteRunner.runTest(SuiteRunner.java:384)
at org.testng.SuiteRunner.runSequentially(SuiteRunner.java:378)
at org.testng.SuiteRunner.privateRun(SuiteRunner.java:337)
at org.testng.SuiteRunner.run(SuiteRunner.java:286)
at org.testng.SuiteRunnerWorker.runSuite(SuiteRunnerWorker.java:53)
at org.testng.SuiteRunnerWorker.run(SuiteRunnerWorker.java:96)
at org.testng.TestNG.runSuitesSequentially(TestNG.java:1214)
at org.testng.TestNG.runSuitesLocally(TestNG.java:1136)
at org.testng.TestNG.runSuites(TestNG.java:1066)
at org.testng.TestNG.run(TestNG.java:1034)
at org.testng.remote.AbstractRemoteTestNG.run(AbstractRemoteTestNG.java:115)
at org.testng.remote.RemoteTestNG.initAndRun(RemoteTestNG.java:251)
at org.testng.remote.RemoteTestNG.main(RemoteTestNG.java:77)
]]>
            </full-stacktrace>
          </exception> <!-- org.openqa.selenium.SessionNotCreatedException -->
          <reporter-output>
          </reporter-output>
        </test-method> <!-- executeTestcase -->
        <test-method status="PASS" signature="Reports(org.testng.ITestResult)[pri:0, instance:driver.Driver@791f145a]" name="Reports" is-config="true" duration-ms="32" started-at="2021-02-12T21:54:26 IST" finished-at="2021-02-12T21:54:26 IST">
          <params>
            <param index="0">
              <value>
                <![CDATA[[TestResult name=executeTestcase status=FAILURE method=Driver.executeTestcase(org.testng.ITestContext)[pri:0, instance:driver.Driver@791f145a] output={null}]]]>
              </value>
            </param>
          </params>
          <reporter-output>
          </reporter-output>
        </test-method> <!-- Reports -->
        <test-method status="FAIL" signature="executeTestcase(org.testng.ITestContext)[pri:0, instance:driver.Driver@791f145a]" name="executeTestcase" duration-ms="2000" started-at="2021-02-12T21:54:26 IST" finished-at="2021-02-12T21:54:28 IST">
          <params>
            <param index="0">
              <value>
                <![CDATA[org.testng.TestRunner@6b0d80ed]]>
              </value>
            </param>
          </params>
          <exception class="org.openqa.selenium.SessionNotCreatedException">
            <message>
              <![CDATA[session not created: This version of ChromeDriver only supports Chrome version 86
Current browser version is 88.0.4324.150 with binary path C:\Program Files (x86)\Google\Chrome\Application\chrome.exe
Build info: version: '4.0.0-alpha-1', revision: 'd1d3728cae', time: '2019-04-24T13:42:21'
System info: host: 'Z3GAVSP1PU0041', ip: '10.99.37.191', os.name: 'Windows 10', os.arch: 'amd64', os.version: '10.0', java.version: '1.8.0_231'
Driver info: driver.version: Driver
remote stacktrace: Backtrace:
Ordinal0 [0x0120C013+3194899]
Ordinal0 [0x010F6021+2056225]
Ordinal0 [0x00F8F608+587272]
Ordinal0 [0x00F11BF3+72691]
Ordinal0 [0x00F0E229+57897]
Ordinal0 [0x00F0C64A+50762]
Ordinal0 [0x00F31EE9+204521]
Ordinal0 [0x00F31D0D+204045]
Ordinal0 [0x00F2FC1B+195611]
Ordinal0 [0x00F13B7F+80767]
Ordinal0 [0x00F14B4E+84814]
Ordinal0 [0x00F14AD9+84697]
Ordinal0 [0x0110CE64+2149988]
GetHandleVerifier [0x0137BE95+1400773]
GetHandleVerifier [0x0137BB61+1399953]
GetHandleVerifier [0x013831FA+1430314]
GetHandleVerifier [0x0137C69F+1402831]
Ordinal0 [0x01103D61+2112865]
Ordinal0 [0x0110E5CB+2155979]
Ordinal0 [0x0110E6F5+2156277]
Ordinal0 [0x0111F26E+2224750]
BaseThreadInitThunk [0x77896359+25]
RtlGetAppContainerNamedObjectPath [0x77CE8944+228]
RtlGetAppContainerNamedObjectPath [0x77CE8914+180]
]]>
            </message>
            <full-stacktrace>
              <![CDATA[org.openqa.selenium.SessionNotCreatedException: session not created: This version of ChromeDriver only supports Chrome version 86
Current browser version is 88.0.4324.150 with binary path C:\Program Files (x86)\Google\Chrome\Application\chrome.exe
Build info: version: '4.0.0-alpha-1', revision: 'd1d3728cae', time: '2019-04-24T13:42:21'
System info: host: 'Z3GAVSP1PU0041', ip: '10.99.37.191', os.name: 'Windows 10', os.arch: 'amd64', os.version: '10.0', java.version: '1.8.0_231'
Driver info: driver.version: Driver
remote stacktrace: Backtrace:
Ordinal0 [0x0120C013+3194899]
Ordinal0 [0x010F6021+2056225]
Ordinal0 [0x00F8F608+587272]
Ordinal0 [0x00F11BF3+72691]
Ordinal0 [0x00F0E229+57897]
Ordinal0 [0x00F0C64A+50762]
Ordinal0 [0x00F31EE9+204521]
Ordinal0 [0x00F31D0D+204045]
Ordinal0 [0x00F2FC1B+195611]
Ordinal0 [0x00F13B7F+80767]
Ordinal0 [0x00F14B4E+84814]
Ordinal0 [0x00F14AD9+84697]
Ordinal0 [0x0110CE64+2149988]
GetHandleVerifier [0x0137BE95+1400773]
GetHandleVerifier [0x0137BB61+1399953]
GetHandleVerifier [0x013831FA+1430314]
GetHandleVerifier [0x0137C69F+1402831]
Ordinal0 [0x01103D61+2112865]
Ordinal0 [0x0110E5CB+2155979]
Ordinal0 [0x0110E6F5+2156277]
Ordinal0 [0x0111F26E+2224750]
BaseThreadInitThunk [0x77896359+25]
RtlGetAppContainerNamedObjectPath [0x77CE8944+228]
RtlGetAppContainerNamedObjectPath [0x77CE8914+180]

at sun.reflect.NativeConstructorAccessorImpl.newInstance0(Native Method)
at sun.reflect.NativeConstructorAccessorImpl.newInstance(Unknown Source)
at sun.reflect.DelegatingConstructorAccessorImpl.newInstance(Unknown Source)
at java.lang.reflect.Constructor.newInstance(Unknown Source)
at org.openqa.selenium.remote.W3CHandshakeResponse.lambda$errorHandler$0(W3CHandshakeResponse.java:62)
at org.openqa.selenium.remote.HandshakeResponse.lambda$getResponseFunction$0(HandshakeResponse.java:30)
at org.openqa.selenium.remote.ProtocolHandshake.lambda$createSession$0(ProtocolHandshake.java:126)
at java.util.stream.ReferencePipeline$3$1.accept(Unknown Source)
at java.util.Spliterators$ArraySpliterator.tryAdvance(Unknown Source)
at java.util.stream.ReferencePipeline.forEachWithCancel(Unknown Source)
at java.util.stream.AbstractPipeline.copyIntoWithCancel(Unknown Source)
at java.util.stream.AbstractPipeline.copyInto(Unknown Source)
at java.util.stream.AbstractPipeline.wrapAndCopyInto(Unknown Source)
at java.util.stream.FindOps$FindOp.evaluateSequential(Unknown Source)
at java.util.stream.AbstractPipeline.evaluate(Unknown Source)
at java.util.stream.ReferencePipeline.findFirst(Unknown Source)
at org.openqa.selenium.remote.ProtocolHandshake.createSession(ProtocolHandshake.java:128)
at org.openqa.selenium.remote.ProtocolHandshake.createSession(ProtocolHandshake.java:74)
at org.openqa.selenium.remote.HttpCommandExecutor.execute(HttpCommandExecutor.java:139)
at org.openqa.selenium.remote.service.DriverCommandExecutor.execute(DriverCommandExecutor.java:83)
at org.openqa.selenium.remote.RemoteWebDriver.execute(RemoteWebDriver.java:577)
at org.openqa.selenium.remote.RemoteWebDriver.startSession(RemoteWebDriver.java:211)
at org.openqa.selenium.remote.RemoteWebDriver.<init>(RemoteWebDriver.java:131)
at org.openqa.selenium.chrome.ChromeDriver.<init>(ChromeDriver.java:189)
at org.openqa.selenium.chrome.ChromeDriver.<init>(ChromeDriver.java:176)
at org.openqa.selenium.chrome.ChromeDriver.<init>(ChromeDriver.java:165)
at base.PreAndPost.beforeMethod(PreAndPost.java:85)
at driver.Driver.executeTestcase(Driver.java:68)
at sun.reflect.GeneratedMethodAccessor1.invoke(Unknown Source)
at sun.reflect.DelegatingMethodAccessorImpl.invoke(Unknown Source)
at java.lang.reflect.Method.invoke(Unknown Source)
at org.testng.internal.MethodInvocationHelper.invokeMethod(MethodInvocationHelper.java:135)
at org.testng.internal.TestInvoker.invokeMethod(TestInvoker.java:598)
at org.testng.internal.TestInvoker.invokeTestMethod(TestInvoker.java:174)
at org.testng.internal.MethodRunner.runInSequence(MethodRunner.java:46)
at org.testng.internal.TestInvoker$MethodInvocationAgent.invoke(TestInvoker.java:821)
at org.testng.internal.TestInvoker.invokeTestMethods(TestInvoker.java:147)
at org.testng.internal.TestMethodWorker.invokeTestMethods(TestMethodWorker.java:146)
at org.testng.internal.TestMethodWorker.run(TestMethodWorker.java:128)
at java.util.ArrayList.forEach(Unknown Source)
at org.testng.TestRunner.privateRun(TestRunner.java:767)
at org.testng.TestRunner.run(TestRunner.java:588)
at org.testng.SuiteRunner.runTest(SuiteRunner.java:384)
at org.testng.SuiteRunner.runSequentially(SuiteRunner.java:378)
at org.testng.SuiteRunner.privateRun(SuiteRunner.java:337)
at org.testng.SuiteRunner.run(SuiteRunner.java:286)
at org.testng.SuiteRunnerWorker.runSuite(SuiteRunnerWorker.java:53)
at org.testng.SuiteRunnerWorker.run(SuiteRunnerWorker.java:96)
at org.testng.TestNG.runSuitesSequentially(TestNG.java:1214)
at org.testng.TestNG.runSuitesLocally(TestNG.java:1136)
at org.testng.TestNG.runSuites(TestNG.java:1066)
at org.testng.TestNG.run(TestNG.java:1034)
at org.testng.remote.AbstractRemoteTestNG.run(AbstractRemoteTestNG.java:115)
at org.testng.remote.RemoteTestNG.initAndRun(RemoteTestNG.java:251)
at org.testng.remote.RemoteTestNG.main(RemoteTestNG.java:77)
]]>
            </full-stacktrace>
          </exception> <!-- org.openqa.selenium.SessionNotCreatedException -->
          <reporter-output>
          </reporter-output>
        </test-method> <!-- executeTestcase -->
        <test-method status="PASS" signature="Reports(org.testng.ITestResult)[pri:0, instance:driver.Driver@791f145a]" name="Reports" is-config="true" duration-ms="36" started-at="2021-02-12T21:54:28 IST" finished-at="2021-02-12T21:54:28 IST">
          <params>
            <param index="0">
              <value>
                <![CDATA[[TestResult name=executeTestcase status=FAILURE method=Driver.executeTestcase(org.testng.ITestContext)[pri:0, instance:driver.Driver@791f145a] output={null}]]]>
              </value>
            </param>
          </params>
          <reporter-output>
          </reporter-output>
        </test-method> <!-- Reports -->
        <test-method status="FAIL" signature="executeTestcase(org.testng.ITestContext)[pri:0, instance:driver.Driver@791f145a]" name="executeTestcase" duration-ms="2039" started-at="2021-02-12T21:54:28 IST" finished-at="2021-02-12T21:54:30 IST">
          <params>
            <param index="0">
              <value>
                <![CDATA[org.testng.TestRunner@6b0d80ed]]>
              </value>
            </param>
          </params>
          <exception class="org.openqa.selenium.SessionNotCreatedException">
            <message>
              <![CDATA[session not created: This version of ChromeDriver only supports Chrome version 86
Current browser version is 88.0.4324.150 with binary path C:\Program Files (x86)\Google\Chrome\Application\chrome.exe
Build info: version: '4.0.0-alpha-1', revision: 'd1d3728cae', time: '2019-04-24T13:42:21'
System info: host: 'Z3GAVSP1PU0041', ip: '10.99.37.191', os.name: 'Windows 10', os.arch: 'amd64', os.version: '10.0', java.version: '1.8.0_231'
Driver info: driver.version: Driver
remote stacktrace: Backtrace:
Ordinal0 [0x0120C013+3194899]
Ordinal0 [0x010F6021+2056225]
Ordinal0 [0x00F8F608+587272]
Ordinal0 [0x00F11BF3+72691]
Ordinal0 [0x00F0E229+57897]
Ordinal0 [0x00F0C64A+50762]
Ordinal0 [0x00F31EE9+204521]
Ordinal0 [0x00F31D0D+204045]
Ordinal0 [0x00F2FC1B+195611]
Ordinal0 [0x00F13B7F+80767]
Ordinal0 [0x00F14B4E+84814]
Ordinal0 [0x00F14AD9+84697]
Ordinal0 [0x0110CE64+2149988]
GetHandleVerifier [0x0137BE95+1400773]
GetHandleVerifier [0x0137BB61+1399953]
GetHandleVerifier [0x013831FA+1430314]
GetHandleVerifier [0x0137C69F+1402831]
Ordinal0 [0x01103D61+2112865]
Ordinal0 [0x0110E5CB+2155979]
Ordinal0 [0x0110E6F5+2156277]
Ordinal0 [0x0111F26E+2224750]
BaseThreadInitThunk [0x77896359+25]
RtlGetAppContainerNamedObjectPath [0x77CE8944+228]
RtlGetAppContainerNamedObjectPath [0x77CE8914+180]
]]>
            </message>
            <full-stacktrace>
              <![CDATA[org.openqa.selenium.SessionNotCreatedException: session not created: This version of ChromeDriver only supports Chrome version 86
Current browser version is 88.0.4324.150 with binary path C:\Program Files (x86)\Google\Chrome\Application\chrome.exe
Build info: version: '4.0.0-alpha-1', revision: 'd1d3728cae', time: '2019-04-24T13:42:21'
System info: host: 'Z3GAVSP1PU0041', ip: '10.99.37.191', os.name: 'Windows 10', os.arch: 'amd64', os.version: '10.0', java.version: '1.8.0_231'
Driver info: driver.version: Driver
remote stacktrace: Backtrace:
Ordinal0 [0x0120C013+3194899]
Ordinal0 [0x010F6021+2056225]
Ordinal0 [0x00F8F608+587272]
Ordinal0 [0x00F11BF3+72691]
Ordinal0 [0x00F0E229+57897]
Ordinal0 [0x00F0C64A+50762]
Ordinal0 [0x00F31EE9+204521]
Ordinal0 [0x00F31D0D+204045]
Ordinal0 [0x00F2FC1B+195611]
Ordinal0 [0x00F13B7F+80767]
Ordinal0 [0x00F14B4E+84814]
Ordinal0 [0x00F14AD9+84697]
Ordinal0 [0x0110CE64+2149988]
GetHandleVerifier [0x0137BE95+1400773]
GetHandleVerifier [0x0137BB61+1399953]
GetHandleVerifier [0x013831FA+1430314]
GetHandleVerifier [0x0137C69F+1402831]
Ordinal0 [0x01103D61+2112865]
Ordinal0 [0x0110E5CB+2155979]
Ordinal0 [0x0110E6F5+2156277]
Ordinal0 [0x0111F26E+2224750]
BaseThreadInitThunk [0x77896359+25]
RtlGetAppContainerNamedObjectPath [0x77CE8944+228]
RtlGetAppContainerNamedObjectPath [0x77CE8914+180]

at sun.reflect.NativeConstructorAccessorImpl.newInstance0(Native Method)
at sun.reflect.NativeConstructorAccessorImpl.newInstance(Unknown Source)
at sun.reflect.DelegatingConstructorAccessorImpl.newInstance(Unknown Source)
at java.lang.reflect.Constructor.newInstance(Unknown Source)
at org.openqa.selenium.remote.W3CHandshakeResponse.lambda$errorHandler$0(W3CHandshakeResponse.java:62)
at org.openqa.selenium.remote.HandshakeResponse.lambda$getResponseFunction$0(HandshakeResponse.java:30)
at org.openqa.selenium.remote.ProtocolHandshake.lambda$createSession$0(ProtocolHandshake.java:126)
at java.util.stream.ReferencePipeline$3$1.accept(Unknown Source)
at java.util.Spliterators$ArraySpliterator.tryAdvance(Unknown Source)
at java.util.stream.ReferencePipeline.forEachWithCancel(Unknown Source)
at java.util.stream.AbstractPipeline.copyIntoWithCancel(Unknown Source)
at java.util.stream.AbstractPipeline.copyInto(Unknown Source)
at java.util.stream.AbstractPipeline.wrapAndCopyInto(Unknown Source)
at java.util.stream.FindOps$FindOp.evaluateSequential(Unknown Source)
at java.util.stream.AbstractPipeline.evaluate(Unknown Source)
at java.util.stream.ReferencePipeline.findFirst(Unknown Source)
at org.openqa.selenium.remote.ProtocolHandshake.createSession(ProtocolHandshake.java:128)
at org.openqa.selenium.remote.ProtocolHandshake.createSession(ProtocolHandshake.java:74)
at org.openqa.selenium.remote.HttpCommandExecutor.execute(HttpCommandExecutor.java:139)
at org.openqa.selenium.remote.service.DriverCommandExecutor.execute(DriverCommandExecutor.java:83)
at org.openqa.selenium.remote.RemoteWebDriver.execute(RemoteWebDriver.java:577)
at org.openqa.selenium.remote.RemoteWebDriver.startSession(RemoteWebDriver.java:211)
at org.openqa.selenium.remote.RemoteWebDriver.<init>(RemoteWebDriver.java:131)
at org.openqa.selenium.chrome.ChromeDriver.<init>(ChromeDriver.java:189)
at org.openqa.selenium.chrome.ChromeDriver.<init>(ChromeDriver.java:176)
at org.openqa.selenium.chrome.ChromeDriver.<init>(ChromeDriver.java:165)
at base.PreAndPost.beforeMethod(PreAndPost.java:85)
at driver.Driver.executeTestcase(Driver.java:68)
at sun.reflect.GeneratedMethodAccessor1.invoke(Unknown Source)
at sun.reflect.DelegatingMethodAccessorImpl.invoke(Unknown Source)
at java.lang.reflect.Method.invoke(Unknown Source)
at org.testng.internal.MethodInvocationHelper.invokeMethod(MethodInvocationHelper.java:135)
at org.testng.internal.TestInvoker.invokeMethod(TestInvoker.java:598)
at org.testng.internal.TestInvoker.invokeTestMethod(TestInvoker.java:174)
at org.testng.internal.MethodRunner.runInSequence(MethodRunner.java:46)
at org.testng.internal.TestInvoker$MethodInvocationAgent.invoke(TestInvoker.java:821)
at org.testng.internal.TestInvoker.invokeTestMethods(TestInvoker.java:147)
at org.testng.internal.TestMethodWorker.invokeTestMethods(TestMethodWorker.java:146)
at org.testng.internal.TestMethodWorker.run(TestMethodWorker.java:128)
at java.util.ArrayList.forEach(Unknown Source)
at org.testng.TestRunner.privateRun(TestRunner.java:767)
at org.testng.TestRunner.run(TestRunner.java:588)
at org.testng.SuiteRunner.runTest(SuiteRunner.java:384)
at org.testng.SuiteRunner.runSequentially(SuiteRunner.java:378)
at org.testng.SuiteRunner.privateRun(SuiteRunner.java:337)
at org.testng.SuiteRunner.run(SuiteRunner.java:286)
at org.testng.SuiteRunnerWorker.runSuite(SuiteRunnerWorker.java:53)
at org.testng.SuiteRunnerWorker.run(SuiteRunnerWorker.java:96)
at org.testng.TestNG.runSuitesSequentially(TestNG.java:1214)
at org.testng.TestNG.runSuitesLocally(TestNG.java:1136)
at org.testng.TestNG.runSuites(TestNG.java:1066)
at org.testng.TestNG.run(TestNG.java:1034)
at org.testng.remote.AbstractRemoteTestNG.run(AbstractRemoteTestNG.java:115)
at org.testng.remote.RemoteTestNG.initAndRun(RemoteTestNG.java:251)
at org.testng.remote.RemoteTestNG.main(RemoteTestNG.java:77)
]]>
            </full-stacktrace>
          </exception> <!-- org.openqa.selenium.SessionNotCreatedException -->
          <reporter-output>
          </reporter-output>
        </test-method> <!-- executeTestcase -->
        <test-method status="PASS" signature="Reports(org.testng.ITestResult)[pri:0, instance:driver.Driver@791f145a]" name="Reports" is-config="true" duration-ms="34" started-at="2021-02-12T21:54:30 IST" finished-at="2021-02-12T21:54:30 IST">
          <params>
            <param index="0">
              <value>
                <![CDATA[[TestResult name=executeTestcase status=FAILURE method=Driver.executeTestcase(org.testng.ITestContext)[pri:0, instance:driver.Driver@791f145a] output={null}]]]>
              </value>
            </param>
          </params>
          <reporter-output>
          </reporter-output>
        </test-method> <!-- Reports -->
        <test-method status="FAIL" signature="executeTestcase(org.testng.ITestContext)[pri:0, instance:driver.Driver@791f145a]" name="executeTestcase" duration-ms="1996" started-at="2021-02-12T21:54:30 IST" finished-at="2021-02-12T21:54:32 IST">
          <params>
            <param index="0">
              <value>
                <![CDATA[org.testng.TestRunner@6b0d80ed]]>
              </value>
            </param>
          </params>
          <exception class="org.openqa.selenium.SessionNotCreatedException">
            <message>
              <![CDATA[session not created: This version of ChromeDriver only supports Chrome version 86
Current browser version is 88.0.4324.150 with binary path C:\Program Files (x86)\Google\Chrome\Application\chrome.exe
Build info: version: '4.0.0-alpha-1', revision: 'd1d3728cae', time: '2019-04-24T13:42:21'
System info: host: 'Z3GAVSP1PU0041', ip: '10.99.37.191', os.name: 'Windows 10', os.arch: 'amd64', os.version: '10.0', java.version: '1.8.0_231'
Driver info: driver.version: Driver
remote stacktrace: Backtrace:
Ordinal0 [0x0120C013+3194899]
Ordinal0 [0x010F6021+2056225]
Ordinal0 [0x00F8F608+587272]
Ordinal0 [0x00F11BF3+72691]
Ordinal0 [0x00F0E229+57897]
Ordinal0 [0x00F0C64A+50762]
Ordinal0 [0x00F31EE9+204521]
Ordinal0 [0x00F31D0D+204045]
Ordinal0 [0x00F2FC1B+195611]
Ordinal0 [0x00F13B7F+80767]
Ordinal0 [0x00F14B4E+84814]
Ordinal0 [0x00F14AD9+84697]
Ordinal0 [0x0110CE64+2149988]
GetHandleVerifier [0x0137BE95+1400773]
GetHandleVerifier [0x0137BB61+1399953]
GetHandleVerifier [0x013831FA+1430314]
GetHandleVerifier [0x0137C69F+1402831]
Ordinal0 [0x01103D61+2112865]
Ordinal0 [0x0110E5CB+2155979]
Ordinal0 [0x0110E6F5+2156277]
Ordinal0 [0x0111F26E+2224750]
BaseThreadInitThunk [0x77896359+25]
RtlGetAppContainerNamedObjectPath [0x77CE8944+228]
RtlGetAppContainerNamedObjectPath [0x77CE8914+180]
]]>
            </message>
            <full-stacktrace>
              <![CDATA[org.openqa.selenium.SessionNotCreatedException: session not created: This version of ChromeDriver only supports Chrome version 86
Current browser version is 88.0.4324.150 with binary path C:\Program Files (x86)\Google\Chrome\Application\chrome.exe
Build info: version: '4.0.0-alpha-1', revision: 'd1d3728cae', time: '2019-04-24T13:42:21'
System info: host: 'Z3GAVSP1PU0041', ip: '10.99.37.191', os.name: 'Windows 10', os.arch: 'amd64', os.version: '10.0', java.version: '1.8.0_231'
Driver info: driver.version: Driver
remote stacktrace: Backtrace:
Ordinal0 [0x0120C013+3194899]
Ordinal0 [0x010F6021+2056225]
Ordinal0 [0x00F8F608+587272]
Ordinal0 [0x00F11BF3+72691]
Ordinal0 [0x00F0E229+57897]
Ordinal0 [0x00F0C64A+50762]
Ordinal0 [0x00F31EE9+204521]
Ordinal0 [0x00F31D0D+204045]
Ordinal0 [0x00F2FC1B+195611]
Ordinal0 [0x00F13B7F+80767]
Ordinal0 [0x00F14B4E+84814]
Ordinal0 [0x00F14AD9+84697]
Ordinal0 [0x0110CE64+2149988]
GetHandleVerifier [0x0137BE95+1400773]
GetHandleVerifier [0x0137BB61+1399953]
GetHandleVerifier [0x013831FA+1430314]
GetHandleVerifier [0x0137C69F+1402831]
Ordinal0 [0x01103D61+2112865]
Ordinal0 [0x0110E5CB+2155979]
Ordinal0 [0x0110E6F5+2156277]
Ordinal0 [0x0111F26E+2224750]
BaseThreadInitThunk [0x77896359+25]
RtlGetAppContainerNamedObjectPath [0x77CE8944+228]
RtlGetAppContainerNamedObjectPath [0x77CE8914+180]

at sun.reflect.NativeConstructorAccessorImpl.newInstance0(Native Method)
at sun.reflect.NativeConstructorAccessorImpl.newInstance(Unknown Source)
at sun.reflect.DelegatingConstructorAccessorImpl.newInstance(Unknown Source)
at java.lang.reflect.Constructor.newInstance(Unknown Source)
at org.openqa.selenium.remote.W3CHandshakeResponse.lambda$errorHandler$0(W3CHandshakeResponse.java:62)
at org.openqa.selenium.remote.HandshakeResponse.lambda$getResponseFunction$0(HandshakeResponse.java:30)
at org.openqa.selenium.remote.ProtocolHandshake.lambda$createSession$0(ProtocolHandshake.java:126)
at java.util.stream.ReferencePipeline$3$1.accept(Unknown Source)
at java.util.Spliterators$ArraySpliterator.tryAdvance(Unknown Source)
at java.util.stream.ReferencePipeline.forEachWithCancel(Unknown Source)
at java.util.stream.AbstractPipeline.copyIntoWithCancel(Unknown Source)
at java.util.stream.AbstractPipeline.copyInto(Unknown Source)
at java.util.stream.AbstractPipeline.wrapAndCopyInto(Unknown Source)
at java.util.stream.FindOps$FindOp.evaluateSequential(Unknown Source)
at java.util.stream.AbstractPipeline.evaluate(Unknown Source)
at java.util.stream.ReferencePipeline.findFirst(Unknown Source)
at org.openqa.selenium.remote.ProtocolHandshake.createSession(ProtocolHandshake.java:128)
at org.openqa.selenium.remote.ProtocolHandshake.createSession(ProtocolHandshake.java:74)
at org.openqa.selenium.remote.HttpCommandExecutor.execute(HttpCommandExecutor.java:139)
at org.openqa.selenium.remote.service.DriverCommandExecutor.execute(DriverCommandExecutor.java:83)
at org.openqa.selenium.remote.RemoteWebDriver.execute(RemoteWebDriver.java:577)
at org.openqa.selenium.remote.RemoteWebDriver.startSession(RemoteWebDriver.java:211)
at org.openqa.selenium.remote.RemoteWebDriver.<init>(RemoteWebDriver.java:131)
at org.openqa.selenium.chrome.ChromeDriver.<init>(ChromeDriver.java:189)
at org.openqa.selenium.chrome.ChromeDriver.<init>(ChromeDriver.java:176)
at org.openqa.selenium.chrome.ChromeDriver.<init>(ChromeDriver.java:165)
at base.PreAndPost.beforeMethod(PreAndPost.java:85)
at driver.Driver.executeTestcase(Driver.java:68)
at sun.reflect.GeneratedMethodAccessor1.invoke(Unknown Source)
at sun.reflect.DelegatingMethodAccessorImpl.invoke(Unknown Source)
at java.lang.reflect.Method.invoke(Unknown Source)
at org.testng.internal.MethodInvocationHelper.invokeMethod(MethodInvocationHelper.java:135)
at org.testng.internal.TestInvoker.invokeMethod(TestInvoker.java:598)
at org.testng.internal.TestInvoker.invokeTestMethod(TestInvoker.java:174)
at org.testng.internal.MethodRunner.runInSequence(MethodRunner.java:46)
at org.testng.internal.TestInvoker$MethodInvocationAgent.invoke(TestInvoker.java:821)
at org.testng.internal.TestInvoker.invokeTestMethods(TestInvoker.java:147)
at org.testng.internal.TestMethodWorker.invokeTestMethods(TestMethodWorker.java:146)
at org.testng.internal.TestMethodWorker.run(TestMethodWorker.java:128)
at java.util.ArrayList.forEach(Unknown Source)
at org.testng.TestRunner.privateRun(TestRunner.java:767)
at org.testng.TestRunner.run(TestRunner.java:588)
at org.testng.SuiteRunner.runTest(SuiteRunner.java:384)
at org.testng.SuiteRunner.runSequentially(SuiteRunner.java:378)
at org.testng.SuiteRunner.privateRun(SuiteRunner.java:337)
at org.testng.SuiteRunner.run(SuiteRunner.java:286)
at org.testng.SuiteRunnerWorker.runSuite(SuiteRunnerWorker.java:53)
at org.testng.SuiteRunnerWorker.run(SuiteRunnerWorker.java:96)
at org.testng.TestNG.runSuitesSequentially(TestNG.java:1214)
at org.testng.TestNG.runSuitesLocally(TestNG.java:1136)
at org.testng.TestNG.runSuites(TestNG.java:1066)
at org.testng.TestNG.run(TestNG.java:1034)
at org.testng.remote.AbstractRemoteTestNG.run(AbstractRemoteTestNG.java:115)
at org.testng.remote.RemoteTestNG.initAndRun(RemoteTestNG.java:251)
at org.testng.remote.RemoteTestNG.main(RemoteTestNG.java:77)
]]>
            </full-stacktrace>
          </exception> <!-- org.openqa.selenium.SessionNotCreatedException -->
          <reporter-output>
          </reporter-output>
        </test-method> <!-- executeTestcase -->
        <test-method status="PASS" signature="Reports(org.testng.ITestResult)[pri:0, instance:driver.Driver@791f145a]" name="Reports" is-config="true" duration-ms="29" started-at="2021-02-12T21:54:32 IST" finished-at="2021-02-12T21:54:32 IST">
          <params>
            <param index="0">
              <value>
                <![CDATA[[TestResult name=executeTestcase status=FAILURE method=Driver.executeTestcase(org.testng.ITestContext)[pri:0, instance:driver.Driver@791f145a] output={null}]]]>
              </value>
            </param>
          </params>
          <reporter-output>
          </reporter-output>
        </test-method> <!-- Reports -->
        <test-method status="FAIL" signature="executeTestcase(org.testng.ITestContext)[pri:0, instance:driver.Driver@791f145a]" name="executeTestcase" duration-ms="1977" started-at="2021-02-12T21:54:32 IST" finished-at="2021-02-12T21:54:34 IST">
          <params>
            <param index="0">
              <value>
                <![CDATA[org.testng.TestRunner@6b0d80ed]]>
              </value>
            </param>
          </params>
          <exception class="org.openqa.selenium.SessionNotCreatedException">
            <message>
              <![CDATA[session not created: This version of ChromeDriver only supports Chrome version 86
Current browser version is 88.0.4324.150 with binary path C:\Program Files (x86)\Google\Chrome\Application\chrome.exe
Build info: version: '4.0.0-alpha-1', revision: 'd1d3728cae', time: '2019-04-24T13:42:21'
System info: host: 'Z3GAVSP1PU0041', ip: '10.99.37.191', os.name: 'Windows 10', os.arch: 'amd64', os.version: '10.0', java.version: '1.8.0_231'
Driver info: driver.version: Driver
remote stacktrace: Backtrace:
Ordinal0 [0x0120C013+3194899]
Ordinal0 [0x010F6021+2056225]
Ordinal0 [0x00F8F608+587272]
Ordinal0 [0x00F11BF3+72691]
Ordinal0 [0x00F0E229+57897]
Ordinal0 [0x00F0C64A+50762]
Ordinal0 [0x00F31EE9+204521]
Ordinal0 [0x00F31D0D+204045]
Ordinal0 [0x00F2FC1B+195611]
Ordinal0 [0x00F13B7F+80767]
Ordinal0 [0x00F14B4E+84814]
Ordinal0 [0x00F14AD9+84697]
Ordinal0 [0x0110CE64+2149988]
GetHandleVerifier [0x0137BE95+1400773]
GetHandleVerifier [0x0137BB61+1399953]
GetHandleVerifier [0x013831FA+1430314]
GetHandleVerifier [0x0137C69F+1402831]
Ordinal0 [0x01103D61+2112865]
Ordinal0 [0x0110E5CB+2155979]
Ordinal0 [0x0110E6F5+2156277]
Ordinal0 [0x0111F26E+2224750]
BaseThreadInitThunk [0x77896359+25]
RtlGetAppContainerNamedObjectPath [0x77CE8944+228]
RtlGetAppContainerNamedObjectPath [0x77CE8914+180]
]]>
            </message>
            <full-stacktrace>
              <![CDATA[org.openqa.selenium.SessionNotCreatedException: session not created: This version of ChromeDriver only supports Chrome version 86
Current browser version is 88.0.4324.150 with binary path C:\Program Files (x86)\Google\Chrome\Application\chrome.exe
Build info: version: '4.0.0-alpha-1', revision: 'd1d3728cae', time: '2019-04-24T13:42:21'
System info: host: 'Z3GAVSP1PU0041', ip: '10.99.37.191', os.name: 'Windows 10', os.arch: 'amd64', os.version: '10.0', java.version: '1.8.0_231'
Driver info: driver.version: Driver
remote stacktrace: Backtrace:
Ordinal0 [0x0120C013+3194899]
Ordinal0 [0x010F6021+2056225]
Ordinal0 [0x00F8F608+587272]
Ordinal0 [0x00F11BF3+72691]
Ordinal0 [0x00F0E229+57897]
Ordinal0 [0x00F0C64A+50762]
Ordinal0 [0x00F31EE9+204521]
Ordinal0 [0x00F31D0D+204045]
Ordinal0 [0x00F2FC1B+195611]
Ordinal0 [0x00F13B7F+80767]
Ordinal0 [0x00F14B4E+84814]
Ordinal0 [0x00F14AD9+84697]
Ordinal0 [0x0110CE64+2149988]
GetHandleVerifier [0x0137BE95+1400773]
GetHandleVerifier [0x0137BB61+1399953]
GetHandleVerifier [0x013831FA+1430314]
GetHandleVerifier [0x0137C69F+1402831]
Ordinal0 [0x01103D61+2112865]
Ordinal0 [0x0110E5CB+2155979]
Ordinal0 [0x0110E6F5+2156277]
Ordinal0 [0x0111F26E+2224750]
BaseThreadInitThunk [0x77896359+25]
RtlGetAppContainerNamedObjectPath [0x77CE8944+228]
RtlGetAppContainerNamedObjectPath [0x77CE8914+180]

at sun.reflect.NativeConstructorAccessorImpl.newInstance0(Native Method)
at sun.reflect.NativeConstructorAccessorImpl.newInstance(Unknown Source)
at sun.reflect.DelegatingConstructorAccessorImpl.newInstance(Unknown Source)
at java.lang.reflect.Constructor.newInstance(Unknown Source)
at org.openqa.selenium.remote.W3CHandshakeResponse.lambda$errorHandler$0(W3CHandshakeResponse.java:62)
at org.openqa.selenium.remote.HandshakeResponse.lambda$getResponseFunction$0(HandshakeResponse.java:30)
at org.openqa.selenium.remote.ProtocolHandshake.lambda$createSession$0(ProtocolHandshake.java:126)
at java.util.stream.ReferencePipeline$3$1.accept(Unknown Source)
at java.util.Spliterators$ArraySpliterator.tryAdvance(Unknown Source)
at java.util.stream.ReferencePipeline.forEachWithCancel(Unknown Source)
at java.util.stream.AbstractPipeline.copyIntoWithCancel(Unknown Source)
at java.util.stream.AbstractPipeline.copyInto(Unknown Source)
at java.util.stream.AbstractPipeline.wrapAndCopyInto(Unknown Source)
at java.util.stream.FindOps$FindOp.evaluateSequential(Unknown Source)
at java.util.stream.AbstractPipeline.evaluate(Unknown Source)
at java.util.stream.ReferencePipeline.findFirst(Unknown Source)
at org.openqa.selenium.remote.ProtocolHandshake.createSession(ProtocolHandshake.java:128)
at org.openqa.selenium.remote.ProtocolHandshake.createSession(ProtocolHandshake.java:74)
at org.openqa.selenium.remote.HttpCommandExecutor.execute(HttpCommandExecutor.java:139)
at org.openqa.selenium.remote.service.DriverCommandExecutor.execute(DriverCommandExecutor.java:83)
at org.openqa.selenium.remote.RemoteWebDriver.execute(RemoteWebDriver.java:577)
at org.openqa.selenium.remote.RemoteWebDriver.startSession(RemoteWebDriver.java:211)
at org.openqa.selenium.remote.RemoteWebDriver.<init>(RemoteWebDriver.java:131)
at org.openqa.selenium.chrome.ChromeDriver.<init>(ChromeDriver.java:189)
at org.openqa.selenium.chrome.ChromeDriver.<init>(ChromeDriver.java:176)
at org.openqa.selenium.chrome.ChromeDriver.<init>(ChromeDriver.java:165)
at base.PreAndPost.beforeMethod(PreAndPost.java:85)
at driver.Driver.executeTestcase(Driver.java:68)
at sun.reflect.GeneratedMethodAccessor1.invoke(Unknown Source)
at sun.reflect.DelegatingMethodAccessorImpl.invoke(Unknown Source)
at java.lang.reflect.Method.invoke(Unknown Source)
at org.testng.internal.MethodInvocationHelper.invokeMethod(MethodInvocationHelper.java:135)
at org.testng.internal.TestInvoker.invokeMethod(TestInvoker.java:598)
at org.testng.internal.TestInvoker.invokeTestMethod(TestInvoker.java:174)
at org.testng.internal.MethodRunner.runInSequence(MethodRunner.java:46)
at org.testng.internal.TestInvoker$MethodInvocationAgent.invoke(TestInvoker.java:821)
at org.testng.internal.TestInvoker.invokeTestMethods(TestInvoker.java:147)
at org.testng.internal.TestMethodWorker.invokeTestMethods(TestMethodWorker.java:146)
at org.testng.internal.TestMethodWorker.run(TestMethodWorker.java:128)
at java.util.ArrayList.forEach(Unknown Source)
at org.testng.TestRunner.privateRun(TestRunner.java:767)
at org.testng.TestRunner.run(TestRunner.java:588)
at org.testng.SuiteRunner.runTest(SuiteRunner.java:384)
at org.testng.SuiteRunner.runSequentially(SuiteRunner.java:378)
at org.testng.SuiteRunner.privateRun(SuiteRunner.java:337)
at org.testng.SuiteRunner.run(SuiteRunner.java:286)
at org.testng.SuiteRunnerWorker.runSuite(SuiteRunnerWorker.java:53)
at org.testng.SuiteRunnerWorker.run(SuiteRunnerWorker.java:96)
at org.testng.TestNG.runSuitesSequentially(TestNG.java:1214)
at org.testng.TestNG.runSuitesLocally(TestNG.java:1136)
at org.testng.TestNG.runSuites(TestNG.java:1066)
at org.testng.TestNG.run(TestNG.java:1034)
at org.testng.remote.AbstractRemoteTestNG.run(AbstractRemoteTestNG.java:115)
at org.testng.remote.RemoteTestNG.initAndRun(RemoteTestNG.java:251)
at org.testng.remote.RemoteTestNG.main(RemoteTestNG.java:77)
]]>
            </full-stacktrace>
          </exception> <!-- org.openqa.selenium.SessionNotCreatedException -->
          <reporter-output>
          </reporter-output>
        </test-method> <!-- executeTestcase -->
        <test-method status="PASS" signature="Reports(org.testng.ITestResult)[pri:0, instance:driver.Driver@791f145a]" name="Reports" is-config="true" duration-ms="41" started-at="2021-02-12T21:54:34 IST" finished-at="2021-02-12T21:54:34 IST">
          <params>
            <param index="0">
              <value>
                <![CDATA[[TestResult name=executeTestcase status=FAILURE method=Driver.executeTestcase(org.testng.ITestContext)[pri:0, instance:driver.Driver@791f145a] output={null}]]]>
              </value>
            </param>
          </params>
          <reporter-output>
          </reporter-output>
        </test-method> <!-- Reports -->
        <test-method status="FAIL" signature="executeTestcase(org.testng.ITestContext)[pri:0, instance:driver.Driver@791f145a]" name="executeTestcase" duration-ms="2118" started-at="2021-02-12T21:54:34 IST" finished-at="2021-02-12T21:54:36 IST">
          <params>
            <param index="0">
              <value>
                <![CDATA[org.testng.TestRunner@6b0d80ed]]>
              </value>
            </param>
          </params>
          <exception class="org.openqa.selenium.SessionNotCreatedException">
            <message>
              <![CDATA[session not created: This version of ChromeDriver only supports Chrome version 86
Current browser version is 88.0.4324.150 with binary path C:\Program Files (x86)\Google\Chrome\Application\chrome.exe
Build info: version: '4.0.0-alpha-1', revision: 'd1d3728cae', time: '2019-04-24T13:42:21'
System info: host: 'Z3GAVSP1PU0041', ip: '10.99.37.191', os.name: 'Windows 10', os.arch: 'amd64', os.version: '10.0', java.version: '1.8.0_231'
Driver info: driver.version: Driver
remote stacktrace: Backtrace:
Ordinal0 [0x0120C013+3194899]
Ordinal0 [0x010F6021+2056225]
Ordinal0 [0x00F8F608+587272]
Ordinal0 [0x00F11BF3+72691]
Ordinal0 [0x00F0E229+57897]
Ordinal0 [0x00F0C64A+50762]
Ordinal0 [0x00F31EE9+204521]
Ordinal0 [0x00F31D0D+204045]
Ordinal0 [0x00F2FC1B+195611]
Ordinal0 [0x00F13B7F+80767]
Ordinal0 [0x00F14B4E+84814]
Ordinal0 [0x00F14AD9+84697]
Ordinal0 [0x0110CE64+2149988]
GetHandleVerifier [0x0137BE95+1400773]
GetHandleVerifier [0x0137BB61+1399953]
GetHandleVerifier [0x013831FA+1430314]
GetHandleVerifier [0x0137C69F+1402831]
Ordinal0 [0x01103D61+2112865]
Ordinal0 [0x0110E5CB+2155979]
Ordinal0 [0x0110E6F5+2156277]
Ordinal0 [0x0111F26E+2224750]
BaseThreadInitThunk [0x77896359+25]
RtlGetAppContainerNamedObjectPath [0x77CE8944+228]
RtlGetAppContainerNamedObjectPath [0x77CE8914+180]
]]>
            </message>
            <full-stacktrace>
              <![CDATA[org.openqa.selenium.SessionNotCreatedException: session not created: This version of ChromeDriver only supports Chrome version 86
Current browser version is 88.0.4324.150 with binary path C:\Program Files (x86)\Google\Chrome\Application\chrome.exe
Build info: version: '4.0.0-alpha-1', revision: 'd1d3728cae', time: '2019-04-24T13:42:21'
System info: host: 'Z3GAVSP1PU0041', ip: '10.99.37.191', os.name: 'Windows 10', os.arch: 'amd64', os.version: '10.0', java.version: '1.8.0_231'
Driver info: driver.version: Driver
remote stacktrace: Backtrace:
Ordinal0 [0x0120C013+3194899]
Ordinal0 [0x010F6021+2056225]
Ordinal0 [0x00F8F608+587272]
Ordinal0 [0x00F11BF3+72691]
Ordinal0 [0x00F0E229+57897]
Ordinal0 [0x00F0C64A+50762]
Ordinal0 [0x00F31EE9+204521]
Ordinal0 [0x00F31D0D+204045]
Ordinal0 [0x00F2FC1B+195611]
Ordinal0 [0x00F13B7F+80767]
Ordinal0 [0x00F14B4E+84814]
Ordinal0 [0x00F14AD9+84697]
Ordinal0 [0x0110CE64+2149988]
GetHandleVerifier [0x0137BE95+1400773]
GetHandleVerifier [0x0137BB61+1399953]
GetHandleVerifier [0x013831FA+1430314]
GetHandleVerifier [0x0137C69F+1402831]
Ordinal0 [0x01103D61+2112865]
Ordinal0 [0x0110E5CB+2155979]
Ordinal0 [0x0110E6F5+2156277]
Ordinal0 [0x0111F26E+2224750]
BaseThreadInitThunk [0x77896359+25]
RtlGetAppContainerNamedObjectPath [0x77CE8944+228]
RtlGetAppContainerNamedObjectPath [0x77CE8914+180]

at sun.reflect.NativeConstructorAccessorImpl.newInstance0(Native Method)
at sun.reflect.NativeConstructorAccessorImpl.newInstance(Unknown Source)
at sun.reflect.DelegatingConstructorAccessorImpl.newInstance(Unknown Source)
at java.lang.reflect.Constructor.newInstance(Unknown Source)
at org.openqa.selenium.remote.W3CHandshakeResponse.lambda$errorHandler$0(W3CHandshakeResponse.java:62)
at org.openqa.selenium.remote.HandshakeResponse.lambda$getResponseFunction$0(HandshakeResponse.java:30)
at org.openqa.selenium.remote.ProtocolHandshake.lambda$createSession$0(ProtocolHandshake.java:126)
at java.util.stream.ReferencePipeline$3$1.accept(Unknown Source)
at java.util.Spliterators$ArraySpliterator.tryAdvance(Unknown Source)
at java.util.stream.ReferencePipeline.forEachWithCancel(Unknown Source)
at java.util.stream.AbstractPipeline.copyIntoWithCancel(Unknown Source)
at java.util.stream.AbstractPipeline.copyInto(Unknown Source)
at java.util.stream.AbstractPipeline.wrapAndCopyInto(Unknown Source)
at java.util.stream.FindOps$FindOp.evaluateSequential(Unknown Source)
at java.util.stream.AbstractPipeline.evaluate(Unknown Source)
at java.util.stream.ReferencePipeline.findFirst(Unknown Source)
at org.openqa.selenium.remote.ProtocolHandshake.createSession(ProtocolHandshake.java:128)
at org.openqa.selenium.remote.ProtocolHandshake.createSession(ProtocolHandshake.java:74)
at org.openqa.selenium.remote.HttpCommandExecutor.execute(HttpCommandExecutor.java:139)
at org.openqa.selenium.remote.service.DriverCommandExecutor.execute(DriverCommandExecutor.java:83)
at org.openqa.selenium.remote.RemoteWebDriver.execute(RemoteWebDriver.java:577)
at org.openqa.selenium.remote.RemoteWebDriver.startSession(RemoteWebDriver.java:211)
at org.openqa.selenium.remote.RemoteWebDriver.<init>(RemoteWebDriver.java:131)
at org.openqa.selenium.chrome.ChromeDriver.<init>(ChromeDriver.java:189)
at org.openqa.selenium.chrome.ChromeDriver.<init>(ChromeDriver.java:176)
at org.openqa.selenium.chrome.ChromeDriver.<init>(ChromeDriver.java:165)
at base.PreAndPost.beforeMethod(PreAndPost.java:85)
at driver.Driver.executeTestcase(Driver.java:68)
at sun.reflect.GeneratedMethodAccessor1.invoke(Unknown Source)
at sun.reflect.DelegatingMethodAccessorImpl.invoke(Unknown Source)
at java.lang.reflect.Method.invoke(Unknown Source)
at org.testng.internal.MethodInvocationHelper.invokeMethod(MethodInvocationHelper.java:135)
at org.testng.internal.TestInvoker.invokeMethod(TestInvoker.java:598)
at org.testng.internal.TestInvoker.invokeTestMethod(TestInvoker.java:174)
at org.testng.internal.MethodRunner.runInSequence(MethodRunner.java:46)
at org.testng.internal.TestInvoker$MethodInvocationAgent.invoke(TestInvoker.java:821)
at org.testng.internal.TestInvoker.invokeTestMethods(TestInvoker.java:147)
at org.testng.internal.TestMethodWorker.invokeTestMethods(TestMethodWorker.java:146)
at org.testng.internal.TestMethodWorker.run(TestMethodWorker.java:128)
at java.util.ArrayList.forEach(Unknown Source)
at org.testng.TestRunner.privateRun(TestRunner.java:767)
at org.testng.TestRunner.run(TestRunner.java:588)
at org.testng.SuiteRunner.runTest(SuiteRunner.java:384)
at org.testng.SuiteRunner.runSequentially(SuiteRunner.java:378)
at org.testng.SuiteRunner.privateRun(SuiteRunner.java:337)
at org.testng.SuiteRunner.run(SuiteRunner.java:286)
at org.testng.SuiteRunnerWorker.runSuite(SuiteRunnerWorker.java:53)
at org.testng.SuiteRunnerWorker.run(SuiteRunnerWorker.java:96)
at org.testng.TestNG.runSuitesSequentially(TestNG.java:1214)
at org.testng.TestNG.runSuitesLocally(TestNG.java:1136)
at org.testng.TestNG.runSuites(TestNG.java:1066)
at org.testng.TestNG.run(TestNG.java:1034)
at org.testng.remote.AbstractRemoteTestNG.run(AbstractRemoteTestNG.java:115)
at org.testng.remote.RemoteTestNG.initAndRun(RemoteTestNG.java:251)
at org.testng.remote.RemoteTestNG.main(RemoteTestNG.java:77)
]]>
            </full-stacktrace>
          </exception> <!-- org.openqa.selenium.SessionNotCreatedException -->
          <reporter-output>
          </reporter-output>
        </test-method> <!-- executeTestcase -->
        <test-method status="PASS" signature="Reports(org.testng.ITestResult)[pri:0, instance:driver.Driver@791f145a]" name="Reports" is-config="true" duration-ms="40" started-at="2021-02-12T21:54:36 IST" finished-at="2021-02-12T21:54:36 IST">
          <params>
            <param index="0">
              <value>
                <![CDATA[[TestResult name=executeTestcase status=FAILURE method=Driver.executeTestcase(org.testng.ITestContext)[pri:0, instance:driver.Driver@791f145a] output={null}]]]>
              </value>
            </param>
          </params>
          <reporter-output>
          </reporter-output>
        </test-method> <!-- Reports -->
        <test-method status="FAIL" signature="executeTestcase(org.testng.ITestContext)[pri:0, instance:driver.Driver@791f145a]" name="executeTestcase" duration-ms="1980" started-at="2021-02-12T21:54:36 IST" finished-at="2021-02-12T21:54:38 IST">
          <params>
            <param index="0">
              <value>
                <![CDATA[org.testng.TestRunner@6b0d80ed]]>
              </value>
            </param>
          </params>
          <exception class="org.openqa.selenium.SessionNotCreatedException">
            <message>
              <![CDATA[session not created: This version of ChromeDriver only supports Chrome version 86
Current browser version is 88.0.4324.150 with binary path C:\Program Files (x86)\Google\Chrome\Application\chrome.exe
Build info: version: '4.0.0-alpha-1', revision: 'd1d3728cae', time: '2019-04-24T13:42:21'
System info: host: 'Z3GAVSP1PU0041', ip: '10.99.37.191', os.name: 'Windows 10', os.arch: 'amd64', os.version: '10.0', java.version: '1.8.0_231'
Driver info: driver.version: Driver
remote stacktrace: Backtrace:
Ordinal0 [0x0120C013+3194899]
Ordinal0 [0x010F6021+2056225]
Ordinal0 [0x00F8F608+587272]
Ordinal0 [0x00F11BF3+72691]
Ordinal0 [0x00F0E229+57897]
Ordinal0 [0x00F0C64A+50762]
Ordinal0 [0x00F31EE9+204521]
Ordinal0 [0x00F31D0D+204045]
Ordinal0 [0x00F2FC1B+195611]
Ordinal0 [0x00F13B7F+80767]
Ordinal0 [0x00F14B4E+84814]
Ordinal0 [0x00F14AD9+84697]
Ordinal0 [0x0110CE64+2149988]
GetHandleVerifier [0x0137BE95+1400773]
GetHandleVerifier [0x0137BB61+1399953]
GetHandleVerifier [0x013831FA+1430314]
GetHandleVerifier [0x0137C69F+1402831]
Ordinal0 [0x01103D61+2112865]
Ordinal0 [0x0110E5CB+2155979]
Ordinal0 [0x0110E6F5+2156277]
Ordinal0 [0x0111F26E+2224750]
BaseThreadInitThunk [0x77896359+25]
RtlGetAppContainerNamedObjectPath [0x77CE8944+228]
RtlGetAppContainerNamedObjectPath [0x77CE8914+180]
]]>
            </message>
            <full-stacktrace>
              <![CDATA[org.openqa.selenium.SessionNotCreatedException: session not created: This version of ChromeDriver only supports Chrome version 86
Current browser version is 88.0.4324.150 with binary path C:\Program Files (x86)\Google\Chrome\Application\chrome.exe
Build info: version: '4.0.0-alpha-1', revision: 'd1d3728cae', time: '2019-04-24T13:42:21'
System info: host: 'Z3GAVSP1PU0041', ip: '10.99.37.191', os.name: 'Windows 10', os.arch: 'amd64', os.version: '10.0', java.version: '1.8.0_231'
Driver info: driver.version: Driver
remote stacktrace: Backtrace:
Ordinal0 [0x0120C013+3194899]
Ordinal0 [0x010F6021+2056225]
Ordinal0 [0x00F8F608+587272]
Ordinal0 [0x00F11BF3+72691]
Ordinal0 [0x00F0E229+57897]
Ordinal0 [0x00F0C64A+50762]
Ordinal0 [0x00F31EE9+204521]
Ordinal0 [0x00F31D0D+204045]
Ordinal0 [0x00F2FC1B+195611]
Ordinal0 [0x00F13B7F+80767]
Ordinal0 [0x00F14B4E+84814]
Ordinal0 [0x00F14AD9+84697]
Ordinal0 [0x0110CE64+2149988]
GetHandleVerifier [0x0137BE95+1400773]
GetHandleVerifier [0x0137BB61+1399953]
GetHandleVerifier [0x013831FA+1430314]
GetHandleVerifier [0x0137C69F+1402831]
Ordinal0 [0x01103D61+2112865]
Ordinal0 [0x0110E5CB+2155979]
Ordinal0 [0x0110E6F5+2156277]
Ordinal0 [0x0111F26E+2224750]
BaseThreadInitThunk [0x77896359+25]
RtlGetAppContainerNamedObjectPath [0x77CE8944+228]
RtlGetAppContainerNamedObjectPath [0x77CE8914+180]

at sun.reflect.NativeConstructorAccessorImpl.newInstance0(Native Method)
at sun.reflect.NativeConstructorAccessorImpl.newInstance(Unknown Source)
at sun.reflect.DelegatingConstructorAccessorImpl.newInstance(Unknown Source)
at java.lang.reflect.Constructor.newInstance(Unknown Source)
at org.openqa.selenium.remote.W3CHandshakeResponse.lambda$errorHandler$0(W3CHandshakeResponse.java:62)
at org.openqa.selenium.remote.HandshakeResponse.lambda$getResponseFunction$0(HandshakeResponse.java:30)
at org.openqa.selenium.remote.ProtocolHandshake.lambda$createSession$0(ProtocolHandshake.java:126)
at java.util.stream.ReferencePipeline$3$1.accept(Unknown Source)
at java.util.Spliterators$ArraySpliterator.tryAdvance(Unknown Source)
at java.util.stream.ReferencePipeline.forEachWithCancel(Unknown Source)
at java.util.stream.AbstractPipeline.copyIntoWithCancel(Unknown Source)
at java.util.stream.AbstractPipeline.copyInto(Unknown Source)
at java.util.stream.AbstractPipeline.wrapAndCopyInto(Unknown Source)
at java.util.stream.FindOps$FindOp.evaluateSequential(Unknown Source)
at java.util.stream.AbstractPipeline.evaluate(Unknown Source)
at java.util.stream.ReferencePipeline.findFirst(Unknown Source)
at org.openqa.selenium.remote.ProtocolHandshake.createSession(ProtocolHandshake.java:128)
at org.openqa.selenium.remote.ProtocolHandshake.createSession(ProtocolHandshake.java:74)
at org.openqa.selenium.remote.HttpCommandExecutor.execute(HttpCommandExecutor.java:139)
at org.openqa.selenium.remote.service.DriverCommandExecutor.execute(DriverCommandExecutor.java:83)
at org.openqa.selenium.remote.RemoteWebDriver.execute(RemoteWebDriver.java:577)
at org.openqa.selenium.remote.RemoteWebDriver.startSession(RemoteWebDriver.java:211)
at org.openqa.selenium.remote.RemoteWebDriver.<init>(RemoteWebDriver.java:131)
at org.openqa.selenium.chrome.ChromeDriver.<init>(ChromeDriver.java:189)
at org.openqa.selenium.chrome.ChromeDriver.<init>(ChromeDriver.java:176)
at org.openqa.selenium.chrome.ChromeDriver.<init>(ChromeDriver.java:165)
at base.PreAndPost.beforeMethod(PreAndPost.java:85)
at driver.Driver.executeTestcase(Driver.java:68)
at sun.reflect.GeneratedMethodAccessor1.invoke(Unknown Source)
at sun.reflect.DelegatingMethodAccessorImpl.invoke(Unknown Source)
at java.lang.reflect.Method.invoke(Unknown Source)
at org.testng.internal.MethodInvocationHelper.invokeMethod(MethodInvocationHelper.java:135)
at org.testng.internal.TestInvoker.invokeMethod(TestInvoker.java:598)
at org.testng.internal.TestInvoker.invokeTestMethod(TestInvoker.java:174)
at org.testng.internal.MethodRunner.runInSequence(MethodRunner.java:46)
at org.testng.internal.TestInvoker$MethodInvocationAgent.invoke(TestInvoker.java:821)
at org.testng.internal.TestInvoker.invokeTestMethods(TestInvoker.java:147)
at org.testng.internal.TestMethodWorker.invokeTestMethods(TestMethodWorker.java:146)
at org.testng.internal.TestMethodWorker.run(TestMethodWorker.java:128)
at java.util.ArrayList.forEach(Unknown Source)
at org.testng.TestRunner.privateRun(TestRunner.java:767)
at org.testng.TestRunner.run(TestRunner.java:588)
at org.testng.SuiteRunner.runTest(SuiteRunner.java:384)
at org.testng.SuiteRunner.runSequentially(SuiteRunner.java:378)
at org.testng.SuiteRunner.privateRun(SuiteRunner.java:337)
at org.testng.SuiteRunner.run(SuiteRunner.java:286)
at org.testng.SuiteRunnerWorker.runSuite(SuiteRunnerWorker.java:53)
at org.testng.SuiteRunnerWorker.run(SuiteRunnerWorker.java:96)
at org.testng.TestNG.runSuitesSequentially(TestNG.java:1214)
at org.testng.TestNG.runSuitesLocally(TestNG.java:1136)
at org.testng.TestNG.runSuites(TestNG.java:1066)
at org.testng.TestNG.run(TestNG.java:1034)
at org.testng.remote.AbstractRemoteTestNG.run(AbstractRemoteTestNG.java:115)
at org.testng.remote.RemoteTestNG.initAndRun(RemoteTestNG.java:251)
at org.testng.remote.RemoteTestNG.main(RemoteTestNG.java:77)
]]>
            </full-stacktrace>
          </exception> <!-- org.openqa.selenium.SessionNotCreatedException -->
          <reporter-output>
          </reporter-output>
        </test-method> <!-- executeTestcase -->
        <test-method status="PASS" signature="Reports(org.testng.ITestResult)[pri:0, instance:driver.Driver@791f145a]" name="Reports" is-config="true" duration-ms="28" started-at="2021-02-12T21:54:38 IST" finished-at="2021-02-12T21:54:38 IST">
          <params>
            <param index="0">
              <value>
                <![CDATA[[TestResult name=executeTestcase status=FAILURE method=Driver.executeTestcase(org.testng.ITestContext)[pri:0, instance:driver.Driver@791f145a] output={null}]]]>
              </value>
            </param>
          </params>
          <reporter-output>
          </reporter-output>
        </test-method> <!-- Reports -->
        <test-method status="PASS" signature="tearDown()[pri:0, instance:driver.Driver@791f145a]" name="tearDown" is-config="true" duration-ms="483" started-at="2021-02-12T21:54:39 IST" finished-at="2021-02-12T21:54:39 IST">
          <reporter-output>
          </reporter-output>
        </test-method> <!-- tearDown -->
      </class> <!-- driver.Driver -->
    </test> <!-- Results -->
  </suite> <!-- Suite -->
</testng-results>
