<?xml version="1.0" encoding="UTF-8"?>
<!-- Generated by org.testng.reporters.JUnitXMLReporter -->
<testsuite ignored="0" hostname="Z3GAVSP2PU0052" failures="2" tests="9" name="Test" time="648.589" errors="0" timestamp="2020-12-21T12:00:00 IST">
  <testcase classname="driver.Driver" name="executeTestcase" time="172.445"/>
  <testcase classname="driver.Driver" name="executeTestcase" time="43.319"/>
  <testcase classname="driver.Driver" name="executeTestcase" time="0.003">
    <skipped/>
  </testcase> <!-- executeTestcase -->
  <testcase classname="driver.Driver" name="executeTestcase" time="124.312">
    <failure type="java.lang.reflect.InvocationTargetException">
      <![CDATA[java.lang.reflect.InvocationTargetException
at driver.Driver.executeTestcase(Driver.java:79)
at java.base/java.util.ArrayList.forEach(ArrayList.java:1540)
Caused by: org.openqa.selenium.NoSuchElementException: Cannot locate option with text: 4.0
For documentation on this error, please visit: https://www.seleniumhq.org/exceptions/no_such_element.html
Build info: version: '4.0.0-alpha-1', revision: 'd1d3728cae', time: '2019-04-24T13:42:21'
System info: host: 'Z3GAVSP2PU0052', ip: '10.99.38.8', os.name: 'Windows 10', os.arch: 'amd64', os.version: '10.0', java.version: '11.0.5'
Driver info: driver.version: Driver
at org.openqa.selenium.support.ui.Select.selectByVisibleText(Select.java:148)
at services.WebDriverServiceImpl.selectDropDownUsingVisibleText(WebDriverServiceImpl.java:243)
at pages.MemberFormPage.chooseRecordStatusWithoutPublished(MemberFormPage.java:499)
at testcases.Member.TestCase_1241.createMemberTP(TestCase_1241.java:65)
... 33 more
... Removed 31 stack frames]]>
    </failure>
  </testcase> <!-- executeTestcase -->
  <testcase classname="driver.Driver" name="executeTestcase" time="115.789"/>
  <testcase classname="driver.Driver" name="executeTestcase" time="0.004">
    <skipped/>
  </testcase> <!-- executeTestcase -->
  <testcase classname="driver.Driver" name="executeTestcase" time="112.424"/>
  <testcase classname="driver.Driver" name="executeTestcase" time="79.648">
    <failure type="java.lang.reflect.InvocationTargetException">
      <![CDATA[java.lang.reflect.InvocationTargetException
at driver.Driver.executeTestcase(Driver.java:79)
at java.base/java.util.ArrayList.forEach(ArrayList.java:1540)
Caused by: org.openqa.selenium.NoSuchElementException: no such element: Unable to locate element: {"method":"xpath","selector":"//table[@id='gridBodyTable']/tbody//tr[4]/td[2]/nobr//span[text()='Premier']"}
  (Session info: chrome=87.0.4280.88)
For documentation on this error, please visit: https://www.seleniumhq.org/exceptions/no_such_element.html
Build info: version: '4.0.0-alpha-1', revision: 'd1d3728cae', time: '2019-04-24T13:42:21'
System info: host: 'Z3GAVSP2PU0052', ip: '10.99.38.8', os.name: 'Windows 10', os.arch: 'amd64', os.version: '10.0', java.version: '11.0.5'
Driver info: org.openqa.selenium.chrome.ChromeDriver
Capabilities {acceptInsecureCerts: false, browserName: chrome, browserVersion: 87.0.4280.88, chrome: {chromedriverVersion: 86.0.4240.22 (398b0743353ff..., userDataDir: E:\schandr3\AppData\Local\T...}, goog:chromeOptions: {debuggerAddress: localhost:62048}, javascriptEnabled: true, networkConnectionEnabled: false, pageLoadStrategy: normal, platform: WINDOWS, platformName: WINDOWS, proxy: Proxy(), setWindowRect: true, strictFileInteractability: false, timeouts: {implicit: 0, pageLoad: 300000, script: 30000}, unhandledPromptBehavior: dismiss and notify, webauthn:virtualAuthenticators: true}
Session ID: ba9ffaab4a7567b2fed4266a7f6c7362
*** Element info: {Using=xpath, value=//table[@id='gridBodyTable']/tbody//tr[4]/td[2]/nobr//span[text()='Premier']}
at org.openqa.selenium.remote.codec.w3c.W3CHttpResponseCodec.createException(W3CHttpResponseCodec.java:190)
at org.openqa.selenium.remote.codec.w3c.W3CHttpResponseCodec.decode(W3CHttpResponseCodec.java:124)
at org.openqa.selenium.remote.codec.w3c.W3CHttpResponseCodec.decode(W3CHttpResponseCodec.java:51)
at org.openqa.selenium.remote.HttpCommandExecutor.execute(HttpCommandExecutor.java:161)
at org.openqa.selenium.remote.service.DriverCommandExecutor.execute(DriverCommandExecutor.java:83)
at org.openqa.selenium.remote.RemoteWebDriver.execute(RemoteWebDriver.java:577)
at org.openqa.selenium.remote.RemoteWebDriver.findElement(RemoteWebDriver.java:328)
at org.openqa.selenium.remote.RemoteWebDriver.findElementByXPath(RemoteWebDriver.java:446)
at org.openqa.selenium.By$ByXPath.findElement(By.java:353)
at org.openqa.selenium.remote.RemoteWebDriver.findElement(RemoteWebDriver.java:320)
at org.openqa.selenium.support.events.EventFiringWebDriver.lambda$new$1(EventFiringWebDriver.java:106)
at com.sun.proxy.$Proxy11.findElement(Unknown Source)
at org.openqa.selenium.support.events.EventFiringWebDriver.findElement(EventFiringWebDriver.java:195)
at pages.MemberFormPage.selectPremierPremierMembership(MemberFormPage.java:637)
at testcases.Member.TestCase_5828.createMemberTP(TestCase_5828.java:23)
... 33 more
... Removed 38 stack frames]]>
    </failure>
  </testcase> <!-- executeTestcase -->
  <testcase classname="driver.Driver" name="executeTestcase" time="0.004">
    <skipped/>
  </testcase> <!-- executeTestcase -->
</testsuite> <!-- Test -->
