<!DOCTYPE html>

<html>
  <head>
  <meta charset='utf-8'>
  <title>TestNG reports</title>

    <link type="text/css" href="testng-reports1.css" rel="stylesheet" id="ultra" />
    <link type="text/css" href="testng-reports.css" rel="stylesheet" id="retro" disabled="false"/>
    <script type="text/javascript" src="jquery.min.js"></script>
    <script type="text/javascript" src="testng-reports.js"></script>
    <script type="text/javascript" src="https://www.google.com/jsapi"></script>
    <script type='text/javascript'>
      google.load('visualization', '1', {packages:['table']});
      google.setOnLoadCallback(drawTable);
      var suiteTableInitFunctions = new Array();
      var suiteTableData = new Array();
    </script>
    <!--
      <script type="text/javascript" src="jquery-ui/js/jquery-ui-1.8.16.custom.min.js"></script>
     -->
  </head>

  <body>
    <div class="top-banner-root">
      <span class="top-banner-title-font">Test results</span>
      <button id="button" class="button">Switch Retro Theme</button> <!-- button -->
      <br/>
      <span class="top-banner-font-1">1 suite</span>
    </div> <!-- top-banner-root -->
    <div class="navigator-root">
      <div class="navigator-suite-header">
        <span>All suites</span>
        <a href="#" title="Collapse/expand all the suites" class="collapse-all-link">
          <img src="collapseall.gif" class="collapse-all-icon">
          </img> <!-- collapse-all-icon -->
        </a> <!-- collapse-all-link -->
      </div> <!-- navigator-suite-header -->
      <div class="suite">
        <div class="rounded-window">
          <div class="suite-header light-rounded-window-top">
            <a href="#" panel-name="suite-Suite" class="navigator-link">
              <span class="suite-name border-skipped">Suite</span>
            </a> <!-- navigator-link -->
          </div> <!-- suite-header light-rounded-window-top -->
          <div class="navigator-suite-content">
            <div class="suite-section-title">
              <span>Info</span>
            </div> <!-- suite-section-title -->
            <div class="suite-section-content">
              <ul>
                <li>
                  <a href="#" panel-name="test-xml-Suite" class="navigator-link ">
                    <span>E:\gnathan\git\biosimilarCalculator\BiosimilarCalculator\testng.xml</span>
                  </a> <!-- navigator-link  -->
                </li>
                <li>
                  <a href="#" panel-name="testlist-Suite" class="navigator-link ">
                    <span class="test-stats">1 test</span>
                  </a> <!-- navigator-link  -->
                </li>
                <li>
                  <a href="#" panel-name="group-Suite" class="navigator-link ">
                    <span>0 groups</span>
                  </a> <!-- navigator-link  -->
                </li>
                <li>
                  <a href="#" panel-name="times-Suite" class="navigator-link ">
                    <span>Times</span>
                  </a> <!-- navigator-link  -->
                </li>
                <li>
                  <a href="#" panel-name="reporter-Suite" class="navigator-link ">
                    <span>Reporter output</span>
                  </a> <!-- navigator-link  -->
                </li>
                <li>
                  <a href="#" panel-name="ignored-methods-Suite" class="navigator-link ">
                    <span>Ignored methods</span>
                  </a> <!-- navigator-link  -->
                </li>
                <li>
                  <a href="#" panel-name="chronological-Suite" class="navigator-link ">
                    <span>Chronological view</span>
                  </a> <!-- navigator-link  -->
                </li>
              </ul>
            </div> <!-- suite-section-content -->
            <div class="result-section">
              <div class="suite-section-title">
                <span>Results</span>
              </div> <!-- suite-section-title -->
              <div class="suite-section-content">
                <ul>
                  <li>
                    <span class="method-stats">103 methods,  102 skipped,  1 passed</span>
                  </li>
                  <li>
                    <span class="method-list-title skipped">Skipped methods</span>
                    <span class="show-or-hide-methods skipped">
                      <a href="#" panel-name="suite-Suite" class="hide-methods skipped suite-Suite"> (hide)</a> <!-- hide-methods skipped suite-Suite -->
                      <a href="#" panel-name="suite-Suite" class="show-methods skipped suite-Suite"> (show)</a> <!-- show-methods skipped suite-Suite -->
                    </span>
                    <div class="method-list-content skipped suite-Suite">
                      <span>
                        <img src="skipped.png" width="3%"/>
                        <a href="#" panel-name="suite-Suite" title="driver.Driver" class="method navigator-link" hash-for-method="executeTestcase(org.testng.TestRunner@26f143ed)">executeTestcase(org.testng.TestRunner@26f143ed)</a> <!-- method navigator-link -->
                      </span>
                      <br/>
                      <span>
                        <img src="skipped.png" width="3%"/>
                        <a href="#" panel-name="suite-Suite" title="driver.Driver" class="method navigator-link" hash-for-method="executeTestcase(org.testng.TestRunner@26f143ed)">executeTestcase(org.testng.TestRunner@26f143ed)</a> <!-- method navigator-link -->
                      </span>
                      <br/>
                      <span>
                        <img src="skipped.png" width="3%"/>
                        <a href="#" panel-name="suite-Suite" title="driver.Driver" class="method navigator-link" hash-for-method="executeTestcase(org.testng.TestRunner@26f143ed)">executeTestcase(org.testng.TestRunner@26f143ed)</a> <!-- method navigator-link -->
                      </span>
                      <br/>
                      <span>
                        <img src="skipped.png" width="3%"/>
                        <a href="#" panel-name="suite-Suite" title="driver.Driver" class="method navigator-link" hash-for-method="executeTestcase(org.testng.TestRunner@26f143ed)">executeTestcase(org.testng.TestRunner@26f143ed)</a> <!-- method navigator-link -->
                      </span>
                      <br/>
                      <span>
                        <img src="skipped.png" width="3%"/>
                        <a href="#" panel-name="suite-Suite" title="driver.Driver" class="method navigator-link" hash-for-method="executeTestcase(org.testng.TestRunner@26f143ed)">executeTestcase(org.testng.TestRunner@26f143ed)</a> <!-- method navigator-link -->
                      </span>
                      <br/>
                      <span>
                        <img src="skipped.png" width="3%"/>
                        <a href="#" panel-name="suite-Suite" title="driver.Driver" class="method navigator-link" hash-for-method="executeTestcase(org.testng.TestRunner@26f143ed)">executeTestcase(org.testng.TestRunner@26f143ed)</a> <!-- method navigator-link -->
                      </span>
                      <br/>
                      <span>
                        <img src="skipped.png" width="3%"/>
                        <a href="#" panel-name="suite-Suite" title="driver.Driver" class="method navigator-link" hash-for-method="executeTestcase(org.testng.TestRunner@26f143ed)">executeTestcase(org.testng.TestRunner@26f143ed)</a> <!-- method navigator-link -->
                      </span>
                      <br/>
                      <span>
                        <img src="skipped.png" width="3%"/>
                        <a href="#" panel-name="suite-Suite" title="driver.Driver" class="method navigator-link" hash-for-method="executeTestcase(org.testng.TestRunner@26f143ed)">executeTestcase(org.testng.TestRunner@26f143ed)</a> <!-- method navigator-link -->
                      </span>
                      <br/>
                      <span>
                        <img src="skipped.png" width="3%"/>
                        <a href="#" panel-name="suite-Suite" title="driver.Driver" class="method navigator-link" hash-for-method="executeTestcase(org.testng.TestRunner@26f143ed)">executeTestcase(org.testng.TestRunner@26f143ed)</a> <!-- method navigator-link -->
                      </span>
                      <br/>
                      <span>
                        <img src="skipped.png" width="3%"/>
                        <a href="#" panel-name="suite-Suite" title="driver.Driver" class="method navigator-link" hash-for-method="executeTestcase(org.testng.TestRunner@26f143ed)">executeTestcase(org.testng.TestRunner@26f143ed)</a> <!-- method navigator-link -->
                      </span>
                      <br/>
                      <span>
                        <img src="skipped.png" width="3%"/>
                        <a href="#" panel-name="suite-Suite" title="driver.Driver" class="method navigator-link" hash-for-method="executeTestcase(org.testng.TestRunner@26f143ed)">executeTestcase(org.testng.TestRunner@26f143ed)</a> <!-- method navigator-link -->
                      </span>
                      <br/>
                      <span>
                        <img src="skipped.png" width="3%"/>
                        <a href="#" panel-name="suite-Suite" title="driver.Driver" class="method navigator-link" hash-for-method="executeTestcase(org.testng.TestRunner@26f143ed)">executeTestcase(org.testng.TestRunner@26f143ed)</a> <!-- method navigator-link -->
                      </span>
                      <br/>
                      <span>
                        <img src="skipped.png" width="3%"/>
                        <a href="#" panel-name="suite-Suite" title="driver.Driver" class="method navigator-link" hash-for-method="executeTestcase(org.testng.TestRunner@26f143ed)">executeTestcase(org.testng.TestRunner@26f143ed)</a> <!-- method navigator-link -->
                      </span>
                      <br/>
                      <span>
                        <img src="skipped.png" width="3%"/>
                        <a href="#" panel-name="suite-Suite" title="driver.Driver" class="method navigator-link" hash-for-method="executeTestcase(org.testng.TestRunner@26f143ed)">executeTestcase(org.testng.TestRunner@26f143ed)</a> <!-- method navigator-link -->
                      </span>
                      <br/>
                      <span>
                        <img src="skipped.png" width="3%"/>
                        <a href="#" panel-name="suite-Suite" title="driver.Driver" class="method navigator-link" hash-for-method="executeTestcase(org.testng.TestRunner@26f143ed)">executeTestcase(org.testng.TestRunner@26f143ed)</a> <!-- method navigator-link -->
                      </span>
                      <br/>
                      <span>
                        <img src="skipped.png" width="3%"/>
                        <a href="#" panel-name="suite-Suite" title="driver.Driver" class="method navigator-link" hash-for-method="executeTestcase(org.testng.TestRunner@26f143ed)">executeTestcase(org.testng.TestRunner@26f143ed)</a> <!-- method navigator-link -->
                      </span>
                      <br/>
                      <span>
                        <img src="skipped.png" width="3%"/>
                        <a href="#" panel-name="suite-Suite" title="driver.Driver" class="method navigator-link" hash-for-method="executeTestcase(org.testng.TestRunner@26f143ed)">executeTestcase(org.testng.TestRunner@26f143ed)</a> <!-- method navigator-link -->
                      </span>
                      <br/>
                      <span>
                        <img src="skipped.png" width="3%"/>
                        <a href="#" panel-name="suite-Suite" title="driver.Driver" class="method navigator-link" hash-for-method="executeTestcase(org.testng.TestRunner@26f143ed)">executeTestcase(org.testng.TestRunner@26f143ed)</a> <!-- method navigator-link -->
                      </span>
                      <br/>
                      <span>
                        <img src="skipped.png" width="3%"/>
                        <a href="#" panel-name="suite-Suite" title="driver.Driver" class="method navigator-link" hash-for-method="executeTestcase(org.testng.TestRunner@26f143ed)">executeTestcase(org.testng.TestRunner@26f143ed)</a> <!-- method navigator-link -->
                      </span>
                      <br/>
                      <span>
                        <img src="skipped.png" width="3%"/>
                        <a href="#" panel-name="suite-Suite" title="driver.Driver" class="method navigator-link" hash-for-method="executeTestcase(org.testng.TestRunner@26f143ed)">executeTestcase(org.testng.TestRunner@26f143ed)</a> <!-- method navigator-link -->
                      </span>
                      <br/>
                      <span>
                        <img src="skipped.png" width="3%"/>
                        <a href="#" panel-name="suite-Suite" title="driver.Driver" class="method navigator-link" hash-for-method="executeTestcase(org.testng.TestRunner@26f143ed)">executeTestcase(org.testng.TestRunner@26f143ed)</a> <!-- method navigator-link -->
                      </span>
                      <br/>
                      <span>
                        <img src="skipped.png" width="3%"/>
                        <a href="#" panel-name="suite-Suite" title="driver.Driver" class="method navigator-link" hash-for-method="executeTestcase(org.testng.TestRunner@26f143ed)">executeTestcase(org.testng.TestRunner@26f143ed)</a> <!-- method navigator-link -->
                      </span>
                      <br/>
                      <span>
                        <img src="skipped.png" width="3%"/>
                        <a href="#" panel-name="suite-Suite" title="driver.Driver" class="method navigator-link" hash-for-method="executeTestcase(org.testng.TestRunner@26f143ed)">executeTestcase(org.testng.TestRunner@26f143ed)</a> <!-- method navigator-link -->
                      </span>
                      <br/>
                      <span>
                        <img src="skipped.png" width="3%"/>
                        <a href="#" panel-name="suite-Suite" title="driver.Driver" class="method navigator-link" hash-for-method="executeTestcase(org.testng.TestRunner@26f143ed)">executeTestcase(org.testng.TestRunner@26f143ed)</a> <!-- method navigator-link -->
                      </span>
                      <br/>
                      <span>
                        <img src="skipped.png" width="3%"/>
                        <a href="#" panel-name="suite-Suite" title="driver.Driver" class="method navigator-link" hash-for-method="executeTestcase(org.testng.TestRunner@26f143ed)">executeTestcase(org.testng.TestRunner@26f143ed)</a> <!-- method navigator-link -->
                      </span>
                      <br/>
                      <span>
                        <img src="skipped.png" width="3%"/>
                        <a href="#" panel-name="suite-Suite" title="driver.Driver" class="method navigator-link" hash-for-method="executeTestcase(org.testng.TestRunner@26f143ed)">executeTestcase(org.testng.TestRunner@26f143ed)</a> <!-- method navigator-link -->
                      </span>
                      <br/>
                      <span>
                        <img src="skipped.png" width="3%"/>
                        <a href="#" panel-name="suite-Suite" title="driver.Driver" class="method navigator-link" hash-for-method="executeTestcase(org.testng.TestRunner@26f143ed)">executeTestcase(org.testng.TestRunner@26f143ed)</a> <!-- method navigator-link -->
                      </span>
                      <br/>
                      <span>
                        <img src="skipped.png" width="3%"/>
                        <a href="#" panel-name="suite-Suite" title="driver.Driver" class="method navigator-link" hash-for-method="executeTestcase(org.testng.TestRunner@26f143ed)">executeTestcase(org.testng.TestRunner@26f143ed)</a> <!-- method navigator-link -->
                      </span>
                      <br/>
                      <span>
                        <img src="skipped.png" width="3%"/>
                        <a href="#" panel-name="suite-Suite" title="driver.Driver" class="method navigator-link" hash-for-method="executeTestcase(org.testng.TestRunner@26f143ed)">executeTestcase(org.testng.TestRunner@26f143ed)</a> <!-- method navigator-link -->
                      </span>
                      <br/>
                      <span>
                        <img src="skipped.png" width="3%"/>
                        <a href="#" panel-name="suite-Suite" title="driver.Driver" class="method navigator-link" hash-for-method="executeTestcase(org.testng.TestRunner@26f143ed)">executeTestcase(org.testng.TestRunner@26f143ed)</a> <!-- method navigator-link -->
                      </span>
                      <br/>
                      <span>
                        <img src="skipped.png" width="3%"/>
                        <a href="#" panel-name="suite-Suite" title="driver.Driver" class="method navigator-link" hash-for-method="executeTestcase(org.testng.TestRunner@26f143ed)">executeTestcase(org.testng.TestRunner@26f143ed)</a> <!-- method navigator-link -->
                      </span>
                      <br/>
                      <span>
                        <img src="skipped.png" width="3%"/>
                        <a href="#" panel-name="suite-Suite" title="driver.Driver" class="method navigator-link" hash-for-method="executeTestcase(org.testng.TestRunner@26f143ed)">executeTestcase(org.testng.TestRunner@26f143ed)</a> <!-- method navigator-link -->
                      </span>
                      <br/>
                      <span>
                        <img src="skipped.png" width="3%"/>
                        <a href="#" panel-name="suite-Suite" title="driver.Driver" class="method navigator-link" hash-for-method="executeTestcase(org.testng.TestRunner@26f143ed)">executeTestcase(org.testng.TestRunner@26f143ed)</a> <!-- method navigator-link -->
                      </span>
                      <br/>
                      <span>
                        <img src="skipped.png" width="3%"/>
                        <a href="#" panel-name="suite-Suite" title="driver.Driver" class="method navigator-link" hash-for-method="executeTestcase(org.testng.TestRunner@26f143ed)">executeTestcase(org.testng.TestRunner@26f143ed)</a> <!-- method navigator-link -->
                      </span>
                      <br/>
                      <span>
                        <img src="skipped.png" width="3%"/>
                        <a href="#" panel-name="suite-Suite" title="driver.Driver" class="method navigator-link" hash-for-method="executeTestcase(org.testng.TestRunner@26f143ed)">executeTestcase(org.testng.TestRunner@26f143ed)</a> <!-- method navigator-link -->
                      </span>
                      <br/>
                      <span>
                        <img src="skipped.png" width="3%"/>
                        <a href="#" panel-name="suite-Suite" title="driver.Driver" class="method navigator-link" hash-for-method="executeTestcase(org.testng.TestRunner@26f143ed)">executeTestcase(org.testng.TestRunner@26f143ed)</a> <!-- method navigator-link -->
                      </span>
                      <br/>
                      <span>
                        <img src="skipped.png" width="3%"/>
                        <a href="#" panel-name="suite-Suite" title="driver.Driver" class="method navigator-link" hash-for-method="executeTestcase(org.testng.TestRunner@26f143ed)">executeTestcase(org.testng.TestRunner@26f143ed)</a> <!-- method navigator-link -->
                      </span>
                      <br/>
                      <span>
                        <img src="skipped.png" width="3%"/>
                        <a href="#" panel-name="suite-Suite" title="driver.Driver" class="method navigator-link" hash-for-method="executeTestcase(org.testng.TestRunner@26f143ed)">executeTestcase(org.testng.TestRunner@26f143ed)</a> <!-- method navigator-link -->
                      </span>
                      <br/>
                      <span>
                        <img src="skipped.png" width="3%"/>
                        <a href="#" panel-name="suite-Suite" title="driver.Driver" class="method navigator-link" hash-for-method="executeTestcase(org.testng.TestRunner@26f143ed)">executeTestcase(org.testng.TestRunner@26f143ed)</a> <!-- method navigator-link -->
                      </span>
                      <br/>
                      <span>
                        <img src="skipped.png" width="3%"/>
                        <a href="#" panel-name="suite-Suite" title="driver.Driver" class="method navigator-link" hash-for-method="executeTestcase(org.testng.TestRunner@26f143ed)">executeTestcase(org.testng.TestRunner@26f143ed)</a> <!-- method navigator-link -->
                      </span>
                      <br/>
                      <span>
                        <img src="skipped.png" width="3%"/>
                        <a href="#" panel-name="suite-Suite" title="driver.Driver" class="method navigator-link" hash-for-method="executeTestcase(org.testng.TestRunner@26f143ed)">executeTestcase(org.testng.TestRunner@26f143ed)</a> <!-- method navigator-link -->
                      </span>
                      <br/>
                      <span>
                        <img src="skipped.png" width="3%"/>
                        <a href="#" panel-name="suite-Suite" title="driver.Driver" class="method navigator-link" hash-for-method="executeTestcase(org.testng.TestRunner@26f143ed)">executeTestcase(org.testng.TestRunner@26f143ed)</a> <!-- method navigator-link -->
                      </span>
                      <br/>
                      <span>
                        <img src="skipped.png" width="3%"/>
                        <a href="#" panel-name="suite-Suite" title="driver.Driver" class="method navigator-link" hash-for-method="executeTestcase(org.testng.TestRunner@26f143ed)">executeTestcase(org.testng.TestRunner@26f143ed)</a> <!-- method navigator-link -->
                      </span>
                      <br/>
                      <span>
                        <img src="skipped.png" width="3%"/>
                        <a href="#" panel-name="suite-Suite" title="driver.Driver" class="method navigator-link" hash-for-method="executeTestcase(org.testng.TestRunner@26f143ed)">executeTestcase(org.testng.TestRunner@26f143ed)</a> <!-- method navigator-link -->
                      </span>
                      <br/>
                      <span>
                        <img src="skipped.png" width="3%"/>
                        <a href="#" panel-name="suite-Suite" title="driver.Driver" class="method navigator-link" hash-for-method="executeTestcase(org.testng.TestRunner@26f143ed)">executeTestcase(org.testng.TestRunner@26f143ed)</a> <!-- method navigator-link -->
                      </span>
                      <br/>
                      <span>
                        <img src="skipped.png" width="3%"/>
                        <a href="#" panel-name="suite-Suite" title="driver.Driver" class="method navigator-link" hash-for-method="executeTestcase(org.testng.TestRunner@26f143ed)">executeTestcase(org.testng.TestRunner@26f143ed)</a> <!-- method navigator-link -->
                      </span>
                      <br/>
                      <span>
                        <img src="skipped.png" width="3%"/>
                        <a href="#" panel-name="suite-Suite" title="driver.Driver" class="method navigator-link" hash-for-method="executeTestcase(org.testng.TestRunner@26f143ed)">executeTestcase(org.testng.TestRunner@26f143ed)</a> <!-- method navigator-link -->
                      </span>
                      <br/>
                      <span>
                        <img src="skipped.png" width="3%"/>
                        <a href="#" panel-name="suite-Suite" title="driver.Driver" class="method navigator-link" hash-for-method="executeTestcase(org.testng.TestRunner@26f143ed)">executeTestcase(org.testng.TestRunner@26f143ed)</a> <!-- method navigator-link -->
                      </span>
                      <br/>
                      <span>
                        <img src="skipped.png" width="3%"/>
                        <a href="#" panel-name="suite-Suite" title="driver.Driver" class="method navigator-link" hash-for-method="executeTestcase(org.testng.TestRunner@26f143ed)">executeTestcase(org.testng.TestRunner@26f143ed)</a> <!-- method navigator-link -->
                      </span>
                      <br/>
                      <span>
                        <img src="skipped.png" width="3%"/>
                        <a href="#" panel-name="suite-Suite" title="driver.Driver" class="method navigator-link" hash-for-method="executeTestcase(org.testng.TestRunner@26f143ed)">executeTestcase(org.testng.TestRunner@26f143ed)</a> <!-- method navigator-link -->
                      </span>
                      <br/>
                      <span>
                        <img src="skipped.png" width="3%"/>
                        <a href="#" panel-name="suite-Suite" title="driver.Driver" class="method navigator-link" hash-for-method="executeTestcase(org.testng.TestRunner@26f143ed)">executeTestcase(org.testng.TestRunner@26f143ed)</a> <!-- method navigator-link -->
                      </span>
                      <br/>
                      <span>
                        <img src="skipped.png" width="3%"/>
                        <a href="#" panel-name="suite-Suite" title="driver.Driver" class="method navigator-link" hash-for-method="executeTestcase(org.testng.TestRunner@26f143ed)">executeTestcase(org.testng.TestRunner@26f143ed)</a> <!-- method navigator-link -->
                      </span>
                      <br/>
                      <span>
                        <img src="skipped.png" width="3%"/>
                        <a href="#" panel-name="suite-Suite" title="driver.Driver" class="method navigator-link" hash-for-method="executeTestcase(org.testng.TestRunner@26f143ed)">executeTestcase(org.testng.TestRunner@26f143ed)</a> <!-- method navigator-link -->
                      </span>
                      <br/>
                      <span>
                        <img src="skipped.png" width="3%"/>
                        <a href="#" panel-name="suite-Suite" title="driver.Driver" class="method navigator-link" hash-for-method="executeTestcase(org.testng.TestRunner@26f143ed)">executeTestcase(org.testng.TestRunner@26f143ed)</a> <!-- method navigator-link -->
                      </span>
                      <br/>
                      <span>
                        <img src="skipped.png" width="3%"/>
                        <a href="#" panel-name="suite-Suite" title="driver.Driver" class="method navigator-link" hash-for-method="executeTestcase(org.testng.TestRunner@26f143ed)">executeTestcase(org.testng.TestRunner@26f143ed)</a> <!-- method navigator-link -->
                      </span>
                      <br/>
                      <span>
                        <img src="skipped.png" width="3%"/>
                        <a href="#" panel-name="suite-Suite" title="driver.Driver" class="method navigator-link" hash-for-method="executeTestcase(org.testng.TestRunner@26f143ed)">executeTestcase(org.testng.TestRunner@26f143ed)</a> <!-- method navigator-link -->
                      </span>
                      <br/>
                      <span>
                        <img src="skipped.png" width="3%"/>
                        <a href="#" panel-name="suite-Suite" title="driver.Driver" class="method navigator-link" hash-for-method="executeTestcase(org.testng.TestRunner@26f143ed)">executeTestcase(org.testng.TestRunner@26f143ed)</a> <!-- method navigator-link -->
                      </span>
                      <br/>
                      <span>
                        <img src="skipped.png" width="3%"/>
                        <a href="#" panel-name="suite-Suite" title="driver.Driver" class="method navigator-link" hash-for-method="executeTestcase(org.testng.TestRunner@26f143ed)">executeTestcase(org.testng.TestRunner@26f143ed)</a> <!-- method navigator-link -->
                      </span>
                      <br/>
                      <span>
                        <img src="skipped.png" width="3%"/>
                        <a href="#" panel-name="suite-Suite" title="driver.Driver" class="method navigator-link" hash-for-method="executeTestcase(org.testng.TestRunner@26f143ed)">executeTestcase(org.testng.TestRunner@26f143ed)</a> <!-- method navigator-link -->
                      </span>
                      <br/>
                      <span>
                        <img src="skipped.png" width="3%"/>
                        <a href="#" panel-name="suite-Suite" title="driver.Driver" class="method navigator-link" hash-for-method="executeTestcase(org.testng.TestRunner@26f143ed)">executeTestcase(org.testng.TestRunner@26f143ed)</a> <!-- method navigator-link -->
                      </span>
                      <br/>
                      <span>
                        <img src="skipped.png" width="3%"/>
                        <a href="#" panel-name="suite-Suite" title="driver.Driver" class="method navigator-link" hash-for-method="executeTestcase(org.testng.TestRunner@26f143ed)">executeTestcase(org.testng.TestRunner@26f143ed)</a> <!-- method navigator-link -->
                      </span>
                      <br/>
                      <span>
                        <img src="skipped.png" width="3%"/>
                        <a href="#" panel-name="suite-Suite" title="driver.Driver" class="method navigator-link" hash-for-method="executeTestcase(org.testng.TestRunner@26f143ed)">executeTestcase(org.testng.TestRunner@26f143ed)</a> <!-- method navigator-link -->
                      </span>
                      <br/>
                      <span>
                        <img src="skipped.png" width="3%"/>
                        <a href="#" panel-name="suite-Suite" title="driver.Driver" class="method navigator-link" hash-for-method="executeTestcase(org.testng.TestRunner@26f143ed)">executeTestcase(org.testng.TestRunner@26f143ed)</a> <!-- method navigator-link -->
                      </span>
                      <br/>
                      <span>
                        <img src="skipped.png" width="3%"/>
                        <a href="#" panel-name="suite-Suite" title="driver.Driver" class="method navigator-link" hash-for-method="executeTestcase(org.testng.TestRunner@26f143ed)">executeTestcase(org.testng.TestRunner@26f143ed)</a> <!-- method navigator-link -->
                      </span>
                      <br/>
                      <span>
                        <img src="skipped.png" width="3%"/>
                        <a href="#" panel-name="suite-Suite" title="driver.Driver" class="method navigator-link" hash-for-method="executeTestcase(org.testng.TestRunner@26f143ed)">executeTestcase(org.testng.TestRunner@26f143ed)</a> <!-- method navigator-link -->
                      </span>
                      <br/>
                      <span>
                        <img src="skipped.png" width="3%"/>
                        <a href="#" panel-name="suite-Suite" title="driver.Driver" class="method navigator-link" hash-for-method="executeTestcase(org.testng.TestRunner@26f143ed)">executeTestcase(org.testng.TestRunner@26f143ed)</a> <!-- method navigator-link -->
                      </span>
                      <br/>
                      <span>
                        <img src="skipped.png" width="3%"/>
                        <a href="#" panel-name="suite-Suite" title="driver.Driver" class="method navigator-link" hash-for-method="executeTestcase(org.testng.TestRunner@26f143ed)">executeTestcase(org.testng.TestRunner@26f143ed)</a> <!-- method navigator-link -->
                      </span>
                      <br/>
                      <span>
                        <img src="skipped.png" width="3%"/>
                        <a href="#" panel-name="suite-Suite" title="driver.Driver" class="method navigator-link" hash-for-method="executeTestcase(org.testng.TestRunner@26f143ed)">executeTestcase(org.testng.TestRunner@26f143ed)</a> <!-- method navigator-link -->
                      </span>
                      <br/>
                      <span>
                        <img src="skipped.png" width="3%"/>
                        <a href="#" panel-name="suite-Suite" title="driver.Driver" class="method navigator-link" hash-for-method="executeTestcase(org.testng.TestRunner@26f143ed)">executeTestcase(org.testng.TestRunner@26f143ed)</a> <!-- method navigator-link -->
                      </span>
                      <br/>
                      <span>
                        <img src="skipped.png" width="3%"/>
                        <a href="#" panel-name="suite-Suite" title="driver.Driver" class="method navigator-link" hash-for-method="executeTestcase(org.testng.TestRunner@26f143ed)">executeTestcase(org.testng.TestRunner@26f143ed)</a> <!-- method navigator-link -->
                      </span>
                      <br/>
                      <span>
                        <img src="skipped.png" width="3%"/>
                        <a href="#" panel-name="suite-Suite" title="driver.Driver" class="method navigator-link" hash-for-method="executeTestcase(org.testng.TestRunner@26f143ed)">executeTestcase(org.testng.TestRunner@26f143ed)</a> <!-- method navigator-link -->
                      </span>
                      <br/>
                      <span>
                        <img src="skipped.png" width="3%"/>
                        <a href="#" panel-name="suite-Suite" title="driver.Driver" class="method navigator-link" hash-for-method="executeTestcase(org.testng.TestRunner@26f143ed)">executeTestcase(org.testng.TestRunner@26f143ed)</a> <!-- method navigator-link -->
                      </span>
                      <br/>
                      <span>
                        <img src="skipped.png" width="3%"/>
                        <a href="#" panel-name="suite-Suite" title="driver.Driver" class="method navigator-link" hash-for-method="executeTestcase(org.testng.TestRunner@26f143ed)">executeTestcase(org.testng.TestRunner@26f143ed)</a> <!-- method navigator-link -->
                      </span>
                      <br/>
                      <span>
                        <img src="skipped.png" width="3%"/>
                        <a href="#" panel-name="suite-Suite" title="driver.Driver" class="method navigator-link" hash-for-method="executeTestcase(org.testng.TestRunner@26f143ed)">executeTestcase(org.testng.TestRunner@26f143ed)</a> <!-- method navigator-link -->
                      </span>
                      <br/>
                      <span>
                        <img src="skipped.png" width="3%"/>
                        <a href="#" panel-name="suite-Suite" title="driver.Driver" class="method navigator-link" hash-for-method="executeTestcase(org.testng.TestRunner@26f143ed)">executeTestcase(org.testng.TestRunner@26f143ed)</a> <!-- method navigator-link -->
                      </span>
                      <br/>
                      <span>
                        <img src="skipped.png" width="3%"/>
                        <a href="#" panel-name="suite-Suite" title="driver.Driver" class="method navigator-link" hash-for-method="executeTestcase(org.testng.TestRunner@26f143ed)">executeTestcase(org.testng.TestRunner@26f143ed)</a> <!-- method navigator-link -->
                      </span>
                      <br/>
                      <span>
                        <img src="skipped.png" width="3%"/>
                        <a href="#" panel-name="suite-Suite" title="driver.Driver" class="method navigator-link" hash-for-method="executeTestcase(org.testng.TestRunner@26f143ed)">executeTestcase(org.testng.TestRunner@26f143ed)</a> <!-- method navigator-link -->
                      </span>
                      <br/>
                      <span>
                        <img src="skipped.png" width="3%"/>
                        <a href="#" panel-name="suite-Suite" title="driver.Driver" class="method navigator-link" hash-for-method="executeTestcase(org.testng.TestRunner@26f143ed)">executeTestcase(org.testng.TestRunner@26f143ed)</a> <!-- method navigator-link -->
                      </span>
                      <br/>
                      <span>
                        <img src="skipped.png" width="3%"/>
                        <a href="#" panel-name="suite-Suite" title="driver.Driver" class="method navigator-link" hash-for-method="executeTestcase(org.testng.TestRunner@26f143ed)">executeTestcase(org.testng.TestRunner@26f143ed)</a> <!-- method navigator-link -->
                      </span>
                      <br/>
                      <span>
                        <img src="skipped.png" width="3%"/>
                        <a href="#" panel-name="suite-Suite" title="driver.Driver" class="method navigator-link" hash-for-method="executeTestcase(org.testng.TestRunner@26f143ed)">executeTestcase(org.testng.TestRunner@26f143ed)</a> <!-- method navigator-link -->
                      </span>
                      <br/>
                      <span>
                        <img src="skipped.png" width="3%"/>
                        <a href="#" panel-name="suite-Suite" title="driver.Driver" class="method navigator-link" hash-for-method="executeTestcase(org.testng.TestRunner@26f143ed)">executeTestcase(org.testng.TestRunner@26f143ed)</a> <!-- method navigator-link -->
                      </span>
                      <br/>
                      <span>
                        <img src="skipped.png" width="3%"/>
                        <a href="#" panel-name="suite-Suite" title="driver.Driver" class="method navigator-link" hash-for-method="executeTestcase(org.testng.TestRunner@26f143ed)">executeTestcase(org.testng.TestRunner@26f143ed)</a> <!-- method navigator-link -->
                      </span>
                      <br/>
                      <span>
                        <img src="skipped.png" width="3%"/>
                        <a href="#" panel-name="suite-Suite" title="driver.Driver" class="method navigator-link" hash-for-method="executeTestcase(org.testng.TestRunner@26f143ed)">executeTestcase(org.testng.TestRunner@26f143ed)</a> <!-- method navigator-link -->
                      </span>
                      <br/>
                      <span>
                        <img src="skipped.png" width="3%"/>
                        <a href="#" panel-name="suite-Suite" title="driver.Driver" class="method navigator-link" hash-for-method="executeTestcase(org.testng.TestRunner@26f143ed)">executeTestcase(org.testng.TestRunner@26f143ed)</a> <!-- method navigator-link -->
                      </span>
                      <br/>
                      <span>
                        <img src="skipped.png" width="3%"/>
                        <a href="#" panel-name="suite-Suite" title="driver.Driver" class="method navigator-link" hash-for-method="executeTestcase(org.testng.TestRunner@26f143ed)">executeTestcase(org.testng.TestRunner@26f143ed)</a> <!-- method navigator-link -->
                      </span>
                      <br/>
                      <span>
                        <img src="skipped.png" width="3%"/>
                        <a href="#" panel-name="suite-Suite" title="driver.Driver" class="method navigator-link" hash-for-method="executeTestcase(org.testng.TestRunner@26f143ed)">executeTestcase(org.testng.TestRunner@26f143ed)</a> <!-- method navigator-link -->
                      </span>
                      <br/>
                      <span>
                        <img src="skipped.png" width="3%"/>
                        <a href="#" panel-name="suite-Suite" title="driver.Driver" class="method navigator-link" hash-for-method="executeTestcase(org.testng.TestRunner@26f143ed)">executeTestcase(org.testng.TestRunner@26f143ed)</a> <!-- method navigator-link -->
                      </span>
                      <br/>
                      <span>
                        <img src="skipped.png" width="3%"/>
                        <a href="#" panel-name="suite-Suite" title="driver.Driver" class="method navigator-link" hash-for-method="executeTestcase(org.testng.TestRunner@26f143ed)">executeTestcase(org.testng.TestRunner@26f143ed)</a> <!-- method navigator-link -->
                      </span>
                      <br/>
                      <span>
                        <img src="skipped.png" width="3%"/>
                        <a href="#" panel-name="suite-Suite" title="driver.Driver" class="method navigator-link" hash-for-method="executeTestcase(org.testng.TestRunner@26f143ed)">executeTestcase(org.testng.TestRunner@26f143ed)</a> <!-- method navigator-link -->
                      </span>
                      <br/>
                      <span>
                        <img src="skipped.png" width="3%"/>
                        <a href="#" panel-name="suite-Suite" title="driver.Driver" class="method navigator-link" hash-for-method="executeTestcase(org.testng.TestRunner@26f143ed)">executeTestcase(org.testng.TestRunner@26f143ed)</a> <!-- method navigator-link -->
                      </span>
                      <br/>
                      <span>
                        <img src="skipped.png" width="3%"/>
                        <a href="#" panel-name="suite-Suite" title="driver.Driver" class="method navigator-link" hash-for-method="executeTestcase(org.testng.TestRunner@26f143ed)">executeTestcase(org.testng.TestRunner@26f143ed)</a> <!-- method navigator-link -->
                      </span>
                      <br/>
                      <span>
                        <img src="skipped.png" width="3%"/>
                        <a href="#" panel-name="suite-Suite" title="driver.Driver" class="method navigator-link" hash-for-method="executeTestcase(org.testng.TestRunner@26f143ed)">executeTestcase(org.testng.TestRunner@26f143ed)</a> <!-- method navigator-link -->
                      </span>
                      <br/>
                      <span>
                        <img src="skipped.png" width="3%"/>
                        <a href="#" panel-name="suite-Suite" title="driver.Driver" class="method navigator-link" hash-for-method="executeTestcase(org.testng.TestRunner@26f143ed)">executeTestcase(org.testng.TestRunner@26f143ed)</a> <!-- method navigator-link -->
                      </span>
                      <br/>
                      <span>
                        <img src="skipped.png" width="3%"/>
                        <a href="#" panel-name="suite-Suite" title="driver.Driver" class="method navigator-link" hash-for-method="executeTestcase(org.testng.TestRunner@26f143ed)">executeTestcase(org.testng.TestRunner@26f143ed)</a> <!-- method navigator-link -->
                      </span>
                      <br/>
                      <span>
                        <img src="skipped.png" width="3%"/>
                        <a href="#" panel-name="suite-Suite" title="driver.Driver" class="method navigator-link" hash-for-method="executeTestcase(org.testng.TestRunner@26f143ed)">executeTestcase(org.testng.TestRunner@26f143ed)</a> <!-- method navigator-link -->
                      </span>
                      <br/>
                      <span>
                        <img src="skipped.png" width="3%"/>
                        <a href="#" panel-name="suite-Suite" title="driver.Driver" class="method navigator-link" hash-for-method="executeTestcase(org.testng.TestRunner@26f143ed)">executeTestcase(org.testng.TestRunner@26f143ed)</a> <!-- method navigator-link -->
                      </span>
                      <br/>
                      <span>
                        <img src="skipped.png" width="3%"/>
                        <a href="#" panel-name="suite-Suite" title="driver.Driver" class="method navigator-link" hash-for-method="executeTestcase(org.testng.TestRunner@26f143ed)">executeTestcase(org.testng.TestRunner@26f143ed)</a> <!-- method navigator-link -->
                      </span>
                      <br/>
                      <span>
                        <img src="skipped.png" width="3%"/>
                        <a href="#" panel-name="suite-Suite" title="driver.Driver" class="method navigator-link" hash-for-method="executeTestcase(org.testng.TestRunner@26f143ed)">executeTestcase(org.testng.TestRunner@26f143ed)</a> <!-- method navigator-link -->
                      </span>
                      <br/>
                      <span>
                        <img src="skipped.png" width="3%"/>
                        <a href="#" panel-name="suite-Suite" title="driver.Driver" class="method navigator-link" hash-for-method="executeTestcase(org.testng.TestRunner@26f143ed)">executeTestcase(org.testng.TestRunner@26f143ed)</a> <!-- method navigator-link -->
                      </span>
                      <br/>
                      <span>
                        <img src="skipped.png" width="3%"/>
                        <a href="#" panel-name="suite-Suite" title="driver.Driver" class="method navigator-link" hash-for-method="executeTestcase(org.testng.TestRunner@26f143ed)">executeTestcase(org.testng.TestRunner@26f143ed)</a> <!-- method navigator-link -->
                      </span>
                      <br/>
                      <span>
                        <img src="skipped.png" width="3%"/>
                        <a href="#" panel-name="suite-Suite" title="driver.Driver" class="method navigator-link" hash-for-method="executeTestcase(org.testng.TestRunner@26f143ed)">executeTestcase(org.testng.TestRunner@26f143ed)</a> <!-- method navigator-link -->
                      </span>
                      <br/>
                      <span>
                        <img src="skipped.png" width="3%"/>
                        <a href="#" panel-name="suite-Suite" title="driver.Driver" class="method navigator-link" hash-for-method="executeTestcase(org.testng.TestRunner@26f143ed)">executeTestcase(org.testng.TestRunner@26f143ed)</a> <!-- method navigator-link -->
                      </span>
                      <br/>
                    </div> <!-- method-list-content skipped suite-Suite -->
                  </li>
                  <li>
                    <span class="method-list-title passed">Passed methods</span>
                    <span class="show-or-hide-methods passed">
                      <a href="#" panel-name="suite-Suite" class="hide-methods passed suite-Suite"> (hide)</a> <!-- hide-methods passed suite-Suite -->
                      <a href="#" panel-name="suite-Suite" class="show-methods passed suite-Suite"> (show)</a> <!-- show-methods passed suite-Suite -->
                    </span>
                    <div class="method-list-content passed suite-Suite">
                      <span>
                        <img src="passed.png" width="3%"/>
                        <a href="#" panel-name="suite-Suite" title="driver.Driver" class="method navigator-link" hash-for-method="executeTestcase(org.testng.TestRunner@26f143ed)">executeTestcase(org.testng.TestRunner@26f143ed)</a> <!-- method navigator-link -->
                      </span>
                      <br/>
                    </div> <!-- method-list-content passed suite-Suite -->
                  </li>
                </ul>
              </div> <!-- suite-section-content -->
            </div> <!-- result-section -->
          </div> <!-- navigator-suite-content -->
        </div> <!-- rounded-window -->
      </div> <!-- suite -->
    </div> <!-- navigator-root -->
    <div class="wrapper">
      <div class="main-panel-root">
        <div panel-name="suite-Suite" class="panel Suite">
          <div class="suite-Suite-class-skipped">
            <div class="main-panel-header rounded-window-top">
              <img src="skipped.png"/>
              <span class="class-name">driver.Driver</span>
            </div> <!-- main-panel-header rounded-window-top -->
            <div class="main-panel-content rounded-window-bottom">
              <div class="method">
                <div class="method-content">
                  <a name="executeTestcase(org.testng.TestRunner@26f143ed)">
                  </a> <!-- executeTestcase(org.testng.TestRunner@26f143ed) -->
                  <span class="method-name">executeTestcase</span>
                  <span class="parameters">(org.testng.TestRunner@26f143ed)</span>
                  <div class="stack-trace">org.testng.SkipException: Skipping execution for  :TC_09:BiosimilarCalculator_Biosimilar_ 340BFacilityType_DifferentUnits_MCGtoG
	at driver.Driver.executeTestcase(Driver.java:93)
	at java.base/java.util.ArrayList.forEach(ArrayList.java:1511)
... Removed 27 stack frames
</div> <!-- stack-trace -->
                </div> <!-- method-content -->
              </div> <!-- method -->
              <div class="method">
                <div class="method-content">
                  <a name="executeTestcase(org.testng.TestRunner@26f143ed)">
                  </a> <!-- executeTestcase(org.testng.TestRunner@26f143ed) -->
                  <span class="method-name">executeTestcase</span>
                  <span class="parameters">(org.testng.TestRunner@26f143ed)</span>
                  <div class="stack-trace">org.testng.SkipException: Skipping execution for  :TC_04:BiosimilarCalculator_Biosimilar_Non 340BFacilityType_SameUnits_Units
	at driver.Driver.executeTestcase(Driver.java:93)
	at java.base/java.util.ArrayList.forEach(ArrayList.java:1511)
... Removed 27 stack frames
</div> <!-- stack-trace -->
                </div> <!-- method-content -->
              </div> <!-- method -->
              <div class="method">
                <div class="method-content">
                  <a name="executeTestcase(org.testng.TestRunner@26f143ed)">
                  </a> <!-- executeTestcase(org.testng.TestRunner@26f143ed) -->
                  <span class="method-name">executeTestcase</span>
                  <span class="parameters">(org.testng.TestRunner@26f143ed)</span>
                  <div class="stack-trace">org.testng.SkipException: Skipping execution for  :TC_18: IVIG_DrugDashboard_ Sorting
	at driver.Driver.executeTestcase(Driver.java:93)
	at java.base/java.util.ArrayList.forEach(ArrayList.java:1511)
... Removed 26 stack frames
</div> <!-- stack-trace -->
                </div> <!-- method-content -->
              </div> <!-- method -->
              <div class="method">
                <div class="method-content">
                  <a name="executeTestcase(org.testng.TestRunner@26f143ed)">
                  </a> <!-- executeTestcase(org.testng.TestRunner@26f143ed) -->
                  <span class="method-name">executeTestcase</span>
                  <span class="parameters">(org.testng.TestRunner@26f143ed)</span>
                  <div class="stack-trace">org.testng.SkipException: Skipping execution for  :TC_11:BiosimilarCalculator_Biosimilar_ 340BFacilityType_DifferentUnits_MCGtoMG
	at driver.Driver.executeTestcase(Driver.java:93)
	at java.base/java.util.ArrayList.forEach(ArrayList.java:1511)
... Removed 27 stack frames
</div> <!-- stack-trace -->
                </div> <!-- method-content -->
              </div> <!-- method -->
              <div class="method">
                <div class="method-content">
                  <a name="executeTestcase(org.testng.TestRunner@26f143ed)">
                  </a> <!-- executeTestcase(org.testng.TestRunner@26f143ed) -->
                  <span class="method-name">executeTestcase</span>
                  <span class="parameters">(org.testng.TestRunner@26f143ed)</span>
                  <div class="stack-trace">org.testng.SkipException: Skipping execution for  :TC_10:BiosimilarCalculator_Biosimilar_ 340BFacilityType_DifferentUnits_MGtoMCG
	at driver.Driver.executeTestcase(Driver.java:93)
	at java.base/java.util.ArrayList.forEach(ArrayList.java:1511)
... Removed 27 stack frames
</div> <!-- stack-trace -->
                </div> <!-- method-content -->
              </div> <!-- method -->
              <div class="method">
                <div class="method-content">
                  <a name="executeTestcase(org.testng.TestRunner@26f143ed)">
                  </a> <!-- executeTestcase(org.testng.TestRunner@26f143ed) -->
                  <span class="method-name">executeTestcase</span>
                  <span class="parameters">(org.testng.TestRunner@26f143ed)</span>
                  <div class="stack-trace">org.testng.SkipException: Skipping execution for  :TC_15: IVIG_DrugDashboard_ ExportToExcel
	at driver.Driver.executeTestcase(Driver.java:93)
	at java.base/java.util.ArrayList.forEach(ArrayList.java:1511)
... Removed 26 stack frames
</div> <!-- stack-trace -->
                </div> <!-- method-content -->
              </div> <!-- method -->
              <div class="method">
                <div class="method-content">
                  <a name="executeTestcase(org.testng.TestRunner@26f143ed)">
                  </a> <!-- executeTestcase(org.testng.TestRunner@26f143ed) -->
                  <span class="method-name">executeTestcase</span>
                  <span class="parameters">(org.testng.TestRunner@26f143ed)</span>
                  <div class="stack-trace">org.testng.SkipException: Skipping execution for  :TC_06:DrugDashboard_ExportToExcel
	at driver.Driver.executeTestcase(Driver.java:93)
	at java.base/java.util.ArrayList.forEach(ArrayList.java:1511)
... Removed 26 stack frames
</div> <!-- stack-trace -->
                </div> <!-- method-content -->
              </div> <!-- method -->
              <div class="method">
                <div class="method-content">
                  <a name="executeTestcase(org.testng.TestRunner@26f143ed)">
                  </a> <!-- executeTestcase(org.testng.TestRunner@26f143ed) -->
                  <span class="method-name">executeTestcase</span>
                  <span class="parameters">(org.testng.TestRunner@26f143ed)</span>
                  <div class="stack-trace">org.testng.SkipException: Skipping execution for  :TC_12: IVIG_340BFacilityType_DifferentUnits_MCGtoMG
	at driver.Driver.executeTestcase(Driver.java:93)
	at java.base/java.util.ArrayList.forEach(ArrayList.java:1511)
... Removed 26 stack frames
</div> <!-- stack-trace -->
                </div> <!-- method-content -->
              </div> <!-- method -->
              <div class="method">
                <div class="method-content">
                  <a name="executeTestcase(org.testng.TestRunner@26f143ed)">
                  </a> <!-- executeTestcase(org.testng.TestRunner@26f143ed) -->
                  <span class="method-name">executeTestcase</span>
                  <span class="parameters">(org.testng.TestRunner@26f143ed)</span>
                  <div class="stack-trace">org.testng.SkipException: Skipping execution for  :TC_07:BiosimilarCalculator_Biosimilar_Non 340BFacilityType_DifferentUnits_MCGtoG
	at driver.Driver.executeTestcase(Driver.java:93)
	at java.base/java.util.ArrayList.forEach(ArrayList.java:1511)
... Removed 26 stack frames
</div> <!-- stack-trace -->
                </div> <!-- method-content -->
              </div> <!-- method -->
              <div class="method">
                <div class="method-content">
                  <a name="executeTestcase(org.testng.TestRunner@26f143ed)">
                  </a> <!-- executeTestcase(org.testng.TestRunner@26f143ed) -->
                  <span class="method-name">executeTestcase</span>
                  <span class="parameters">(org.testng.TestRunner@26f143ed)</span>
                  <div class="stack-trace">org.testng.SkipException: Skipping execution for  :TC_11:BiosimilarCalculator_Originator_ 340BFacilityType_DifferentUnits_MCGtoG
	at driver.Driver.executeTestcase(Driver.java:93)
	at java.base/java.util.ArrayList.forEach(ArrayList.java:1511)
... Removed 26 stack frames
</div> <!-- stack-trace -->
                </div> <!-- method-content -->
              </div> <!-- method -->
              <div class="method">
                <div class="method-content">
                  <a name="executeTestcase(org.testng.TestRunner@26f143ed)">
                  </a> <!-- executeTestcase(org.testng.TestRunner@26f143ed) -->
                  <span class="method-name">executeTestcase</span>
                  <span class="parameters">(org.testng.TestRunner@26f143ed)</span>
                  <div class="stack-trace">org.testng.SkipException: Skipping execution for  :TC_01:BiosimilarCalculator_Biosimilar_ 340BFacilityType_SameUnits_G
	at driver.Driver.executeTestcase(Driver.java:93)
	at java.base/java.util.ArrayList.forEach(ArrayList.java:1511)
... Removed 27 stack frames
</div> <!-- stack-trace -->
                </div> <!-- method-content -->
              </div> <!-- method -->
              <div class="method">
                <div class="method-content">
                  <a name="executeTestcase(org.testng.TestRunner@26f143ed)">
                  </a> <!-- executeTestcase(org.testng.TestRunner@26f143ed) -->
                  <span class="method-name">executeTestcase</span>
                  <span class="parameters">(org.testng.TestRunner@26f143ed)</span>
                  <div class="stack-trace">org.testng.SkipException: Skipping execution for  :TC_05:DrugDashboard_Update_NonMandatory
	at driver.Driver.executeTestcase(Driver.java:93)
	at java.base/java.util.ArrayList.forEach(ArrayList.java:1511)
... Removed 26 stack frames
</div> <!-- stack-trace -->
                </div> <!-- method-content -->
              </div> <!-- method -->
              <div class="method">
                <div class="method-content">
                  <a name="executeTestcase(org.testng.TestRunner@26f143ed)">
                  </a> <!-- executeTestcase(org.testng.TestRunner@26f143ed) -->
                  <span class="method-name">executeTestcase</span>
                  <span class="parameters">(org.testng.TestRunner@26f143ed)</span>
                  <div class="stack-trace">org.testng.SkipException: Skipping execution for  :TC_09: Check that the Page navigation functionalities are working as expected in the UserList page
	at driver.Driver.executeTestcase(Driver.java:93)
	at java.base/java.util.ArrayList.forEach(ArrayList.java:1511)
... Removed 26 stack frames
</div> <!-- stack-trace -->
                </div> <!-- method-content -->
              </div> <!-- method -->
              <div class="method">
                <div class="method-content">
                  <a name="executeTestcase(org.testng.TestRunner@26f143ed)">
                  </a> <!-- executeTestcase(org.testng.TestRunner@26f143ed) -->
                  <span class="method-name">executeTestcase</span>
                  <span class="parameters">(org.testng.TestRunner@26f143ed)</span>
                  <div class="stack-trace">org.testng.SkipException: Skipping execution for  :TC_03:BiosimilarCalculator_Originator_ 340BFacilityType_SameUnits_MCG
	at driver.Driver.executeTestcase(Driver.java:93)
	at java.base/java.util.ArrayList.forEach(ArrayList.java:1511)
... Removed 26 stack frames
</div> <!-- stack-trace -->
                </div> <!-- method-content -->
              </div> <!-- method -->
              <div class="method">
                <div class="method-content">
                  <a name="executeTestcase(org.testng.TestRunner@26f143ed)">
                  </a> <!-- executeTestcase(org.testng.TestRunner@26f143ed) -->
                  <span class="method-name">executeTestcase</span>
                  <span class="parameters">(org.testng.TestRunner@26f143ed)</span>
                  <div class="stack-trace">org.testng.SkipException: Skipping execution for  :TC_11: Check that the UserList page  column  has drop downs with default value as &quot;All&quot; and contains &quot;Is True&quot; and &quot;Is False&quot;
	at driver.Driver.executeTestcase(Driver.java:93)
	at java.base/java.util.ArrayList.forEach(ArrayList.java:1511)
... Removed 26 stack frames
</div> <!-- stack-trace -->
                </div> <!-- method-content -->
              </div> <!-- method -->
              <div class="method">
                <div class="method-content">
                  <a name="executeTestcase(org.testng.TestRunner@26f143ed)">
                  </a> <!-- executeTestcase(org.testng.TestRunner@26f143ed) -->
                  <span class="method-name">executeTestcase</span>
                  <span class="parameters">(org.testng.TestRunner@26f143ed)</span>
                  <div class="stack-trace">org.testng.SkipException: Skipping execution for  :TC_08:BiosimilarCalculator_Originator_ 340BFacilityType_DifferentUnits_GtoMG
	at driver.Driver.executeTestcase(Driver.java:93)
	at java.base/java.util.ArrayList.forEach(ArrayList.java:1511)
... Removed 26 stack frames
</div> <!-- stack-trace -->
                </div> <!-- method-content -->
              </div> <!-- method -->
              <div class="method">
                <div class="method-content">
                  <a name="executeTestcase(org.testng.TestRunner@26f143ed)">
                  </a> <!-- executeTestcase(org.testng.TestRunner@26f143ed) -->
                  <span class="method-name">executeTestcase</span>
                  <span class="parameters">(org.testng.TestRunner@26f143ed)</span>
                  <div class="stack-trace">org.testng.SkipException: Skipping execution for  :TC_07:BiosimilarCalculator_Originator_ 340BFacilityType_DifferentUnits_MCGtoMG
	at driver.Driver.executeTestcase(Driver.java:93)
	at java.base/java.util.ArrayList.forEach(ArrayList.java:1511)
... Removed 26 stack frames
</div> <!-- stack-trace -->
                </div> <!-- method-content -->
              </div> <!-- method -->
              <div class="method">
                <div class="method-content">
                  <a name="executeTestcase(org.testng.TestRunner@26f143ed)">
                  </a> <!-- executeTestcase(org.testng.TestRunner@26f143ed) -->
                  <span class="method-name">executeTestcase</span>
                  <span class="parameters">(org.testng.TestRunner@26f143ed)</span>
                  <div class="stack-trace">org.testng.SkipException: Skipping execution for  :TC_03:BiosimilarCalculator_Biosimilar_Non 340BFacilityType_SameUnits_MCG
	at driver.Driver.executeTestcase(Driver.java:93)
	at java.base/java.util.ArrayList.forEach(ArrayList.java:1511)
... Removed 27 stack frames
</div> <!-- stack-trace -->
                </div> <!-- method-content -->
              </div> <!-- method -->
              <div class="method">
                <div class="method-content">
                  <a name="executeTestcase(org.testng.TestRunner@26f143ed)">
                  </a> <!-- executeTestcase(org.testng.TestRunner@26f143ed) -->
                  <span class="method-name">executeTestcase</span>
                  <span class="parameters">(org.testng.TestRunner@26f143ed)</span>
                  <div class="stack-trace">org.testng.SkipException: Skipping execution for  :TC_03: IVIG_Non 340BFacilityType_DifferentUnits_MGtoG
	at driver.Driver.executeTestcase(Driver.java:93)
	at java.base/java.util.ArrayList.forEach(ArrayList.java:1511)
... Removed 26 stack frames
</div> <!-- stack-trace -->
                </div> <!-- method-content -->
              </div> <!-- method -->
              <div class="method">
                <div class="method-content">
                  <a name="executeTestcase(org.testng.TestRunner@26f143ed)">
                  </a> <!-- executeTestcase(org.testng.TestRunner@26f143ed) -->
                  <span class="method-name">executeTestcase</span>
                  <span class="parameters">(org.testng.TestRunner@26f143ed)</span>
                  <div class="stack-trace">org.testng.SkipException: Skipping execution for  :TC_09: IVIG_340BFacilityType_DifferentUnits_MGtoG
	at driver.Driver.executeTestcase(Driver.java:93)
	at java.base/java.util.ArrayList.forEach(ArrayList.java:1511)
... Removed 26 stack frames
</div> <!-- stack-trace -->
                </div> <!-- method-content -->
              </div> <!-- method -->
              <div class="method">
                <div class="method-content">
                  <a name="executeTestcase(org.testng.TestRunner@26f143ed)">
                  </a> <!-- executeTestcase(org.testng.TestRunner@26f143ed) -->
                  <span class="method-name">executeTestcase</span>
                  <span class="parameters">(org.testng.TestRunner@26f143ed)</span>
                  <div class="stack-trace">org.testng.SkipException: Skipping execution for  :TC_06:BiosimilarCalculator_Biosimilar_ 340BFacilityType_DifferentUnits_GtoMG
	at driver.Driver.executeTestcase(Driver.java:93)
	at java.base/java.util.ArrayList.forEach(ArrayList.java:1511)
... Removed 27 stack frames
</div> <!-- stack-trace -->
                </div> <!-- method-content -->
              </div> <!-- method -->
              <div class="method">
                <div class="method-content">
                  <a name="executeTestcase(org.testng.TestRunner@26f143ed)">
                  </a> <!-- executeTestcase(org.testng.TestRunner@26f143ed) -->
                  <span class="method-name">executeTestcase</span>
                  <span class="parameters">(org.testng.TestRunner@26f143ed)</span>
                  <div class="stack-trace">org.testng.SkipException: Skipping execution for  :TC_07: BiosimilarCalculator_Filter
	at driver.Driver.executeTestcase(Driver.java:93)
	at java.base/java.util.ArrayList.forEach(ArrayList.java:1511)
... Removed 26 stack frames
</div> <!-- stack-trace -->
                </div> <!-- method-content -->
              </div> <!-- method -->
              <div class="method">
                <div class="method-content">
                  <a name="executeTestcase(org.testng.TestRunner@26f143ed)">
                  </a> <!-- executeTestcase(org.testng.TestRunner@26f143ed) -->
                  <span class="method-name">executeTestcase</span>
                  <span class="parameters">(org.testng.TestRunner@26f143ed)</span>
                  <div class="stack-trace">org.testng.SkipException: Skipping execution for  :TC_05:BiosimilarCalculator_Biosimilar_ 340BFacilityType_SameUnits_Int.Units
	at driver.Driver.executeTestcase(Driver.java:93)
	at java.base/java.util.ArrayList.forEach(ArrayList.java:1511)
... Removed 27 stack frames
</div> <!-- stack-trace -->
                </div> <!-- method-content -->
              </div> <!-- method -->
              <div class="method">
                <div class="method-content">
                  <a name="executeTestcase(org.testng.TestRunner@26f143ed)">
                  </a> <!-- executeTestcase(org.testng.TestRunner@26f143ed) -->
                  <span class="method-name">executeTestcase</span>
                  <span class="parameters">(org.testng.TestRunner@26f143ed)</span>
                  <div class="stack-trace">org.testng.SkipException: Skipping execution for  :TC_11: IVIG_DrugDashboard_ AddNewDrug_AllFields
	at driver.Driver.executeTestcase(Driver.java:93)
	at java.base/java.util.ArrayList.forEach(ArrayList.java:1511)
... Removed 26 stack frames
</div> <!-- stack-trace -->
                </div> <!-- method-content -->
              </div> <!-- method -->
              <div class="method">
                <div class="method-content">
                  <a name="executeTestcase(org.testng.TestRunner@26f143ed)">
                  </a> <!-- executeTestcase(org.testng.TestRunner@26f143ed) -->
                  <span class="method-name">executeTestcase</span>
                  <span class="parameters">(org.testng.TestRunner@26f143ed)</span>
                  <div class="stack-trace">org.testng.SkipException: Skipping execution for  :TC_01:DrugDashboard_Add_Mandatory
	at driver.Driver.executeTestcase(Driver.java:93)
	at java.base/java.util.ArrayList.forEach(ArrayList.java:1511)
... Removed 26 stack frames
</div> <!-- stack-trace -->
                </div> <!-- method-content -->
              </div> <!-- method -->
              <div class="method">
                <div class="method-content">
                  <a name="executeTestcase(org.testng.TestRunner@26f143ed)">
                  </a> <!-- executeTestcase(org.testng.TestRunner@26f143ed) -->
                  <span class="method-name">executeTestcase</span>
                  <span class="parameters">(org.testng.TestRunner@26f143ed)</span>
                  <div class="stack-trace">org.testng.SkipException: Skipping execution for  :TC_11:BiosimilarCalculator_Biosimilar_Non 340BFacilityType_DifferentUnits_MCGtoMG
	at driver.Driver.executeTestcase(Driver.java:93)
	at java.base/java.util.ArrayList.forEach(ArrayList.java:1511)
... Removed 26 stack frames
</div> <!-- stack-trace -->
                </div> <!-- method-content -->
              </div> <!-- method -->
              <div class="method">
                <div class="method-content">
                  <a name="executeTestcase(org.testng.TestRunner@26f143ed)">
                  </a> <!-- executeTestcase(org.testng.TestRunner@26f143ed) -->
                  <span class="method-name">executeTestcase</span>
                  <span class="parameters">(org.testng.TestRunner@26f143ed)</span>
                  <div class="stack-trace">org.testng.SkipException: Skipping execution for  :TC_01: Check if user can able to see the &quot;UserList&quot; tab
	at driver.Driver.executeTestcase(Driver.java:93)
	at java.base/java.util.ArrayList.forEach(ArrayList.java:1511)
... Removed 26 stack frames
</div> <!-- stack-trace -->
                </div> <!-- method-content -->
              </div> <!-- method -->
              <div class="method">
                <div class="method-content">
                  <a name="executeTestcase(org.testng.TestRunner@26f143ed)">
                  </a> <!-- executeTestcase(org.testng.TestRunner@26f143ed) -->
                  <span class="method-name">executeTestcase</span>
                  <span class="parameters">(org.testng.TestRunner@26f143ed)</span>
                  <div class="stack-trace">org.testng.SkipException: Skipping execution for  :TC_04: Check that Search field with Filter options is getting displayed in the &quot;User Name&quot; and &quot;User Email Address&quot; columns
	at driver.Driver.executeTestcase(Driver.java:93)
	at java.base/java.util.ArrayList.forEach(ArrayList.java:1511)
... Removed 26 stack frames
</div> <!-- stack-trace -->
                </div> <!-- method-content -->
              </div> <!-- method -->
              <div class="method">
                <div class="method-content">
                  <a name="executeTestcase(org.testng.TestRunner@26f143ed)">
                  </a> <!-- executeTestcase(org.testng.TestRunner@26f143ed) -->
                  <span class="method-name">executeTestcase</span>
                  <span class="parameters">(org.testng.TestRunner@26f143ed)</span>
                  <div class="stack-trace">org.testng.SkipException: Skipping execution for  :TC_09:BiosimilarCalculator_Originator_ 340BFacilityType_DifferentUnits_MGtoG
	at driver.Driver.executeTestcase(Driver.java:93)
	at java.base/java.util.ArrayList.forEach(ArrayList.java:1511)
... Removed 26 stack frames
</div> <!-- stack-trace -->
                </div> <!-- method-content -->
              </div> <!-- method -->
              <div class="method">
                <div class="method-content">
                  <a name="executeTestcase(org.testng.TestRunner@26f143ed)">
                  </a> <!-- executeTestcase(org.testng.TestRunner@26f143ed) -->
                  <span class="method-name">executeTestcase</span>
                  <span class="parameters">(org.testng.TestRunner@26f143ed)</span>
                  <div class="stack-trace">org.testng.SkipException: Skipping execution for  :TC_11: IVIG_340BFacilityType_DifferentUnits_MCGtoG
	at driver.Driver.executeTestcase(Driver.java:93)
	at java.base/java.util.ArrayList.forEach(ArrayList.java:1511)
... Removed 26 stack frames
</div> <!-- stack-trace -->
                </div> <!-- method-content -->
              </div> <!-- method -->
              <div class="method">
                <div class="method-content">
                  <a name="executeTestcase(org.testng.TestRunner@26f143ed)">
                  </a> <!-- executeTestcase(org.testng.TestRunner@26f143ed) -->
                  <span class="method-name">executeTestcase</span>
                  <span class="parameters">(org.testng.TestRunner@26f143ed)</span>
                  <div class="stack-trace">org.testng.SkipException: Skipping execution for  :TC_04: IVIGCalculator_ Sorting
	at driver.Driver.executeTestcase(Driver.java:93)
	at java.base/java.util.ArrayList.forEach(ArrayList.java:1511)
... Removed 26 stack frames
</div> <!-- stack-trace -->
                </div> <!-- method-content -->
              </div> <!-- method -->
              <div class="method">
                <div class="method-content">
                  <a name="executeTestcase(org.testng.TestRunner@26f143ed)">
                  </a> <!-- executeTestcase(org.testng.TestRunner@26f143ed) -->
                  <span class="method-name">executeTestcase</span>
                  <span class="parameters">(org.testng.TestRunner@26f143ed)</span>
                  <div class="stack-trace">org.testng.SkipException: Skipping execution for  :TC_03: Check that the header &quot;User with their roles&quot; is getting displayed at the top of the table
	at driver.Driver.executeTestcase(Driver.java:93)
	at java.base/java.util.ArrayList.forEach(ArrayList.java:1511)
... Removed 26 stack frames
</div> <!-- stack-trace -->
                </div> <!-- method-content -->
              </div> <!-- method -->
              <div class="method">
                <div class="method-content">
                  <a name="executeTestcase(org.testng.TestRunner@26f143ed)">
                  </a> <!-- executeTestcase(org.testng.TestRunner@26f143ed) -->
                  <span class="method-name">executeTestcase</span>
                  <span class="parameters">(org.testng.TestRunner@26f143ed)</span>
                  <div class="stack-trace">org.testng.SkipException: Skipping execution for  :TC_07:BiosimilarCalculator_Originator_Non 340BFacilityType_DifferentUnits_MGtoG
	at driver.Driver.executeTestcase(Driver.java:93)
	at java.base/java.util.ArrayList.forEach(ArrayList.java:1511)
... Removed 26 stack frames
</div> <!-- stack-trace -->
                </div> <!-- method-content -->
              </div> <!-- method -->
              <div class="method">
                <div class="method-content">
                  <a name="executeTestcase(org.testng.TestRunner@26f143ed)">
                  </a> <!-- executeTestcase(org.testng.TestRunner@26f143ed) -->
                  <span class="method-name">executeTestcase</span>
                  <span class="parameters">(org.testng.TestRunner@26f143ed)</span>
                  <div class="stack-trace">org.testng.SkipException: Skipping execution for  :TC_08:DrugDashboard_Filter
	at driver.Driver.executeTestcase(Driver.java:93)
	at java.base/java.util.ArrayList.forEach(ArrayList.java:1511)
... Removed 26 stack frames
</div> <!-- stack-trace -->
                </div> <!-- method-content -->
              </div> <!-- method -->
              <div class="method">
                <div class="method-content">
                  <a name="executeTestcase(org.testng.TestRunner@26f143ed)">
                  </a> <!-- executeTestcase(org.testng.TestRunner@26f143ed) -->
                  <span class="method-name">executeTestcase</span>
                  <span class="parameters">(org.testng.TestRunner@26f143ed)</span>
                  <div class="stack-trace">org.testng.SkipException: Skipping execution for  :TC_11:BiosimilarCalculator_Originator_Non 340BFacilityType_DifferentUnits_MCGtoMG
	at driver.Driver.executeTestcase(Driver.java:93)
	at java.base/java.util.ArrayList.forEach(ArrayList.java:1511)
... Removed 26 stack frames
</div> <!-- stack-trace -->
                </div> <!-- method-content -->
              </div> <!-- method -->
              <div class="method">
                <div class="method-content">
                  <a name="executeTestcase(org.testng.TestRunner@26f143ed)">
                  </a> <!-- executeTestcase(org.testng.TestRunner@26f143ed) -->
                  <span class="method-name">executeTestcase</span>
                  <span class="parameters">(org.testng.TestRunner@26f143ed)</span>
                  <div class="stack-trace">org.testng.SkipException: Skipping execution for  :TC_07: Check that the list of Users are getting displayed in the &quot;UserList&quot; page
	at driver.Driver.executeTestcase(Driver.java:93)
	at java.base/java.util.ArrayList.forEach(ArrayList.java:1511)
... Removed 26 stack frames
</div> <!-- stack-trace -->
                </div> <!-- method-content -->
              </div> <!-- method -->
              <div class="method">
                <div class="method-content">
                  <a name="executeTestcase(org.testng.TestRunner@26f143ed)">
                  </a> <!-- executeTestcase(org.testng.TestRunner@26f143ed) -->
                  <span class="method-name">executeTestcase</span>
                  <span class="parameters">(org.testng.TestRunner@26f143ed)</span>
                  <div class="stack-trace">org.testng.SkipException: Skipping execution for  :TC_09:BiosimilarCalculator_Originator_Non 340BFacilityType_DifferentUnits_MCGtoG
	at driver.Driver.executeTestcase(Driver.java:93)
	at java.base/java.util.ArrayList.forEach(ArrayList.java:1511)
... Removed 26 stack frames
</div> <!-- stack-trace -->
                </div> <!-- method-content -->
              </div> <!-- method -->
              <div class="method">
                <div class="method-content">
                  <a name="executeTestcase(org.testng.TestRunner@26f143ed)">
                  </a> <!-- executeTestcase(org.testng.TestRunner@26f143ed) -->
                  <span class="method-name">executeTestcase</span>
                  <span class="parameters">(org.testng.TestRunner@26f143ed)</span>
                  <div class="stack-trace">org.testng.SkipException: Skipping execution for  :TC_06: Check that the Filter functionalities are working as expected in &quot;User Name&quot; and &quot;User Email Address&quot; columns of the &quot;UserList&quot; page
	at driver.Driver.executeTestcase(Driver.java:93)
	at java.base/java.util.ArrayList.forEach(ArrayList.java:1511)
... Removed 26 stack frames
</div> <!-- stack-trace -->
                </div> <!-- method-content -->
              </div> <!-- method -->
              <div class="method">
                <div class="method-content">
                  <a name="executeTestcase(org.testng.TestRunner@26f143ed)">
                  </a> <!-- executeTestcase(org.testng.TestRunner@26f143ed) -->
                  <span class="method-name">executeTestcase</span>
                  <span class="parameters">(org.testng.TestRunner@26f143ed)</span>
                  <div class="stack-trace">org.testng.SkipException: Skipping execution for  :TC_02: Check that the respective Columns are getting displayed in the &quot;Switch from Originator to Biosimilar and Save $$$&quot; table
	at driver.Driver.executeTestcase(Driver.java:93)
	at java.base/java.util.ArrayList.forEach(ArrayList.java:1511)
... Removed 26 stack frames
</div> <!-- stack-trace -->
                </div> <!-- method-content -->
              </div> <!-- method -->
              <div class="method">
                <div class="method-content">
                  <a name="executeTestcase(org.testng.TestRunner@26f143ed)">
                  </a> <!-- executeTestcase(org.testng.TestRunner@26f143ed) -->
                  <span class="method-name">executeTestcase</span>
                  <span class="parameters">(org.testng.TestRunner@26f143ed)</span>
                  <div class="stack-trace">org.testng.SkipException: Skipping execution for  :TC_04:BiosimilarCalculator_Originator_Non 340BFacilityType_SameUnits_Units
	at driver.Driver.executeTestcase(Driver.java:93)
	at java.base/java.util.ArrayList.forEach(ArrayList.java:1511)
... Removed 26 stack frames
</div> <!-- stack-trace -->
                </div> <!-- method-content -->
              </div> <!-- method -->
              <div class="method">
                <div class="method-content">
                  <a name="executeTestcase(org.testng.TestRunner@26f143ed)">
                  </a> <!-- executeTestcase(org.testng.TestRunner@26f143ed) -->
                  <span class="method-name">executeTestcase</span>
                  <span class="parameters">(org.testng.TestRunner@26f143ed)</span>
                  <div class="stack-trace">org.testng.SkipException: Skipping execution for  :TC_05:BiosimilarCalculator_Originator_Non 340BFacilityType_SameUnits_Int.Units
	at driver.Driver.executeTestcase(Driver.java:93)
	at java.base/java.util.ArrayList.forEach(ArrayList.java:1511)
... Removed 26 stack frames
</div> <!-- stack-trace -->
                </div> <!-- method-content -->
              </div> <!-- method -->
              <div class="method">
                <div class="method-content">
                  <a name="executeTestcase(org.testng.TestRunner@26f143ed)">
                  </a> <!-- executeTestcase(org.testng.TestRunner@26f143ed) -->
                  <span class="method-name">executeTestcase</span>
                  <span class="parameters">(org.testng.TestRunner@26f143ed)</span>
                  <div class="stack-trace">org.testng.SkipException: Skipping execution for  :TC_06:BiosimilarCalculator_Originator_ 340BFacilityType_DifferentUnits_MGtoMCG
	at driver.Driver.executeTestcase(Driver.java:93)
	at java.base/java.util.ArrayList.forEach(ArrayList.java:1511)
... Removed 26 stack frames
</div> <!-- stack-trace -->
                </div> <!-- method-content -->
              </div> <!-- method -->
              <div class="method">
                <div class="method-content">
                  <a name="executeTestcase(org.testng.TestRunner@26f143ed)">
                  </a> <!-- executeTestcase(org.testng.TestRunner@26f143ed) -->
                  <span class="method-name">executeTestcase</span>
                  <span class="parameters">(org.testng.TestRunner@26f143ed)</span>
                  <div class="stack-trace">org.testng.SkipException: Skipping execution for  :TC_01: Check if user can able to see the &quot;Switch from Originator to Biosimilar and Save $$$&quot; table
	at driver.Driver.executeTestcase(Driver.java:93)
	at java.base/java.util.ArrayList.forEach(ArrayList.java:1511)
... Removed 26 stack frames
</div> <!-- stack-trace -->
                </div> <!-- method-content -->
              </div> <!-- method -->
              <div class="method">
                <div class="method-content">
                  <a name="executeTestcase(org.testng.TestRunner@26f143ed)">
                  </a> <!-- executeTestcase(org.testng.TestRunner@26f143ed) -->
                  <span class="method-name">executeTestcase</span>
                  <span class="parameters">(org.testng.TestRunner@26f143ed)</span>
                  <div class="stack-trace">org.testng.SkipException: Skipping execution for  :TC_02:BiosimilarCalculator_Biosimilar_ 340BFacilityType_SameUnits_MG
	at driver.Driver.executeTestcase(Driver.java:93)
	at java.base/java.util.ArrayList.forEach(ArrayList.java:1511)
... Removed 27 stack frames
</div> <!-- stack-trace -->
                </div> <!-- method-content -->
              </div> <!-- method -->
              <div class="method">
                <div class="method-content">
                  <a name="executeTestcase(org.testng.TestRunner@26f143ed)">
                  </a> <!-- executeTestcase(org.testng.TestRunner@26f143ed) -->
                  <span class="method-name">executeTestcase</span>
                  <span class="parameters">(org.testng.TestRunner@26f143ed)</span>
                  <div class="stack-trace">org.testng.SkipException: Skipping execution for  :TC_10: Check that the Sorting functionality is working as expected in all the four columns of the UserList page
	at driver.Driver.executeTestcase(Driver.java:93)
	at java.base/java.util.ArrayList.forEach(ArrayList.java:1511)
... Removed 26 stack frames
</div> <!-- stack-trace -->
                </div> <!-- method-content -->
              </div> <!-- method -->
              <div class="method">
                <div class="method-content">
                  <a name="executeTestcase(org.testng.TestRunner@26f143ed)">
                  </a> <!-- executeTestcase(org.testng.TestRunner@26f143ed) -->
                  <span class="method-name">executeTestcase</span>
                  <span class="parameters">(org.testng.TestRunner@26f143ed)</span>
                  <div class="stack-trace">org.testng.SkipException: Skipping execution for  :TC_10:BiosimilarCalculator_Originator_Non 340BFacilityType_DifferentUnits_MGtoMCG
	at driver.Driver.executeTestcase(Driver.java:93)
	at java.base/java.util.ArrayList.forEach(ArrayList.java:1511)
... Removed 26 stack frames
</div> <!-- stack-trace -->
                </div> <!-- method-content -->
              </div> <!-- method -->
              <div class="method">
                <div class="method-content">
                  <a name="executeTestcase(org.testng.TestRunner@26f143ed)">
                  </a> <!-- executeTestcase(org.testng.TestRunner@26f143ed) -->
                  <span class="method-name">executeTestcase</span>
                  <span class="parameters">(org.testng.TestRunner@26f143ed)</span>
                  <div class="stack-trace">org.testng.SkipException: Skipping execution for  :TC_08: Check that on clicking the Clear filter icon near the Search field and Drop down field, the search result is disappeared and default data getting loaded
	at driver.Driver.executeTestcase(Driver.java:93)
	at java.base/java.util.ArrayList.forEach(ArrayList.java:1511)
... Removed 26 stack frames
</div> <!-- stack-trace -->
                </div> <!-- method-content -->
              </div> <!-- method -->
              <div class="method">
                <div class="method-content">
                  <a name="executeTestcase(org.testng.TestRunner@26f143ed)">
                  </a> <!-- executeTestcase(org.testng.TestRunner@26f143ed) -->
                  <span class="method-name">executeTestcase</span>
                  <span class="parameters">(org.testng.TestRunner@26f143ed)</span>
                  <div class="stack-trace">org.testng.SkipException: Skipping execution for  :TC_10:BiosimilarCalculator_Biosimilar_Non 340BFacilityType_DifferentUnits_MGtoMCG
	at driver.Driver.executeTestcase(Driver.java:93)
	at java.base/java.util.ArrayList.forEach(ArrayList.java:1511)
... Removed 26 stack frames
</div> <!-- stack-trace -->
                </div> <!-- method-content -->
              </div> <!-- method -->
              <div class="method">
                <div class="method-content">
                  <a name="executeTestcase(org.testng.TestRunner@26f143ed)">
                  </a> <!-- executeTestcase(org.testng.TestRunner@26f143ed) -->
                  <span class="method-name">executeTestcase</span>
                  <span class="parameters">(org.testng.TestRunner@26f143ed)</span>
                  <div class="stack-trace">org.testng.SkipException: Skipping execution for  :TC_08: Check that the values are getting displayed as per the calculation in the &quot;Contract Strength&quot; column of the Calculator page
	at driver.Driver.executeTestcase(Driver.java:93)
	at java.base/java.util.ArrayList.forEach(ArrayList.java:1511)
... Removed 26 stack frames
</div> <!-- stack-trace -->
                </div> <!-- method-content -->
              </div> <!-- method -->
              <div class="method">
                <div class="method-content">
                  <a name="executeTestcase(org.testng.TestRunner@26f143ed)">
                  </a> <!-- executeTestcase(org.testng.TestRunner@26f143ed) -->
                  <span class="method-name">executeTestcase</span>
                  <span class="parameters">(org.testng.TestRunner@26f143ed)</span>
                  <div class="stack-trace">org.testng.SkipException: Skipping execution for  :TC_06:BiosimilarCalculator_Originator_Non 340BFacilityType_DifferentUnits_GtoMG
	at driver.Driver.executeTestcase(Driver.java:93)
	at java.base/java.util.ArrayList.forEach(ArrayList.java:1511)
... Removed 26 stack frames
</div> <!-- stack-trace -->
                </div> <!-- method-content -->
              </div> <!-- method -->
              <div class="method">
                <div class="method-content">
                  <a name="executeTestcase(org.testng.TestRunner@26f143ed)">
                  </a> <!-- executeTestcase(org.testng.TestRunner@26f143ed) -->
                  <span class="method-name">executeTestcase</span>
                  <span class="parameters">(org.testng.TestRunner@26f143ed)</span>
                  <div class="stack-trace">org.testng.SkipException: Skipping execution for  :TC_14:DrugDashboard_Update_NonMandatory
	at driver.Driver.executeTestcase(Driver.java:93)
	at java.base/java.util.ArrayList.forEach(ArrayList.java:1511)
... Removed 26 stack frames
</div> <!-- stack-trace -->
                </div> <!-- method-content -->
              </div> <!-- method -->
              <div class="method">
                <div class="method-content">
                  <a name="executeTestcase(org.testng.TestRunner@26f143ed)">
                  </a> <!-- executeTestcase(org.testng.TestRunner@26f143ed) -->
                  <span class="method-name">executeTestcase</span>
                  <span class="parameters">(org.testng.TestRunner@26f143ed)</span>
                  <div class="stack-trace">org.testng.SkipException: Skipping execution for  :TC_01:BiosimilarCalculator_Originator_Non 340BFacilityType_SameUnits_G
	at driver.Driver.executeTestcase(Driver.java:93)
	at java.base/java.util.ArrayList.forEach(ArrayList.java:1511)
... Removed 26 stack frames
</div> <!-- stack-trace -->
                </div> <!-- method-content -->
              </div> <!-- method -->
              <div class="method">
                <div class="method-content">
                  <a name="executeTestcase(org.testng.TestRunner@26f143ed)">
                  </a> <!-- executeTestcase(org.testng.TestRunner@26f143ed) -->
                  <span class="method-name">executeTestcase</span>
                  <span class="parameters">(org.testng.TestRunner@26f143ed)</span>
                  <div class="stack-trace">org.testng.SkipException: Skipping execution for  :TC_01: Check that the page is getting displayed with the &quot;Average Sales Price&quot; tab
	at driver.Driver.executeTestcase(Driver.java:93)
	at java.base/java.util.ArrayList.forEach(ArrayList.java:1511)
... Removed 26 stack frames
</div> <!-- stack-trace -->
                </div> <!-- method-content -->
              </div> <!-- method -->
              <div class="method">
                <div class="method-content">
                  <a name="executeTestcase(org.testng.TestRunner@26f143ed)">
                  </a> <!-- executeTestcase(org.testng.TestRunner@26f143ed) -->
                  <span class="method-name">executeTestcase</span>
                  <span class="parameters">(org.testng.TestRunner@26f143ed)</span>
                  <div class="stack-trace">org.testng.SkipException: Skipping execution for  :TC_04: Check that the invalid excel file is not getting uploaded in the Average Sales Price page
	at driver.Driver.executeTestcase(Driver.java:93)
	at java.base/java.util.ArrayList.forEach(ArrayList.java:1511)
... Removed 26 stack frames
</div> <!-- stack-trace -->
                </div> <!-- method-content -->
              </div> <!-- method -->
              <div class="method">
                <div class="method-content">
                  <a name="executeTestcase(org.testng.TestRunner@26f143ed)">
                  </a> <!-- executeTestcase(org.testng.TestRunner@26f143ed) -->
                  <span class="method-name">executeTestcase</span>
                  <span class="parameters">(org.testng.TestRunner@26f143ed)</span>
                  <div class="stack-trace">org.testng.SkipException: Skipping execution for  :TC_02: Check if the user can able to search an existing drug with Uppercase &amp; lowercase text
	at driver.Driver.executeTestcase(Driver.java:93)
	at java.base/java.util.ArrayList.forEach(ArrayList.java:1511)
... Removed 26 stack frames
</div> <!-- stack-trace -->
                </div> <!-- method-content -->
              </div> <!-- method -->
              <div class="method">
                <div class="method-content">
                  <a name="executeTestcase(org.testng.TestRunner@26f143ed)">
                  </a> <!-- executeTestcase(org.testng.TestRunner@26f143ed) -->
                  <span class="method-name">executeTestcase</span>
                  <span class="parameters">(org.testng.TestRunner@26f143ed)</span>
                  <div class="stack-trace">org.testng.SkipException: Skipping execution for  :TC_03: Verify if two additional columns are added to to the IVIG calculator
	at driver.Driver.executeTestcase(Driver.java:93)
	at java.base/java.util.ArrayList.forEach(ArrayList.java:1511)
... Removed 26 stack frames
</div> <!-- stack-trace -->
                </div> <!-- method-content -->
              </div> <!-- method -->
              <div class="method">
                <div class="method-content">
                  <a name="executeTestcase(org.testng.TestRunner@26f143ed)">
                  </a> <!-- executeTestcase(org.testng.TestRunner@26f143ed) -->
                  <span class="method-name">executeTestcase</span>
                  <span class="parameters">(org.testng.TestRunner@26f143ed)</span>
                  <div class="stack-trace">org.testng.SkipException: Skipping execution for  :TC_04: IVIG_Non 340BFacilityType_DifferentUnits_GtoMCG
	at driver.Driver.executeTestcase(Driver.java:93)
	at java.base/java.util.ArrayList.forEach(ArrayList.java:1511)
... Removed 26 stack frames
</div> <!-- stack-trace -->
                </div> <!-- method-content -->
              </div> <!-- method -->
              <div class="method">
                <div class="method-content">
                  <a name="executeTestcase(org.testng.TestRunner@26f143ed)">
                  </a> <!-- executeTestcase(org.testng.TestRunner@26f143ed) -->
                  <span class="method-name">executeTestcase</span>
                  <span class="parameters">(org.testng.TestRunner@26f143ed)</span>
                  <div class="stack-trace">org.testng.SkipException: Skipping execution for  :TC_07: IVIG_340BFacilityType_SameUnits
	at driver.Driver.executeTestcase(Driver.java:93)
	at java.base/java.util.ArrayList.forEach(ArrayList.java:1511)
... Removed 26 stack frames
</div> <!-- stack-trace -->
                </div> <!-- method-content -->
              </div> <!-- method -->
              <div class="method">
                <div class="method-content">
                  <a name="executeTestcase(org.testng.TestRunner@26f143ed)">
                  </a> <!-- executeTestcase(org.testng.TestRunner@26f143ed) -->
                  <span class="method-name">executeTestcase</span>
                  <span class="parameters">(org.testng.TestRunner@26f143ed)</span>
                  <div class="stack-trace">org.testng.SkipException: Skipping execution for  :TC_07:DrugDashboard_Remove
	at driver.Driver.executeTestcase(Driver.java:93)
	at java.base/java.util.ArrayList.forEach(ArrayList.java:1511)
... Removed 26 stack frames
</div> <!-- stack-trace -->
                </div> <!-- method-content -->
              </div> <!-- method -->
              <div class="method">
                <div class="method-content">
                  <a name="executeTestcase(org.testng.TestRunner@26f143ed)">
                  </a> <!-- executeTestcase(org.testng.TestRunner@26f143ed) -->
                  <span class="method-name">executeTestcase</span>
                  <span class="parameters">(org.testng.TestRunner@26f143ed)</span>
                  <div class="stack-trace">org.testng.SkipException: Skipping execution for  :TC_10: IVIG_340BFacilityType_DifferentUnits_GtoMCG
	at driver.Driver.executeTestcase(Driver.java:93)
	at java.base/java.util.ArrayList.forEach(ArrayList.java:1511)
... Removed 26 stack frames
</div> <!-- stack-trace -->
                </div> <!-- method-content -->
              </div> <!-- method -->
              <div class="method">
                <div class="method-content">
                  <a name="executeTestcase(org.testng.TestRunner@26f143ed)">
                  </a> <!-- executeTestcase(org.testng.TestRunner@26f143ed) -->
                  <span class="method-name">executeTestcase</span>
                  <span class="parameters">(org.testng.TestRunner@26f143ed)</span>
                  <div class="stack-trace">org.testng.SkipException: Skipping execution for  :TC_08: IVIG_340BFacilityType_DifferentUnits_GtoMG
	at driver.Driver.executeTestcase(Driver.java:93)
	at java.base/java.util.ArrayList.forEach(ArrayList.java:1511)
... Removed 26 stack frames
</div> <!-- stack-trace -->
                </div> <!-- method-content -->
              </div> <!-- method -->
              <div class="method">
                <div class="method-content">
                  <a name="executeTestcase(org.testng.TestRunner@26f143ed)">
                  </a> <!-- executeTestcase(org.testng.TestRunner@26f143ed) -->
                  <span class="method-name">executeTestcase</span>
                  <span class="parameters">(org.testng.TestRunner@26f143ed)</span>
                  <div class="stack-trace">org.testng.SkipException: Skipping execution for  :TC_13:DrugDashboard_Update_Existing
	at driver.Driver.executeTestcase(Driver.java:93)
	at java.base/java.util.ArrayList.forEach(ArrayList.java:1511)
... Removed 26 stack frames
</div> <!-- stack-trace -->
                </div> <!-- method-content -->
              </div> <!-- method -->
              <div class="method">
                <div class="method-content">
                  <a name="executeTestcase(org.testng.TestRunner@26f143ed)">
                  </a> <!-- executeTestcase(org.testng.TestRunner@26f143ed) -->
                  <span class="method-name">executeTestcase</span>
                  <span class="parameters">(org.testng.TestRunner@26f143ed)</span>
                  <div class="stack-trace">org.testng.SkipException: Skipping execution for  :TC_05:BiosimilarCalculator_Originator_ 340BFacilityType_SameUnits_Int.Units
	at driver.Driver.executeTestcase(Driver.java:93)
	at java.base/java.util.ArrayList.forEach(ArrayList.java:1511)
... Removed 26 stack frames
</div> <!-- stack-trace -->
                </div> <!-- method-content -->
              </div> <!-- method -->
              <div class="method">
                <div class="method-content">
                  <a name="executeTestcase(org.testng.TestRunner@26f143ed)">
                  </a> <!-- executeTestcase(org.testng.TestRunner@26f143ed) -->
                  <span class="method-name">executeTestcase</span>
                  <span class="parameters">(org.testng.TestRunner@26f143ed)</span>
                  <div class="stack-trace">org.testng.SkipException: Skipping execution for  :TC_10: IVIG_DrugDashboard_ AddNewDrug_MandatoryFields
	at driver.Driver.executeTestcase(Driver.java:93)
	at java.base/java.util.ArrayList.forEach(ArrayList.java:1511)
... Removed 26 stack frames
</div> <!-- stack-trace -->
                </div> <!-- method-content -->
              </div> <!-- method -->
              <div class="method">
                <div class="method-content">
                  <a name="executeTestcase(org.testng.TestRunner@26f143ed)">
                  </a> <!-- executeTestcase(org.testng.TestRunner@26f143ed) -->
                  <span class="method-name">executeTestcase</span>
                  <span class="parameters">(org.testng.TestRunner@26f143ed)</span>
                  <div class="stack-trace">org.testng.SkipException: Skipping execution for  :TC_02: Check that the respective Columns are getting displayed in the &quot;UserList&quot; page
	at driver.Driver.executeTestcase(Driver.java:93)
	at java.base/java.util.ArrayList.forEach(ArrayList.java:1511)
... Removed 26 stack frames
</div> <!-- stack-trace -->
                </div> <!-- method-content -->
              </div> <!-- method -->
              <div class="method">
                <div class="method-content">
                  <a name="executeTestcase(org.testng.TestRunner@26f143ed)">
                  </a> <!-- executeTestcase(org.testng.TestRunner@26f143ed) -->
                  <span class="method-name">executeTestcase</span>
                  <span class="parameters">(org.testng.TestRunner@26f143ed)</span>
                  <div class="stack-trace">org.testng.SkipException: Skipping execution for  :TC_01:BiosimilarCalculator_Originator_ 340BFacilityType_SameUnits_G
	at driver.Driver.executeTestcase(Driver.java:93)
	at java.base/java.util.ArrayList.forEach(ArrayList.java:1511)
... Removed 26 stack frames
</div> <!-- stack-trace -->
                </div> <!-- method-content -->
              </div> <!-- method -->
              <div class="method">
                <div class="method-content">
                  <a name="executeTestcase(org.testng.TestRunner@26f143ed)">
                  </a> <!-- executeTestcase(org.testng.TestRunner@26f143ed) -->
                  <span class="method-name">executeTestcase</span>
                  <span class="parameters">(org.testng.TestRunner@26f143ed)</span>
                  <div class="stack-trace">org.testng.SkipException: Skipping execution for  :TC_06: BiosimilarCalculator_Sorting
	at driver.Driver.executeTestcase(Driver.java:93)
	at java.base/java.util.ArrayList.forEach(ArrayList.java:1511)
... Removed 26 stack frames
</div> <!-- stack-trace -->
                </div> <!-- method-content -->
              </div> <!-- method -->
              <div class="method">
                <div class="method-content">
                  <a name="executeTestcase(org.testng.TestRunner@26f143ed)">
                  </a> <!-- executeTestcase(org.testng.TestRunner@26f143ed) -->
                  <span class="method-name">executeTestcase</span>
                  <span class="parameters">(org.testng.TestRunner@26f143ed)</span>
                  <div class="stack-trace">org.testng.SkipException: Skipping execution for  :TC_04:BiosimilarCalculator_Originator_ 340BFacilityType_SameUnits_Units
	at driver.Driver.executeTestcase(Driver.java:93)
	at java.base/java.util.ArrayList.forEach(ArrayList.java:1511)
... Removed 26 stack frames
</div> <!-- stack-trace -->
                </div> <!-- method-content -->
              </div> <!-- method -->
              <div class="method">
                <div class="method-content">
                  <a name="executeTestcase(org.testng.TestRunner@26f143ed)">
                  </a> <!-- executeTestcase(org.testng.TestRunner@26f143ed) -->
                  <span class="method-name">executeTestcase</span>
                  <span class="parameters">(org.testng.TestRunner@26f143ed)</span>
                  <div class="stack-trace">org.testng.SkipException: Skipping execution for  :TC_06:BiosimilarCalculator_Biosimilar_Non 340BFacilityType_DifferentUnits_GtoMCG
	at driver.Driver.executeTestcase(Driver.java:93)
	at java.base/java.util.ArrayList.forEach(ArrayList.java:1511)
... Removed 26 stack frames
</div> <!-- stack-trace -->
                </div> <!-- method-content -->
              </div> <!-- method -->
              <div class="method">
                <div class="method-content">
                  <a name="executeTestcase(org.testng.TestRunner@26f143ed)">
                  </a> <!-- executeTestcase(org.testng.TestRunner@26f143ed) -->
                  <span class="method-name">executeTestcase</span>
                  <span class="parameters">(org.testng.TestRunner@26f143ed)</span>
                  <div class="stack-trace">org.testng.SkipException: Skipping execution for  :TC_08:BiosimilarCalculator_Biosimilar_ 340BFacilityType_DifferentUnits_GtoMCG
	at driver.Driver.executeTestcase(Driver.java:93)
	at java.base/java.util.ArrayList.forEach(ArrayList.java:1511)
... Removed 27 stack frames
</div> <!-- stack-trace -->
                </div> <!-- method-content -->
              </div> <!-- method -->
              <div class="method">
                <div class="method-content">
                  <a name="executeTestcase(org.testng.TestRunner@26f143ed)">
                  </a> <!-- executeTestcase(org.testng.TestRunner@26f143ed) -->
                  <span class="method-name">executeTestcase</span>
                  <span class="parameters">(org.testng.TestRunner@26f143ed)</span>
                  <div class="stack-trace">org.testng.SkipException: Skipping execution for  :TC_01: Check if the user can able to search a newly added drug with Uppercase &amp; lowercase text
	at driver.Driver.executeTestcase(Driver.java:93)
	at java.base/java.util.ArrayList.forEach(ArrayList.java:1511)
... Removed 26 stack frames
</div> <!-- stack-trace -->
                </div> <!-- method-content -->
              </div> <!-- method -->
              <div class="method">
                <div class="method-content">
                  <a name="executeTestcase(org.testng.TestRunner@26f143ed)">
                  </a> <!-- executeTestcase(org.testng.TestRunner@26f143ed) -->
                  <span class="method-name">executeTestcase</span>
                  <span class="parameters">(org.testng.TestRunner@26f143ed)</span>
                  <div class="stack-trace">org.testng.SkipException: Skipping execution for  :TC_09:DrugDashboard_Sorting
	at driver.Driver.executeTestcase(Driver.java:93)
	at java.base/java.util.ArrayList.forEach(ArrayList.java:1511)
... Removed 26 stack frames
</div> <!-- stack-trace -->
                </div> <!-- method-content -->
              </div> <!-- method -->
              <div class="method">
                <div class="method-content">
                  <a name="executeTestcase(org.testng.TestRunner@26f143ed)">
                  </a> <!-- executeTestcase(org.testng.TestRunner@26f143ed) -->
                  <span class="method-name">executeTestcase</span>
                  <span class="parameters">(org.testng.TestRunner@26f143ed)</span>
                  <div class="stack-trace">org.testng.SkipException: Skipping execution for  :TC_09:BiosimilarCalculator_Biosimilar_Non 340BFacilityType_DifferentUnits_MGtoG
	at driver.Driver.executeTestcase(Driver.java:93)
	at java.base/java.util.ArrayList.forEach(ArrayList.java:1511)
... Removed 26 stack frames
</div> <!-- stack-trace -->
                </div> <!-- method-content -->
              </div> <!-- method -->
              <div class="method">
                <div class="method-content">
                  <a name="executeTestcase(org.testng.TestRunner@26f143ed)">
                  </a> <!-- executeTestcase(org.testng.TestRunner@26f143ed) -->
                  <span class="method-name">executeTestcase</span>
                  <span class="parameters">(org.testng.TestRunner@26f143ed)</span>
                  <div class="stack-trace">org.testng.SkipException: Skipping execution for  :TC_03:DrugDashboard_Add_ErrorMsg
	at driver.Driver.executeTestcase(Driver.java:93)
	at java.base/java.util.ArrayList.forEach(ArrayList.java:1511)
... Removed 26 stack frames
</div> <!-- stack-trace -->
                </div> <!-- method-content -->
              </div> <!-- method -->
              <div class="method">
                <div class="method-content">
                  <a name="executeTestcase(org.testng.TestRunner@26f143ed)">
                  </a> <!-- executeTestcase(org.testng.TestRunner@26f143ed) -->
                  <span class="method-name">executeTestcase</span>
                  <span class="parameters">(org.testng.TestRunner@26f143ed)</span>
                  <div class="stack-trace">org.testng.SkipException: Skipping execution for  :TC_08:BiosimilarCalculator_Biosimilar_Non 340BFacilityType_DifferentUnits_GtoMG
	at driver.Driver.executeTestcase(Driver.java:93)
	at java.base/java.util.ArrayList.forEach(ArrayList.java:1511)
... Removed 26 stack frames
</div> <!-- stack-trace -->
                </div> <!-- method-content -->
              </div> <!-- method -->
              <div class="method">
                <div class="method-content">
                  <a name="executeTestcase(org.testng.TestRunner@26f143ed)">
                  </a> <!-- executeTestcase(org.testng.TestRunner@26f143ed) -->
                  <span class="method-name">executeTestcase</span>
                  <span class="parameters">(org.testng.TestRunner@26f143ed)</span>
                  <div class="stack-trace">org.testng.SkipException: Skipping execution for  :TC_07:BiosimilarCalculator_Biosimilar_ 340BFacilityType_DifferentUnits_MGtoG
	at driver.Driver.executeTestcase(Driver.java:93)
	at java.base/java.util.ArrayList.forEach(ArrayList.java:1511)
... Removed 27 stack frames
</div> <!-- stack-trace -->
                </div> <!-- method-content -->
              </div> <!-- method -->
              <div class="method">
                <div class="method-content">
                  <a name="executeTestcase(org.testng.TestRunner@26f143ed)">
                  </a> <!-- executeTestcase(org.testng.TestRunner@26f143ed) -->
                  <span class="method-name">executeTestcase</span>
                  <span class="parameters">(org.testng.TestRunner@26f143ed)</span>
                  <div class="stack-trace">org.testng.SkipException: Skipping execution for  :TC_08:BiosimilarCalculator_Originator_Non 340BFacilityType_DifferentUnits_GtoMCG
	at driver.Driver.executeTestcase(Driver.java:93)
	at java.base/java.util.ArrayList.forEach(ArrayList.java:1511)
... Removed 26 stack frames
</div> <!-- stack-trace -->
                </div> <!-- method-content -->
              </div> <!-- method -->
              <div class="method">
                <div class="method-content">
                  <a name="executeTestcase(org.testng.TestRunner@26f143ed)">
                  </a> <!-- executeTestcase(org.testng.TestRunner@26f143ed) -->
                  <span class="method-name">executeTestcase</span>
                  <span class="parameters">(org.testng.TestRunner@26f143ed)</span>
                  <div class="stack-trace">org.testng.SkipException: Skipping execution for  :TC_03: Check that the filter option is available only in the &quot;Trade Name&quot; and &quot;Adjusted Package Size&quot; columns in the &quot;Switch from Originator to Biosimilar and Save $$$&quot; table
	at driver.Driver.executeTestcase(Driver.java:93)
	at java.base/java.util.ArrayList.forEach(ArrayList.java:1511)
... Removed 26 stack frames
</div> <!-- stack-trace -->
                </div> <!-- method-content -->
              </div> <!-- method -->
              <div class="method">
                <div class="method-content">
                  <a name="executeTestcase(org.testng.TestRunner@26f143ed)">
                  </a> <!-- executeTestcase(org.testng.TestRunner@26f143ed) -->
                  <span class="method-name">executeTestcase</span>
                  <span class="parameters">(org.testng.TestRunner@26f143ed)</span>
                  <div class="stack-trace">org.testng.SkipException: Skipping execution for  :TC_19: Check if user can able to see the &quot;Drug Strength Volume&quot; column in the Drugs Dashboard page
	at driver.Driver.executeTestcase(Driver.java:93)
	at java.base/java.util.ArrayList.forEach(ArrayList.java:1511)
... Removed 26 stack frames
</div> <!-- stack-trace -->
                </div> <!-- method-content -->
              </div> <!-- method -->
              <div class="method">
                <div class="method-content">
                  <a name="executeTestcase(org.testng.TestRunner@26f143ed)">
                  </a> <!-- executeTestcase(org.testng.TestRunner@26f143ed) -->
                  <span class="method-name">executeTestcase</span>
                  <span class="parameters">(org.testng.TestRunner@26f143ed)</span>
                  <div class="stack-trace">org.testng.SkipException: Skipping execution for  :TC_05: IVIG_Non 340BFacilityType_DifferentUnits_MCGtoG
	at driver.Driver.executeTestcase(Driver.java:93)
	at java.base/java.util.ArrayList.forEach(ArrayList.java:1511)
... Removed 26 stack frames
</div> <!-- stack-trace -->
                </div> <!-- method-content -->
              </div> <!-- method -->
              <div class="method">
                <div class="method-content">
                  <a name="executeTestcase(org.testng.TestRunner@26f143ed)">
                  </a> <!-- executeTestcase(org.testng.TestRunner@26f143ed) -->
                  <span class="method-name">executeTestcase</span>
                  <span class="parameters">(org.testng.TestRunner@26f143ed)</span>
                  <div class="stack-trace">org.testng.SkipException: Skipping execution for  :TC_09: Check that the values are getting displayed in the &quot;Contract Strength&quot; column as per the changes made in the columns of the Drugs Dashboard table
	at driver.Driver.executeTestcase(Driver.java:93)
	at java.base/java.util.ArrayList.forEach(ArrayList.java:1511)
... Removed 26 stack frames
</div> <!-- stack-trace -->
                </div> <!-- method-content -->
              </div> <!-- method -->
              <div class="method">
                <div class="method-content">
                  <a name="executeTestcase(org.testng.TestRunner@26f143ed)">
                  </a> <!-- executeTestcase(org.testng.TestRunner@26f143ed) -->
                  <span class="method-name">executeTestcase</span>
                  <span class="parameters">(org.testng.TestRunner@26f143ed)</span>
                  <div class="stack-trace">org.testng.SkipException: Skipping execution for  :TC_02: IVIG_Non 340BFacilityType_DifferentUnits_GtoMG
	at driver.Driver.executeTestcase(Driver.java:93)
	at java.base/java.util.ArrayList.forEach(ArrayList.java:1511)
... Removed 26 stack frames
</div> <!-- stack-trace -->
                </div> <!-- method-content -->
              </div> <!-- method -->
              <div class="method">
                <div class="method-content">
                  <a name="executeTestcase(org.testng.TestRunner@26f143ed)">
                  </a> <!-- executeTestcase(org.testng.TestRunner@26f143ed) -->
                  <span class="method-name">executeTestcase</span>
                  <span class="parameters">(org.testng.TestRunner@26f143ed)</span>
                  <div class="stack-trace">org.testng.SkipException: Skipping execution for  :TC_03:BiosimilarCalculator_Originator_Non 340BFacilityType_SameUnits_MCG
	at driver.Driver.executeTestcase(Driver.java:93)
	at java.base/java.util.ArrayList.forEach(ArrayList.java:1511)
... Removed 26 stack frames
</div> <!-- stack-trace -->
                </div> <!-- method-content -->
              </div> <!-- method -->
              <div class="method">
                <div class="method-content">
                  <a name="executeTestcase(org.testng.TestRunner@26f143ed)">
                  </a> <!-- executeTestcase(org.testng.TestRunner@26f143ed) -->
                  <span class="method-name">executeTestcase</span>
                  <span class="parameters">(org.testng.TestRunner@26f143ed)</span>
                  <div class="stack-trace">org.testng.SkipException: Skipping execution for  :TC_04: Check that the sorting option is working in the columns of the &quot;Switch from Originator to Biosimilar and Save $$$&quot; table
	at driver.Driver.executeTestcase(Driver.java:93)
	at java.base/java.util.ArrayList.forEach(ArrayList.java:1511)
... Removed 26 stack frames
</div> <!-- stack-trace -->
                </div> <!-- method-content -->
              </div> <!-- method -->
              <div class="method">
                <div class="method-content">
                  <a name="executeTestcase(org.testng.TestRunner@26f143ed)">
                  </a> <!-- executeTestcase(org.testng.TestRunner@26f143ed) -->
                  <span class="method-name">executeTestcase</span>
                  <span class="parameters">(org.testng.TestRunner@26f143ed)</span>
                  <div class="stack-trace">org.testng.SkipException: Skipping execution for  :TC_02:BiosimilarCalculator_Originator_Non 340BFacilityType_SameUnits_MG
	at driver.Driver.executeTestcase(Driver.java:93)
	at java.base/java.util.ArrayList.forEach(ArrayList.java:1511)
... Removed 26 stack frames
</div> <!-- stack-trace -->
                </div> <!-- method-content -->
              </div> <!-- method -->
              <div class="method">
                <div class="method-content">
                  <a name="executeTestcase(org.testng.TestRunner@26f143ed)">
                  </a> <!-- executeTestcase(org.testng.TestRunner@26f143ed) -->
                  <span class="method-name">executeTestcase</span>
                  <span class="parameters">(org.testng.TestRunner@26f143ed)</span>
                  <div class="stack-trace">org.testng.SkipException: Skipping execution for  :TC_16: IVIG_DrugDashboard_ Remove
	at driver.Driver.executeTestcase(Driver.java:93)
	at java.base/java.util.ArrayList.forEach(ArrayList.java:1511)
... Removed 26 stack frames
</div> <!-- stack-trace -->
                </div> <!-- method-content -->
              </div> <!-- method -->
              <div class="method">
                <div class="method-content">
                  <a name="executeTestcase(org.testng.TestRunner@26f143ed)">
                  </a> <!-- executeTestcase(org.testng.TestRunner@26f143ed) -->
                  <span class="method-name">executeTestcase</span>
                  <span class="parameters">(org.testng.TestRunner@26f143ed)</span>
                  <div class="stack-trace">org.testng.SkipException: Skipping execution for  :TC_02:BiosimilarCalculator_Biosimilar_Non 340BFacilityType_SameUnits_MG
	at driver.Driver.executeTestcase(Driver.java:93)
	at java.base/java.util.ArrayList.forEach(ArrayList.java:1511)
... Removed 27 stack frames
</div> <!-- stack-trace -->
                </div> <!-- method-content -->
              </div> <!-- method -->
              <div class="method">
                <div class="method-content">
                  <a name="executeTestcase(org.testng.TestRunner@26f143ed)">
                  </a> <!-- executeTestcase(org.testng.TestRunner@26f143ed) -->
                  <span class="method-name">executeTestcase</span>
                  <span class="parameters">(org.testng.TestRunner@26f143ed)</span>
                  <div class="stack-trace">org.testng.SkipException: Skipping execution for  :TC_05: Check that the Search functionality is working as expected in the &quot;User Name&quot; and &quot;User Email Address&quot; columns
	at driver.Driver.executeTestcase(Driver.java:93)
	at java.base/java.util.ArrayList.forEach(ArrayList.java:1511)
... Removed 26 stack frames
</div> <!-- stack-trace -->
                </div> <!-- method-content -->
              </div> <!-- method -->
              <div class="method">
                <div class="method-content">
                  <a name="executeTestcase(org.testng.TestRunner@26f143ed)">
                  </a> <!-- executeTestcase(org.testng.TestRunner@26f143ed) -->
                  <span class="method-name">executeTestcase</span>
                  <span class="parameters">(org.testng.TestRunner@26f143ed)</span>
                  <div class="stack-trace">org.testng.SkipException: Skipping execution for  :TC_02: Check that the respective data is getting displayed in the &quot;Average Sales Price&quot; page
	at driver.Driver.executeTestcase(Driver.java:93)
	at java.base/java.util.ArrayList.forEach(ArrayList.java:1511)
... Removed 26 stack frames
</div> <!-- stack-trace -->
                </div> <!-- method-content -->
              </div> <!-- method -->
              <div class="method">
                <div class="method-content">
                  <a name="executeTestcase(org.testng.TestRunner@26f143ed)">
                  </a> <!-- executeTestcase(org.testng.TestRunner@26f143ed) -->
                  <span class="method-name">executeTestcase</span>
                  <span class="parameters">(org.testng.TestRunner@26f143ed)</span>
                  <div class="stack-trace">org.testng.SkipException: Skipping execution for  :TC_01: IVIG_Non 340BFacilityType_SameUnits
	at driver.Driver.executeTestcase(Driver.java:93)
	at java.base/java.util.ArrayList.forEach(ArrayList.java:1511)
... Removed 26 stack frames
</div> <!-- stack-trace -->
                </div> <!-- method-content -->
              </div> <!-- method -->
              <div class="method">
                <div class="method-content">
                  <a name="executeTestcase(org.testng.TestRunner@26f143ed)">
                  </a> <!-- executeTestcase(org.testng.TestRunner@26f143ed) -->
                  <span class="method-name">executeTestcase</span>
                  <span class="parameters">(org.testng.TestRunner@26f143ed)</span>
                  <div class="stack-trace">org.testng.SkipException: Skipping execution for  :TC_03: Check that the Filter and Sorting options are working properly in the &quot;Average Sales Price Parsing Result&quot; section
	at driver.Driver.executeTestcase(Driver.java:93)
	at java.base/java.util.ArrayList.forEach(ArrayList.java:1511)
... Removed 26 stack frames
</div> <!-- stack-trace -->
                </div> <!-- method-content -->
              </div> <!-- method -->
              <div class="method">
                <div class="method-content">
                  <a name="executeTestcase(org.testng.TestRunner@26f143ed)">
                  </a> <!-- executeTestcase(org.testng.TestRunner@26f143ed) -->
                  <span class="method-name">executeTestcase</span>
                  <span class="parameters">(org.testng.TestRunner@26f143ed)</span>
                  <div class="stack-trace">org.testng.SkipException: Skipping execution for  :TC_05:BiosimilarCalculator_Biosimilar_Non 340BFacilityType_SameUnits_Int.Units
	at driver.Driver.executeTestcase(Driver.java:93)
	at java.base/java.util.ArrayList.forEach(ArrayList.java:1511)
... Removed 27 stack frames
</div> <!-- stack-trace -->
                </div> <!-- method-content -->
              </div> <!-- method -->
              <div class="method">
                <div class="method-content">
                  <a name="executeTestcase(org.testng.TestRunner@26f143ed)">
                  </a> <!-- executeTestcase(org.testng.TestRunner@26f143ed) -->
                  <span class="method-name">executeTestcase</span>
                  <span class="parameters">(org.testng.TestRunner@26f143ed)</span>
                  <div class="stack-trace">org.testng.SkipException: Skipping execution for  :TC_06: IVIG_Non 340BFacilityType_DifferentUnits_MCGtoMG
	at driver.Driver.executeTestcase(Driver.java:93)
	at java.base/java.util.ArrayList.forEach(ArrayList.java:1511)
... Removed 26 stack frames
</div> <!-- stack-trace -->
                </div> <!-- method-content -->
              </div> <!-- method -->
              <div class="method">
                <div class="method-content">
                  <a name="executeTestcase(org.testng.TestRunner@26f143ed)">
                  </a> <!-- executeTestcase(org.testng.TestRunner@26f143ed) -->
                  <span class="method-name">executeTestcase</span>
                  <span class="parameters">(org.testng.TestRunner@26f143ed)</span>
                  <div class="stack-trace">org.testng.SkipException: Skipping execution for  :TC_02:DrugDashboard_Add_MandatoryAndOptional
	at driver.Driver.executeTestcase(Driver.java:93)
	at java.base/java.util.ArrayList.forEach(ArrayList.java:1511)
... Removed 26 stack frames
</div> <!-- stack-trace -->
                </div> <!-- method-content -->
              </div> <!-- method -->
              <div class="method">
                <div class="method-content">
                  <a name="executeTestcase(org.testng.TestRunner@26f143ed)">
                  </a> <!-- executeTestcase(org.testng.TestRunner@26f143ed) -->
                  <span class="method-name">executeTestcase</span>
                  <span class="parameters">(org.testng.TestRunner@26f143ed)</span>
                  <div class="stack-trace">org.testng.SkipException: Skipping execution for  :TC_17: IVIG_DrugDashboard_ Filter
	at driver.Driver.executeTestcase(Driver.java:93)
	at java.base/java.util.ArrayList.forEach(ArrayList.java:1511)
... Removed 26 stack frames
</div> <!-- stack-trace -->
                </div> <!-- method-content -->
              </div> <!-- method -->
              <div class="method">
                <div class="method-content">
                  <a name="executeTestcase(org.testng.TestRunner@26f143ed)">
                  </a> <!-- executeTestcase(org.testng.TestRunner@26f143ed) -->
                  <span class="method-name">executeTestcase</span>
                  <span class="parameters">(org.testng.TestRunner@26f143ed)</span>
                  <div class="stack-trace">org.testng.SkipException: Skipping execution for  :TC_01:BiosimilarCalculator_Biosimilar_Non 340BFacilityType_SameUnits_G
	at driver.Driver.executeTestcase(Driver.java:93)
	at java.base/java.util.ArrayList.forEach(ArrayList.java:1511)
... Removed 27 stack frames
</div> <!-- stack-trace -->
                </div> <!-- method-content -->
              </div> <!-- method -->
              <div class="method">
                <div class="method-content">
                  <a name="executeTestcase(org.testng.TestRunner@26f143ed)">
                  </a> <!-- executeTestcase(org.testng.TestRunner@26f143ed) -->
                  <span class="method-name">executeTestcase</span>
                  <span class="parameters">(org.testng.TestRunner@26f143ed)</span>
                  <div class="stack-trace">org.testng.SkipException: Skipping execution for  :TC_04:BiosimilarCalculator_Biosimilar_ 340BFacilityType_SameUnits_Units
	at driver.Driver.executeTestcase(Driver.java:93)
	at java.base/java.util.ArrayList.forEach(ArrayList.java:1511)
... Removed 27 stack frames
</div> <!-- stack-trace -->
                </div> <!-- method-content -->
              </div> <!-- method -->
              <div class="method">
                <div class="method-content">
                  <a name="executeTestcase(org.testng.TestRunner@26f143ed)">
                  </a> <!-- executeTestcase(org.testng.TestRunner@26f143ed) -->
                  <span class="method-name">executeTestcase</span>
                  <span class="parameters">(org.testng.TestRunner@26f143ed)</span>
                  <div class="stack-trace">org.testng.SkipException: Skipping execution for  :TC_12:DrugDashboard_Add_ErrorMsg
	at driver.Driver.executeTestcase(Driver.java:93)
	at java.base/java.util.ArrayList.forEach(ArrayList.java:1511)
... Removed 26 stack frames
</div> <!-- stack-trace -->
                </div> <!-- method-content -->
              </div> <!-- method -->
              <div class="method">
                <div class="method-content">
                  <a name="executeTestcase(org.testng.TestRunner@26f143ed)">
                  </a> <!-- executeTestcase(org.testng.TestRunner@26f143ed) -->
                  <span class="method-name">executeTestcase</span>
                  <span class="parameters">(org.testng.TestRunner@26f143ed)</span>
                  <div class="stack-trace">org.testng.SkipException: Skipping execution for  :TC_02:BiosimilarCalculator_Originator_ 340BFacilityType_SameUnits_MG
	at driver.Driver.executeTestcase(Driver.java:93)
	at java.base/java.util.ArrayList.forEach(ArrayList.java:1511)
... Removed 26 stack frames
</div> <!-- stack-trace -->
                </div> <!-- method-content -->
              </div> <!-- method -->
              <div class="method">
                <div class="method-content">
                  <a name="executeTestcase(org.testng.TestRunner@26f143ed)">
                  </a> <!-- executeTestcase(org.testng.TestRunner@26f143ed) -->
                  <span class="method-name">executeTestcase</span>
                  <span class="parameters">(org.testng.TestRunner@26f143ed)</span>
                  <div class="stack-trace">org.testng.SkipException: Skipping execution for  :TC_04:DrugDashboard_Update_Existing
	at driver.Driver.executeTestcase(Driver.java:93)
	at java.base/java.util.ArrayList.forEach(ArrayList.java:1511)
... Removed 26 stack frames
</div> <!-- stack-trace -->
                </div> <!-- method-content -->
              </div> <!-- method -->
              <div class="method">
                <div class="method-content">
                  <a name="executeTestcase(org.testng.TestRunner@26f143ed)">
                  </a> <!-- executeTestcase(org.testng.TestRunner@26f143ed) -->
                  <span class="method-name">executeTestcase</span>
                  <span class="parameters">(org.testng.TestRunner@26f143ed)</span>
                  <div class="stack-trace">org.testng.SkipException: Skipping execution for  :TC_03:BiosimilarCalculator_Biosimilar_ 340BFacilityType_SameUnits_MCG
	at driver.Driver.executeTestcase(Driver.java:93)
	at java.base/java.util.ArrayList.forEach(ArrayList.java:1511)
... Removed 27 stack frames
</div> <!-- stack-trace -->
                </div> <!-- method-content -->
              </div> <!-- method -->
              <div class="method">
                <div class="method-content">
                  <a name="executeTestcase(org.testng.TestRunner@26f143ed)">
                  </a> <!-- executeTestcase(org.testng.TestRunner@26f143ed) -->
                  <span class="method-name">executeTestcase</span>
                  <span class="parameters">(org.testng.TestRunner@26f143ed)</span>
                  <div class="stack-trace">org.testng.SkipException: Skipping execution for  :TC_10:BiosimilarCalculator_Originator_ 340BFacilityType_DifferentUnits_GtoMCG
	at driver.Driver.executeTestcase(Driver.java:93)
	at java.base/java.util.ArrayList.forEach(ArrayList.java:1511)
... Removed 26 stack frames
</div> <!-- stack-trace -->
                </div> <!-- method-content -->
              </div> <!-- method -->
            </div> <!-- main-panel-content rounded-window-bottom -->
          </div> <!-- suite-Suite-class-skipped -->
          <div class="suite-Suite-class-passed">
            <div class="main-panel-header rounded-window-top">
              <img src="passed.png"/>
              <span class="class-name">driver.Driver</span>
            </div> <!-- main-panel-header rounded-window-top -->
            <div class="main-panel-content rounded-window-bottom">
              <div class="method">
                <div class="method-content">
                  <a name="executeTestcase(org.testng.TestRunner@26f143ed)">
                  </a> <!-- executeTestcase(org.testng.TestRunner@26f143ed) -->
                  <span class="method-name">executeTestcase</span>
                  <span class="parameters">(org.testng.TestRunner@26f143ed)</span>
                </div> <!-- method-content -->
              </div> <!-- method -->
            </div> <!-- main-panel-content rounded-window-bottom -->
          </div> <!-- suite-Suite-class-passed -->
        </div> <!-- panel Suite -->
        <div panel-name="test-xml-Suite" class="panel">
          <div class="main-panel-header rounded-window-top">
            <span class="header-content">E:\gnathan\git\biosimilarCalculator\BiosimilarCalculator\testng.xml</span>
          </div> <!-- main-panel-header rounded-window-top -->
          <div class="main-panel-content rounded-window-bottom">
            <pre>
&lt;?xml version=&quot;1.0&quot; encoding=&quot;UTF-8&quot;?&gt;
&lt;!DOCTYPE suite SYSTEM &quot;https://testng.org/testng-1.0.dtd&quot;&gt;
&lt;suite name=&quot;Suite&quot; guice-stage=&quot;DEVELOPMENT&quot;&gt;
  &lt;listeners&gt;
    &lt;listener class-name=&quot;events.TestAnnotation&quot;/&gt;
  &lt;/listeners&gt;
  &lt;test thread-count=&quot;5&quot; name=&quot;Results&quot;&gt;
    &lt;classes&gt;
      &lt;class name=&quot;driver.Driver&quot;/&gt;
    &lt;/classes&gt;
  &lt;/test&gt; &lt;!-- Results --&gt;
&lt;/suite&gt; &lt;!-- Suite --&gt;
            </pre>
          </div> <!-- main-panel-content rounded-window-bottom -->
        </div> <!-- panel -->
        <div panel-name="testlist-Suite" class="panel">
          <div class="main-panel-header rounded-window-top">
            <span class="header-content">Tests for Suite</span>
          </div> <!-- main-panel-header rounded-window-top -->
          <div class="main-panel-content rounded-window-bottom">
            <ul>
              <li>
                <span class="test-name">Results (1 class)</span>
              </li>
            </ul>
          </div> <!-- main-panel-content rounded-window-bottom -->
        </div> <!-- panel -->
        <div panel-name="group-Suite" class="panel">
          <div class="main-panel-header rounded-window-top">
            <span class="header-content">Groups for Suite</span>
          </div> <!-- main-panel-header rounded-window-top -->
          <div class="main-panel-content rounded-window-bottom">
          </div> <!-- main-panel-content rounded-window-bottom -->
        </div> <!-- panel -->
        <div panel-name="times-Suite" class="panel">
          <div class="main-panel-header rounded-window-top">
            <span class="header-content">Times for Suite</span>
          </div> <!-- main-panel-header rounded-window-top -->
          <div class="main-panel-content rounded-window-bottom">
            <div class="times-div">
              <script type="text/javascript">
suiteTableInitFunctions.push('tableData_Suite');
function tableData_Suite() {
var data = new google.visualization.DataTable();
data.addColumn('number', 'Number');
data.addColumn('string', 'Method');
data.addColumn('string', 'Class');
data.addColumn('number', 'Time (ms)');
data.addRows(103);
data.setCell(0, 0, 0)
data.setCell(0, 1, 'executeTestcase')
data.setCell(0, 2, 'driver.Driver')
data.setCell(0, 3, 87961);
data.setCell(1, 0, 1)
data.setCell(1, 1, 'executeTestcase')
data.setCell(1, 2, 'driver.Driver')
data.setCell(1, 3, 29);
data.setCell(2, 0, 2)
data.setCell(2, 1, 'executeTestcase')
data.setCell(2, 2, 'driver.Driver')
data.setCell(2, 3, 17);
data.setCell(3, 0, 3)
data.setCell(3, 1, 'executeTestcase')
data.setCell(3, 2, 'driver.Driver')
data.setCell(3, 3, 17);
data.setCell(4, 0, 4)
data.setCell(4, 1, 'executeTestcase')
data.setCell(4, 2, 'driver.Driver')
data.setCell(4, 3, 16);
data.setCell(5, 0, 5)
data.setCell(5, 1, 'executeTestcase')
data.setCell(5, 2, 'driver.Driver')
data.setCell(5, 3, 16);
data.setCell(6, 0, 6)
data.setCell(6, 1, 'executeTestcase')
data.setCell(6, 2, 'driver.Driver')
data.setCell(6, 3, 16);
data.setCell(7, 0, 7)
data.setCell(7, 1, 'executeTestcase')
data.setCell(7, 2, 'driver.Driver')
data.setCell(7, 3, 16);
data.setCell(8, 0, 8)
data.setCell(8, 1, 'executeTestcase')
data.setCell(8, 2, 'driver.Driver')
data.setCell(8, 3, 16);
data.setCell(9, 0, 9)
data.setCell(9, 1, 'executeTestcase')
data.setCell(9, 2, 'driver.Driver')
data.setCell(9, 3, 15);
data.setCell(10, 0, 10)
data.setCell(10, 1, 'executeTestcase')
data.setCell(10, 2, 'driver.Driver')
data.setCell(10, 3, 15);
data.setCell(11, 0, 11)
data.setCell(11, 1, 'executeTestcase')
data.setCell(11, 2, 'driver.Driver')
data.setCell(11, 3, 15);
data.setCell(12, 0, 12)
data.setCell(12, 1, 'executeTestcase')
data.setCell(12, 2, 'driver.Driver')
data.setCell(12, 3, 13);
data.setCell(13, 0, 13)
data.setCell(13, 1, 'executeTestcase')
data.setCell(13, 2, 'driver.Driver')
data.setCell(13, 3, 13);
data.setCell(14, 0, 14)
data.setCell(14, 1, 'executeTestcase')
data.setCell(14, 2, 'driver.Driver')
data.setCell(14, 3, 13);
data.setCell(15, 0, 15)
data.setCell(15, 1, 'executeTestcase')
data.setCell(15, 2, 'driver.Driver')
data.setCell(15, 3, 11);
data.setCell(16, 0, 16)
data.setCell(16, 1, 'executeTestcase')
data.setCell(16, 2, 'driver.Driver')
data.setCell(16, 3, 11);
data.setCell(17, 0, 17)
data.setCell(17, 1, 'executeTestcase')
data.setCell(17, 2, 'driver.Driver')
data.setCell(17, 3, 11);
data.setCell(18, 0, 18)
data.setCell(18, 1, 'executeTestcase')
data.setCell(18, 2, 'driver.Driver')
data.setCell(18, 3, 10);
data.setCell(19, 0, 19)
data.setCell(19, 1, 'executeTestcase')
data.setCell(19, 2, 'driver.Driver')
data.setCell(19, 3, 10);
data.setCell(20, 0, 20)
data.setCell(20, 1, 'executeTestcase')
data.setCell(20, 2, 'driver.Driver')
data.setCell(20, 3, 10);
data.setCell(21, 0, 21)
data.setCell(21, 1, 'executeTestcase')
data.setCell(21, 2, 'driver.Driver')
data.setCell(21, 3, 10);
data.setCell(22, 0, 22)
data.setCell(22, 1, 'executeTestcase')
data.setCell(22, 2, 'driver.Driver')
data.setCell(22, 3, 10);
data.setCell(23, 0, 23)
data.setCell(23, 1, 'executeTestcase')
data.setCell(23, 2, 'driver.Driver')
data.setCell(23, 3, 10);
data.setCell(24, 0, 24)
data.setCell(24, 1, 'executeTestcase')
data.setCell(24, 2, 'driver.Driver')
data.setCell(24, 3, 10);
data.setCell(25, 0, 25)
data.setCell(25, 1, 'executeTestcase')
data.setCell(25, 2, 'driver.Driver')
data.setCell(25, 3, 10);
data.setCell(26, 0, 26)
data.setCell(26, 1, 'executeTestcase')
data.setCell(26, 2, 'driver.Driver')
data.setCell(26, 3, 9);
data.setCell(27, 0, 27)
data.setCell(27, 1, 'executeTestcase')
data.setCell(27, 2, 'driver.Driver')
data.setCell(27, 3, 9);
data.setCell(28, 0, 28)
data.setCell(28, 1, 'executeTestcase')
data.setCell(28, 2, 'driver.Driver')
data.setCell(28, 3, 9);
data.setCell(29, 0, 29)
data.setCell(29, 1, 'executeTestcase')
data.setCell(29, 2, 'driver.Driver')
data.setCell(29, 3, 9);
data.setCell(30, 0, 30)
data.setCell(30, 1, 'executeTestcase')
data.setCell(30, 2, 'driver.Driver')
data.setCell(30, 3, 9);
data.setCell(31, 0, 31)
data.setCell(31, 1, 'executeTestcase')
data.setCell(31, 2, 'driver.Driver')
data.setCell(31, 3, 9);
data.setCell(32, 0, 32)
data.setCell(32, 1, 'executeTestcase')
data.setCell(32, 2, 'driver.Driver')
data.setCell(32, 3, 9);
data.setCell(33, 0, 33)
data.setCell(33, 1, 'executeTestcase')
data.setCell(33, 2, 'driver.Driver')
data.setCell(33, 3, 9);
data.setCell(34, 0, 34)
data.setCell(34, 1, 'executeTestcase')
data.setCell(34, 2, 'driver.Driver')
data.setCell(34, 3, 9);
data.setCell(35, 0, 35)
data.setCell(35, 1, 'executeTestcase')
data.setCell(35, 2, 'driver.Driver')
data.setCell(35, 3, 9);
data.setCell(36, 0, 36)
data.setCell(36, 1, 'executeTestcase')
data.setCell(36, 2, 'driver.Driver')
data.setCell(36, 3, 9);
data.setCell(37, 0, 37)
data.setCell(37, 1, 'executeTestcase')
data.setCell(37, 2, 'driver.Driver')
data.setCell(37, 3, 8);
data.setCell(38, 0, 38)
data.setCell(38, 1, 'executeTestcase')
data.setCell(38, 2, 'driver.Driver')
data.setCell(38, 3, 8);
data.setCell(39, 0, 39)
data.setCell(39, 1, 'executeTestcase')
data.setCell(39, 2, 'driver.Driver')
data.setCell(39, 3, 8);
data.setCell(40, 0, 40)
data.setCell(40, 1, 'executeTestcase')
data.setCell(40, 2, 'driver.Driver')
data.setCell(40, 3, 8);
data.setCell(41, 0, 41)
data.setCell(41, 1, 'executeTestcase')
data.setCell(41, 2, 'driver.Driver')
data.setCell(41, 3, 8);
data.setCell(42, 0, 42)
data.setCell(42, 1, 'executeTestcase')
data.setCell(42, 2, 'driver.Driver')
data.setCell(42, 3, 8);
data.setCell(43, 0, 43)
data.setCell(43, 1, 'executeTestcase')
data.setCell(43, 2, 'driver.Driver')
data.setCell(43, 3, 8);
data.setCell(44, 0, 44)
data.setCell(44, 1, 'executeTestcase')
data.setCell(44, 2, 'driver.Driver')
data.setCell(44, 3, 8);
data.setCell(45, 0, 45)
data.setCell(45, 1, 'executeTestcase')
data.setCell(45, 2, 'driver.Driver')
data.setCell(45, 3, 8);
data.setCell(46, 0, 46)
data.setCell(46, 1, 'executeTestcase')
data.setCell(46, 2, 'driver.Driver')
data.setCell(46, 3, 7);
data.setCell(47, 0, 47)
data.setCell(47, 1, 'executeTestcase')
data.setCell(47, 2, 'driver.Driver')
data.setCell(47, 3, 7);
data.setCell(48, 0, 48)
data.setCell(48, 1, 'executeTestcase')
data.setCell(48, 2, 'driver.Driver')
data.setCell(48, 3, 7);
data.setCell(49, 0, 49)
data.setCell(49, 1, 'executeTestcase')
data.setCell(49, 2, 'driver.Driver')
data.setCell(49, 3, 7);
data.setCell(50, 0, 50)
data.setCell(50, 1, 'executeTestcase')
data.setCell(50, 2, 'driver.Driver')
data.setCell(50, 3, 7);
data.setCell(51, 0, 51)
data.setCell(51, 1, 'executeTestcase')
data.setCell(51, 2, 'driver.Driver')
data.setCell(51, 3, 7);
data.setCell(52, 0, 52)
data.setCell(52, 1, 'executeTestcase')
data.setCell(52, 2, 'driver.Driver')
data.setCell(52, 3, 7);
data.setCell(53, 0, 53)
data.setCell(53, 1, 'executeTestcase')
data.setCell(53, 2, 'driver.Driver')
data.setCell(53, 3, 7);
data.setCell(54, 0, 54)
data.setCell(54, 1, 'executeTestcase')
data.setCell(54, 2, 'driver.Driver')
data.setCell(54, 3, 7);
data.setCell(55, 0, 55)
data.setCell(55, 1, 'executeTestcase')
data.setCell(55, 2, 'driver.Driver')
data.setCell(55, 3, 7);
data.setCell(56, 0, 56)
data.setCell(56, 1, 'executeTestcase')
data.setCell(56, 2, 'driver.Driver')
data.setCell(56, 3, 7);
data.setCell(57, 0, 57)
data.setCell(57, 1, 'executeTestcase')
data.setCell(57, 2, 'driver.Driver')
data.setCell(57, 3, 7);
data.setCell(58, 0, 58)
data.setCell(58, 1, 'executeTestcase')
data.setCell(58, 2, 'driver.Driver')
data.setCell(58, 3, 7);
data.setCell(59, 0, 59)
data.setCell(59, 1, 'executeTestcase')
data.setCell(59, 2, 'driver.Driver')
data.setCell(59, 3, 7);
data.setCell(60, 0, 60)
data.setCell(60, 1, 'executeTestcase')
data.setCell(60, 2, 'driver.Driver')
data.setCell(60, 3, 7);
data.setCell(61, 0, 61)
data.setCell(61, 1, 'executeTestcase')
data.setCell(61, 2, 'driver.Driver')
data.setCell(61, 3, 7);
data.setCell(62, 0, 62)
data.setCell(62, 1, 'executeTestcase')
data.setCell(62, 2, 'driver.Driver')
data.setCell(62, 3, 7);
data.setCell(63, 0, 63)
data.setCell(63, 1, 'executeTestcase')
data.setCell(63, 2, 'driver.Driver')
data.setCell(63, 3, 7);
data.setCell(64, 0, 64)
data.setCell(64, 1, 'executeTestcase')
data.setCell(64, 2, 'driver.Driver')
data.setCell(64, 3, 7);
data.setCell(65, 0, 65)
data.setCell(65, 1, 'executeTestcase')
data.setCell(65, 2, 'driver.Driver')
data.setCell(65, 3, 7);
data.setCell(66, 0, 66)
data.setCell(66, 1, 'executeTestcase')
data.setCell(66, 2, 'driver.Driver')
data.setCell(66, 3, 7);
data.setCell(67, 0, 67)
data.setCell(67, 1, 'executeTestcase')
data.setCell(67, 2, 'driver.Driver')
data.setCell(67, 3, 6);
data.setCell(68, 0, 68)
data.setCell(68, 1, 'executeTestcase')
data.setCell(68, 2, 'driver.Driver')
data.setCell(68, 3, 6);
data.setCell(69, 0, 69)
data.setCell(69, 1, 'executeTestcase')
data.setCell(69, 2, 'driver.Driver')
data.setCell(69, 3, 6);
data.setCell(70, 0, 70)
data.setCell(70, 1, 'executeTestcase')
data.setCell(70, 2, 'driver.Driver')
data.setCell(70, 3, 6);
data.setCell(71, 0, 71)
data.setCell(71, 1, 'executeTestcase')
data.setCell(71, 2, 'driver.Driver')
data.setCell(71, 3, 6);
data.setCell(72, 0, 72)
data.setCell(72, 1, 'executeTestcase')
data.setCell(72, 2, 'driver.Driver')
data.setCell(72, 3, 6);
data.setCell(73, 0, 73)
data.setCell(73, 1, 'executeTestcase')
data.setCell(73, 2, 'driver.Driver')
data.setCell(73, 3, 6);
data.setCell(74, 0, 74)
data.setCell(74, 1, 'executeTestcase')
data.setCell(74, 2, 'driver.Driver')
data.setCell(74, 3, 6);
data.setCell(75, 0, 75)
data.setCell(75, 1, 'executeTestcase')
data.setCell(75, 2, 'driver.Driver')
data.setCell(75, 3, 6);
data.setCell(76, 0, 76)
data.setCell(76, 1, 'executeTestcase')
data.setCell(76, 2, 'driver.Driver')
data.setCell(76, 3, 6);
data.setCell(77, 0, 77)
data.setCell(77, 1, 'executeTestcase')
data.setCell(77, 2, 'driver.Driver')
data.setCell(77, 3, 6);
data.setCell(78, 0, 78)
data.setCell(78, 1, 'executeTestcase')
data.setCell(78, 2, 'driver.Driver')
data.setCell(78, 3, 6);
data.setCell(79, 0, 79)
data.setCell(79, 1, 'executeTestcase')
data.setCell(79, 2, 'driver.Driver')
data.setCell(79, 3, 6);
data.setCell(80, 0, 80)
data.setCell(80, 1, 'executeTestcase')
data.setCell(80, 2, 'driver.Driver')
data.setCell(80, 3, 6);
data.setCell(81, 0, 81)
data.setCell(81, 1, 'executeTestcase')
data.setCell(81, 2, 'driver.Driver')
data.setCell(81, 3, 6);
data.setCell(82, 0, 82)
data.setCell(82, 1, 'executeTestcase')
data.setCell(82, 2, 'driver.Driver')
data.setCell(82, 3, 6);
data.setCell(83, 0, 83)
data.setCell(83, 1, 'executeTestcase')
data.setCell(83, 2, 'driver.Driver')
data.setCell(83, 3, 6);
data.setCell(84, 0, 84)
data.setCell(84, 1, 'executeTestcase')
data.setCell(84, 2, 'driver.Driver')
data.setCell(84, 3, 6);
data.setCell(85, 0, 85)
data.setCell(85, 1, 'executeTestcase')
data.setCell(85, 2, 'driver.Driver')
data.setCell(85, 3, 6);
data.setCell(86, 0, 86)
data.setCell(86, 1, 'executeTestcase')
data.setCell(86, 2, 'driver.Driver')
data.setCell(86, 3, 6);
data.setCell(87, 0, 87)
data.setCell(87, 1, 'executeTestcase')
data.setCell(87, 2, 'driver.Driver')
data.setCell(87, 3, 6);
data.setCell(88, 0, 88)
data.setCell(88, 1, 'executeTestcase')
data.setCell(88, 2, 'driver.Driver')
data.setCell(88, 3, 5);
data.setCell(89, 0, 89)
data.setCell(89, 1, 'executeTestcase')
data.setCell(89, 2, 'driver.Driver')
data.setCell(89, 3, 5);
data.setCell(90, 0, 90)
data.setCell(90, 1, 'executeTestcase')
data.setCell(90, 2, 'driver.Driver')
data.setCell(90, 3, 5);
data.setCell(91, 0, 91)
data.setCell(91, 1, 'executeTestcase')
data.setCell(91, 2, 'driver.Driver')
data.setCell(91, 3, 5);
data.setCell(92, 0, 92)
data.setCell(92, 1, 'executeTestcase')
data.setCell(92, 2, 'driver.Driver')
data.setCell(92, 3, 5);
data.setCell(93, 0, 93)
data.setCell(93, 1, 'executeTestcase')
data.setCell(93, 2, 'driver.Driver')
data.setCell(93, 3, 5);
data.setCell(94, 0, 94)
data.setCell(94, 1, 'executeTestcase')
data.setCell(94, 2, 'driver.Driver')
data.setCell(94, 3, 5);
data.setCell(95, 0, 95)
data.setCell(95, 1, 'executeTestcase')
data.setCell(95, 2, 'driver.Driver')
data.setCell(95, 3, 5);
data.setCell(96, 0, 96)
data.setCell(96, 1, 'executeTestcase')
data.setCell(96, 2, 'driver.Driver')
data.setCell(96, 3, 5);
data.setCell(97, 0, 97)
data.setCell(97, 1, 'executeTestcase')
data.setCell(97, 2, 'driver.Driver')
data.setCell(97, 3, 0);
data.setCell(98, 0, 98)
data.setCell(98, 1, 'executeTestcase')
data.setCell(98, 2, 'driver.Driver')
data.setCell(98, 3, 0);
data.setCell(99, 0, 99)
data.setCell(99, 1, 'executeTestcase')
data.setCell(99, 2, 'driver.Driver')
data.setCell(99, 3, 0);
data.setCell(100, 0, 100)
data.setCell(100, 1, 'executeTestcase')
data.setCell(100, 2, 'driver.Driver')
data.setCell(100, 3, 0);
data.setCell(101, 0, 101)
data.setCell(101, 1, 'executeTestcase')
data.setCell(101, 2, 'driver.Driver')
data.setCell(101, 3, 0);
data.setCell(102, 0, 102)
data.setCell(102, 1, 'executeTestcase')
data.setCell(102, 2, 'driver.Driver')
data.setCell(102, 3, 0);
window.suiteTableData['Suite']= { tableData: data, tableDiv: 'times-div-Suite'}
return data;
}
              </script>
              <span class="suite-total-time">Total running time: 1 minutes</span>
              <div id="times-div-Suite">
              </div> <!-- times-div-Suite -->
            </div> <!-- times-div -->
          </div> <!-- main-panel-content rounded-window-bottom -->
        </div> <!-- panel -->
        <div panel-name="reporter-Suite" class="panel">
          <div class="main-panel-header rounded-window-top">
            <span class="header-content">Reporter output for Suite</span>
          </div> <!-- main-panel-header rounded-window-top -->
          <div class="main-panel-content rounded-window-bottom">
          </div> <!-- main-panel-content rounded-window-bottom -->
        </div> <!-- panel -->
        <div panel-name="ignored-methods-Suite" class="panel">
          <div class="main-panel-header rounded-window-top">
            <span class="header-content">0 ignored methods</span>
          </div> <!-- main-panel-header rounded-window-top -->
          <div class="main-panel-content rounded-window-bottom">
          </div> <!-- main-panel-content rounded-window-bottom -->
        </div> <!-- panel -->
        <div panel-name="chronological-Suite" class="panel">
          <div class="main-panel-header rounded-window-top">
            <span class="header-content">Methods in chronological order</span>
          </div> <!-- main-panel-header rounded-window-top -->
          <div class="main-panel-content rounded-window-bottom">
            <div class="chronological-class">
              <div class="chronological-class-name">driver.Driver</div> <!-- chronological-class-name -->
              <div class="configuration-suite before">
                <span class="method-name">setUp</span>
                <span class="method-start">0 ms</span>
              </div> <!-- configuration-suite before -->
              <div class="test-method">
                <span class="method-name">executeTestcase(org.testng.TestRunner@26f143ed)</span>
                <span class="method-start">1008 ms</span>
              </div> <!-- test-method -->
              <div class="configuration-method after">
                <span class="method-name">Reports([TestResult name=executeTestcase status=SKIP method=Driver.executeTestcase(org.testng.ITestContext)[...)</span>
                <span class="method-start">1046 ms</span>
              </div> <!-- configuration-method after -->
              <div class="test-method">
                <span class="method-name">executeTestcase(org.testng.TestRunner@26f143ed)</span>
                <span class="method-start">1968 ms</span>
              </div> <!-- test-method -->
              <div class="configuration-method after">
                <span class="method-name">Reports([TestResult name=executeTestcase status=SKIP method=Driver.executeTestcase(org.testng.ITestContext)[...)</span>
                <span class="method-start">1981 ms</span>
              </div> <!-- configuration-method after -->
              <div class="test-method">
                <span class="method-name">executeTestcase(org.testng.TestRunner@26f143ed)</span>
                <span class="method-start">2512 ms</span>
              </div> <!-- test-method -->
              <div class="configuration-method after">
                <span class="method-name">Reports([TestResult name=executeTestcase status=SKIP method=Driver.executeTestcase(org.testng.ITestContext)[...)</span>
                <span class="method-start">2523 ms</span>
              </div> <!-- configuration-method after -->
              <div class="test-method">
                <span class="method-name">executeTestcase(org.testng.TestRunner@26f143ed)</span>
                <span class="method-start">3048 ms</span>
              </div> <!-- test-method -->
              <div class="configuration-method after">
                <span class="method-name">Reports([TestResult name=executeTestcase status=SKIP method=Driver.executeTestcase(org.testng.ITestContext)[...)</span>
                <span class="method-start">3059 ms</span>
              </div> <!-- configuration-method after -->
              <div class="test-method">
                <span class="method-name">executeTestcase(org.testng.TestRunner@26f143ed)</span>
                <span class="method-start">3415 ms</span>
              </div> <!-- test-method -->
              <div class="configuration-method after">
                <span class="method-name">Reports([TestResult name=executeTestcase status=SKIP method=Driver.executeTestcase(org.testng.ITestContext)[...)</span>
                <span class="method-start">3425 ms</span>
              </div> <!-- configuration-method after -->
              <div class="test-method">
                <span class="method-name">executeTestcase(org.testng.TestRunner@26f143ed)</span>
                <span class="method-start">3709 ms</span>
              </div> <!-- test-method -->
              <div class="configuration-method after">
                <span class="method-name">Reports([TestResult name=executeTestcase status=SKIP method=Driver.executeTestcase(org.testng.ITestContext)[...)</span>
                <span class="method-start">3723 ms</span>
              </div> <!-- configuration-method after -->
              <div class="test-method">
                <span class="method-name">executeTestcase(org.testng.TestRunner@26f143ed)</span>
                <span class="method-start">4006 ms</span>
              </div> <!-- test-method -->
              <div class="configuration-method after">
                <span class="method-name">Reports([TestResult name=executeTestcase status=SKIP method=Driver.executeTestcase(org.testng.ITestContext)[...)</span>
                <span class="method-start">4016 ms</span>
              </div> <!-- configuration-method after -->
              <div class="test-method">
                <span class="method-name">executeTestcase(org.testng.TestRunner@26f143ed)</span>
                <span class="method-start">4309 ms</span>
              </div> <!-- test-method -->
              <div class="configuration-method after">
                <span class="method-name">Reports([TestResult name=executeTestcase status=SKIP method=Driver.executeTestcase(org.testng.ITestContext)[...)</span>
                <span class="method-start">4320 ms</span>
              </div> <!-- configuration-method after -->
              <div class="test-method">
                <span class="method-name">executeTestcase(org.testng.TestRunner@26f143ed)</span>
                <span class="method-start">4627 ms</span>
              </div> <!-- test-method -->
              <div class="configuration-method after">
                <span class="method-name">Reports([TestResult name=executeTestcase status=SKIP method=Driver.executeTestcase(org.testng.ITestContext)[...)</span>
                <span class="method-start">4638 ms</span>
              </div> <!-- configuration-method after -->
              <div class="test-method">
                <span class="method-name">executeTestcase(org.testng.TestRunner@26f143ed)</span>
                <span class="method-start">4912 ms</span>
              </div> <!-- test-method -->
              <div class="configuration-method after">
                <span class="method-name">Reports([TestResult name=executeTestcase status=SKIP method=Driver.executeTestcase(org.testng.ITestContext)[...)</span>
                <span class="method-start">4921 ms</span>
              </div> <!-- configuration-method after -->
              <div class="test-method">
                <span class="method-name">executeTestcase(org.testng.TestRunner@26f143ed)</span>
                <span class="method-start">5200 ms</span>
              </div> <!-- test-method -->
              <div class="configuration-method after">
                <span class="method-name">Reports([TestResult name=executeTestcase status=SKIP method=Driver.executeTestcase(org.testng.ITestContext)[...)</span>
                <span class="method-start">5211 ms</span>
              </div> <!-- configuration-method after -->
              <div class="test-method">
                <span class="method-name">executeTestcase(org.testng.TestRunner@26f143ed)</span>
                <span class="method-start">5475 ms</span>
              </div> <!-- test-method -->
              <div class="configuration-method after">
                <span class="method-name">Reports([TestResult name=executeTestcase status=SKIP method=Driver.executeTestcase(org.testng.ITestContext)[...)</span>
                <span class="method-start">5486 ms</span>
              </div> <!-- configuration-method after -->
              <div class="test-method">
                <span class="method-name">executeTestcase(org.testng.TestRunner@26f143ed)</span>
                <span class="method-start">5734 ms</span>
              </div> <!-- test-method -->
              <div class="configuration-method after">
                <span class="method-name">Reports([TestResult name=executeTestcase status=SKIP method=Driver.executeTestcase(org.testng.ITestContext)[...)</span>
                <span class="method-start">5745 ms</span>
              </div> <!-- configuration-method after -->
              <div class="test-method">
                <span class="method-name">executeTestcase(org.testng.TestRunner@26f143ed)</span>
                <span class="method-start">6023 ms</span>
              </div> <!-- test-method -->
              <div class="configuration-method after">
                <span class="method-name">Reports([TestResult name=executeTestcase status=SKIP method=Driver.executeTestcase(org.testng.ITestContext)[...)</span>
                <span class="method-start">6032 ms</span>
              </div> <!-- configuration-method after -->
              <div class="test-method">
                <span class="method-name">executeTestcase(org.testng.TestRunner@26f143ed)</span>
                <span class="method-start">6286 ms</span>
              </div> <!-- test-method -->
              <div class="configuration-method after">
                <span class="method-name">Reports([TestResult name=executeTestcase status=SKIP method=Driver.executeTestcase(org.testng.ITestContext)[...)</span>
                <span class="method-start">6297 ms</span>
              </div> <!-- configuration-method after -->
              <div class="test-method">
                <span class="method-name">executeTestcase(org.testng.TestRunner@26f143ed)</span>
                <span class="method-start">6545 ms</span>
              </div> <!-- test-method -->
              <div class="configuration-method after">
                <span class="method-name">Reports([TestResult name=executeTestcase status=SKIP method=Driver.executeTestcase(org.testng.ITestContext)[...)</span>
                <span class="method-start">6553 ms</span>
              </div> <!-- configuration-method after -->
              <div class="test-method">
                <span class="method-name">executeTestcase(org.testng.TestRunner@26f143ed)</span>
                <span class="method-start">6852 ms</span>
              </div> <!-- test-method -->
              <div class="configuration-method after">
                <span class="method-name">Reports([TestResult name=executeTestcase status=SKIP method=Driver.executeTestcase(org.testng.ITestContext)[...)</span>
                <span class="method-start">6862 ms</span>
              </div> <!-- configuration-method after -->
              <div class="test-method">
                <span class="method-name">executeTestcase(org.testng.TestRunner@26f143ed)</span>
                <span class="method-start">7102 ms</span>
              </div> <!-- test-method -->
              <div class="configuration-method after">
                <span class="method-name">Reports([TestResult name=executeTestcase status=SKIP method=Driver.executeTestcase(org.testng.ITestContext)[...)</span>
                <span class="method-start">7112 ms</span>
              </div> <!-- configuration-method after -->
              <div class="test-method">
                <span class="method-name">executeTestcase(org.testng.TestRunner@26f143ed)</span>
                <span class="method-start">7356 ms</span>
              </div> <!-- test-method -->
              <div class="configuration-method after">
                <span class="method-name">Reports([TestResult name=executeTestcase status=SKIP method=Driver.executeTestcase(org.testng.ITestContext)[...)</span>
                <span class="method-start">7366 ms</span>
              </div> <!-- configuration-method after -->
              <div class="test-method">
                <span class="method-name">executeTestcase(org.testng.TestRunner@26f143ed)</span>
                <span class="method-start">7611 ms</span>
              </div> <!-- test-method -->
              <div class="configuration-method after">
                <span class="method-name">Reports([TestResult name=executeTestcase status=SKIP method=Driver.executeTestcase(org.testng.ITestContext)[...)</span>
                <span class="method-start">7623 ms</span>
              </div> <!-- configuration-method after -->
              <div class="test-method">
                <span class="method-name">executeTestcase(org.testng.TestRunner@26f143ed)</span>
                <span class="method-start">7859 ms</span>
              </div> <!-- test-method -->
              <div class="configuration-method after">
                <span class="method-name">Reports([TestResult name=executeTestcase status=SKIP method=Driver.executeTestcase(org.testng.ITestContext)[...)</span>
                <span class="method-start">7869 ms</span>
              </div> <!-- configuration-method after -->
              <div class="test-method">
                <span class="method-name">executeTestcase(org.testng.TestRunner@26f143ed)</span>
                <span class="method-start">8108 ms</span>
              </div> <!-- test-method -->
              <div class="configuration-method after">
                <span class="method-name">Reports([TestResult name=executeTestcase status=SKIP method=Driver.executeTestcase(org.testng.ITestContext)[...)</span>
                <span class="method-start">8118 ms</span>
              </div> <!-- configuration-method after -->
              <div class="test-method">
                <span class="method-name">executeTestcase(org.testng.TestRunner@26f143ed)</span>
                <span class="method-start">8356 ms</span>
              </div> <!-- test-method -->
              <div class="configuration-method after">
                <span class="method-name">Reports([TestResult name=executeTestcase status=SKIP method=Driver.executeTestcase(org.testng.ITestContext)[...)</span>
                <span class="method-start">8365 ms</span>
              </div> <!-- configuration-method after -->
              <div class="test-method">
                <span class="method-name">executeTestcase(org.testng.TestRunner@26f143ed)</span>
                <span class="method-start">8589 ms</span>
              </div> <!-- test-method -->
              <div class="configuration-method after">
                <span class="method-name">Reports([TestResult name=executeTestcase status=SKIP method=Driver.executeTestcase(org.testng.ITestContext)[...)</span>
                <span class="method-start">8599 ms</span>
              </div> <!-- configuration-method after -->
              <div class="test-method">
                <span class="method-name">executeTestcase(org.testng.TestRunner@26f143ed)</span>
                <span class="method-start">8825 ms</span>
              </div> <!-- test-method -->
              <div class="configuration-method after">
                <span class="method-name">Reports([TestResult name=executeTestcase status=SKIP method=Driver.executeTestcase(org.testng.ITestContext)[...)</span>
                <span class="method-start">8832 ms</span>
              </div> <!-- configuration-method after -->
              <div class="test-method">
                <span class="method-name">executeTestcase(org.testng.TestRunner@26f143ed)</span>
                <span class="method-start">9064 ms</span>
              </div> <!-- test-method -->
              <div class="configuration-method after">
                <span class="method-name">Reports([TestResult name=executeTestcase status=SKIP method=Driver.executeTestcase(org.testng.ITestContext)[...)</span>
                <span class="method-start">9073 ms</span>
              </div> <!-- configuration-method after -->
              <div class="test-method">
                <span class="method-name">executeTestcase(org.testng.TestRunner@26f143ed)</span>
                <span class="method-start">9277 ms</span>
              </div> <!-- test-method -->
              <div class="configuration-method after">
                <span class="method-name">Reports([TestResult name=executeTestcase status=SKIP method=Driver.executeTestcase(org.testng.ITestContext)[...)</span>
                <span class="method-start">9288 ms</span>
              </div> <!-- configuration-method after -->
              <div class="test-method">
                <span class="method-name">executeTestcase(org.testng.TestRunner@26f143ed)</span>
                <span class="method-start">9502 ms</span>
              </div> <!-- test-method -->
              <div class="configuration-method after">
                <span class="method-name">Reports([TestResult name=executeTestcase status=SKIP method=Driver.executeTestcase(org.testng.ITestContext)[...)</span>
                <span class="method-start">9509 ms</span>
              </div> <!-- configuration-method after -->
              <div class="test-method">
                <span class="method-name">executeTestcase(org.testng.TestRunner@26f143ed)</span>
                <span class="method-start">9762 ms</span>
              </div> <!-- test-method -->
              <div class="configuration-method after">
                <span class="method-name">Reports([TestResult name=executeTestcase status=SKIP method=Driver.executeTestcase(org.testng.ITestContext)[...)</span>
                <span class="method-start">9770 ms</span>
              </div> <!-- configuration-method after -->
              <div class="test-method">
                <span class="method-name">executeTestcase(org.testng.TestRunner@26f143ed)</span>
                <span class="method-start">9978 ms</span>
              </div> <!-- test-method -->
              <div class="configuration-method after">
                <span class="method-name">Reports([TestResult name=executeTestcase status=SKIP method=Driver.executeTestcase(org.testng.ITestContext)[...)</span>
                <span class="method-start">9986 ms</span>
              </div> <!-- configuration-method after -->
              <div class="test-method">
                <span class="method-name">executeTestcase(org.testng.TestRunner@26f143ed)</span>
                <span class="method-start">10199 ms</span>
              </div> <!-- test-method -->
              <div class="configuration-method after">
                <span class="method-name">Reports([TestResult name=executeTestcase status=SKIP method=Driver.executeTestcase(org.testng.ITestContext)[...)</span>
                <span class="method-start">10208 ms</span>
              </div> <!-- configuration-method after -->
              <div class="test-method">
                <span class="method-name">executeTestcase(org.testng.TestRunner@26f143ed)</span>
                <span class="method-start">10455 ms</span>
              </div> <!-- test-method -->
              <div class="configuration-method after">
                <span class="method-name">Reports([TestResult name=executeTestcase status=SKIP method=Driver.executeTestcase(org.testng.ITestContext)[...)</span>
                <span class="method-start">10462 ms</span>
              </div> <!-- configuration-method after -->
              <div class="test-method">
                <span class="method-name">executeTestcase(org.testng.TestRunner@26f143ed)</span>
                <span class="method-start">10701 ms</span>
              </div> <!-- test-method -->
              <div class="configuration-method after">
                <span class="method-name">Reports([TestResult name=executeTestcase status=SKIP method=Driver.executeTestcase(org.testng.ITestContext)[...)</span>
                <span class="method-start">10707 ms</span>
              </div> <!-- configuration-method after -->
              <div class="test-method">
                <span class="method-name">executeTestcase(org.testng.TestRunner@26f143ed)</span>
                <span class="method-start">10978 ms</span>
              </div> <!-- test-method -->
              <div class="configuration-method after">
                <span class="method-name">Reports([TestResult name=executeTestcase status=SKIP method=Driver.executeTestcase(org.testng.ITestContext)[...)</span>
                <span class="method-start">10986 ms</span>
              </div> <!-- configuration-method after -->
              <div class="test-method">
                <span class="method-name">executeTestcase(org.testng.TestRunner@26f143ed)</span>
                <span class="method-start">11200 ms</span>
              </div> <!-- test-method -->
              <div class="configuration-method after">
                <span class="method-name">Reports([TestResult name=executeTestcase status=SKIP method=Driver.executeTestcase(org.testng.ITestContext)[...)</span>
                <span class="method-start">11208 ms</span>
              </div> <!-- configuration-method after -->
              <div class="test-method">
                <span class="method-name">executeTestcase(org.testng.TestRunner@26f143ed)</span>
                <span class="method-start">11435 ms</span>
              </div> <!-- test-method -->
              <div class="configuration-method after">
                <span class="method-name">Reports([TestResult name=executeTestcase status=SKIP method=Driver.executeTestcase(org.testng.ITestContext)[...)</span>
                <span class="method-start">11443 ms</span>
              </div> <!-- configuration-method after -->
              <div class="test-method">
                <span class="method-name">executeTestcase(org.testng.TestRunner@26f143ed)</span>
                <span class="method-start">11654 ms</span>
              </div> <!-- test-method -->
              <div class="configuration-method after">
                <span class="method-name">Reports([TestResult name=executeTestcase status=SKIP method=Driver.executeTestcase(org.testng.ITestContext)[...)</span>
                <span class="method-start">11663 ms</span>
              </div> <!-- configuration-method after -->
              <div class="test-method">
                <span class="method-name">executeTestcase(org.testng.TestRunner@26f143ed)</span>
                <span class="method-start">11885 ms</span>
              </div> <!-- test-method -->
              <div class="configuration-method after">
                <span class="method-name">Reports([TestResult name=executeTestcase status=SKIP method=Driver.executeTestcase(org.testng.ITestContext)[...)</span>
                <span class="method-start">11893 ms</span>
              </div> <!-- configuration-method after -->
              <div class="test-method">
                <span class="method-name">executeTestcase(org.testng.TestRunner@26f143ed)</span>
                <span class="method-start">12097 ms</span>
              </div> <!-- test-method -->
              <div class="configuration-method after">
                <span class="method-name">Reports([TestResult name=executeTestcase status=SKIP method=Driver.executeTestcase(org.testng.ITestContext)[...)</span>
                <span class="method-start">12105 ms</span>
              </div> <!-- configuration-method after -->
              <div class="test-method">
                <span class="method-name">executeTestcase(org.testng.TestRunner@26f143ed)</span>
                <span class="method-start">12351 ms</span>
              </div> <!-- test-method -->
              <div class="configuration-method after">
                <span class="method-name">Reports([TestResult name=executeTestcase status=SKIP method=Driver.executeTestcase(org.testng.ITestContext)[...)</span>
                <span class="method-start">12359 ms</span>
              </div> <!-- configuration-method after -->
              <div class="test-method">
                <span class="method-name">executeTestcase(org.testng.TestRunner@26f143ed)</span>
                <span class="method-start">12554 ms</span>
              </div> <!-- test-method -->
              <div class="configuration-method after">
                <span class="method-name">Reports([TestResult name=executeTestcase status=SKIP method=Driver.executeTestcase(org.testng.ITestContext)[...)</span>
                <span class="method-start">12563 ms</span>
              </div> <!-- configuration-method after -->
              <div class="test-method">
                <span class="method-name">executeTestcase(org.testng.TestRunner@26f143ed)</span>
                <span class="method-start">12804 ms</span>
              </div> <!-- test-method -->
              <div class="configuration-method after">
                <span class="method-name">Reports([TestResult name=executeTestcase status=SKIP method=Driver.executeTestcase(org.testng.ITestContext)[...)</span>
                <span class="method-start">12811 ms</span>
              </div> <!-- configuration-method after -->
              <div class="test-method">
                <span class="method-name">executeTestcase(org.testng.TestRunner@26f143ed)</span>
                <span class="method-start">13029 ms</span>
              </div> <!-- test-method -->
              <div class="configuration-method after">
                <span class="method-name">Reports([TestResult name=executeTestcase status=SKIP method=Driver.executeTestcase(org.testng.ITestContext)[...)</span>
                <span class="method-start">13037 ms</span>
              </div> <!-- configuration-method after -->
              <div class="test-method">
                <span class="method-name">executeTestcase(org.testng.TestRunner@26f143ed)</span>
                <span class="method-start">13290 ms</span>
              </div> <!-- test-method -->
              <div class="configuration-method after">
                <span class="method-name">Reports([TestResult name=executeTestcase status=SKIP method=Driver.executeTestcase(org.testng.ITestContext)[...)</span>
                <span class="method-start">13298 ms</span>
              </div> <!-- configuration-method after -->
              <div class="test-method">
                <span class="method-name">executeTestcase(org.testng.TestRunner@26f143ed)</span>
                <span class="method-start">13518 ms</span>
              </div> <!-- test-method -->
              <div class="configuration-method after">
                <span class="method-name">Reports([TestResult name=executeTestcase status=SKIP method=Driver.executeTestcase(org.testng.ITestContext)[...)</span>
                <span class="method-start">13526 ms</span>
              </div> <!-- configuration-method after -->
              <div class="test-method">
                <span class="method-name">executeTestcase(org.testng.TestRunner@26f143ed)</span>
                <span class="method-start">13757 ms</span>
              </div> <!-- test-method -->
              <div class="configuration-method after">
                <span class="method-name">Reports([TestResult name=executeTestcase status=SKIP method=Driver.executeTestcase(org.testng.ITestContext)[...)</span>
                <span class="method-start">13764 ms</span>
              </div> <!-- configuration-method after -->
              <div class="test-method">
                <span class="method-name">executeTestcase(org.testng.TestRunner@26f143ed)</span>
                <span class="method-start">13966 ms</span>
              </div> <!-- test-method -->
              <div class="configuration-method after">
                <span class="method-name">Reports([TestResult name=executeTestcase status=SKIP method=Driver.executeTestcase(org.testng.ITestContext)[...)</span>
                <span class="method-start">13972 ms</span>
              </div> <!-- configuration-method after -->
              <div class="test-method">
                <span class="method-name">executeTestcase(org.testng.TestRunner@26f143ed)</span>
                <span class="method-start">14175 ms</span>
              </div> <!-- test-method -->
              <div class="configuration-method after">
                <span class="method-name">Reports([TestResult name=executeTestcase status=SKIP method=Driver.executeTestcase(org.testng.ITestContext)[...)</span>
                <span class="method-start">14185 ms</span>
              </div> <!-- configuration-method after -->
              <div class="test-method">
                <span class="method-name">executeTestcase(org.testng.TestRunner@26f143ed)</span>
                <span class="method-start">14409 ms</span>
              </div> <!-- test-method -->
              <div class="configuration-method after">
                <span class="method-name">Reports([TestResult name=executeTestcase status=SKIP method=Driver.executeTestcase(org.testng.ITestContext)[...)</span>
                <span class="method-start">14416 ms</span>
              </div> <!-- configuration-method after -->
              <div class="test-method">
                <span class="method-name">executeTestcase(org.testng.TestRunner@26f143ed)</span>
                <span class="method-start">14620 ms</span>
              </div> <!-- test-method -->
              <div class="configuration-method after">
                <span class="method-name">Reports([TestResult name=executeTestcase status=SKIP method=Driver.executeTestcase(org.testng.ITestContext)[...)</span>
                <span class="method-start">14627 ms</span>
              </div> <!-- configuration-method after -->
              <div class="test-method">
                <span class="method-name">executeTestcase(org.testng.TestRunner@26f143ed)</span>
                <span class="method-start">14858 ms</span>
              </div> <!-- test-method -->
              <div class="configuration-method after">
                <span class="method-name">Reports([TestResult name=executeTestcase status=SKIP method=Driver.executeTestcase(org.testng.ITestContext)[...)</span>
                <span class="method-start">14865 ms</span>
              </div> <!-- configuration-method after -->
              <div class="test-method">
                <span class="method-name">executeTestcase(org.testng.TestRunner@26f143ed)</span>
                <span class="method-start">15074 ms</span>
              </div> <!-- test-method -->
              <div class="configuration-method after">
                <span class="method-name">Reports([TestResult name=executeTestcase status=SKIP method=Driver.executeTestcase(org.testng.ITestContext)[...)</span>
                <span class="method-start">15081 ms</span>
              </div> <!-- configuration-method after -->
              <div class="test-method">
                <span class="method-name">executeTestcase(org.testng.TestRunner@26f143ed)</span>
                <span class="method-start">15286 ms</span>
              </div> <!-- test-method -->
              <div class="configuration-method after">
                <span class="method-name">Reports([TestResult name=executeTestcase status=SKIP method=Driver.executeTestcase(org.testng.ITestContext)[...)</span>
                <span class="method-start">15294 ms</span>
              </div> <!-- configuration-method after -->
              <div class="test-method">
                <span class="method-name">executeTestcase(org.testng.TestRunner@26f143ed)</span>
                <span class="method-start">15561 ms</span>
              </div> <!-- test-method -->
              <div class="configuration-method after">
                <span class="method-name">Reports([TestResult name=executeTestcase status=SKIP method=Driver.executeTestcase(org.testng.ITestContext)[...)</span>
                <span class="method-start">15569 ms</span>
              </div> <!-- configuration-method after -->
              <div class="test-method">
                <span class="method-name">executeTestcase(org.testng.TestRunner@26f143ed)</span>
                <span class="method-start">15771 ms</span>
              </div> <!-- test-method -->
              <div class="configuration-method after">
                <span class="method-name">Reports([TestResult name=executeTestcase status=SKIP method=Driver.executeTestcase(org.testng.ITestContext)[...)</span>
                <span class="method-start">15779 ms</span>
              </div> <!-- configuration-method after -->
              <div class="test-method">
                <span class="method-name">executeTestcase(org.testng.TestRunner@26f143ed)</span>
                <span class="method-start">15980 ms</span>
              </div> <!-- test-method -->
              <div class="configuration-method after">
                <span class="method-name">Reports([TestResult name=executeTestcase status=SKIP method=Driver.executeTestcase(org.testng.ITestContext)[...)</span>
                <span class="method-start">15987 ms</span>
              </div> <!-- configuration-method after -->
              <div class="test-method">
                <span class="method-name">executeTestcase(org.testng.TestRunner@26f143ed)</span>
                <span class="method-start">16182 ms</span>
              </div> <!-- test-method -->
              <div class="configuration-method after">
                <span class="method-name">Reports([TestResult name=executeTestcase status=SKIP method=Driver.executeTestcase(org.testng.ITestContext)[...)</span>
                <span class="method-start">16190 ms</span>
              </div> <!-- configuration-method after -->
              <div class="test-method">
                <span class="method-name">executeTestcase(org.testng.TestRunner@26f143ed)</span>
                <span class="method-start">16410 ms</span>
              </div> <!-- test-method -->
              <div class="configuration-method after">
                <span class="method-name">Reports([TestResult name=executeTestcase status=SKIP method=Driver.executeTestcase(org.testng.ITestContext)[...)</span>
                <span class="method-start">16416 ms</span>
              </div> <!-- configuration-method after -->
              <div class="test-method">
                <span class="method-name">executeTestcase(org.testng.TestRunner@26f143ed)</span>
                <span class="method-start">16620 ms</span>
              </div> <!-- test-method -->
              <div class="configuration-method after">
                <span class="method-name">Reports([TestResult name=executeTestcase status=SKIP method=Driver.executeTestcase(org.testng.ITestContext)[...)</span>
                <span class="method-start">16634 ms</span>
              </div> <!-- configuration-method after -->
              <div class="test-method">
                <span class="method-name">executeTestcase(org.testng.TestRunner@26f143ed)</span>
                <span class="method-start">16847 ms</span>
              </div> <!-- test-method -->
              <div class="configuration-method after">
                <span class="method-name">Reports([TestResult name=executeTestcase status=SKIP method=Driver.executeTestcase(org.testng.ITestContext)[...)</span>
                <span class="method-start">16854 ms</span>
              </div> <!-- configuration-method after -->
              <div class="test-method">
                <span class="method-name">executeTestcase(org.testng.TestRunner@26f143ed)</span>
                <span class="method-start">17061 ms</span>
              </div> <!-- test-method -->
              <div class="configuration-method after">
                <span class="method-name">Reports([TestResult name=executeTestcase status=SKIP method=Driver.executeTestcase(org.testng.ITestContext)[...)</span>
                <span class="method-start">17069 ms</span>
              </div> <!-- configuration-method after -->
              <div class="test-method">
                <span class="method-name">executeTestcase(org.testng.TestRunner@26f143ed)</span>
                <span class="method-start">17268 ms</span>
              </div> <!-- test-method -->
              <div class="configuration-method after">
                <span class="method-name">Reports([TestResult name=executeTestcase status=SKIP method=Driver.executeTestcase(org.testng.ITestContext)[...)</span>
                <span class="method-start">17277 ms</span>
              </div> <!-- configuration-method after -->
              <div class="test-method">
                <span class="method-name">executeTestcase(org.testng.TestRunner@26f143ed)</span>
                <span class="method-start">17467 ms</span>
              </div> <!-- test-method -->
              <div class="configuration-method after">
                <span class="method-name">Reports([TestResult name=executeTestcase status=SKIP method=Driver.executeTestcase(org.testng.ITestContext)[...)</span>
                <span class="method-start">17475 ms</span>
              </div> <!-- configuration-method after -->
              <div class="test-method">
                <span class="method-name">executeTestcase(org.testng.TestRunner@26f143ed)</span>
                <span class="method-start">17677 ms</span>
              </div> <!-- test-method -->
              <div class="configuration-method after">
                <span class="method-name">Reports([TestResult name=executeTestcase status=SKIP method=Driver.executeTestcase(org.testng.ITestContext)[...)</span>
                <span class="method-start">17685 ms</span>
              </div> <!-- configuration-method after -->
              <div class="test-method">
                <span class="method-name">executeTestcase(org.testng.TestRunner@26f143ed)</span>
                <span class="method-start">17899 ms</span>
              </div> <!-- test-method -->
              <div class="configuration-method after">
                <span class="method-name">Reports([TestResult name=executeTestcase status=SKIP method=Driver.executeTestcase(org.testng.ITestContext)[...)</span>
                <span class="method-start">17905 ms</span>
              </div> <!-- configuration-method after -->
              <div class="test-method">
                <span class="method-name">executeTestcase(org.testng.TestRunner@26f143ed)</span>
                <span class="method-start">18103 ms</span>
              </div> <!-- test-method -->
              <div class="configuration-method after">
                <span class="method-name">Reports([TestResult name=executeTestcase status=SKIP method=Driver.executeTestcase(org.testng.ITestContext)[...)</span>
                <span class="method-start">18109 ms</span>
              </div> <!-- configuration-method after -->
              <div class="test-method">
                <span class="method-name">executeTestcase(org.testng.TestRunner@26f143ed)</span>
                <span class="method-start">18319 ms</span>
              </div> <!-- test-method -->
              <div class="configuration-method after">
                <span class="method-name">Reports([TestResult name=executeTestcase status=SKIP method=Driver.executeTestcase(org.testng.ITestContext)[...)</span>
                <span class="method-start">18325 ms</span>
              </div> <!-- configuration-method after -->
              <div class="test-method">
                <span class="method-name">executeTestcase(org.testng.TestRunner@26f143ed)</span>
                <span class="method-start">18519 ms</span>
              </div> <!-- test-method -->
              <div class="configuration-method after">
                <span class="method-name">Reports([TestResult name=executeTestcase status=SUCCESS method=Driver.executeTestcase(org.testng.ITestContex...)</span>
                <span class="method-start">106480 ms</span>
              </div> <!-- configuration-method after -->
              <div class="test-method">
                <span class="method-name">executeTestcase(org.testng.TestRunner@26f143ed)</span>
                <span class="method-start">106761 ms</span>
              </div> <!-- test-method -->
              <div class="configuration-method after">
                <span class="method-name">Reports([TestResult name=executeTestcase status=SKIP method=Driver.executeTestcase(org.testng.ITestContext)[...)</span>
                <span class="method-start">106761 ms</span>
              </div> <!-- configuration-method after -->
              <div class="test-method">
                <span class="method-name">executeTestcase(org.testng.TestRunner@26f143ed)</span>
                <span class="method-start">107027 ms</span>
              </div> <!-- test-method -->
              <div class="configuration-method after">
                <span class="method-name">Reports([TestResult name=executeTestcase status=SKIP method=Driver.executeTestcase(org.testng.ITestContext)[...)</span>
                <span class="method-start">107042 ms</span>
              </div> <!-- configuration-method after -->
              <div class="test-method">
                <span class="method-name">executeTestcase(org.testng.TestRunner@26f143ed)</span>
                <span class="method-start">107262 ms</span>
              </div> <!-- test-method -->
              <div class="configuration-method after">
                <span class="method-name">Reports([TestResult name=executeTestcase status=SKIP method=Driver.executeTestcase(org.testng.ITestContext)[...)</span>
                <span class="method-start">107278 ms</span>
              </div> <!-- configuration-method after -->
              <div class="test-method">
                <span class="method-name">executeTestcase(org.testng.TestRunner@26f143ed)</span>
                <span class="method-start">107500 ms</span>
              </div> <!-- test-method -->
              <div class="configuration-method after">
                <span class="method-name">Reports([TestResult name=executeTestcase status=SKIP method=Driver.executeTestcase(org.testng.ITestContext)[...)</span>
                <span class="method-start">107516 ms</span>
              </div> <!-- configuration-method after -->
              <div class="test-method">
                <span class="method-name">executeTestcase(org.testng.TestRunner@26f143ed)</span>
                <span class="method-start">107739 ms</span>
              </div> <!-- test-method -->
              <div class="configuration-method after">
                <span class="method-name">Reports([TestResult name=executeTestcase status=SKIP method=Driver.executeTestcase(org.testng.ITestContext)[...)</span>
                <span class="method-start">107745 ms</span>
              </div> <!-- configuration-method after -->
              <div class="test-method">
                <span class="method-name">executeTestcase(org.testng.TestRunner@26f143ed)</span>
                <span class="method-start">107994 ms</span>
              </div> <!-- test-method -->
              <div class="configuration-method after">
                <span class="method-name">Reports([TestResult name=executeTestcase status=SKIP method=Driver.executeTestcase(org.testng.ITestContext)[...)</span>
                <span class="method-start">108000 ms</span>
              </div> <!-- configuration-method after -->
              <div class="test-method">
                <span class="method-name">executeTestcase(org.testng.TestRunner@26f143ed)</span>
                <span class="method-start">108183 ms</span>
              </div> <!-- test-method -->
              <div class="configuration-method after">
                <span class="method-name">Reports([TestResult name=executeTestcase status=SKIP method=Driver.executeTestcase(org.testng.ITestContext)[...)</span>
                <span class="method-start">108200 ms</span>
              </div> <!-- configuration-method after -->
              <div class="test-method">
                <span class="method-name">executeTestcase(org.testng.TestRunner@26f143ed)</span>
                <span class="method-start">108417 ms</span>
              </div> <!-- test-method -->
              <div class="configuration-method after">
                <span class="method-name">Reports([TestResult name=executeTestcase status=SKIP method=Driver.executeTestcase(org.testng.ITestContext)[...)</span>
                <span class="method-start">108433 ms</span>
              </div> <!-- configuration-method after -->
              <div class="configuration-method after">
                <span class="method-name">Reports([TestResult name=executeTestcase status=SKIP method=Driver.executeTestcase(org.testng.ITestContext)[...)</span>
                <span class="method-start">108655 ms</span>
              </div> <!-- configuration-method after -->
              <div class="test-method">
                <span class="method-name">executeTestcase(org.testng.TestRunner@26f143ed)</span>
                <span class="method-start">108655 ms</span>
              </div> <!-- test-method -->
              <div class="test-method">
                <span class="method-name">executeTestcase(org.testng.TestRunner@26f143ed)</span>
                <span class="method-start">108878 ms</span>
              </div> <!-- test-method -->
              <div class="configuration-method after">
                <span class="method-name">Reports([TestResult name=executeTestcase status=SKIP method=Driver.executeTestcase(org.testng.ITestContext)[...)</span>
                <span class="method-start">108894 ms</span>
              </div> <!-- configuration-method after -->
              <div class="test-method">
                <span class="method-name">executeTestcase(org.testng.TestRunner@26f143ed)</span>
                <span class="method-start">109089 ms</span>
              </div> <!-- test-method -->
              <div class="configuration-method after">
                <span class="method-name">Reports([TestResult name=executeTestcase status=SKIP method=Driver.executeTestcase(org.testng.ITestContext)[...)</span>
                <span class="method-start">109102 ms</span>
              </div> <!-- configuration-method after -->
              <div class="test-method">
                <span class="method-name">executeTestcase(org.testng.TestRunner@26f143ed)</span>
                <span class="method-start">109303 ms</span>
              </div> <!-- test-method -->
              <div class="configuration-method after">
                <span class="method-name">Reports([TestResult name=executeTestcase status=SKIP method=Driver.executeTestcase(org.testng.ITestContext)[...)</span>
                <span class="method-start">109308 ms</span>
              </div> <!-- configuration-method after -->
              <div class="test-method">
                <span class="method-name">executeTestcase(org.testng.TestRunner@26f143ed)</span>
                <span class="method-start">109503 ms</span>
              </div> <!-- test-method -->
              <div class="configuration-method after">
                <span class="method-name">Reports([TestResult name=executeTestcase status=SKIP method=Driver.executeTestcase(org.testng.ITestContext)[...)</span>
                <span class="method-start">109511 ms</span>
              </div> <!-- configuration-method after -->
              <div class="test-method">
                <span class="method-name">executeTestcase(org.testng.TestRunner@26f143ed)</span>
                <span class="method-start">109715 ms</span>
              </div> <!-- test-method -->
              <div class="configuration-method after">
                <span class="method-name">Reports([TestResult name=executeTestcase status=SKIP method=Driver.executeTestcase(org.testng.ITestContext)[...)</span>
                <span class="method-start">109715 ms</span>
              </div> <!-- configuration-method after -->
              <div class="test-method">
                <span class="method-name">executeTestcase(org.testng.TestRunner@26f143ed)</span>
                <span class="method-start">109906 ms</span>
              </div> <!-- test-method -->
              <div class="configuration-method after">
                <span class="method-name">Reports([TestResult name=executeTestcase status=SKIP method=Driver.executeTestcase(org.testng.ITestContext)[...)</span>
                <span class="method-start">109906 ms</span>
              </div> <!-- configuration-method after -->
              <div class="test-method">
                <span class="method-name">executeTestcase(org.testng.TestRunner@26f143ed)</span>
                <span class="method-start">110097 ms</span>
              </div> <!-- test-method -->
              <div class="configuration-method after">
                <span class="method-name">Reports([TestResult name=executeTestcase status=SKIP method=Driver.executeTestcase(org.testng.ITestContext)[...)</span>
                <span class="method-start">110113 ms</span>
              </div> <!-- configuration-method after -->
              <div class="configuration-method after">
                <span class="method-name">Reports([TestResult name=executeTestcase status=SKIP method=Driver.executeTestcase(org.testng.ITestContext)[...)</span>
                <span class="method-start">110308 ms</span>
              </div> <!-- configuration-method after -->
              <div class="test-method">
                <span class="method-name">executeTestcase(org.testng.TestRunner@26f143ed)</span>
                <span class="method-start">110308 ms</span>
              </div> <!-- test-method -->
              <div class="test-method">
                <span class="method-name">executeTestcase(org.testng.TestRunner@26f143ed)</span>
                <span class="method-start">110542 ms</span>
              </div> <!-- test-method -->
              <div class="configuration-method after">
                <span class="method-name">Reports([TestResult name=executeTestcase status=SKIP method=Driver.executeTestcase(org.testng.ITestContext)[...)</span>
                <span class="method-start">110542 ms</span>
              </div> <!-- configuration-method after -->
              <div class="test-method">
                <span class="method-name">executeTestcase(org.testng.TestRunner@26f143ed)</span>
                <span class="method-start">110762 ms</span>
              </div> <!-- test-method -->
              <div class="configuration-method after">
                <span class="method-name">Reports([TestResult name=executeTestcase status=SKIP method=Driver.executeTestcase(org.testng.ITestContext)[...)</span>
                <span class="method-start">110777 ms</span>
              </div> <!-- configuration-method after -->
              <div class="test-method">
                <span class="method-name">executeTestcase(org.testng.TestRunner@26f143ed)</span>
                <span class="method-start">110964 ms</span>
              </div> <!-- test-method -->
              <div class="configuration-method after">
                <span class="method-name">Reports([TestResult name=executeTestcase status=SKIP method=Driver.executeTestcase(org.testng.ITestContext)[...)</span>
                <span class="method-start">110980 ms</span>
              </div> <!-- configuration-method after -->
              <div class="test-method">
                <span class="method-name">executeTestcase(org.testng.TestRunner@26f143ed)</span>
                <span class="method-start">111168 ms</span>
              </div> <!-- test-method -->
              <div class="configuration-method after">
                <span class="method-name">Reports([TestResult name=executeTestcase status=SKIP method=Driver.executeTestcase(org.testng.ITestContext)[...)</span>
                <span class="method-start">111185 ms</span>
              </div> <!-- configuration-method after -->
              <div class="test-method">
                <span class="method-name">executeTestcase(org.testng.TestRunner@26f143ed)</span>
                <span class="method-start">111403 ms</span>
              </div> <!-- test-method -->
              <div class="configuration-method after">
                <span class="method-name">Reports([TestResult name=executeTestcase status=SKIP method=Driver.executeTestcase(org.testng.ITestContext)[...)</span>
                <span class="method-start">111409 ms</span>
              </div> <!-- configuration-method after -->
              <div class="test-method">
                <span class="method-name">executeTestcase(org.testng.TestRunner@26f143ed)</span>
                <span class="method-start">111647 ms</span>
              </div> <!-- test-method -->
              <div class="configuration-method after">
                <span class="method-name">Reports([TestResult name=executeTestcase status=SKIP method=Driver.executeTestcase(org.testng.ITestContext)[...)</span>
                <span class="method-start">111655 ms</span>
              </div> <!-- configuration-method after -->
              <div class="test-method">
                <span class="method-name">executeTestcase(org.testng.TestRunner@26f143ed)</span>
                <span class="method-start">111854 ms</span>
              </div> <!-- test-method -->
              <div class="configuration-method after">
                <span class="method-name">Reports([TestResult name=executeTestcase status=SKIP method=Driver.executeTestcase(org.testng.ITestContext)[...)</span>
                <span class="method-start">111861 ms</span>
              </div> <!-- configuration-method after -->
              <div class="test-method">
                <span class="method-name">executeTestcase(org.testng.TestRunner@26f143ed)</span>
                <span class="method-start">112054 ms</span>
              </div> <!-- test-method -->
              <div class="configuration-method after">
                <span class="method-name">Reports([TestResult name=executeTestcase status=SKIP method=Driver.executeTestcase(org.testng.ITestContext)[...)</span>
                <span class="method-start">112063 ms</span>
              </div> <!-- configuration-method after -->
              <div class="test-method">
                <span class="method-name">executeTestcase(org.testng.TestRunner@26f143ed)</span>
                <span class="method-start">112252 ms</span>
              </div> <!-- test-method -->
              <div class="configuration-method after">
                <span class="method-name">Reports([TestResult name=executeTestcase status=SKIP method=Driver.executeTestcase(org.testng.ITestContext)[...)</span>
                <span class="method-start">112260 ms</span>
              </div> <!-- configuration-method after -->
              <div class="test-method">
                <span class="method-name">executeTestcase(org.testng.TestRunner@26f143ed)</span>
                <span class="method-start">112462 ms</span>
              </div> <!-- test-method -->
              <div class="configuration-method after">
                <span class="method-name">Reports([TestResult name=executeTestcase status=SKIP method=Driver.executeTestcase(org.testng.ITestContext)[...)</span>
                <span class="method-start">112471 ms</span>
              </div> <!-- configuration-method after -->
              <div class="test-method">
                <span class="method-name">executeTestcase(org.testng.TestRunner@26f143ed)</span>
                <span class="method-start">112670 ms</span>
              </div> <!-- test-method -->
              <div class="configuration-method after">
                <span class="method-name">Reports([TestResult name=executeTestcase status=SKIP method=Driver.executeTestcase(org.testng.ITestContext)[...)</span>
                <span class="method-start">112680 ms</span>
              </div> <!-- configuration-method after -->
              <div class="test-method">
                <span class="method-name">executeTestcase(org.testng.TestRunner@26f143ed)</span>
                <span class="method-start">112873 ms</span>
              </div> <!-- test-method -->
              <div class="configuration-method after">
                <span class="method-name">Reports([TestResult name=executeTestcase status=SKIP method=Driver.executeTestcase(org.testng.ITestContext)[...)</span>
                <span class="method-start">112880 ms</span>
              </div> <!-- configuration-method after -->
              <div class="test-method">
                <span class="method-name">executeTestcase(org.testng.TestRunner@26f143ed)</span>
                <span class="method-start">113079 ms</span>
              </div> <!-- test-method -->
              <div class="configuration-method after">
                <span class="method-name">Reports([TestResult name=executeTestcase status=SKIP method=Driver.executeTestcase(org.testng.ITestContext)[...)</span>
                <span class="method-start">113090 ms</span>
              </div> <!-- configuration-method after -->
              <div class="test-method">
                <span class="method-name">executeTestcase(org.testng.TestRunner@26f143ed)</span>
                <span class="method-start">113289 ms</span>
              </div> <!-- test-method -->
              <div class="configuration-method after">
                <span class="method-name">Reports([TestResult name=executeTestcase status=SKIP method=Driver.executeTestcase(org.testng.ITestContext)[...)</span>
                <span class="method-start">113295 ms</span>
              </div> <!-- configuration-method after -->
              <div class="test-method">
                <span class="method-name">executeTestcase(org.testng.TestRunner@26f143ed)</span>
                <span class="method-start">113493 ms</span>
              </div> <!-- test-method -->
              <div class="configuration-method after">
                <span class="method-name">Reports([TestResult name=executeTestcase status=SKIP method=Driver.executeTestcase(org.testng.ITestContext)[...)</span>
                <span class="method-start">113502 ms</span>
              </div> <!-- configuration-method after -->
              <div class="test-method">
                <span class="method-name">executeTestcase(org.testng.TestRunner@26f143ed)</span>
                <span class="method-start">113697 ms</span>
              </div> <!-- test-method -->
              <div class="configuration-method after">
                <span class="method-name">Reports([TestResult name=executeTestcase status=SKIP method=Driver.executeTestcase(org.testng.ITestContext)[...)</span>
                <span class="method-start">113704 ms</span>
              </div> <!-- configuration-method after -->
              <div class="test-method">
                <span class="method-name">executeTestcase(org.testng.TestRunner@26f143ed)</span>
                <span class="method-start">113917 ms</span>
              </div> <!-- test-method -->
              <div class="configuration-method after">
                <span class="method-name">Reports([TestResult name=executeTestcase status=SKIP method=Driver.executeTestcase(org.testng.ITestContext)[...)</span>
                <span class="method-start">113924 ms</span>
              </div> <!-- configuration-method after -->
              <div class="test-method">
                <span class="method-name">executeTestcase(org.testng.TestRunner@26f143ed)</span>
                <span class="method-start">114114 ms</span>
              </div> <!-- test-method -->
              <div class="configuration-method after">
                <span class="method-name">Reports([TestResult name=executeTestcase status=SKIP method=Driver.executeTestcase(org.testng.ITestContext)[...)</span>
                <span class="method-start">114120 ms</span>
              </div> <!-- configuration-method after -->
              <div class="configuration-suite after">
                <span class="method-name">tearDown</span>
                <span class="method-start">114423 ms</span>
              </div> <!-- configuration-suite after -->
          </div> <!-- main-panel-content rounded-window-bottom -->
        </div> <!-- panel -->
      </div> <!-- main-panel-root -->
    </div> <!-- wrapper -->
  </body>
<script type="text/javascript" src="testng-reports2.js"></script>
</html>
